[0.013s] Invoking command in '/home/khanh247/virtual_wall_ros2/software_simulation/turtlebot3_ws/build/nav2_costmap_2d': AMENT_PREFIX_PATH=/home/khanh247/virtual_wall_ros2/software_simulation/turtlebot3_ws/install/nav2_map_server:/home/khanh247/virtual_wall_ros2/software_simulation/turtlebot3_ws/install/nav2_lifecycle_manager:/home/khanh247/virtual_wall_ros2/software_simulation/turtlebot3_ws/install/nav2_util:/home/khanh247/virtual_wall_ros2/software_simulation/turtlebot3_ws/install/nav2_voxel_grid:/home/khanh247/virtual_wall_ros2/software_simulation/turtlebot3_ws/install/nav2_msgs:/home/khanh247/virtual_wall_ros2/software_simulation/turtlebot3_ws/install/nav2_common:${AMENT_PREFIX_PATH} CMAKE_PREFIX_PATH=/home/khanh247/virtual_wall_ros2/software_simulation/turtlebot3_ws/install/nav2_map_server:/home/khanh247/virtual_wall_ros2/software_simulation/turtlebot3_ws/install/nav2_lifecycle_manager:/home/khanh247/virtual_wall_ros2/software_simulation/turtlebot3_ws/install/nav2_util:/home/khanh247/virtual_wall_ros2/software_simulation/turtlebot3_ws/install/nav2_voxel_grid:/home/khanh247/virtual_wall_ros2/software_simulation/turtlebot3_ws/install/nav2_msgs:/home/khanh247/virtual_wall_ros2/software_simulation/turtlebot3_ws/install/nav2_common:/opt/ros/humble LD_LIBRARY_PATH=/home/khanh247/virtual_wall_ros2/software_simulation/turtlebot3_ws/install/nav2_map_server/lib:/home/khanh247/virtual_wall_ros2/software_simulation/turtlebot3_ws/install/nav2_lifecycle_manager/lib:/home/khanh247/virtual_wall_ros2/software_simulation/turtlebot3_ws/install/nav2_util/lib:/home/khanh247/virtual_wall_ros2/software_simulation/turtlebot3_ws/install/nav2_voxel_grid/lib:/home/khanh247/virtual_wall_ros2/software_simulation/turtlebot3_ws/install/nav2_msgs/lib:${LD_LIBRARY_PATH} PYTHONPATH=/home/khanh247/virtual_wall_ros2/software_simulation/turtlebot3_ws/install/nav2_msgs/local/lib/python3.10/dist-packages:/home/khanh247/virtual_wall_ros2/software_simulation/turtlebot3_ws/install/nav2_common/local/lib/python3.10/dist-packages:${PYTHONPATH} /usr/bin/cmake /home/khanh247/virtual_wall_ros2/software_simulation/turtlebot3_ws/src/navigation2/nav2_costmap_2d -DCMAKE_INSTALL_PREFIX=/home/khanh247/virtual_wall_ros2/software_simulation/turtlebot3_ws/install/nav2_costmap_2d
[0.063s] -- The C compiler identification is GNU 11.4.0
[0.183s] -- The CXX compiler identification is GNU 11.4.0
[0.190s] -- Detecting C compiler ABI info
[0.245s] -- Detecting C compiler ABI info - done
[0.250s] -- Check for working C compiler: /usr/bin/cc - skipped
[0.251s] -- Detecting C compile features
[0.251s] -- Detecting C compile features - done
[0.254s] -- Detecting CXX compiler ABI info
[0.318s] -- Detecting CXX compiler ABI info - done
[0.323s] -- Check for working CXX compiler: /usr/bin/c++ - skipped
[0.323s] -- Detecting CXX compile features
[0.324s] -- Detecting CXX compile features - done
[0.326s] -- Found ament_cmake: 1.3.9 (/opt/ros/humble/share/ament_cmake/cmake)
[0.607s] -- Found Python3: /usr/bin/python3 (found version "3.10.12") found components: Interpreter 
[0.676s] -- Found geometry_msgs: 4.2.4 (/opt/ros/humble/share/geometry_msgs/cmake)
[0.708s] -- Found rosidl_generator_c: 3.1.5 (/opt/ros/humble/share/rosidl_generator_c/cmake)
[0.712s] -- Found rosidl_adapter: 3.1.5 (/opt/ros/humble/share/rosidl_adapter/cmake)
[0.719s] -- Found rosidl_generator_cpp: 3.1.5 (/opt/ros/humble/share/rosidl_generator_cpp/cmake)
[0.730s] -- Using all available rosidl_typesupport_c: rosidl_typesupport_fastrtps_c;rosidl_typesupport_introspection_c
[0.746s] -- Using all available rosidl_typesupport_cpp: rosidl_typesupport_fastrtps_cpp;rosidl_typesupport_introspection_cpp
[0.843s] -- Found laser_geometry: 2.4.0 (/opt/ros/humble/share/laser_geometry/cmake)
[0.901s] -- Found rmw_implementation_cmake: 6.1.2 (/opt/ros/humble/share/rmw_implementation_cmake/cmake)
[0.903s] -- Found rmw_fastrtps_cpp: 6.2.6 (/opt/ros/humble/share/rmw_fastrtps_cpp/cmake)
[0.977s] -- Found OpenSSL: /usr/lib/x86_64-linux-gnu/libcrypto.so (found version "3.0.2")  
[0.997s] -- Found FastRTPS: /opt/ros/humble/include  
[1.032s] -- Using RMW implementation 'rmw_fastrtps_cpp' as default
[1.039s] -- Looking for pthread.h
[1.099s] -- Looking for pthread.h - found
[1.100s] -- Performing Test CMAKE_HAVE_LIBC_PTHREAD
[1.151s] -- Performing Test CMAKE_HAVE_LIBC_PTHREAD - Success
[1.151s] -- Found Threads: TRUE  
[1.356s] -- Found map_msgs: 2.1.0 (/opt/ros/humble/share/map_msgs/cmake)
[1.550s] -- Found message_filters: 4.3.4 (/opt/ros/humble/share/message_filters/cmake)
[1.555s] -- Found nav2_common: 1.1.15 (/home/khanh247/virtual_wall_ros2/software_simulation/turtlebot3_ws/install/nav2_common/share/nav2_common/cmake)
[1.555s] -- Found nav2_msgs: 1.1.15 (/home/khanh247/virtual_wall_ros2/software_simulation/turtlebot3_ws/install/nav2_msgs/share/nav2_msgs/cmake)
[1.722s] -- Found nav2_util: 1.1.15 (/home/khanh247/virtual_wall_ros2/software_simulation/turtlebot3_ws/install/nav2_util/share/nav2_util/cmake)
[1.969s] -- Found Eigen3: TRUE (found version "3.4.0") 
[1.969s] -- Ensuring Eigen3 include directory is part of orocos-kdl CMake target
[2.139s] -- Found nav2_voxel_grid: 1.1.15 (/home/khanh247/virtual_wall_ros2/software_simulation/turtlebot3_ws/install/nav2_voxel_grid/share/nav2_voxel_grid/cmake)
[2.143s] -- Found pluginlib: 5.1.0 (/opt/ros/humble/share/pluginlib/cmake)
[2.156s] -- Found std_srvs: 4.2.4 (/opt/ros/humble/share/std_srvs/cmake)
[2.171s] -- Found tf2_sensor_msgs: 0.25.7 (/opt/ros/humble/share/tf2_sensor_msgs/cmake)
[2.187s] -- Found visualization_msgs: 4.2.4 (/opt/ros/humble/share/visualization_msgs/cmake)
[2.281s] -- Found angles: 1.15.0 (/opt/ros/humble/share/angles/cmake)
[2.283s] -- Found Eigen3: TRUE (found suitable version "3.4.0", minimum required is "3.3") 
[2.283s] -- Setting build type to Release as none was specified.
[4.882s] -- Found ament_lint_auto: 0.12.11 (/opt/ros/humble/share/ament_lint_auto/cmake)
[6.412s] -- Found gtest sources under '/opt/ros/humble/src/gtest_vendor': C++ tests using 'Google Test' will be built
[6.429s] -- Found gtest sources under '/opt/ros/humble/src/gtest_vendor': C++ tests using 'Google Test' will be built
[6.437s] -- Found gtest sources under '/opt/ros/humble/src/gtest_vendor': C++ tests using 'Google Test' will be built
[6.876s] -- Added test 'cppcheck' to perform static code analysis on C / C++ code
[6.877s] -- Configured cppcheck include dirs: $<BUILD_INTERFACE:/home/khanh247/virtual_wall_ros2/software_simulation/turtlebot3_ws/src/navigation2/nav2_costmap_2d/include>
[6.877s] -- Configured cppcheck exclude dirs and/or files: 
[6.878s] -- Added test 'flake8' to check Python code syntax and style conventions
[6.879s] -- Added test 'lint_cmake' to check CMake code style
[6.880s] -- Added test 'pep257' to check Python code against some of the docstring style conventions in PEP 257
[6.883s] -- Added test 'uncrustify' to check C / C++ code style
[6.883s] -- Configured uncrustify additional arguments: 
[6.884s] -- Added test 'xmllint' to check XML markup files
[6.887s] -- Configuring done
[7.423s] -- Generating done
[7.427s] -- Build files have been written to: /home/khanh247/virtual_wall_ros2/software_simulation/turtlebot3_ws/build/nav2_costmap_2d
[7.442s] Invoked command in '/home/khanh247/virtual_wall_ros2/software_simulation/turtlebot3_ws/build/nav2_costmap_2d' returned '0': AMENT_PREFIX_PATH=/home/khanh247/virtual_wall_ros2/software_simulation/turtlebot3_ws/install/nav2_map_server:/home/khanh247/virtual_wall_ros2/software_simulation/turtlebot3_ws/install/nav2_lifecycle_manager:/home/khanh247/virtual_wall_ros2/software_simulation/turtlebot3_ws/install/nav2_util:/home/khanh247/virtual_wall_ros2/software_simulation/turtlebot3_ws/install/nav2_voxel_grid:/home/khanh247/virtual_wall_ros2/software_simulation/turtlebot3_ws/install/nav2_msgs:/home/khanh247/virtual_wall_ros2/software_simulation/turtlebot3_ws/install/nav2_common:${AMENT_PREFIX_PATH} CMAKE_PREFIX_PATH=/home/khanh247/virtual_wall_ros2/software_simulation/turtlebot3_ws/install/nav2_map_server:/home/khanh247/virtual_wall_ros2/software_simulation/turtlebot3_ws/install/nav2_lifecycle_manager:/home/khanh247/virtual_wall_ros2/software_simulation/turtlebot3_ws/install/nav2_util:/home/khanh247/virtual_wall_ros2/software_simulation/turtlebot3_ws/install/nav2_voxel_grid:/home/khanh247/virtual_wall_ros2/software_simulation/turtlebot3_ws/install/nav2_msgs:/home/khanh247/virtual_wall_ros2/software_simulation/turtlebot3_ws/install/nav2_common:/opt/ros/humble LD_LIBRARY_PATH=/home/khanh247/virtual_wall_ros2/software_simulation/turtlebot3_ws/install/nav2_map_server/lib:/home/khanh247/virtual_wall_ros2/software_simulation/turtlebot3_ws/install/nav2_lifecycle_manager/lib:/home/khanh247/virtual_wall_ros2/software_simulation/turtlebot3_ws/install/nav2_util/lib:/home/khanh247/virtual_wall_ros2/software_simulation/turtlebot3_ws/install/nav2_voxel_grid/lib:/home/khanh247/virtual_wall_ros2/software_simulation/turtlebot3_ws/install/nav2_msgs/lib:${LD_LIBRARY_PATH} PYTHONPATH=/home/khanh247/virtual_wall_ros2/software_simulation/turtlebot3_ws/install/nav2_msgs/local/lib/python3.10/dist-packages:/home/khanh247/virtual_wall_ros2/software_simulation/turtlebot3_ws/install/nav2_common/local/lib/python3.10/dist-packages:${PYTHONPATH} /usr/bin/cmake /home/khanh247/virtual_wall_ros2/software_simulation/turtlebot3_ws/src/navigation2/nav2_costmap_2d -DCMAKE_INSTALL_PREFIX=/home/khanh247/virtual_wall_ros2/software_simulation/turtlebot3_ws/install/nav2_costmap_2d
[7.443s] Invoking command in '/home/khanh247/virtual_wall_ros2/software_simulation/turtlebot3_ws/build/nav2_costmap_2d': AMENT_PREFIX_PATH=/home/khanh247/virtual_wall_ros2/software_simulation/turtlebot3_ws/install/nav2_map_server:/home/khanh247/virtual_wall_ros2/software_simulation/turtlebot3_ws/install/nav2_lifecycle_manager:/home/khanh247/virtual_wall_ros2/software_simulation/turtlebot3_ws/install/nav2_util:/home/khanh247/virtual_wall_ros2/software_simulation/turtlebot3_ws/install/nav2_voxel_grid:/home/khanh247/virtual_wall_ros2/software_simulation/turtlebot3_ws/install/nav2_msgs:/home/khanh247/virtual_wall_ros2/software_simulation/turtlebot3_ws/install/nav2_common:${AMENT_PREFIX_PATH} CMAKE_PREFIX_PATH=/home/khanh247/virtual_wall_ros2/software_simulation/turtlebot3_ws/install/nav2_map_server:/home/khanh247/virtual_wall_ros2/software_simulation/turtlebot3_ws/install/nav2_lifecycle_manager:/home/khanh247/virtual_wall_ros2/software_simulation/turtlebot3_ws/install/nav2_util:/home/khanh247/virtual_wall_ros2/software_simulation/turtlebot3_ws/install/nav2_voxel_grid:/home/khanh247/virtual_wall_ros2/software_simulation/turtlebot3_ws/install/nav2_msgs:/home/khanh247/virtual_wall_ros2/software_simulation/turtlebot3_ws/install/nav2_common:/opt/ros/humble LD_LIBRARY_PATH=/home/khanh247/virtual_wall_ros2/software_simulation/turtlebot3_ws/install/nav2_map_server/lib:/home/khanh247/virtual_wall_ros2/software_simulation/turtlebot3_ws/install/nav2_lifecycle_manager/lib:/home/khanh247/virtual_wall_ros2/software_simulation/turtlebot3_ws/install/nav2_util/lib:/home/khanh247/virtual_wall_ros2/software_simulation/turtlebot3_ws/install/nav2_voxel_grid/lib:/home/khanh247/virtual_wall_ros2/software_simulation/turtlebot3_ws/install/nav2_msgs/lib:${LD_LIBRARY_PATH} PYTHONPATH=/home/khanh247/virtual_wall_ros2/software_simulation/turtlebot3_ws/install/nav2_msgs/local/lib/python3.10/dist-packages:/home/khanh247/virtual_wall_ros2/software_simulation/turtlebot3_ws/install/nav2_common/local/lib/python3.10/dist-packages:${PYTHONPATH} /usr/bin/cmake --build /home/khanh247/virtual_wall_ros2/software_simulation/turtlebot3_ws/build/nav2_costmap_2d -- -j16 -l16
[7.483s] [  1%] [32mBuilding CXX object CMakeFiles/nav2_costmap_2d_core.dir/src/costmap_2d_ros.cpp.o[0m
[7.483s] [  3%] [32mBuilding CXX object gtest/CMakeFiles/gtest.dir/src/gtest-all.cc.o[0m
[7.483s] [  3%] [32mBuilding CXX object gtest/CMakeFiles/gtest_main.dir/src/gtest_main.cc.o[0m
[7.483s] [  4%] [32mBuilding CXX object CMakeFiles/nav2_costmap_2d_core.dir/src/costmap_2d.cpp.o[0m
[7.484s] [  6%] [32mBuilding CXX object CMakeFiles/nav2_costmap_2d_core.dir/src/array_parser.cpp.o[0m
[7.484s] [  7%] [32mBuilding CXX object CMakeFiles/nav2_costmap_2d_core.dir/src/layered_costmap.cpp.o[0m
[7.485s] [ 10%] [32mBuilding CXX object CMakeFiles/nav2_costmap_2d_core.dir/src/costmap_math.cpp.o[0m
[7.485s] [ 10%] [32mBuilding CXX object CMakeFiles/nav2_costmap_2d_core.dir/src/footprint.cpp.o[0m
[7.485s] [  9%] [32mBuilding CXX object CMakeFiles/nav2_costmap_2d_core.dir/src/costmap_2d_publisher.cpp.o[0m
[7.485s] [ 13%] [32mBuilding CXX object CMakeFiles/nav2_costmap_2d_core.dir/src/costmap_layer.cpp.o[0m
[7.485s] [ 13%] [32mBuilding CXX object CMakeFiles/nav2_costmap_2d_core.dir/src/layer.cpp.o[0m
[7.485s] [ 15%] [32mBuilding CXX object CMakeFiles/nav2_costmap_2d_core.dir/src/observation_buffer.cpp.o[0m
[7.485s] [ 15%] [32mBuilding CXX object CMakeFiles/nav2_costmap_2d_core.dir/src/clear_costmap_service.cpp.o[0m
[7.486s] [ 17%] [32mBuilding CXX object CMakeFiles/nav2_costmap_2d_core.dir/plugins/costmap_filters/costmap_filter.cpp.o[0m
[7.486s] [ 18%] [32mBuilding CXX object CMakeFiles/nav2_costmap_2d_core.dir/src/footprint_collision_checker.cpp.o[0m
[9.092s] [ 19%] [32m[1mLinking CXX static library libgtest_main.a[0m
[9.785s] [ 19%] Built target gtest_main
[15.611s] [ 20%] [32m[1mLinking CXX static library libgtest.a[0m
[15.662s] [ 20%] Built target gtest
[24.953s] [ 21%] [32m[1mLinking CXX shared library libnav2_costmap_2d_core.so[0m
[25.506s] [ 21%] Built target nav2_costmap_2d_core
[25.528s] [ 23%] [32mBuilding CXX object CMakeFiles/filters.dir/plugins/costmap_filters/keepout_filter.cpp.o[0m
[25.529s] [ 26%] [32mBuilding CXX object test/unit/CMakeFiles/costmap_filter_test.dir/costmap_filter_test.cpp.o[0m
[25.529s] [ 26%] [32mBuilding CXX object CMakeFiles/nav2_costmap_2d_markers.dir/src/costmap_2d_markers.cpp.o[0m
[25.529s] [ 26%] [32mBuilding CXX object test/unit/CMakeFiles/declare_parameter_test.dir/declare_parameter_test.cpp.o[0m
[25.529s] [ 30%] [32mBuilding CXX object CMakeFiles/nav2_costmap_2d_cloud.dir/src/costmap_2d_cloud.cpp.o[0m
[25.529s] [ 30%] [32mBuilding CXX object test/unit/CMakeFiles/collision_footprint_test.dir/footprint_collision_checker_test.cpp.o[0m
[25.529s] [ 31%] [32mBuilding CXX object CMakeFiles/nav2_costmap_2d_client.dir/src/footprint_subscriber.cpp.o[0m
[25.529s] [ 31%] [32mBuilding CXX object test/unit/CMakeFiles/array_parser_test.dir/array_parser_test.cpp.o[0m
[25.529s] [ 32%] [32mBuilding CXX object test/unit/CMakeFiles/costmap_convesion_test.dir/costmap_conversion_test.cpp.o[0m
[25.529s] [ 34%] [32mBuilding CXX object CMakeFiles/layers.dir/plugins/inflation_layer.cpp.o[0m
[25.530s] [ 35%] [32mBuilding CXX object test/unit/CMakeFiles/copy_window_test.dir/copy_window_test.cpp.o[0m
[25.531s] [ 36%] [32mBuilding CXX object test/unit/CMakeFiles/costmap_filter_service_test.dir/costmap_filter_service_test.cpp.o[0m
[25.532s] [ 37%] [32mBuilding CXX object test/integration/CMakeFiles/dyn_params_tests.dir/dyn_params_tests.cpp.o[0m
[25.536s] [ 39%] [32mBuilding CXX object test/regression/CMakeFiles/costmap_bresenham_2d.dir/costmap_bresenham_2d.cpp.o[0m
[25.537s] [ 40%] [32mBuilding CXX object test/regression/CMakeFiles/plugin_api_order.dir/plugin_api_order.cpp.o[0m
[25.540s] [ 41%] [32mBuilding CXX object test/regression/CMakeFiles/order_layer.dir/order_layer.cpp.o[0m
[27.596s] [ 42%] [32m[1mLinking CXX executable array_parser_test[0m
[28.024s] [ 42%] Built target array_parser_test
[28.057s] [ 43%] [32mBuilding CXX object CMakeFiles/nav2_costmap_2d_client.dir/src/costmap_subscriber.cpp.o[0m
[28.098s] [ 45%] [32m[1mLinking CXX executable costmap_bresenham_2d[0m
[28.567s] [ 45%] Built target costmap_bresenham_2d
[28.579s] [ 46%] [32mBuilding CXX object CMakeFiles/filters.dir/plugins/costmap_filters/speed_filter.cpp.o[0m
[32.913s] [ 47%] [32m[1mLinking CXX shared library liborder_layer.so[0m
[33.397s] [ 47%] Built target order_layer
[33.441s] [ 48%] [32mBuilding CXX object CMakeFiles/filters.dir/plugins/costmap_filters/binary_filter.cpp.o[0m
[33.490s] [ 50%] [32m[1mLinking CXX executable copy_window_test[0m
[33.758s] [ 51%] [32m[1mLinking CXX executable costmap_convesion_test[0m
[34.039s] [ 51%] Built target copy_window_test
[34.050s] [ 52%] [32mBuilding CXX object CMakeFiles/layers.dir/plugins/static_layer.cpp.o[0m
[34.222s] [ 52%] Built target costmap_convesion_test
[34.242s] [ 53%] [32mBuilding CXX object CMakeFiles/layers.dir/plugins/obstacle_layer.cpp.o[0m
[34.410s] [ 54%] [32m[1mLinking CXX executable costmap_filter_test[0m
[34.733s] [ 56%] [32mBuilding CXX object CMakeFiles/layers.dir/src/observation_buffer.cpp.o[0m
[34.843s] [ 57%] [32m[1mLinking CXX executable collision_footprint_test[0m
[34.880s] [ 57%] Built target costmap_filter_test
[34.897s] [ 58%] [32mBuilding CXX object CMakeFiles/layers.dir/plugins/voxel_layer.cpp.o[0m
[35.154s] [ 59%] [32m[1mLinking CXX executable declare_parameter_test[0m
[35.359s] [ 59%] Built target collision_footprint_test
[35.371s] [ 60%] [32mBuilding CXX object CMakeFiles/layers.dir/plugins/range_sensor_layer.cpp.o[0m
[35.845s] [ 62%] [32m[1mLinking CXX executable costmap_filter_service_test[0m
[36.019s] [ 63%] [32m[1mLinking CXX executable plugin_api_order[0m
[36.375s] [ 63%] Built target declare_parameter_test
[36.392s] [ 64%] [32mBuilding CXX object CMakeFiles/layers.dir/plugins/denoise_layer.cpp.o[0m
[36.638s] [ 64%] Built target plugin_api_order
[36.651s] [ 65%] [32mBuilding CXX object CMakeFiles/nav2_costmap_2d_client.dir/src/costmap_topic_collision_checker.cpp.o[0m
[37.005s] [ 65%] Built target costmap_filter_service_test
[39.936s] [ 67%] [32m[1mLinking CXX executable dyn_params_tests[0m
[41.336s] [ 67%] Built target dyn_params_tests
