[0.023s] Invoking command in '/home/khanh247/software_simulation/turtlebot3_ws/build/virtual_wall_ros2': AMENT_PREFIX_PATH=/home/khanh247/software_simulation/turtlebot3_ws/install/nav2_costmap_2d:/home/khanh247/software_simulation/turtlebot3_ws/install/nav2_map_server:/home/khanh247/software_simulation/turtlebot3_ws/install/nav2_lifecycle_manager:/home/khanh247/software_simulation/turtlebot3_ws/install/nav2_util:/home/khanh247/software_simulation/turtlebot3_ws/install/nav2_voxel_grid:/home/khanh247/software_simulation/turtlebot3_ws/install/nav2_msgs:/home/khanh247/software_simulation/turtlebot3_ws/install/nav2_common:${AMENT_PREFIX_PATH} CMAKE_PREFIX_PATH=/home/khanh247/software_simulation/turtlebot3_ws/install/nav2_costmap_2d:/home/khanh247/software_simulation/turtlebot3_ws/install/nav2_map_server:/home/khanh247/software_simulation/turtlebot3_ws/install/nav2_lifecycle_manager:/home/khanh247/software_simulation/turtlebot3_ws/install/nav2_util:/home/khanh247/software_simulation/turtlebot3_ws/install/nav2_voxel_grid:/home/khanh247/software_simulation/turtlebot3_ws/install/nav2_msgs:/home/khanh247/software_simulation/turtlebot3_ws/install/nav2_common:/opt/ros/humble LD_LIBRARY_PATH=/home/khanh247/software_simulation/turtlebot3_ws/install/nav2_costmap_2d/lib:/home/khanh247/software_simulation/turtlebot3_ws/install/nav2_map_server/lib:/home/khanh247/software_simulation/turtlebot3_ws/install/nav2_lifecycle_manager/lib:/home/khanh247/software_simulation/turtlebot3_ws/install/nav2_util/lib:/home/khanh247/software_simulation/turtlebot3_ws/install/nav2_voxel_grid/lib:/home/khanh247/software_simulation/turtlebot3_ws/install/nav2_msgs/lib:${LD_LIBRARY_PATH} PYTHONPATH=/home/khanh247/software_simulation/turtlebot3_ws/install/nav2_msgs/local/lib/python3.10/dist-packages:/home/khanh247/software_simulation/turtlebot3_ws/install/nav2_common/local/lib/python3.10/dist-packages:${PYTHONPATH} /usr/bin/cmake --build /home/khanh247/software_simulation/turtlebot3_ws/build/virtual_wall_ros2 -- -j16 -l16
[0.085s] [  2%] Built target virtual_wall_ros2__cpp
[0.102s] [ 12%] Built target virtual_wall_ros2__rosidl_generator_c
[0.109s] [ 12%] Built target ament_cmake_python_copy_virtual_wall_ros2
[0.122s] [ 22%] Built target virtual_wall_ros2__rosidl_typesupport_cpp
[0.124s] [ 32%] Built target virtual_wall_ros2__rosidl_typesupport_fastrtps_cpp
[0.125s] [ 34%] [32m[1mLinking CXX executable virtual_wall_server[0m
[0.136s] [ 44%] Built target virtual_wall_ros2__rosidl_typesupport_introspection_cpp
[0.141s] [ 55%] Built target virtual_wall_ros2__rosidl_typesupport_fastrtps_c
[0.156s] [ 65%] Built target virtual_wall_ros2__rosidl_typesupport_introspection_c
[0.163s] [ 75%] Built target virtual_wall_ros2__rosidl_typesupport_c
[0.195s] [ 75%] Built target virtual_wall_ros2
[0.237s] [ 77%] Built target virtual_wall_ros2__py
[0.271s] [ 85%] Built target virtual_wall_ros2__rosidl_generator_py
[0.367s] [ 89%] Built target virtual_wall_ros2__rosidl_typesupport_fastrtps_c__pyext
[0.368s] [ 93%] Built target virtual_wall_ros2__rosidl_typesupport_c__pyext
[0.394s] [ 97%] Built target virtual_wall_ros2__rosidl_typesupport_introspection_c__pyext
[0.511s] running egg_info
[0.551s] writing virtual_wall_ros2.egg-info/PKG-INFO
[0.554s] writing dependency_links to virtual_wall_ros2.egg-info/dependency_links.txt
[0.556s] writing top-level names to virtual_wall_ros2.egg-info/top_level.txt
[0.773s] reading manifest file 'virtual_wall_ros2.egg-info/SOURCES.txt'
[0.780s] writing manifest file 'virtual_wall_ros2.egg-info/SOURCES.txt'
[1.130s] [ 97%] Built target ament_cmake_python_build_virtual_wall_ros2_egg
[14.495s] /usr/bin/ld: CMakeFiles/virtual_wall_server.dir/src/virtual_wall_server.cpp.o: in function `rclcpp::Service<virtual_wall_ros2::srv::CreateWall>::Service(std::shared_ptr<rcl_node_s>, std::__cxx11::basic_string<char, std::char_traits<char>, std::allocator<char> > const&, rclcpp::AnyServiceCallback<virtual_wall_ros2::srv::CreateWall>, rcl_service_options_s&)':
[14.495s] virtual_wall_server.cpp:(.text._ZN6rclcpp7ServiceIN17virtual_wall_ros23srv10CreateWallEEC2ESt10shared_ptrI10rcl_node_sERKNSt7__cxx1112basic_stringIcSt11char_traitsIcESaIcEEENS_18AnyServiceCallbackIS3_EER21rcl_service_options_s[_ZN6rclcpp7ServiceIN17virtual_wall_ros23srv10CreateWallEEC5ESt10shared_ptrI10rcl_node_sERKNSt7__cxx1112basic_stringIcSt11char_traitsIcESaIcEEENS_18AnyServiceCallbackIS3_EER21rcl_service_options_s]+0xd0): undefined reference to `rosidl_service_type_support_t const* rosidl_typesupport_cpp::get_service_type_support_handle<virtual_wall_ros2::srv::CreateWall>()'
[14.497s] /usr/bin/ld: CMakeFiles/virtual_wall_server.dir/src/virtual_wall_server.cpp.o: in function `rclcpp::Service<virtual_wall_ros2::srv::DeleteWall>::Service(std::shared_ptr<rcl_node_s>, std::__cxx11::basic_string<char, std::char_traits<char>, std::allocator<char> > const&, rclcpp::AnyServiceCallback<virtual_wall_ros2::srv::DeleteWall>, rcl_service_options_s&)':
[14.497s] virtual_wall_server.cpp:(.text._ZN6rclcpp7ServiceIN17virtual_wall_ros23srv10DeleteWallEEC2ESt10shared_ptrI10rcl_node_sERKNSt7__cxx1112basic_stringIcSt11char_traitsIcESaIcEEENS_18AnyServiceCallbackIS3_EER21rcl_service_options_s[_ZN6rclcpp7ServiceIN17virtual_wall_ros23srv10DeleteWallEEC5ESt10shared_ptrI10rcl_node_sERKNSt7__cxx1112basic_stringIcSt11char_traitsIcESaIcEEENS_18AnyServiceCallbackIS3_EER21rcl_service_options_s]+0xd0): undefined reference to `rosidl_service_type_support_t const* rosidl_typesupport_cpp::get_service_type_support_handle<virtual_wall_ros2::srv::DeleteWall>()'
[14.499s] /usr/bin/ld: CMakeFiles/virtual_wall_server.dir/src/virtual_wall_server.cpp.o: in function `rclcpp::Service<virtual_wall_ros2::srv::DeleteAll>::Service(std::shared_ptr<rcl_node_s>, std::__cxx11::basic_string<char, std::char_traits<char>, std::allocator<char> > const&, rclcpp::AnyServiceCallback<virtual_wall_ros2::srv::DeleteAll>, rcl_service_options_s&)':
[14.499s] virtual_wall_server.cpp:(.text._ZN6rclcpp7ServiceIN17virtual_wall_ros23srv9DeleteAllEEC2ESt10shared_ptrI10rcl_node_sERKNSt7__cxx1112basic_stringIcSt11char_traitsIcESaIcEEENS_18AnyServiceCallbackIS3_EER21rcl_service_options_s[_ZN6rclcpp7ServiceIN17virtual_wall_ros23srv9DeleteAllEEC5ESt10shared_ptrI10rcl_node_sERKNSt7__cxx1112basic_stringIcSt11char_traitsIcESaIcEEENS_18AnyServiceCallbackIS3_EER21rcl_service_options_s]+0xd0): undefined reference to `rosidl_service_type_support_t const* rosidl_typesupport_cpp::get_service_type_support_handle<virtual_wall_ros2::srv::DeleteAll>()'
[14.557s] collect2: error: ld returned 1 exit status
[14.558s] gmake[2]: *** [CMakeFiles/virtual_wall_server.dir/build.make:897: virtual_wall_server] Error 1
[14.558s] gmake[1]: *** [CMakeFiles/Makefile2:592: CMakeFiles/virtual_wall_server.dir/all] Error 2
[14.558s] gmake: *** [Makefile:146: all] Error 2
