[35m[1mConsolidate compiler generated dependencies of target gtest_main[0m
[35m[1mConsolidate compiler generated dependencies of target gtest[0m
[  4%] Built target gtest_main
[  4%] Built target gtest
[35m[1mConsolidate compiler generated dependencies of target nav2_costmap_2d_core[0m
[ 21%] Built target nav2_costmap_2d_core
[35m[1mConsolidate compiler generated dependencies of target layers[0m
[35m[1mConsolidate compiler generated dependencies of target nav2_costmap_2d_client[0m
[35m[1mConsolidate compiler generated dependencies of target costmap_filter_service_test[0m
[35m[1mConsolidate compiler generated dependencies of target costmap_filter_test[0m
[35m[1mConsolidate compiler generated dependencies of target dyn_params_tests[0m
[35m[1mConsolidate compiler generated dependencies of target costmap_bresenham_2d[0m
[35m[1mConsolidate compiler generated dependencies of target collision_footprint_test[0m
[35m[1mConsolidate compiler generated dependencies of target declare_parameter_test[0m
[35m[1mConsolidate compiler generated dependencies of target array_parser_test[0m
[35m[1mConsolidate compiler generated dependencies of target order_layer[0m
[35m[1mConsolidate compiler generated dependencies of target costmap_convesion_test[0m
[35m[1mConsolidate compiler generated dependencies of target plugin_api_order[0m
[ 23%] [32mBuilding CXX object CMakeFiles/filters.dir/plugins/costmap_filters/keepout_filter.cpp.o[0m
[ 24%] [32mBuilding CXX object CMakeFiles/nav2_costmap_2d_cloud.dir/src/costmap_2d_cloud.cpp.o[0m
[35m[1mConsolidate compiler generated dependencies of target copy_window_test[0m
[ 25%] [32mBuilding CXX object CMakeFiles/nav2_costmap_2d_markers.dir/src/costmap_2d_markers.cpp.o[0m
[ 29%] [32mBuilding CXX object CMakeFiles/nav2_costmap_2d_client.dir/src/footprint_subscriber.cpp.o[0m
[ 29%] Built target costmap_filter_service_test
[ 32%] Built target costmap_bresenham_2d
[ 34%] Built target array_parser_test
[ 36%] Built target costmap_filter_test
[ 39%] Built target collision_footprint_test
[ 42%] [32mBuilding CXX object CMakeFiles/layers.dir/plugins/static_layer.cpp.o[0m
[ 42%] Built target order_layer
[ 43%] [32mBuilding CXX object CMakeFiles/layers.dir/plugins/obstacle_layer.cpp.o[0m
[ 45%] [32mBuilding CXX object CMakeFiles/layers.dir/src/observation_buffer.cpp.o[0m
[ 46%] [32mBuilding CXX object CMakeFiles/layers.dir/plugins/voxel_layer.cpp.o[0m
[ 47%] [32mBuilding CXX object CMakeFiles/layers.dir/plugins/range_sensor_layer.cpp.o[0m
[ 48%] [32mBuilding CXX object CMakeFiles/layers.dir/plugins/denoise_layer.cpp.o[0m
[ 52%] Built target copy_window_test
[ 54%] Built target costmap_convesion_test
[ 56%] Built target declare_parameter_test
[ 58%] Built target dyn_params_tests
[ 60%] Built target plugin_api_order
[ 62%] [32mBuilding CXX object CMakeFiles/filters.dir/plugins/costmap_filters/speed_filter.cpp.o[0m
[ 63%] [32mBuilding CXX object CMakeFiles/nav2_costmap_2d_client.dir/src/costmap_subscriber.cpp.o[0m
[ 64%] [32mBuilding CXX object CMakeFiles/filters.dir/plugins/costmap_filters/binary_filter.cpp.o[0m
[ 65%] [32m[1mLinking CXX executable nav2_costmap_2d_markers[0m
[ 65%] Built target nav2_costmap_2d_markers
[ 67%] [32m[1mLinking CXX executable nav2_costmap_2d_cloud[0m
[ 67%] Built target nav2_costmap_2d_cloud
[ 68%] [32m[1mLinking CXX shared library libnav2_costmap_2d_client.so[0m
[ 69%] Built target nav2_costmap_2d_client
[ 70%] [32m[1mLinking CXX shared library libfilters.so[0m
[ 70%] Built target filters
[ 74%] [32mBuilding CXX object test/unit/CMakeFiles/speed_filter_test.dir/speed_filter_test.cpp.o[0m
[ 74%] [32mBuilding CXX object test/unit/CMakeFiles/keepout_filter_test.dir/keepout_filter_test.cpp.o[0m
[ 74%] [32mBuilding CXX object test/unit/CMakeFiles/binary_filter_test.dir/binary_filter_test.cpp.o[0m
[ 75%] [32m[1mLinking CXX shared library liblayers.so[0m
[ 76%] Built target layers
[ 78%] [32mBuilding CXX object test/integration/CMakeFiles/obstacle_tests_exec.dir/obstacle_tests.cpp.o[0m
[ 79%] [32mBuilding CXX object test/integration/CMakeFiles/inflation_tests_exec.dir/inflation_tests.cpp.o[0m
[ 80%] [32mBuilding CXX object test/integration/CMakeFiles/footprint_tests_exec.dir/footprint_tests.cpp.o[0m
[ 81%] [32mBuilding CXX object test/unit/CMakeFiles/denoise_layer_test.dir/denoise_layer_test.cpp.o[0m
[ 82%] [32mBuilding CXX object test/unit/CMakeFiles/denoise_layer_test.dir/image_test.cpp.o[0m
[ 84%] [32mBuilding CXX object test/unit/CMakeFiles/denoise_layer_test.dir/image_processing_test.cpp.o[0m
[ 85%] [32mBuilding CXX object test/integration/CMakeFiles/range_tests_exec.dir/range_tests.cpp.o[0m
[ 87%] [32mBuilding CXX object CMakeFiles/nav2_costmap_2d.dir/src/costmap_2d_node.cpp.o[0m
[ 87%] [32mBuilding CXX object test/integration/CMakeFiles/test_collision_checker_exec.dir/test_costmap_topic_collision_checker.cpp.o[0m
[ 89%] [32m[1mLinking CXX executable nav2_costmap_2d[0m
[ 89%] Built target nav2_costmap_2d
[ 90%] [32m[1mLinking CXX executable footprint_tests_exec[0m
[ 90%] Built target footprint_tests_exec
[ 91%] [32m[1mLinking CXX executable denoise_layer_test[0m
[ 91%] Built target denoise_layer_test
[ 92%] [32m[1mLinking CXX executable keepout_filter_test[0m
[ 93%] [32m[1mLinking CXX executable range_tests_exec[0m
[ 93%] Built target keepout_filter_test
[ 93%] Built target range_tests_exec
[ 95%] [32m[1mLinking CXX executable test_collision_checker_exec[0m
[ 96%] [32m[1mLinking CXX executable inflation_tests_exec[0m
[ 97%] [32m[1mLinking CXX executable obstacle_tests_exec[0m
[ 97%] Built target test_collision_checker_exec
[ 97%] Built target inflation_tests_exec
[ 97%] Built target obstacle_tests_exec
[ 98%] [32m[1mLinking CXX executable binary_filter_test[0m
[ 98%] Built target binary_filter_test
[100%] [32m[1mLinking CXX executable speed_filter_test[0m
[100%] Built target speed_filter_test
-- Install configuration: "Release"
-- Installing: /home/khanh247/virtual_wall_ros2/software_simulation/turtlebot3_ws/install/nav2_costmap_2d/lib/liblayers.so
-- Set runtime path of "/home/khanh247/virtual_wall_ros2/software_simulation/turtlebot3_ws/install/nav2_costmap_2d/lib/liblayers.so" to ""
-- Installing: /home/khanh247/virtual_wall_ros2/software_simulation/turtlebot3_ws/install/nav2_costmap_2d/lib/libfilters.so
-- Set runtime path of "/home/khanh247/virtual_wall_ros2/software_simulation/turtlebot3_ws/install/nav2_costmap_2d/lib/libfilters.so" to ""
-- Installing: /home/khanh247/virtual_wall_ros2/software_simulation/turtlebot3_ws/install/nav2_costmap_2d/lib/libnav2_costmap_2d_core.so
-- Set runtime path of "/home/khanh247/virtual_wall_ros2/software_simulation/turtlebot3_ws/install/nav2_costmap_2d/lib/libnav2_costmap_2d_core.so" to ""
-- Installing: /home/khanh247/virtual_wall_ros2/software_simulation/turtlebot3_ws/install/nav2_costmap_2d/lib/libnav2_costmap_2d_client.so
-- Set runtime path of "/home/khanh247/virtual_wall_ros2/software_simulation/turtlebot3_ws/install/nav2_costmap_2d/lib/libnav2_costmap_2d_client.so" to ""
-- Installing: /home/khanh247/virtual_wall_ros2/software_simulation/turtlebot3_ws/install/nav2_costmap_2d/lib/nav2_costmap_2d/nav2_costmap_2d_markers
-- Set runtime path of "/home/khanh247/virtual_wall_ros2/software_simulation/turtlebot3_ws/install/nav2_costmap_2d/lib/nav2_costmap_2d/nav2_costmap_2d_markers" to ""
-- Installing: /home/khanh247/virtual_wall_ros2/software_simulation/turtlebot3_ws/install/nav2_costmap_2d/lib/nav2_costmap_2d/nav2_costmap_2d_cloud
-- Set runtime path of "/home/khanh247/virtual_wall_ros2/software_simulation/turtlebot3_ws/install/nav2_costmap_2d/lib/nav2_costmap_2d/nav2_costmap_2d_cloud" to ""
-- Installing: /home/khanh247/virtual_wall_ros2/software_simulation/turtlebot3_ws/install/nav2_costmap_2d/lib/nav2_costmap_2d/nav2_costmap_2d
-- Set runtime path of "/home/khanh247/virtual_wall_ros2/software_simulation/turtlebot3_ws/install/nav2_costmap_2d/lib/nav2_costmap_2d/nav2_costmap_2d" to ""
-- Installing: /home/khanh247/virtual_wall_ros2/software_simulation/turtlebot3_ws/install/nav2_costmap_2d/share/nav2_costmap_2d/costmap_plugins.xml
-- Installing: /home/khanh247/virtual_wall_ros2/software_simulation/turtlebot3_ws/install/nav2_costmap_2d/include/nav2_costmap_2d
-- Installing: /home/khanh247/virtual_wall_ros2/software_simulation/turtlebot3_ws/install/nav2_costmap_2d/include/nav2_costmap_2d/nav2_costmap_2d
-- Installing: /home/khanh247/virtual_wall_ros2/software_simulation/turtlebot3_ws/install/nav2_costmap_2d/include/nav2_costmap_2d/nav2_costmap_2d/cost_values.hpp
-- Installing: /home/khanh247/virtual_wall_ros2/software_simulation/turtlebot3_ws/install/nav2_costmap_2d/include/nav2_costmap_2d/nav2_costmap_2d/costmap_subscriber.hpp
-- Installing: /home/khanh247/virtual_wall_ros2/software_simulation/turtlebot3_ws/install/nav2_costmap_2d/include/nav2_costmap_2d/nav2_costmap_2d/array_parser.hpp
-- Installing: /home/khanh247/virtual_wall_ros2/software_simulation/turtlebot3_ws/install/nav2_costmap_2d/include/nav2_costmap_2d/nav2_costmap_2d/range_sensor_layer.hpp
-- Installing: /home/khanh247/virtual_wall_ros2/software_simulation/turtlebot3_ws/install/nav2_costmap_2d/include/nav2_costmap_2d/nav2_costmap_2d/footprint_collision_checker.hpp
-- Installing: /home/khanh247/virtual_wall_ros2/software_simulation/turtlebot3_ws/install/nav2_costmap_2d/include/nav2_costmap_2d/nav2_costmap_2d/costmap_topic_collision_checker.hpp
-- Installing: /home/khanh247/virtual_wall_ros2/software_simulation/turtlebot3_ws/install/nav2_costmap_2d/include/nav2_costmap_2d/nav2_costmap_2d/static_layer.hpp
-- Installing: /home/khanh247/virtual_wall_ros2/software_simulation/turtlebot3_ws/install/nav2_costmap_2d/include/nav2_costmap_2d/nav2_costmap_2d/voxel_layer.hpp
-- Installing: /home/khanh247/virtual_wall_ros2/software_simulation/turtlebot3_ws/install/nav2_costmap_2d/include/nav2_costmap_2d/nav2_costmap_2d/observation_buffer.hpp
-- Installing: /home/khanh247/virtual_wall_ros2/software_simulation/turtlebot3_ws/install/nav2_costmap_2d/include/nav2_costmap_2d/nav2_costmap_2d/costmap_layer.hpp
-- Installing: /home/khanh247/virtual_wall_ros2/software_simulation/turtlebot3_ws/install/nav2_costmap_2d/include/nav2_costmap_2d/nav2_costmap_2d/costmap_2d_ros.hpp
-- Installing: /home/khanh247/virtual_wall_ros2/software_simulation/turtlebot3_ws/install/nav2_costmap_2d/include/nav2_costmap_2d/nav2_costmap_2d/exceptions.hpp
-- Installing: /home/khanh247/virtual_wall_ros2/software_simulation/turtlebot3_ws/install/nav2_costmap_2d/include/nav2_costmap_2d/nav2_costmap_2d/layer.hpp
-- Installing: /home/khanh247/virtual_wall_ros2/software_simulation/turtlebot3_ws/install/nav2_costmap_2d/include/nav2_costmap_2d/nav2_costmap_2d/costmap_filters
-- Installing: /home/khanh247/virtual_wall_ros2/software_simulation/turtlebot3_ws/install/nav2_costmap_2d/include/nav2_costmap_2d/nav2_costmap_2d/costmap_filters/filter_values.hpp
-- Installing: /home/khanh247/virtual_wall_ros2/software_simulation/turtlebot3_ws/install/nav2_costmap_2d/include/nav2_costmap_2d/nav2_costmap_2d/costmap_filters/keepout_filter.hpp
-- Installing: /home/khanh247/virtual_wall_ros2/software_simulation/turtlebot3_ws/install/nav2_costmap_2d/include/nav2_costmap_2d/nav2_costmap_2d/costmap_filters/speed_filter.hpp
-- Installing: /home/khanh247/virtual_wall_ros2/software_simulation/turtlebot3_ws/install/nav2_costmap_2d/include/nav2_costmap_2d/nav2_costmap_2d/costmap_filters/binary_filter.hpp
-- Installing: /home/khanh247/virtual_wall_ros2/software_simulation/turtlebot3_ws/install/nav2_costmap_2d/include/nav2_costmap_2d/nav2_costmap_2d/costmap_filters/costmap_filter.hpp
-- Installing: /home/khanh247/virtual_wall_ros2/software_simulation/turtlebot3_ws/install/nav2_costmap_2d/include/nav2_costmap_2d/nav2_costmap_2d/denoise_layer.hpp
-- Installing: /home/khanh247/virtual_wall_ros2/software_simulation/turtlebot3_ws/install/nav2_costmap_2d/include/nav2_costmap_2d/nav2_costmap_2d/footprint.hpp
-- Installing: /home/khanh247/virtual_wall_ros2/software_simulation/turtlebot3_ws/install/nav2_costmap_2d/include/nav2_costmap_2d/nav2_costmap_2d/denoise
-- Installing: /home/khanh247/virtual_wall_ros2/software_simulation/turtlebot3_ws/install/nav2_costmap_2d/include/nav2_costmap_2d/nav2_costmap_2d/denoise/image_processing.hpp
-- Installing: /home/khanh247/virtual_wall_ros2/software_simulation/turtlebot3_ws/install/nav2_costmap_2d/include/nav2_costmap_2d/nav2_costmap_2d/denoise/image.hpp
-- Installing: /home/khanh247/virtual_wall_ros2/software_simulation/turtlebot3_ws/install/nav2_costmap_2d/include/nav2_costmap_2d/nav2_costmap_2d/costmap_2d_publisher.hpp
-- Installing: /home/khanh247/virtual_wall_ros2/software_simulation/turtlebot3_ws/install/nav2_costmap_2d/include/nav2_costmap_2d/nav2_costmap_2d/obstacle_layer.hpp
-- Installing: /home/khanh247/virtual_wall_ros2/software_simulation/turtlebot3_ws/install/nav2_costmap_2d/include/nav2_costmap_2d/nav2_costmap_2d/footprint_subscriber.hpp
-- Installing: /home/khanh247/virtual_wall_ros2/software_simulation/turtlebot3_ws/install/nav2_costmap_2d/include/nav2_costmap_2d/nav2_costmap_2d/costmap_2d.hpp
-- Installing: /home/khanh247/virtual_wall_ros2/software_simulation/turtlebot3_ws/install/nav2_costmap_2d/include/nav2_costmap_2d/nav2_costmap_2d/clear_costmap_service.hpp
-- Installing: /home/khanh247/virtual_wall_ros2/software_simulation/turtlebot3_ws/install/nav2_costmap_2d/include/nav2_costmap_2d/nav2_costmap_2d/layered_costmap.hpp
-- Installing: /home/khanh247/virtual_wall_ros2/software_simulation/turtlebot3_ws/install/nav2_costmap_2d/include/nav2_costmap_2d/nav2_costmap_2d/observation.hpp
-- Installing: /home/khanh247/virtual_wall_ros2/software_simulation/turtlebot3_ws/install/nav2_costmap_2d/include/nav2_costmap_2d/nav2_costmap_2d/costmap_math.hpp
-- Installing: /home/khanh247/virtual_wall_ros2/software_simulation/turtlebot3_ws/install/nav2_costmap_2d/include/nav2_costmap_2d/nav2_costmap_2d/inflation_layer.hpp
-- Installing: /home/khanh247/virtual_wall_ros2/software_simulation/turtlebot3_ws/install/nav2_costmap_2d/share/nav2_costmap_2d/test/regression/order_layer.xml
-- Installing: /home/khanh247/virtual_wall_ros2/software_simulation/turtlebot3_ws/install/nav2_costmap_2d/share/nav2_costmap_2d/environment/library_path.sh
-- Installing: /home/khanh247/virtual_wall_ros2/software_simulation/turtlebot3_ws/install/nav2_costmap_2d/share/nav2_costmap_2d/environment/library_path.dsv
-- Up-to-date: /home/khanh247/virtual_wall_ros2/software_simulation/turtlebot3_ws/install/nav2_costmap_2d/share/nav2_costmap_2d/costmap_plugins.xml
-- Installing: /home/khanh247/virtual_wall_ros2/software_simulation/turtlebot3_ws/install/nav2_costmap_2d/share/ament_index/resource_index/package_run_dependencies/nav2_costmap_2d
-- Installing: /home/khanh247/virtual_wall_ros2/software_simulation/turtlebot3_ws/install/nav2_costmap_2d/share/ament_index/resource_index/parent_prefix_path/nav2_costmap_2d
-- Installing: /home/khanh247/virtual_wall_ros2/software_simulation/turtlebot3_ws/install/nav2_costmap_2d/share/nav2_costmap_2d/environment/ament_prefix_path.sh
-- Installing: /home/khanh247/virtual_wall_ros2/software_simulation/turtlebot3_ws/install/nav2_costmap_2d/share/nav2_costmap_2d/environment/ament_prefix_path.dsv
-- Installing: /home/khanh247/virtual_wall_ros2/software_simulation/turtlebot3_ws/install/nav2_costmap_2d/share/nav2_costmap_2d/environment/path.sh
-- Installing: /home/khanh247/virtual_wall_ros2/software_simulation/turtlebot3_ws/install/nav2_costmap_2d/share/nav2_costmap_2d/environment/path.dsv
-- Installing: /home/khanh247/virtual_wall_ros2/software_simulation/turtlebot3_ws/install/nav2_costmap_2d/share/nav2_costmap_2d/local_setup.bash
-- Installing: /home/khanh247/virtual_wall_ros2/software_simulation/turtlebot3_ws/install/nav2_costmap_2d/share/nav2_costmap_2d/local_setup.sh
-- Installing: /home/khanh247/virtual_wall_ros2/software_simulation/turtlebot3_ws/install/nav2_costmap_2d/share/nav2_costmap_2d/local_setup.zsh
-- Installing: /home/khanh247/virtual_wall_ros2/software_simulation/turtlebot3_ws/install/nav2_costmap_2d/share/nav2_costmap_2d/local_setup.dsv
-- Installing: /home/khanh247/virtual_wall_ros2/software_simulation/turtlebot3_ws/install/nav2_costmap_2d/share/nav2_costmap_2d/package.dsv
-- Installing: /home/khanh247/virtual_wall_ros2/software_simulation/turtlebot3_ws/install/nav2_costmap_2d/share/ament_index/resource_index/packages/nav2_costmap_2d
-- Installing: /home/khanh247/virtual_wall_ros2/software_simulation/turtlebot3_ws/install/nav2_costmap_2d/share/ament_index/resource_index/nav2_costmap_2d__pluginlib__plugin/nav2_costmap_2d
-- Installing: /home/khanh247/virtual_wall_ros2/software_simulation/turtlebot3_ws/install/nav2_costmap_2d/share/nav2_costmap_2d/cmake/export_nav2_costmap_2dExport.cmake
-- Installing: /home/khanh247/virtual_wall_ros2/software_simulation/turtlebot3_ws/install/nav2_costmap_2d/share/nav2_costmap_2d/cmake/export_nav2_costmap_2dExport-release.cmake
-- Installing: /home/khanh247/virtual_wall_ros2/software_simulation/turtlebot3_ws/install/nav2_costmap_2d/share/nav2_costmap_2d/cmake/ament_cmake_export_targets-extras.cmake
-- Installing: /home/khanh247/virtual_wall_ros2/software_simulation/turtlebot3_ws/install/nav2_costmap_2d/share/nav2_costmap_2d/cmake/ament_cmake_export_dependencies-extras.cmake
-- Installing: /home/khanh247/virtual_wall_ros2/software_simulation/turtlebot3_ws/install/nav2_costmap_2d/share/nav2_costmap_2d/cmake/nav2_costmap_2dConfig.cmake
-- Installing: /home/khanh247/virtual_wall_ros2/software_simulation/turtlebot3_ws/install/nav2_costmap_2d/share/nav2_costmap_2d/cmake/nav2_costmap_2dConfig-version.cmake
-- Installing: /home/khanh247/virtual_wall_ros2/software_simulation/turtlebot3_ws/install/nav2_costmap_2d/share/nav2_costmap_2d/package.xml
-- Installing: /home/khanh247/virtual_wall_ros2/software_simulation/turtlebot3_ws/install/nav2_costmap_2d/lib/liborder_layer.so
-- Set runtime path of "/home/khanh247/virtual_wall_ros2/software_simulation/turtlebot3_ws/install/nav2_costmap_2d/lib/liborder_layer.so" to ""
