[0.020s] Invoking command in '/home/khanh247/virtual_wall_ros2/software_simulation/turtlebot3_ws/build/nav2_costmap_2d': AMENT_PREFIX_PATH=/home/khanh247/virtual_wall_ros2/software_simulation/turtlebot3_ws/install/nav2_map_server:/home/khanh247/virtual_wall_ros2/software_simulation/turtlebot3_ws/install/nav2_lifecycle_manager:/home/khanh247/virtual_wall_ros2/software_simulation/turtlebot3_ws/install/nav2_util:/home/khanh247/virtual_wall_ros2/software_simulation/turtlebot3_ws/install/nav2_voxel_grid:/home/khanh247/virtual_wall_ros2/software_simulation/turtlebot3_ws/install/nav2_msgs:/home/khanh247/virtual_wall_ros2/software_simulation/turtlebot3_ws/install/nav2_common:${AMENT_PREFIX_PATH} CMAKE_PREFIX_PATH=/home/khanh247/virtual_wall_ros2/software_simulation/turtlebot3_ws/install/nav2_map_server:/home/khanh247/virtual_wall_ros2/software_simulation/turtlebot3_ws/install/nav2_lifecycle_manager:/home/khanh247/virtual_wall_ros2/software_simulation/turtlebot3_ws/install/nav2_util:/home/khanh247/virtual_wall_ros2/software_simulation/turtlebot3_ws/install/nav2_voxel_grid:/home/khanh247/virtual_wall_ros2/software_simulation/turtlebot3_ws/install/nav2_msgs:/home/khanh247/virtual_wall_ros2/software_simulation/turtlebot3_ws/install/nav2_common:/opt/ros/humble LD_LIBRARY_PATH=/home/khanh247/virtual_wall_ros2/software_simulation/turtlebot3_ws/install/nav2_map_server/lib:/home/khanh247/virtual_wall_ros2/software_simulation/turtlebot3_ws/install/nav2_lifecycle_manager/lib:/home/khanh247/virtual_wall_ros2/software_simulation/turtlebot3_ws/install/nav2_util/lib:/home/khanh247/virtual_wall_ros2/software_simulation/turtlebot3_ws/install/nav2_voxel_grid/lib:/home/khanh247/virtual_wall_ros2/software_simulation/turtlebot3_ws/install/nav2_msgs/lib:${LD_LIBRARY_PATH} PYTHONPATH=/home/khanh247/virtual_wall_ros2/software_simulation/turtlebot3_ws/install/nav2_msgs/local/lib/python3.10/dist-packages:/home/khanh247/virtual_wall_ros2/software_simulation/turtlebot3_ws/install/nav2_common/local/lib/python3.10/dist-packages:${PYTHONPATH} /usr/bin/cmake --build /home/khanh247/virtual_wall_ros2/software_simulation/turtlebot3_ws/build/nav2_costmap_2d -- -j16 -l16
[0.144s] [35m[1mConsolidate compiler generated dependencies of target gtest_main[0m
[0.145s] [35m[1mConsolidate compiler generated dependencies of target gtest[0m
[0.159s] [  4%] Built target gtest_main
[0.159s] [  4%] Built target gtest
[0.159s] [35m[1mConsolidate compiler generated dependencies of target nav2_costmap_2d_core[0m
[0.293s] [ 21%] Built target nav2_costmap_2d_core
[0.307s] [35m[1mConsolidate compiler generated dependencies of target layers[0m
[0.307s] [35m[1mConsolidate compiler generated dependencies of target nav2_costmap_2d_client[0m
[0.308s] [35m[1mConsolidate compiler generated dependencies of target costmap_filter_service_test[0m
[0.308s] [35m[1mConsolidate compiler generated dependencies of target costmap_filter_test[0m
[0.308s] [35m[1mConsolidate compiler generated dependencies of target dyn_params_tests[0m
[0.309s] [35m[1mConsolidate compiler generated dependencies of target costmap_bresenham_2d[0m
[0.309s] [35m[1mConsolidate compiler generated dependencies of target collision_footprint_test[0m
[0.309s] [35m[1mConsolidate compiler generated dependencies of target declare_parameter_test[0m
[0.309s] [35m[1mConsolidate compiler generated dependencies of target array_parser_test[0m
[0.309s] [35m[1mConsolidate compiler generated dependencies of target order_layer[0m
[0.314s] [35m[1mConsolidate compiler generated dependencies of target costmap_convesion_test[0m
[0.315s] [35m[1mConsolidate compiler generated dependencies of target plugin_api_order[0m
[0.315s] [ 23%] [32mBuilding CXX object CMakeFiles/filters.dir/plugins/costmap_filters/keepout_filter.cpp.o[0m
[0.315s] [ 24%] [32mBuilding CXX object CMakeFiles/nav2_costmap_2d_cloud.dir/src/costmap_2d_cloud.cpp.o[0m
[0.316s] [35m[1mConsolidate compiler generated dependencies of target copy_window_test[0m
[0.321s] [ 25%] [32mBuilding CXX object CMakeFiles/nav2_costmap_2d_markers.dir/src/costmap_2d_markers.cpp.o[0m
[0.326s] [ 29%] [32mBuilding CXX object CMakeFiles/nav2_costmap_2d_client.dir/src/footprint_subscriber.cpp.o[0m
[0.326s] [ 29%] Built target costmap_filter_service_test
[0.326s] [ 32%] Built target costmap_bresenham_2d
[0.327s] [ 34%] Built target array_parser_test
[0.327s] [ 36%] Built target costmap_filter_test
[0.328s] [ 39%] Built target collision_footprint_test
[0.330s] [ 42%] [32mBuilding CXX object CMakeFiles/layers.dir/plugins/static_layer.cpp.o[0m
[0.330s] [ 42%] Built target order_layer
[0.332s] [ 43%] [32mBuilding CXX object CMakeFiles/layers.dir/plugins/obstacle_layer.cpp.o[0m
[0.333s] [ 45%] [32mBuilding CXX object CMakeFiles/layers.dir/src/observation_buffer.cpp.o[0m
[0.333s] [ 46%] [32mBuilding CXX object CMakeFiles/layers.dir/plugins/voxel_layer.cpp.o[0m
[0.334s] [ 47%] [32mBuilding CXX object CMakeFiles/layers.dir/plugins/range_sensor_layer.cpp.o[0m
[0.336s] [ 48%] [32mBuilding CXX object CMakeFiles/layers.dir/plugins/denoise_layer.cpp.o[0m
[0.353s] [ 52%] Built target copy_window_test
[0.353s] [ 54%] Built target costmap_convesion_test
[0.353s] [ 56%] Built target declare_parameter_test
[0.353s] [ 58%] Built target dyn_params_tests
[0.353s] [ 60%] Built target plugin_api_order
[0.357s] [ 62%] [32mBuilding CXX object CMakeFiles/filters.dir/plugins/costmap_filters/speed_filter.cpp.o[0m
[0.359s] [ 63%] [32mBuilding CXX object CMakeFiles/nav2_costmap_2d_client.dir/src/costmap_subscriber.cpp.o[0m
[0.359s] [ 64%] [32mBuilding CXX object CMakeFiles/filters.dir/plugins/costmap_filters/binary_filter.cpp.o[0m
[12.383s] [ 65%] [32m[1mLinking CXX executable nav2_costmap_2d_markers[0m
[12.825s] [ 65%] Built target nav2_costmap_2d_markers
[13.095s] [ 67%] [32m[1mLinking CXX executable nav2_costmap_2d_cloud[0m
[13.383s] [ 67%] Built target nav2_costmap_2d_cloud
[13.415s] [ 68%] [32m[1mLinking CXX shared library libnav2_costmap_2d_client.so[0m
[14.220s] [ 69%] Built target nav2_costmap_2d_client
[17.094s] [ 70%] [32m[1mLinking CXX shared library libfilters.so[0m
[17.441s] [ 70%] Built target filters
[17.457s] [ 74%] [32mBuilding CXX object test/unit/CMakeFiles/speed_filter_test.dir/speed_filter_test.cpp.o[0m
[17.457s] [ 74%] [32mBuilding CXX object test/unit/CMakeFiles/keepout_filter_test.dir/keepout_filter_test.cpp.o[0m
[17.457s] [ 74%] [32mBuilding CXX object test/unit/CMakeFiles/binary_filter_test.dir/binary_filter_test.cpp.o[0m
[18.303s] [ 75%] [32m[1mLinking CXX shared library liblayers.so[0m
[18.735s] [ 76%] Built target layers
[18.754s] [ 78%] [32mBuilding CXX object test/integration/CMakeFiles/obstacle_tests_exec.dir/obstacle_tests.cpp.o[0m
[18.754s] [ 79%] [32mBuilding CXX object test/integration/CMakeFiles/inflation_tests_exec.dir/inflation_tests.cpp.o[0m
[18.755s] [ 80%] [32mBuilding CXX object test/integration/CMakeFiles/footprint_tests_exec.dir/footprint_tests.cpp.o[0m
[18.755s] [ 81%] [32mBuilding CXX object test/unit/CMakeFiles/denoise_layer_test.dir/denoise_layer_test.cpp.o[0m
[18.755s] [ 82%] [32mBuilding CXX object test/unit/CMakeFiles/denoise_layer_test.dir/image_test.cpp.o[0m
[18.755s] [ 84%] [32mBuilding CXX object test/unit/CMakeFiles/denoise_layer_test.dir/image_processing_test.cpp.o[0m
[18.755s] [ 85%] [32mBuilding CXX object test/integration/CMakeFiles/range_tests_exec.dir/range_tests.cpp.o[0m
[18.758s] [ 87%] [32mBuilding CXX object CMakeFiles/nav2_costmap_2d.dir/src/costmap_2d_node.cpp.o[0m
[18.758s] [ 87%] [32mBuilding CXX object test/integration/CMakeFiles/test_collision_checker_exec.dir/test_costmap_topic_collision_checker.cpp.o[0m
[23.296s] [ 89%] [32m[1mLinking CXX executable nav2_costmap_2d[0m
[23.603s] [ 89%] Built target nav2_costmap_2d
[25.023s] [ 90%] [32m[1mLinking CXX executable footprint_tests_exec[0m
[25.389s] [ 90%] Built target footprint_tests_exec
[25.491s] [ 91%] [32m[1mLinking CXX executable denoise_layer_test[0m
[26.118s] [ 91%] Built target denoise_layer_test
[26.523s] [ 92%] [32m[1mLinking CXX executable keepout_filter_test[0m
[26.853s] [ 93%] [32m[1mLinking CXX executable range_tests_exec[0m
[27.056s] [ 93%] Built target keepout_filter_test
[27.368s] [ 93%] Built target range_tests_exec
[28.399s] [ 95%] [32m[1mLinking CXX executable test_collision_checker_exec[0m
[28.814s] [ 96%] [32m[1mLinking CXX executable inflation_tests_exec[0m
[28.849s] [ 97%] [32m[1mLinking CXX executable obstacle_tests_exec[0m
[28.867s] [ 97%] Built target test_collision_checker_exec
[29.302s] [ 97%] Built target inflation_tests_exec
[29.328s] [ 97%] Built target obstacle_tests_exec
[29.508s] [ 98%] [32m[1mLinking CXX executable binary_filter_test[0m
[29.874s] [ 98%] Built target binary_filter_test
[30.646s] [100%] [32m[1mLinking CXX executable speed_filter_test[0m
[30.992s] [100%] Built target speed_filter_test
[31.000s] Invoked command in '/home/khanh247/virtual_wall_ros2/software_simulation/turtlebot3_ws/build/nav2_costmap_2d' returned '0': AMENT_PREFIX_PATH=/home/khanh247/virtual_wall_ros2/software_simulation/turtlebot3_ws/install/nav2_map_server:/home/khanh247/virtual_wall_ros2/software_simulation/turtlebot3_ws/install/nav2_lifecycle_manager:/home/khanh247/virtual_wall_ros2/software_simulation/turtlebot3_ws/install/nav2_util:/home/khanh247/virtual_wall_ros2/software_simulation/turtlebot3_ws/install/nav2_voxel_grid:/home/khanh247/virtual_wall_ros2/software_simulation/turtlebot3_ws/install/nav2_msgs:/home/khanh247/virtual_wall_ros2/software_simulation/turtlebot3_ws/install/nav2_common:${AMENT_PREFIX_PATH} CMAKE_PREFIX_PATH=/home/khanh247/virtual_wall_ros2/software_simulation/turtlebot3_ws/install/nav2_map_server:/home/khanh247/virtual_wall_ros2/software_simulation/turtlebot3_ws/install/nav2_lifecycle_manager:/home/khanh247/virtual_wall_ros2/software_simulation/turtlebot3_ws/install/nav2_util:/home/khanh247/virtual_wall_ros2/software_simulation/turtlebot3_ws/install/nav2_voxel_grid:/home/khanh247/virtual_wall_ros2/software_simulation/turtlebot3_ws/install/nav2_msgs:/home/khanh247/virtual_wall_ros2/software_simulation/turtlebot3_ws/install/nav2_common:/opt/ros/humble LD_LIBRARY_PATH=/home/khanh247/virtual_wall_ros2/software_simulation/turtlebot3_ws/install/nav2_map_server/lib:/home/khanh247/virtual_wall_ros2/software_simulation/turtlebot3_ws/install/nav2_lifecycle_manager/lib:/home/khanh247/virtual_wall_ros2/software_simulation/turtlebot3_ws/install/nav2_util/lib:/home/khanh247/virtual_wall_ros2/software_simulation/turtlebot3_ws/install/nav2_voxel_grid/lib:/home/khanh247/virtual_wall_ros2/software_simulation/turtlebot3_ws/install/nav2_msgs/lib:${LD_LIBRARY_PATH} PYTHONPATH=/home/khanh247/virtual_wall_ros2/software_simulation/turtlebot3_ws/install/nav2_msgs/local/lib/python3.10/dist-packages:/home/khanh247/virtual_wall_ros2/software_simulation/turtlebot3_ws/install/nav2_common/local/lib/python3.10/dist-packages:${PYTHONPATH} /usr/bin/cmake --build /home/khanh247/virtual_wall_ros2/software_simulation/turtlebot3_ws/build/nav2_costmap_2d -- -j16 -l16
[31.065s] Invoking command in '/home/khanh247/virtual_wall_ros2/software_simulation/turtlebot3_ws/build/nav2_costmap_2d': AMENT_PREFIX_PATH=/home/khanh247/virtual_wall_ros2/software_simulation/turtlebot3_ws/install/nav2_map_server:/home/khanh247/virtual_wall_ros2/software_simulation/turtlebot3_ws/install/nav2_lifecycle_manager:/home/khanh247/virtual_wall_ros2/software_simulation/turtlebot3_ws/install/nav2_util:/home/khanh247/virtual_wall_ros2/software_simulation/turtlebot3_ws/install/nav2_voxel_grid:/home/khanh247/virtual_wall_ros2/software_simulation/turtlebot3_ws/install/nav2_msgs:/home/khanh247/virtual_wall_ros2/software_simulation/turtlebot3_ws/install/nav2_common:${AMENT_PREFIX_PATH} CMAKE_PREFIX_PATH=/home/khanh247/virtual_wall_ros2/software_simulation/turtlebot3_ws/install/nav2_map_server:/home/khanh247/virtual_wall_ros2/software_simulation/turtlebot3_ws/install/nav2_lifecycle_manager:/home/khanh247/virtual_wall_ros2/software_simulation/turtlebot3_ws/install/nav2_util:/home/khanh247/virtual_wall_ros2/software_simulation/turtlebot3_ws/install/nav2_voxel_grid:/home/khanh247/virtual_wall_ros2/software_simulation/turtlebot3_ws/install/nav2_msgs:/home/khanh247/virtual_wall_ros2/software_simulation/turtlebot3_ws/install/nav2_common:/opt/ros/humble LD_LIBRARY_PATH=/home/khanh247/virtual_wall_ros2/software_simulation/turtlebot3_ws/install/nav2_map_server/lib:/home/khanh247/virtual_wall_ros2/software_simulation/turtlebot3_ws/install/nav2_lifecycle_manager/lib:/home/khanh247/virtual_wall_ros2/software_simulation/turtlebot3_ws/install/nav2_util/lib:/home/khanh247/virtual_wall_ros2/software_simulation/turtlebot3_ws/install/nav2_voxel_grid/lib:/home/khanh247/virtual_wall_ros2/software_simulation/turtlebot3_ws/install/nav2_msgs/lib:${LD_LIBRARY_PATH} PYTHONPATH=/home/khanh247/virtual_wall_ros2/software_simulation/turtlebot3_ws/install/nav2_msgs/local/lib/python3.10/dist-packages:/home/khanh247/virtual_wall_ros2/software_simulation/turtlebot3_ws/install/nav2_common/local/lib/python3.10/dist-packages:${PYTHONPATH} /usr/bin/cmake --install /home/khanh247/virtual_wall_ros2/software_simulation/turtlebot3_ws/build/nav2_costmap_2d
[31.070s] -- Install configuration: "Release"
[31.071s] -- Installing: /home/khanh247/virtual_wall_ros2/software_simulation/turtlebot3_ws/install/nav2_costmap_2d/lib/liblayers.so
[31.074s] -- Set runtime path of "/home/khanh247/virtual_wall_ros2/software_simulation/turtlebot3_ws/install/nav2_costmap_2d/lib/liblayers.so" to ""
[31.074s] -- Installing: /home/khanh247/virtual_wall_ros2/software_simulation/turtlebot3_ws/install/nav2_costmap_2d/lib/libfilters.so
[31.075s] -- Set runtime path of "/home/khanh247/virtual_wall_ros2/software_simulation/turtlebot3_ws/install/nav2_costmap_2d/lib/libfilters.so" to ""
[31.075s] -- Installing: /home/khanh247/virtual_wall_ros2/software_simulation/turtlebot3_ws/install/nav2_costmap_2d/lib/libnav2_costmap_2d_core.so
[31.077s] -- Set runtime path of "/home/khanh247/virtual_wall_ros2/software_simulation/turtlebot3_ws/install/nav2_costmap_2d/lib/libnav2_costmap_2d_core.so" to ""
[31.077s] -- Installing: /home/khanh247/virtual_wall_ros2/software_simulation/turtlebot3_ws/install/nav2_costmap_2d/lib/libnav2_costmap_2d_client.so
[31.078s] -- Set runtime path of "/home/khanh247/virtual_wall_ros2/software_simulation/turtlebot3_ws/install/nav2_costmap_2d/lib/libnav2_costmap_2d_client.so" to ""
[31.078s] -- Installing: /home/khanh247/virtual_wall_ros2/software_simulation/turtlebot3_ws/install/nav2_costmap_2d/lib/nav2_costmap_2d/nav2_costmap_2d_markers
[31.078s] -- Set runtime path of "/home/khanh247/virtual_wall_ros2/software_simulation/turtlebot3_ws/install/nav2_costmap_2d/lib/nav2_costmap_2d/nav2_costmap_2d_markers" to ""
[31.078s] -- Installing: /home/khanh247/virtual_wall_ros2/software_simulation/turtlebot3_ws/install/nav2_costmap_2d/lib/nav2_costmap_2d/nav2_costmap_2d_cloud
[31.079s] -- Set runtime path of "/home/khanh247/virtual_wall_ros2/software_simulation/turtlebot3_ws/install/nav2_costmap_2d/lib/nav2_costmap_2d/nav2_costmap_2d_cloud" to ""
[31.079s] -- Installing: /home/khanh247/virtual_wall_ros2/software_simulation/turtlebot3_ws/install/nav2_costmap_2d/lib/nav2_costmap_2d/nav2_costmap_2d
[31.079s] -- Set runtime path of "/home/khanh247/virtual_wall_ros2/software_simulation/turtlebot3_ws/install/nav2_costmap_2d/lib/nav2_costmap_2d/nav2_costmap_2d" to ""
[31.079s] -- Installing: /home/khanh247/virtual_wall_ros2/software_simulation/turtlebot3_ws/install/nav2_costmap_2d/share/nav2_costmap_2d/costmap_plugins.xml
[31.079s] -- Installing: /home/khanh247/virtual_wall_ros2/software_simulation/turtlebot3_ws/install/nav2_costmap_2d/include/nav2_costmap_2d
[31.079s] -- Installing: /home/khanh247/virtual_wall_ros2/software_simulation/turtlebot3_ws/install/nav2_costmap_2d/include/nav2_costmap_2d/nav2_costmap_2d
[31.080s] -- Installing: /home/khanh247/virtual_wall_ros2/software_simulation/turtlebot3_ws/install/nav2_costmap_2d/include/nav2_costmap_2d/nav2_costmap_2d/cost_values.hpp
[31.080s] -- Installing: /home/khanh247/virtual_wall_ros2/software_simulation/turtlebot3_ws/install/nav2_costmap_2d/include/nav2_costmap_2d/nav2_costmap_2d/costmap_subscriber.hpp
[31.080s] -- Installing: /home/khanh247/virtual_wall_ros2/software_simulation/turtlebot3_ws/install/nav2_costmap_2d/include/nav2_costmap_2d/nav2_costmap_2d/array_parser.hpp
[31.080s] -- Installing: /home/khanh247/virtual_wall_ros2/software_simulation/turtlebot3_ws/install/nav2_costmap_2d/include/nav2_costmap_2d/nav2_costmap_2d/range_sensor_layer.hpp
[31.080s] -- Installing: /home/khanh247/virtual_wall_ros2/software_simulation/turtlebot3_ws/install/nav2_costmap_2d/include/nav2_costmap_2d/nav2_costmap_2d/footprint_collision_checker.hpp
[31.080s] -- Installing: /home/khanh247/virtual_wall_ros2/software_simulation/turtlebot3_ws/install/nav2_costmap_2d/include/nav2_costmap_2d/nav2_costmap_2d/costmap_topic_collision_checker.hpp
[31.080s] -- Installing: /home/khanh247/virtual_wall_ros2/software_simulation/turtlebot3_ws/install/nav2_costmap_2d/include/nav2_costmap_2d/nav2_costmap_2d/static_layer.hpp
[31.080s] -- Installing: /home/khanh247/virtual_wall_ros2/software_simulation/turtlebot3_ws/install/nav2_costmap_2d/include/nav2_costmap_2d/nav2_costmap_2d/voxel_layer.hpp
[31.080s] -- Installing: /home/khanh247/virtual_wall_ros2/software_simulation/turtlebot3_ws/install/nav2_costmap_2d/include/nav2_costmap_2d/nav2_costmap_2d/observation_buffer.hpp
[31.080s] -- Installing: /home/khanh247/virtual_wall_ros2/software_simulation/turtlebot3_ws/install/nav2_costmap_2d/include/nav2_costmap_2d/nav2_costmap_2d/costmap_layer.hpp
[31.080s] -- Installing: /home/khanh247/virtual_wall_ros2/software_simulation/turtlebot3_ws/install/nav2_costmap_2d/include/nav2_costmap_2d/nav2_costmap_2d/costmap_2d_ros.hpp
[31.080s] -- Installing: /home/khanh247/virtual_wall_ros2/software_simulation/turtlebot3_ws/install/nav2_costmap_2d/include/nav2_costmap_2d/nav2_costmap_2d/exceptions.hpp
[31.080s] -- Installing: /home/khanh247/virtual_wall_ros2/software_simulation/turtlebot3_ws/install/nav2_costmap_2d/include/nav2_costmap_2d/nav2_costmap_2d/layer.hpp
[31.080s] -- Installing: /home/khanh247/virtual_wall_ros2/software_simulation/turtlebot3_ws/install/nav2_costmap_2d/include/nav2_costmap_2d/nav2_costmap_2d/costmap_filters
[31.080s] -- Installing: /home/khanh247/virtual_wall_ros2/software_simulation/turtlebot3_ws/install/nav2_costmap_2d/include/nav2_costmap_2d/nav2_costmap_2d/costmap_filters/filter_values.hpp
[31.080s] -- Installing: /home/khanh247/virtual_wall_ros2/software_simulation/turtlebot3_ws/install/nav2_costmap_2d/include/nav2_costmap_2d/nav2_costmap_2d/costmap_filters/keepout_filter.hpp
[31.081s] -- Installing: /home/khanh247/virtual_wall_ros2/software_simulation/turtlebot3_ws/install/nav2_costmap_2d/include/nav2_costmap_2d/nav2_costmap_2d/costmap_filters/speed_filter.hpp
[31.081s] -- Installing: /home/khanh247/virtual_wall_ros2/software_simulation/turtlebot3_ws/install/nav2_costmap_2d/include/nav2_costmap_2d/nav2_costmap_2d/costmap_filters/binary_filter.hpp
[31.081s] -- Installing: /home/khanh247/virtual_wall_ros2/software_simulation/turtlebot3_ws/install/nav2_costmap_2d/include/nav2_costmap_2d/nav2_costmap_2d/costmap_filters/costmap_filter.hpp
[31.081s] -- Installing: /home/khanh247/virtual_wall_ros2/software_simulation/turtlebot3_ws/install/nav2_costmap_2d/include/nav2_costmap_2d/nav2_costmap_2d/denoise_layer.hpp
[31.081s] -- Installing: /home/khanh247/virtual_wall_ros2/software_simulation/turtlebot3_ws/install/nav2_costmap_2d/include/nav2_costmap_2d/nav2_costmap_2d/footprint.hpp
[31.081s] -- Installing: /home/khanh247/virtual_wall_ros2/software_simulation/turtlebot3_ws/install/nav2_costmap_2d/include/nav2_costmap_2d/nav2_costmap_2d/denoise
[31.081s] -- Installing: /home/khanh247/virtual_wall_ros2/software_simulation/turtlebot3_ws/install/nav2_costmap_2d/include/nav2_costmap_2d/nav2_costmap_2d/denoise/image_processing.hpp
[31.081s] -- Installing: /home/khanh247/virtual_wall_ros2/software_simulation/turtlebot3_ws/install/nav2_costmap_2d/include/nav2_costmap_2d/nav2_costmap_2d/denoise/image.hpp
[31.081s] -- Installing: /home/khanh247/virtual_wall_ros2/software_simulation/turtlebot3_ws/install/nav2_costmap_2d/include/nav2_costmap_2d/nav2_costmap_2d/costmap_2d_publisher.hpp
[31.081s] -- Installing: /home/khanh247/virtual_wall_ros2/software_simulation/turtlebot3_ws/install/nav2_costmap_2d/include/nav2_costmap_2d/nav2_costmap_2d/obstacle_layer.hpp
[31.081s] -- Installing: /home/khanh247/virtual_wall_ros2/software_simulation/turtlebot3_ws/install/nav2_costmap_2d/include/nav2_costmap_2d/nav2_costmap_2d/footprint_subscriber.hpp
[31.081s] -- Installing: /home/khanh247/virtual_wall_ros2/software_simulation/turtlebot3_ws/install/nav2_costmap_2d/include/nav2_costmap_2d/nav2_costmap_2d/costmap_2d.hpp
[31.081s] -- Installing: /home/khanh247/virtual_wall_ros2/software_simulation/turtlebot3_ws/install/nav2_costmap_2d/include/nav2_costmap_2d/nav2_costmap_2d/clear_costmap_service.hpp
[31.081s] -- Installing: /home/khanh247/virtual_wall_ros2/software_simulation/turtlebot3_ws/install/nav2_costmap_2d/include/nav2_costmap_2d/nav2_costmap_2d/layered_costmap.hpp
[31.081s] -- Installing: /home/khanh247/virtual_wall_ros2/software_simulation/turtlebot3_ws/install/nav2_costmap_2d/include/nav2_costmap_2d/nav2_costmap_2d/observation.hpp
[31.081s] -- Installing: /home/khanh247/virtual_wall_ros2/software_simulation/turtlebot3_ws/install/nav2_costmap_2d/include/nav2_costmap_2d/nav2_costmap_2d/costmap_math.hpp
[31.081s] -- Installing: /home/khanh247/virtual_wall_ros2/software_simulation/turtlebot3_ws/install/nav2_costmap_2d/include/nav2_costmap_2d/nav2_costmap_2d/inflation_layer.hpp
[31.081s] -- Installing: /home/khanh247/virtual_wall_ros2/software_simulation/turtlebot3_ws/install/nav2_costmap_2d/share/nav2_costmap_2d/test/regression/order_layer.xml
[31.082s] -- Installing: /home/khanh247/virtual_wall_ros2/software_simulation/turtlebot3_ws/install/nav2_costmap_2d/share/nav2_costmap_2d/environment/library_path.sh
[31.082s] -- Installing: /home/khanh247/virtual_wall_ros2/software_simulation/turtlebot3_ws/install/nav2_costmap_2d/share/nav2_costmap_2d/environment/library_path.dsv
[31.082s] -- Up-to-date: /home/khanh247/virtual_wall_ros2/software_simulation/turtlebot3_ws/install/nav2_costmap_2d/share/nav2_costmap_2d/costmap_plugins.xml
[31.082s] -- Installing: /home/khanh247/virtual_wall_ros2/software_simulation/turtlebot3_ws/install/nav2_costmap_2d/share/ament_index/resource_index/package_run_dependencies/nav2_costmap_2d
[31.082s] -- Installing: /home/khanh247/virtual_wall_ros2/software_simulation/turtlebot3_ws/install/nav2_costmap_2d/share/ament_index/resource_index/parent_prefix_path/nav2_costmap_2d
[31.082s] -- Installing: /home/khanh247/virtual_wall_ros2/software_simulation/turtlebot3_ws/install/nav2_costmap_2d/share/nav2_costmap_2d/environment/ament_prefix_path.sh
[31.083s] -- Installing: /home/khanh247/virtual_wall_ros2/software_simulation/turtlebot3_ws/install/nav2_costmap_2d/share/nav2_costmap_2d/environment/ament_prefix_path.dsv
[31.083s] -- Installing: /home/khanh247/virtual_wall_ros2/software_simulation/turtlebot3_ws/install/nav2_costmap_2d/share/nav2_costmap_2d/environment/path.sh
[31.083s] -- Installing: /home/khanh247/virtual_wall_ros2/software_simulation/turtlebot3_ws/install/nav2_costmap_2d/share/nav2_costmap_2d/environment/path.dsv
[31.083s] -- Installing: /home/khanh247/virtual_wall_ros2/software_simulation/turtlebot3_ws/install/nav2_costmap_2d/share/nav2_costmap_2d/local_setup.bash
[31.083s] -- Installing: /home/khanh247/virtual_wall_ros2/software_simulation/turtlebot3_ws/install/nav2_costmap_2d/share/nav2_costmap_2d/local_setup.sh
[31.084s] -- Installing: /home/khanh247/virtual_wall_ros2/software_simulation/turtlebot3_ws/install/nav2_costmap_2d/share/nav2_costmap_2d/local_setup.zsh
[31.084s] -- Installing: /home/khanh247/virtual_wall_ros2/software_simulation/turtlebot3_ws/install/nav2_costmap_2d/share/nav2_costmap_2d/local_setup.dsv
[31.084s] -- Installing: /home/khanh247/virtual_wall_ros2/software_simulation/turtlebot3_ws/install/nav2_costmap_2d/share/nav2_costmap_2d/package.dsv
[31.084s] -- Installing: /home/khanh247/virtual_wall_ros2/software_simulation/turtlebot3_ws/install/nav2_costmap_2d/share/ament_index/resource_index/packages/nav2_costmap_2d
[31.084s] -- Installing: /home/khanh247/virtual_wall_ros2/software_simulation/turtlebot3_ws/install/nav2_costmap_2d/share/ament_index/resource_index/nav2_costmap_2d__pluginlib__plugin/nav2_costmap_2d
[31.084s] -- Installing: /home/khanh247/virtual_wall_ros2/software_simulation/turtlebot3_ws/install/nav2_costmap_2d/share/nav2_costmap_2d/cmake/export_nav2_costmap_2dExport.cmake
[31.085s] -- Installing: /home/khanh247/virtual_wall_ros2/software_simulation/turtlebot3_ws/install/nav2_costmap_2d/share/nav2_costmap_2d/cmake/export_nav2_costmap_2dExport-release.cmake
[31.085s] -- Installing: /home/khanh247/virtual_wall_ros2/software_simulation/turtlebot3_ws/install/nav2_costmap_2d/share/nav2_costmap_2d/cmake/ament_cmake_export_targets-extras.cmake
[31.085s] -- Installing: /home/khanh247/virtual_wall_ros2/software_simulation/turtlebot3_ws/install/nav2_costmap_2d/share/nav2_costmap_2d/cmake/ament_cmake_export_dependencies-extras.cmake
[31.085s] -- Installing: /home/khanh247/virtual_wall_ros2/software_simulation/turtlebot3_ws/install/nav2_costmap_2d/share/nav2_costmap_2d/cmake/nav2_costmap_2dConfig.cmake
[31.085s] -- Installing: /home/khanh247/virtual_wall_ros2/software_simulation/turtlebot3_ws/install/nav2_costmap_2d/share/nav2_costmap_2d/cmake/nav2_costmap_2dConfig-version.cmake
[31.085s] -- Installing: /home/khanh247/virtual_wall_ros2/software_simulation/turtlebot3_ws/install/nav2_costmap_2d/share/nav2_costmap_2d/package.xml
[31.087s] -- Installing: /home/khanh247/virtual_wall_ros2/software_simulation/turtlebot3_ws/install/nav2_costmap_2d/lib/liborder_layer.so
[31.087s] -- Set runtime path of "/home/khanh247/virtual_wall_ros2/software_simulation/turtlebot3_ws/install/nav2_costmap_2d/lib/liborder_layer.so" to ""
[31.089s] Invoked command in '/home/khanh247/virtual_wall_ros2/software_simulation/turtlebot3_ws/build/nav2_costmap_2d' returned '0': AMENT_PREFIX_PATH=/home/khanh247/virtual_wall_ros2/software_simulation/turtlebot3_ws/install/nav2_map_server:/home/khanh247/virtual_wall_ros2/software_simulation/turtlebot3_ws/install/nav2_lifecycle_manager:/home/khanh247/virtual_wall_ros2/software_simulation/turtlebot3_ws/install/nav2_util:/home/khanh247/virtual_wall_ros2/software_simulation/turtlebot3_ws/install/nav2_voxel_grid:/home/khanh247/virtual_wall_ros2/software_simulation/turtlebot3_ws/install/nav2_msgs:/home/khanh247/virtual_wall_ros2/software_simulation/turtlebot3_ws/install/nav2_common:${AMENT_PREFIX_PATH} CMAKE_PREFIX_PATH=/home/khanh247/virtual_wall_ros2/software_simulation/turtlebot3_ws/install/nav2_map_server:/home/khanh247/virtual_wall_ros2/software_simulation/turtlebot3_ws/install/nav2_lifecycle_manager:/home/khanh247/virtual_wall_ros2/software_simulation/turtlebot3_ws/install/nav2_util:/home/khanh247/virtual_wall_ros2/software_simulation/turtlebot3_ws/install/nav2_voxel_grid:/home/khanh247/virtual_wall_ros2/software_simulation/turtlebot3_ws/install/nav2_msgs:/home/khanh247/virtual_wall_ros2/software_simulation/turtlebot3_ws/install/nav2_common:/opt/ros/humble LD_LIBRARY_PATH=/home/khanh247/virtual_wall_ros2/software_simulation/turtlebot3_ws/install/nav2_map_server/lib:/home/khanh247/virtual_wall_ros2/software_simulation/turtlebot3_ws/install/nav2_lifecycle_manager/lib:/home/khanh247/virtual_wall_ros2/software_simulation/turtlebot3_ws/install/nav2_util/lib:/home/khanh247/virtual_wall_ros2/software_simulation/turtlebot3_ws/install/nav2_voxel_grid/lib:/home/khanh247/virtual_wall_ros2/software_simulation/turtlebot3_ws/install/nav2_msgs/lib:${LD_LIBRARY_PATH} PYTHONPATH=/home/khanh247/virtual_wall_ros2/software_simulation/turtlebot3_ws/install/nav2_msgs/local/lib/python3.10/dist-packages:/home/khanh247/virtual_wall_ros2/software_simulation/turtlebot3_ws/install/nav2_common/local/lib/python3.10/dist-packages:${PYTHONPATH} /usr/bin/cmake --install /home/khanh247/virtual_wall_ros2/software_simulation/turtlebot3_ws/build/nav2_costmap_2d
