[  2%] Built target gtest
[  4%] Built target gtest_main
[ 21%] Built target nav2_costmap_2d_core
[35m[1mConsolidate compiler generated dependencies of target layers[0m
[ 26%] Built target filters
[ 31%] Built target nav2_costmap_2d_client
[ 34%] Built target nav2_costmap_2d_markers
[ 36%] Built target nav2_costmap_2d_cloud
[ 39%] Built target array_parser_test
[ 42%] Built target costmap_convesion_test
[ 43%] Built target collision_footprint_test
[ 45%] [32mBuilding CXX object CMakeFiles/layers.dir/plugins/static_layer.cpp.o[0m
[ 47%] Built target declare_parameter_test
[ 53%] Built target keepout_filter_test
[ 53%] Built target binary_filter_test
[ 54%] Built target costmap_filter_test
[ 57%] Built target copy_window_test
[ 59%] Built target costmap_filter_service_test
[ 62%] Built target dyn_params_tests
[ 64%] Built target speed_filter_test
[ 67%] Built target costmap_bresenham_2d
[ 69%] Built target order_layer
[ 71%] Built target plugin_api_order
[01m[K/home/khanh247/software_simulation/turtlebot3_ws/src/navigation2/nav2_costmap_2d/plugins/static_layer.cpp:[m[K In member function ‘[01m[Kvirtual void nav2_costmap_2d::StaticLayer::onInitialize()[m[K’:
[01m[K/home/khanh247/software_simulation/turtlebot3_ws/src/navigation2/nav2_costmap_2d/plugins/static_layer.cpp:73:26:[m[K [01;31m[Kerror: [m[Kqualified-id in declaration before ‘[01m[K([m[K’ token
   73 | StaticLayer::onInitialize[01;31m[K([m[K)
      |                          [01;31m[K^[m[K
[01m[K/home/khanh247/software_simulation/turtlebot3_ws/src/navigation2/nav2_costmap_2d/plugins/static_layer.cpp:111:22:[m[K [01;31m[Kerror: [m[Kqualified-id in declaration before ‘[01m[K([m[K’ token
  111 | StaticLayer::activate[01;31m[K([m[K)
      |                      [01;31m[K^[m[K
[01m[K/home/khanh247/software_simulation/turtlebot3_ws/src/navigation2/nav2_costmap_2d/plugins/static_layer.cpp:116:24:[m[K [01;31m[Kerror: [m[Kqualified-id in declaration before ‘[01m[K([m[K’ token
  116 | StaticLayer::deactivate[01;31m[K([m[K)
      |                        [01;31m[K^[m[K
[01m[K/home/khanh247/software_simulation/turtlebot3_ws/src/navigation2/nav2_costmap_2d/plugins/static_layer.cpp:122:19:[m[K [01;31m[Kerror: [m[Kqualified-id in declaration before ‘[01m[K([m[K’ token
  122 | StaticLayer::reset[01;31m[K([m[K)
      |                   [01;31m[K^[m[K
[01m[K/home/khanh247/software_simulation/turtlebot3_ws/src/navigation2/nav2_costmap_2d/plugins/static_layer.cpp:129:27:[m[K [01;31m[Kerror: [m[Kqualified-id in declaration before ‘[01m[K([m[K’ token
  129 | StaticLayer::getParameters[01;31m[K([m[K)
      |                           [01;31m[K^[m[K
[01m[K/home/khanh247/software_simulation/turtlebot3_ws/src/navigation2/nav2_costmap_2d/plugins/static_layer.cpp:182:24:[m[K [01;31m[Kerror: [m[Kqualified-id in declaration before ‘[01m[K([m[K’ token
  182 | StaticLayer::processMap[01;31m[K([m[Kconst nav_msgs::msg::OccupancyGrid & new_map)
      |                        [01;31m[K^[m[K
[01m[K/home/khanh247/software_simulation/turtlebot3_ws/src/navigation2/nav2_costmap_2d/plugins/static_layer.cpp:253:23:[m[K [01;31m[Kerror: [m[Kqualified-id in declaration before ‘[01m[K([m[K’ token
  253 | StaticLayer::matchSize[01;31m[K([m[K)
      |                       [01;31m[K^[m[K
[01m[K/home/khanh247/software_simulation/turtlebot3_ws/src/navigation2/nav2_costmap_2d/plugins/static_layer.cpp:266:28:[m[K [01;31m[Kerror: [m[Kqualified-id in declaration before ‘[01m[K([m[K’ token
  266 | StaticLayer::interpretValue[01;31m[K([m[Kunsigned char value)
      |                            [01;31m[K^[m[K
[01m[K/home/khanh247/software_simulation/turtlebot3_ws/src/navigation2/nav2_costmap_2d/plugins/static_layer.cpp:284:25:[m[K [01;31m[Kerror: [m[Kqualified-id in declaration before ‘[01m[K([m[K’ token
  284 | StaticLayer::incomingMap[01;31m[K([m[Kconst nav_msgs::msg::OccupancyGrid::SharedPtr new_map)
      |                         [01;31m[K^[m[K
[01m[K/home/khanh247/software_simulation/turtlebot3_ws/src/navigation2/nav2_costmap_2d/plugins/static_layer.cpp:300:28:[m[K [01;31m[Kerror: [m[Kqualified-id in declaration before ‘[01m[K([m[K’ token
  300 | StaticLayer::incomingUpdate[01;31m[K([m[Kmap_msgs::msg::OccupancyGridUpdate::ConstSharedPtr update)
      |                            [01;31m[K^[m[K
[01m[K/home/khanh247/software_simulation/turtlebot3_ws/src/navigation2/nav2_costmap_2d/plugins/static_layer.cpp:340:26:[m[K [01;31m[Kerror: [m[Kqualified-id in declaration before ‘[01m[K([m[K’ token
  340 | StaticLayer::updateBounds[01;31m[K([m[K
      |                          [01;31m[K^[m[K
[01m[K/home/khanh247/software_simulation/turtlebot3_ws/src/navigation2/nav2_costmap_2d/plugins/static_layer.cpp:384:29:[m[K [01;31m[Kerror: [m[Kqualified-id in declaration before ‘[01m[K([m[K’ token
  384 | StaticLayer::updateFootprint[01;31m[K([m[K
      |                             [01;31m[K^[m[K
[01m[K/home/khanh247/software_simulation/turtlebot3_ws/src/navigation2/nav2_costmap_2d/plugins/static_layer.cpp:400:25:[m[K [01;31m[Kerror: [m[Kqualified-id in declaration before ‘[01m[K([m[K’ token
  400 | StaticLayer::updateCosts[01;31m[K([m[K
      |                         [01;31m[K^[m[K
[01m[K/home/khanh247/software_simulation/turtlebot3_ws/src/navigation2/nav2_costmap_2d/plugins/static_layer.cpp:473:39:[m[K [01;31m[Kerror: [m[Kqualified-id in declaration before ‘[01m[K([m[K’ token
  473 | StaticLayer::dynamicParametersCallback[01;31m[K([m[K
      |                                       [01;31m[K^[m[K
gmake[2]: *** [CMakeFiles/layers.dir/build.make:90: CMakeFiles/layers.dir/plugins/static_layer.cpp.o] Error 1
gmake[1]: *** [CMakeFiles/Makefile2:295: CMakeFiles/layers.dir/all] Error 2
gmake: *** [Makefile:146: all] Error 2
