[0.346s] Invoking command in '/home/khanh247/software_simulation/turtlebot3_ws/build/tutorial_interfaces': CMAKE_PREFIX_PATH=${CMAKE_PREFIX_PATH}:/home/khanh247/software_simulation/turtlebot3_ws/install/turtlebot3_teleop:/home/khanh247/software_simulation/turtlebot3_ws/install/turtlebot3_example:/home/khanh247/software_simulation/turtlebot3_ws/install/nav2_simple_commander:/opt/ros/humble /usr/bin/cmake --build /home/khanh247/software_simulation/turtlebot3_ws/build/tutorial_interfaces -- -j16 -l16
[0.397s] Invoked command in '/home/khanh247/software_simulation/turtlebot3_ws/build/tutorial_interfaces' returned '0': CMAKE_PREFIX_PATH=${CMAKE_PREFIX_PATH}:/home/khanh247/software_simulation/turtlebot3_ws/install/turtlebot3_teleop:/home/khanh247/software_simulation/turtlebot3_ws/install/turtlebot3_example:/home/khanh247/software_simulation/turtlebot3_ws/install/nav2_simple_commander:/opt/ros/humble /usr/bin/cmake --build /home/khanh247/software_simulation/turtlebot3_ws/build/tutorial_interfaces -- -j16 -l16
[0.440s] Invoking command in '/home/khanh247/software_simulation/turtlebot3_ws/build/tutorial_interfaces': CMAKE_PREFIX_PATH=${CMAKE_PREFIX_PATH}:/home/khanh247/software_simulation/turtlebot3_ws/install/turtlebot3_teleop:/home/khanh247/software_simulation/turtlebot3_ws/install/turtlebot3_example:/home/khanh247/software_simulation/turtlebot3_ws/install/nav2_simple_commander:/opt/ros/humble /usr/bin/cmake --install /home/khanh247/software_simulation/turtlebot3_ws/build/tutorial_interfaces
[0.474s] -- Install configuration: ""
[0.475s] -- Up-to-date: /home/khanh247/software_simulation/turtlebot3_ws/install/tutorial_interfaces/share/ament_index/resource_index/package_run_dependencies/tutorial_interfaces
[0.476s] -- Up-to-date: /home/khanh247/software_simulation/turtlebot3_ws/install/tutorial_interfaces/share/ament_index/resource_index/parent_prefix_path/tutorial_interfaces
[0.476s] -- Up-to-date: /home/khanh247/software_simulation/turtlebot3_ws/install/tutorial_interfaces/share/tutorial_interfaces/environment/ament_prefix_path.sh
[0.477s] -- Up-to-date: /home/khanh247/software_simulation/turtlebot3_ws/install/tutorial_interfaces/share/tutorial_interfaces/environment/ament_prefix_path.dsv
[0.478s] -- Up-to-date: /home/khanh247/software_simulation/turtlebot3_ws/install/tutorial_interfaces/share/tutorial_interfaces/environment/path.sh
[0.478s] -- Up-to-date: /home/khanh247/software_simulation/turtlebot3_ws/install/tutorial_interfaces/share/tutorial_interfaces/environment/path.dsv
[0.478s] -- Up-to-date: /home/khanh247/software_simulation/turtlebot3_ws/install/tutorial_interfaces/share/tutorial_interfaces/local_setup.bash
[0.478s] -- Up-to-date: /home/khanh247/software_simulation/turtlebot3_ws/install/tutorial_interfaces/share/tutorial_interfaces/local_setup.sh
[0.478s] -- Up-to-date: /home/khanh247/software_simulation/turtlebot3_ws/install/tutorial_interfaces/share/tutorial_interfaces/local_setup.zsh
[0.478s] -- Up-to-date: /home/khanh247/software_simulation/turtlebot3_ws/install/tutorial_interfaces/share/tutorial_interfaces/local_setup.dsv
[0.478s] -- Installing: /home/khanh247/software_simulation/turtlebot3_ws/install/tutorial_interfaces/share/tutorial_interfaces/package.dsv
[0.479s] -- Up-to-date: /home/khanh247/software_simulation/turtlebot3_ws/install/tutorial_interfaces/share/ament_index/resource_index/packages/tutorial_interfaces
[0.479s] -- Up-to-date: /home/khanh247/software_simulation/turtlebot3_ws/install/tutorial_interfaces/share/tutorial_interfaces/cmake/tutorial_interfacesConfig.cmake
[0.479s] -- Up-to-date: /home/khanh247/software_simulation/turtlebot3_ws/install/tutorial_interfaces/share/tutorial_interfaces/cmake/tutorial_interfacesConfig-version.cmake
[0.479s] -- Up-to-date: /home/khanh247/software_simulation/turtlebot3_ws/install/tutorial_interfaces/share/tutorial_interfaces/package.xml
[0.480s] Invoked command in '/home/khanh247/software_simulation/turtlebot3_ws/build/tutorial_interfaces' returned '0': CMAKE_PREFIX_PATH=${CMAKE_PREFIX_PATH}:/home/khanh247/software_simulation/turtlebot3_ws/install/turtlebot3_teleop:/home/khanh247/software_simulation/turtlebot3_ws/install/turtlebot3_example:/home/khanh247/software_simulation/turtlebot3_ws/install/nav2_simple_commander:/opt/ros/humble /usr/bin/cmake --install /home/khanh247/software_simulation/turtlebot3_ws/build/tutorial_interfaces
