[0.226s] Invoking command in '/home/khanh247/software_simulation/turtlebot3_ws/build/turtlebot3_fake_node': AMENT_PREFIX_PATH=/home/khanh247/software_simulation/turtlebot3_ws/install/turtlebot3_msgs:${AMENT_PREFIX_PATH} CMAKE_PREFIX_PATH=/home/khanh247/software_simulation/turtlebot3_ws/install/turtlebot3_msgs:/opt/ros/humble LD_LIBRARY_PATH=/home/khanh247/software_simulation/turtlebot3_ws/install/turtlebot3_msgs/lib:${LD_LIBRARY_PATH} PYTHONPATH=/home/khanh247/software_simulation/turtlebot3_ws/install/turtlebot3_msgs/local/lib/python3.10/dist-packages:${PYTHONPATH} /usr/bin/cmake --build /home/khanh247/software_simulation/turtlebot3_ws/build/turtlebot3_fake_node -- -j16 -l16
[0.265s] [100%] Built target turtlebot3_fake_node
[0.275s] Invoked command in '/home/khanh247/software_simulation/turtlebot3_ws/build/turtlebot3_fake_node' returned '0': AMENT_PREFIX_PATH=/home/khanh247/software_simulation/turtlebot3_ws/install/turtlebot3_msgs:${AMENT_PREFIX_PATH} CMAKE_PREFIX_PATH=/home/khanh247/software_simulation/turtlebot3_ws/install/turtlebot3_msgs:/opt/ros/humble LD_LIBRARY_PATH=/home/khanh247/software_simulation/turtlebot3_ws/install/turtlebot3_msgs/lib:${LD_LIBRARY_PATH} PYTHONPATH=/home/khanh247/software_simulation/turtlebot3_ws/install/turtlebot3_msgs/local/lib/python3.10/dist-packages:${PYTHONPATH} /usr/bin/cmake --build /home/khanh247/software_simulation/turtlebot3_ws/build/turtlebot3_fake_node -- -j16 -l16
[0.292s] Invoking command in '/home/khanh247/software_simulation/turtlebot3_ws/build/turtlebot3_fake_node': AMENT_PREFIX_PATH=/home/khanh247/software_simulation/turtlebot3_ws/install/turtlebot3_msgs:${AMENT_PREFIX_PATH} CMAKE_PREFIX_PATH=/home/khanh247/software_simulation/turtlebot3_ws/install/turtlebot3_msgs:/opt/ros/humble LD_LIBRARY_PATH=/home/khanh247/software_simulation/turtlebot3_ws/install/turtlebot3_msgs/lib:${LD_LIBRARY_PATH} PYTHONPATH=/home/khanh247/software_simulation/turtlebot3_ws/install/turtlebot3_msgs/local/lib/python3.10/dist-packages:${PYTHONPATH} /usr/bin/cmake --install /home/khanh247/software_simulation/turtlebot3_ws/build/turtlebot3_fake_node
[0.299s] -- Install configuration: ""
[0.299s] -- Up-to-date: /home/khanh247/software_simulation/turtlebot3_ws/install/turtlebot3_fake_node/lib/turtlebot3_fake_node/turtlebot3_fake_node
[0.299s] -- Up-to-date: /home/khanh247/software_simulation/turtlebot3_ws/install/turtlebot3_fake_node/share/turtlebot3_fake_node/launch
[0.299s] -- Up-to-date: /home/khanh247/software_simulation/turtlebot3_ws/install/turtlebot3_fake_node/share/turtlebot3_fake_node/launch/rviz2.launch.py
[0.300s] -- Up-to-date: /home/khanh247/software_simulation/turtlebot3_ws/install/turtlebot3_fake_node/share/turtlebot3_fake_node/launch/turtlebot3_fake_node.launch.py
[0.300s] -- Up-to-date: /home/khanh247/software_simulation/turtlebot3_ws/install/turtlebot3_fake_node/share/turtlebot3_fake_node/param
[0.300s] -- Up-to-date: /home/khanh247/software_simulation/turtlebot3_ws/install/turtlebot3_fake_node/share/turtlebot3_fake_node/param/waffle_pi.yaml
[0.300s] -- Up-to-date: /home/khanh247/software_simulation/turtlebot3_ws/install/turtlebot3_fake_node/share/turtlebot3_fake_node/param/burger.yaml
[0.300s] -- Up-to-date: /home/khanh247/software_simulation/turtlebot3_ws/install/turtlebot3_fake_node/share/turtlebot3_fake_node/param/waffle.yaml
[0.300s] -- Up-to-date: /home/khanh247/software_simulation/turtlebot3_ws/install/turtlebot3_fake_node/include/
[0.301s] -- Up-to-date: /home/khanh247/software_simulation/turtlebot3_ws/install/turtlebot3_fake_node/include//turtlebot3_fake_node
[0.301s] -- Up-to-date: /home/khanh247/software_simulation/turtlebot3_ws/install/turtlebot3_fake_node/include//turtlebot3_fake_node/turtlebot3_fake_node.hpp
[0.301s] -- Up-to-date: /home/khanh247/software_simulation/turtlebot3_ws/install/turtlebot3_fake_node/share/ament_index/resource_index/package_run_dependencies/turtlebot3_fake_node
[0.301s] -- Up-to-date: /home/khanh247/software_simulation/turtlebot3_ws/install/turtlebot3_fake_node/share/ament_index/resource_index/parent_prefix_path/turtlebot3_fake_node
[0.301s] -- Up-to-date: /home/khanh247/software_simulation/turtlebot3_ws/install/turtlebot3_fake_node/share/turtlebot3_fake_node/environment/ament_prefix_path.sh
[0.302s] -- Up-to-date: /home/khanh247/software_simulation/turtlebot3_ws/install/turtlebot3_fake_node/share/turtlebot3_fake_node/environment/ament_prefix_path.dsv
[0.302s] -- Up-to-date: /home/khanh247/software_simulation/turtlebot3_ws/install/turtlebot3_fake_node/share/turtlebot3_fake_node/environment/path.sh
[0.303s] -- Up-to-date: /home/khanh247/software_simulation/turtlebot3_ws/install/turtlebot3_fake_node/share/turtlebot3_fake_node/environment/path.dsv
[0.303s] -- Up-to-date: /home/khanh247/software_simulation/turtlebot3_ws/install/turtlebot3_fake_node/share/turtlebot3_fake_node/local_setup.bash
[0.303s] -- Up-to-date: /home/khanh247/software_simulation/turtlebot3_ws/install/turtlebot3_fake_node/share/turtlebot3_fake_node/local_setup.sh
[0.303s] -- Up-to-date: /home/khanh247/software_simulation/turtlebot3_ws/install/turtlebot3_fake_node/share/turtlebot3_fake_node/local_setup.zsh
[0.303s] -- Up-to-date: /home/khanh247/software_simulation/turtlebot3_ws/install/turtlebot3_fake_node/share/turtlebot3_fake_node/local_setup.dsv
[0.304s] -- Installing: /home/khanh247/software_simulation/turtlebot3_ws/install/turtlebot3_fake_node/share/turtlebot3_fake_node/package.dsv
[0.304s] -- Up-to-date: /home/khanh247/software_simulation/turtlebot3_ws/install/turtlebot3_fake_node/share/ament_index/resource_index/packages/turtlebot3_fake_node
[0.304s] -- Up-to-date: /home/khanh247/software_simulation/turtlebot3_ws/install/turtlebot3_fake_node/share/turtlebot3_fake_node/cmake/ament_cmake_export_include_directories-extras.cmake
[0.304s] -- Up-to-date: /home/khanh247/software_simulation/turtlebot3_ws/install/turtlebot3_fake_node/share/turtlebot3_fake_node/cmake/ament_cmake_export_dependencies-extras.cmake
[0.305s] -- Up-to-date: /home/khanh247/software_simulation/turtlebot3_ws/install/turtlebot3_fake_node/share/turtlebot3_fake_node/cmake/turtlebot3_fake_nodeConfig.cmake
[0.305s] -- Up-to-date: /home/khanh247/software_simulation/turtlebot3_ws/install/turtlebot3_fake_node/share/turtlebot3_fake_node/cmake/turtlebot3_fake_nodeConfig-version.cmake
[0.305s] -- Up-to-date: /home/khanh247/software_simulation/turtlebot3_ws/install/turtlebot3_fake_node/share/turtlebot3_fake_node/package.xml
[0.310s] Invoked command in '/home/khanh247/software_simulation/turtlebot3_ws/build/turtlebot3_fake_node' returned '0': AMENT_PREFIX_PATH=/home/khanh247/software_simulation/turtlebot3_ws/install/turtlebot3_msgs:${AMENT_PREFIX_PATH} CMAKE_PREFIX_PATH=/home/khanh247/software_simulation/turtlebot3_ws/install/turtlebot3_msgs:/opt/ros/humble LD_LIBRARY_PATH=/home/khanh247/software_simulation/turtlebot3_ws/install/turtlebot3_msgs/lib:${LD_LIBRARY_PATH} PYTHONPATH=/home/khanh247/software_simulation/turtlebot3_ws/install/turtlebot3_msgs/local/lib/python3.10/dist-packages:${PYTHONPATH} /usr/bin/cmake --install /home/khanh247/software_simulation/turtlebot3_ws/build/turtlebot3_fake_node
