[1.006s] Invoking command in '/home/khanh247/software_simulation/turtlebot3_ws/src/turtlebot3/turtlebot3_teleop': PYTHONPATH=/home/khanh247/software_simulation/turtlebot3_ws/build/turtlebot3_teleop/prefix_override:/usr/lib/python3/dist-packages/colcon_core/task/python/colcon_distutils_commands:/home/khanh247/software_simulation/turtlebot3_ws/install/turtlebot3_teleop/lib/python3.10/site-packages:${PYTHONPATH} /usr/bin/python3 -W ignore:setup.py install is deprecated setup.py egg_info --egg-base ../../../build/turtlebot3_teleop build --build-base /home/khanh247/software_simulation/turtlebot3_ws/build/turtlebot3_teleop/build install --record /home/khanh247/software_simulation/turtlebot3_ws/build/turtlebot3_teleop/install.log --single-version-externally-managed install_data
[1.284s] running egg_info
[1.302s] writing ../../../build/turtlebot3_teleop/turtlebot3_teleop.egg-info/PKG-INFO
[1.303s] writing dependency_links to ../../../build/turtlebot3_teleop/turtlebot3_teleop.egg-info/dependency_links.txt
[1.303s] writing entry points to ../../../build/turtlebot3_teleop/turtlebot3_teleop.egg-info/entry_points.txt
[1.303s] writing requirements to ../../../build/turtlebot3_teleop/turtlebot3_teleop.egg-info/requires.txt
[1.303s] writing top-level names to ../../../build/turtlebot3_teleop/turtlebot3_teleop.egg-info/top_level.txt
[1.334s] reading manifest file '../../../build/turtlebot3_teleop/turtlebot3_teleop.egg-info/SOURCES.txt'
[1.335s] writing manifest file '../../../build/turtlebot3_teleop/turtlebot3_teleop.egg-info/SOURCES.txt'
[1.335s] running build
[1.335s] running build_py
[1.335s] copying turtlebot3_teleop/__init__.py -> /home/khanh247/software_simulation/turtlebot3_ws/build/turtlebot3_teleop/build/lib/turtlebot3_teleop
[1.335s] copying turtlebot3_teleop/script/__init__.py -> /home/khanh247/software_simulation/turtlebot3_ws/build/turtlebot3_teleop/build/lib/turtlebot3_teleop/script
[1.335s] copying turtlebot3_teleop/script/teleop_keyboard.py -> /home/khanh247/software_simulation/turtlebot3_ws/build/turtlebot3_teleop/build/lib/turtlebot3_teleop/script
[1.336s] running install
[1.340s] running install_lib
[1.356s] running install_data
[1.356s] copying resource/turtlebot3_teleop -> /home/khanh247/software_simulation/turtlebot3_ws/install/turtlebot3_teleop/share/ament_index/resource_index/packages
[1.356s] copying package.xml -> /home/khanh247/software_simulation/turtlebot3_ws/install/turtlebot3_teleop/share/turtlebot3_teleop
[1.356s] running install_egg_info
[1.379s] removing '/home/khanh247/software_simulation/turtlebot3_ws/install/turtlebot3_teleop/lib/python3.10/site-packages/turtlebot3_teleop-2.1.5-py3.10.egg-info' (and everything under it)
[1.379s] Copying ../../../build/turtlebot3_teleop/turtlebot3_teleop.egg-info to /home/khanh247/software_simulation/turtlebot3_ws/install/turtlebot3_teleop/lib/python3.10/site-packages/turtlebot3_teleop-2.1.5-py3.10.egg-info
[1.380s] running install_scripts
[1.524s] Installing teleop_keyboard script to /home/khanh247/software_simulation/turtlebot3_ws/install/turtlebot3_teleop/lib/turtlebot3_teleop
[1.524s] writing list of installed files to '/home/khanh247/software_simulation/turtlebot3_ws/build/turtlebot3_teleop/install.log'
[1.577s] Invoked command in '/home/khanh247/software_simulation/turtlebot3_ws/src/turtlebot3/turtlebot3_teleop' returned '0': PYTHONPATH=/home/khanh247/software_simulation/turtlebot3_ws/build/turtlebot3_teleop/prefix_override:/usr/lib/python3/dist-packages/colcon_core/task/python/colcon_distutils_commands:/home/khanh247/software_simulation/turtlebot3_ws/install/turtlebot3_teleop/lib/python3.10/site-packages:${PYTHONPATH} /usr/bin/python3 -W ignore:setup.py install is deprecated setup.py egg_info --egg-base ../../../build/turtlebot3_teleop build --build-base /home/khanh247/software_simulation/turtlebot3_ws/build/turtlebot3_teleop/build install --record /home/khanh247/software_simulation/turtlebot3_ws/build/turtlebot3_teleop/install.log --single-version-externally-managed install_data
