[0.033s] Invoking command in '/home/khanh247/software_simulation/turtlebot3_ws/build/nav2_behavior_tree': AMENT_PREFIX_PATH=/home/khanh247/software_simulation/turtlebot3_ws/install/nav2_util:/home/khanh247/software_simulation/turtlebot3_ws/install/nav2_msgs:/home/khanh247/software_simulation/turtlebot3_ws/install/nav2_common:${AMENT_PREFIX_PATH} CMAKE_PREFIX_PATH=/home/khanh247/software_simulation/turtlebot3_ws/install/nav2_util:/home/khanh247/software_simulation/turtlebot3_ws/install/nav2_msgs:/home/khanh247/software_simulation/turtlebot3_ws/install/nav2_common:/opt/ros/humble LD_LIBRARY_PATH=/home/khanh247/software_simulation/turtlebot3_ws/install/nav2_util/lib:/home/khanh247/software_simulation/turtlebot3_ws/install/nav2_msgs/lib:${LD_LIBRARY_PATH} PYTHONPATH=/home/khanh247/software_simulation/turtlebot3_ws/install/nav2_msgs/local/lib/python3.10/dist-packages:/home/khanh247/software_simulation/turtlebot3_ws/install/nav2_common/local/lib/python3.10/dist-packages:${PYTHONPATH} /usr/bin/cmake --build /home/khanh247/software_simulation/turtlebot3_ws/build/nav2_behavior_tree -- -j16 -l16
[0.134s] [  1%] Built target nav2_controller_cancel_bt_node
[0.137s] [  2%] Built target nav2_compute_path_to_pose_action_bt_node
[0.146s] [  3%] Built target nav2_wait_cancel_bt_node
[0.156s] [  5%] Built target nav2_behavior_tree
[0.156s] [  5%] Built target nav2_assisted_teleop_cancel_bt_node
[0.158s] [  6%] Built target nav2_compute_path_through_poses_action_bt_node
[0.164s] [  7%] Built target nav2_spin_cancel_bt_node
[0.167s] [  8%] Built target nav2_back_up_cancel_bt_node
[0.220s] [  9%] Built target nav2_follow_path_action_bt_node
[0.220s] [ 11%] Built target nav2_drive_on_heading_cancel_bt_node
[0.221s] [ 11%] Built target nav2_back_up_action_bt_node
[0.221s] [ 11%] Built target nav2_smooth_path_action_bt_node
[0.225s] [ 12%] Built target nav2_assisted_teleop_action_bt_node
[0.225s] [ 13%] Built target nav2_wait_action_bt_node
[0.225s] [ 14%] Built target nav2_spin_action_bt_node
[0.228s] [ 16%] Built target nav2_is_stuck_condition_bt_node
[0.229s] [ 16%] Built target nav2_drive_on_heading_bt_node
[0.236s] [ 17%] Built target nav2_clear_costmap_service_bt_node
[0.265s] [ 18%] Built target nav2_transform_available_condition_bt_node
[0.265s] [ 20%] Built target nav2_goal_reached_condition_bt_node
[0.265s] [ 20%] Built target nav2_globally_updated_goal_condition_bt_node
[0.267s] [ 21%] Built target nav2_goal_updated_condition_bt_node
[0.267s] [ 22%] Built target nav2_time_expired_condition_bt_node
[0.268s] [ 21%] Built target nav2_is_path_valid_condition_bt_node
[0.272s] [ 23%] Built target nav2_distance_traveled_condition_bt_node
[0.272s] [ 24%] Built target nav2_path_expiring_timer_condition
[0.275s] [ 25%] Built target nav2_initial_pose_received_condition_bt_node
[0.311s] [ 27%] Built target nav2_is_battery_low_condition_bt_node
[0.311s] [ 27%] Built target nav2_reinitialize_global_localization_service_bt_node
[0.319s] [ 31%] Built target nav2_is_battery_charging_condition_bt_node
[0.320s] [ 31%] Built target nav2_goal_updater_node_bt_node
[0.320s] [ 31%] Built target nav2_truncate_path_action_bt_node
[0.321s] [ 31%] Built target nav2_distance_controller_bt_node
[0.321s] [ 32%] Built target nav2_rate_controller_bt_node
[0.321s] [ 33%] Built target nav2_path_longer_on_approach_bt_node
[0.321s] [ 34%] Built target nav2_speed_controller_bt_node
[0.321s] [ 35%] Built target nav2_recovery_node_bt_node
[0.324s] [ 36%] Built target nav2_navigate_to_pose_action_bt_node
[0.330s] [ 37%] Built target nav2_truncate_path_local_action_bt_node
[0.355s] [ 38%] Built target nav2_navigate_through_poses_action_bt_node
[0.355s] [ 39%] Built target nav2_remove_passed_goals_action_bt_node
[0.355s] [ 40%] Built target nav2_get_pose_from_path_action_bt_node
[0.355s] [ 41%] Built target nav2_pipeline_sequence_bt_node
[0.359s] [ 42%] Built target nav2_round_robin_node_bt_node
[0.363s] [ 43%] Built target nav2_single_trigger_bt_node
[0.368s] [ 44%] Built target nav2_planner_selector_bt_node
[0.368s] [ 45%] Built target nav2_controller_selector_bt_node
[0.374s] [ 48%] Built target nav2_goal_checker_selector_bt_node
[0.374s] [ 48%] Built target nav2_goal_updated_controller_bt_node
[0.374s] [ 46%] Built target nav2_progress_checker_selector_bt_node
[0.374s] [ 49%] Built target nav2_smoother_selector_bt_node
[0.381s] [ 50%] Built target gtest_main
[0.385s] [ 50%] Built target gtest
[0.432s] [ 53%] Built target test_condition_goal_reached
[0.432s] [ 53%] Built target test_bt_conversions
[0.432s] [ 53%] Built target test_condition_distance_traveled
[0.438s] [ 53%] Built target test_condition_time_expired
[0.438s] [ 54%] Built target test_condition_goal_updated
[0.440s] [ 55%] Built target test_condition_globally_updated_goal
[0.440s] [ 56%] Built target test_condition_initial_pose_received
[0.440s] [ 57%] Built target test_condition_transform_available
[0.441s] [ 58%] Built target test_condition_is_stuck
[0.441s] [ 59%] Built target test_condition_path_expiring_timer
[0.441s] [ 60%] Built target test_condition_is_battery_charging
[0.442s] [ 61%] Built target test_decorator_distance_controller
[0.444s] [ 62%] Built target test_condition_is_battery_low
[0.446s] [ 63%] Built target test_condition_is_path_valid
[0.449s] [ 64%] Built target test_decorator_rate_controller
[0.450s] [ 65%] Built target test_decorator_speed_controller
[0.480s] [ 66%] Built target test_goal_updater_node
[0.484s] [ 68%] Built target test_decorator_path_longer_on_approach
[0.484s] [ 68%] Built target test_control_pipeline_sequence
[0.492s] [ 70%] Built target test_single_trigger_node
[0.492s] [ 70%] Built target test_goal_updated_controller
[0.493s] [ 71%] Built target test_control_recovery_node
[0.493s] [ 72%] Built target test_control_round_robin_node
[0.493s] [ 73%] Built target test_action_assisted_teleop_action
[0.493s] [ 75%] Built target test_action_back_up_action
[0.493s] [ 75%] Built target test_action_spin_action
[0.493s] [ 76%] Built target test_bt_action_node
[0.493s] [ 77%] Built target test_action_wait_action
[0.493s] [ 78%] Built target test_action_drive_on_heading
[0.501s] [ 79%] Built target test_action_controller_cancel_action
[0.528s] [ 80%] Built target test_action_back_up_cancel_action
[0.534s] [ 81%] Built target test_action_wait_cancel_action
[0.537s] [ 82%] Built target test_action_spin_cancel_action
[0.538s] [ 83%] Built target test_action_reinitialize_global_localization_service
[0.538s] [ 84%] Built target test_action_drive_on_heading_cancel_action
[0.538s] [ 85%] Built target test_action_clear_costmap_service
[0.538s] [ 86%] Built target test_action_assisted_teleop_cancel_action
[0.542s] [ 87%] Built target test_action_navigate_to_pose_action
[0.544s] [ 88%] Built target test_action_compute_path_through_poses_action
[0.545s] [ 89%] Built target test_action_smooth_path_action
[0.547s] [ 89%] Built target test_action_follow_path_action
[0.547s] [ 90%] Built target test_action_compute_path_to_pose_action
[0.558s] [ 91%] Built target test_action_navigate_through_poses_action
[0.568s] [ 93%] Built target test_truncate_path_local_action
[0.568s] [ 93%] Built target test_truncate_path_action
[0.577s] [ 94%] Built target test_remove_passed_goals_action
[0.578s] [ 95%] Built target test_get_pose_from_path_action
[0.581s] [ 96%] Built target test_planner_selector_node
[0.584s] [ 97%] Built target test_controller_selector_node
[0.585s] [ 98%] Built target test_smoother_selector_node
[0.585s] [ 99%] Built target test_progress_checker_selector_node
[0.590s] [100%] Built target test_goal_checker_selector_node
[0.614s] Invoked command in '/home/khanh247/software_simulation/turtlebot3_ws/build/nav2_behavior_tree' returned '0': AMENT_PREFIX_PATH=/home/khanh247/software_simulation/turtlebot3_ws/install/nav2_util:/home/khanh247/software_simulation/turtlebot3_ws/install/nav2_msgs:/home/khanh247/software_simulation/turtlebot3_ws/install/nav2_common:${AMENT_PREFIX_PATH} CMAKE_PREFIX_PATH=/home/khanh247/software_simulation/turtlebot3_ws/install/nav2_util:/home/khanh247/software_simulation/turtlebot3_ws/install/nav2_msgs:/home/khanh247/software_simulation/turtlebot3_ws/install/nav2_common:/opt/ros/humble LD_LIBRARY_PATH=/home/khanh247/software_simulation/turtlebot3_ws/install/nav2_util/lib:/home/khanh247/software_simulation/turtlebot3_ws/install/nav2_msgs/lib:${LD_LIBRARY_PATH} PYTHONPATH=/home/khanh247/software_simulation/turtlebot3_ws/install/nav2_msgs/local/lib/python3.10/dist-packages:/home/khanh247/software_simulation/turtlebot3_ws/install/nav2_common/local/lib/python3.10/dist-packages:${PYTHONPATH} /usr/bin/cmake --build /home/khanh247/software_simulation/turtlebot3_ws/build/nav2_behavior_tree -- -j16 -l16
[0.777s] Invoking command in '/home/khanh247/software_simulation/turtlebot3_ws/build/nav2_behavior_tree': AMENT_PREFIX_PATH=/home/khanh247/software_simulation/turtlebot3_ws/install/nav2_util:/home/khanh247/software_simulation/turtlebot3_ws/install/nav2_msgs:/home/khanh247/software_simulation/turtlebot3_ws/install/nav2_common:${AMENT_PREFIX_PATH} CMAKE_PREFIX_PATH=/home/khanh247/software_simulation/turtlebot3_ws/install/nav2_util:/home/khanh247/software_simulation/turtlebot3_ws/install/nav2_msgs:/home/khanh247/software_simulation/turtlebot3_ws/install/nav2_common:/opt/ros/humble LD_LIBRARY_PATH=/home/khanh247/software_simulation/turtlebot3_ws/install/nav2_util/lib:/home/khanh247/software_simulation/turtlebot3_ws/install/nav2_msgs/lib:${LD_LIBRARY_PATH} PYTHONPATH=/home/khanh247/software_simulation/turtlebot3_ws/install/nav2_msgs/local/lib/python3.10/dist-packages:/home/khanh247/software_simulation/turtlebot3_ws/install/nav2_common/local/lib/python3.10/dist-packages:${PYTHONPATH} /usr/bin/cmake --install /home/khanh247/software_simulation/turtlebot3_ws/build/nav2_behavior_tree
[0.783s] -- Install configuration: "Release"
[0.783s] -- Up-to-date: /home/khanh247/software_simulation/turtlebot3_ws/install/nav2_behavior_tree/lib/libnav2_behavior_tree.so
[0.783s] -- Up-to-date: /home/khanh247/software_simulation/turtlebot3_ws/install/nav2_behavior_tree/lib/libnav2_compute_path_to_pose_action_bt_node.so
[0.783s] -- Up-to-date: /home/khanh247/software_simulation/turtlebot3_ws/install/nav2_behavior_tree/lib/libnav2_compute_path_through_poses_action_bt_node.so
[0.783s] -- Up-to-date: /home/khanh247/software_simulation/turtlebot3_ws/install/nav2_behavior_tree/lib/libnav2_controller_cancel_bt_node.so
[0.784s] -- Up-to-date: /home/khanh247/software_simulation/turtlebot3_ws/install/nav2_behavior_tree/lib/libnav2_wait_cancel_bt_node.so
[0.784s] -- Up-to-date: /home/khanh247/software_simulation/turtlebot3_ws/install/nav2_behavior_tree/lib/libnav2_spin_cancel_bt_node.so
[0.784s] -- Up-to-date: /home/khanh247/software_simulation/turtlebot3_ws/install/nav2_behavior_tree/lib/libnav2_back_up_cancel_bt_node.so
[0.784s] -- Up-to-date: /home/khanh247/software_simulation/turtlebot3_ws/install/nav2_behavior_tree/lib/libnav2_assisted_teleop_cancel_bt_node.so
[0.784s] -- Up-to-date: /home/khanh247/software_simulation/turtlebot3_ws/install/nav2_behavior_tree/lib/libnav2_drive_on_heading_cancel_bt_node.so
[0.785s] -- Up-to-date: /home/khanh247/software_simulation/turtlebot3_ws/install/nav2_behavior_tree/lib/libnav2_smooth_path_action_bt_node.so
[0.785s] -- Up-to-date: /home/khanh247/software_simulation/turtlebot3_ws/install/nav2_behavior_tree/lib/libnav2_follow_path_action_bt_node.so
[0.785s] -- Up-to-date: /home/khanh247/software_simulation/turtlebot3_ws/install/nav2_behavior_tree/lib/libnav2_back_up_action_bt_node.so
[0.785s] -- Up-to-date: /home/khanh247/software_simulation/turtlebot3_ws/install/nav2_behavior_tree/lib/libnav2_drive_on_heading_bt_node.so
[0.785s] -- Up-to-date: /home/khanh247/software_simulation/turtlebot3_ws/install/nav2_behavior_tree/lib/libnav2_spin_action_bt_node.so
[0.786s] -- Up-to-date: /home/khanh247/software_simulation/turtlebot3_ws/install/nav2_behavior_tree/lib/libnav2_wait_action_bt_node.so
[0.786s] -- Up-to-date: /home/khanh247/software_simulation/turtlebot3_ws/install/nav2_behavior_tree/lib/libnav2_assisted_teleop_action_bt_node.so
[0.786s] -- Up-to-date: /home/khanh247/software_simulation/turtlebot3_ws/install/nav2_behavior_tree/lib/libnav2_clear_costmap_service_bt_node.so
[0.786s] -- Up-to-date: /home/khanh247/software_simulation/turtlebot3_ws/install/nav2_behavior_tree/lib/libnav2_is_stuck_condition_bt_node.so
[0.787s] -- Up-to-date: /home/khanh247/software_simulation/turtlebot3_ws/install/nav2_behavior_tree/lib/libnav2_transform_available_condition_bt_node.so
[0.787s] -- Up-to-date: /home/khanh247/software_simulation/turtlebot3_ws/install/nav2_behavior_tree/lib/libnav2_goal_reached_condition_bt_node.so
[0.787s] -- Up-to-date: /home/khanh247/software_simulation/turtlebot3_ws/install/nav2_behavior_tree/lib/libnav2_globally_updated_goal_condition_bt_node.so
[0.787s] -- Up-to-date: /home/khanh247/software_simulation/turtlebot3_ws/install/nav2_behavior_tree/lib/libnav2_goal_updated_condition_bt_node.so
[0.787s] -- Up-to-date: /home/khanh247/software_simulation/turtlebot3_ws/install/nav2_behavior_tree/lib/libnav2_is_path_valid_condition_bt_node.so
[0.788s] -- Up-to-date: /home/khanh247/software_simulation/turtlebot3_ws/install/nav2_behavior_tree/lib/libnav2_time_expired_condition_bt_node.so
[0.788s] -- Up-to-date: /home/khanh247/software_simulation/turtlebot3_ws/install/nav2_behavior_tree/lib/libnav2_path_expiring_timer_condition.so
[0.788s] -- Up-to-date: /home/khanh247/software_simulation/turtlebot3_ws/install/nav2_behavior_tree/lib/libnav2_distance_traveled_condition_bt_node.so
[0.788s] -- Up-to-date: /home/khanh247/software_simulation/turtlebot3_ws/install/nav2_behavior_tree/lib/libnav2_initial_pose_received_condition_bt_node.so
[0.788s] -- Up-to-date: /home/khanh247/software_simulation/turtlebot3_ws/install/nav2_behavior_tree/lib/libnav2_is_battery_charging_condition_bt_node.so
[0.789s] -- Up-to-date: /home/khanh247/software_simulation/turtlebot3_ws/install/nav2_behavior_tree/lib/libnav2_is_battery_low_condition_bt_node.so
[0.789s] -- Up-to-date: /home/khanh247/software_simulation/turtlebot3_ws/install/nav2_behavior_tree/lib/libnav2_reinitialize_global_localization_service_bt_node.so
[0.789s] -- Up-to-date: /home/khanh247/software_simulation/turtlebot3_ws/install/nav2_behavior_tree/lib/libnav2_rate_controller_bt_node.so
[0.789s] -- Up-to-date: /home/khanh247/software_simulation/turtlebot3_ws/install/nav2_behavior_tree/lib/libnav2_distance_controller_bt_node.so
[0.790s] -- Up-to-date: /home/khanh247/software_simulation/turtlebot3_ws/install/nav2_behavior_tree/lib/libnav2_speed_controller_bt_node.so
[0.790s] -- Up-to-date: /home/khanh247/software_simulation/turtlebot3_ws/install/nav2_behavior_tree/lib/libnav2_truncate_path_action_bt_node.so
[0.790s] -- Up-to-date: /home/khanh247/software_simulation/turtlebot3_ws/install/nav2_behavior_tree/lib/libnav2_truncate_path_local_action_bt_node.so
[0.790s] -- Up-to-date: /home/khanh247/software_simulation/turtlebot3_ws/install/nav2_behavior_tree/lib/libnav2_goal_updater_node_bt_node.so
[0.790s] -- Up-to-date: /home/khanh247/software_simulation/turtlebot3_ws/install/nav2_behavior_tree/lib/libnav2_path_longer_on_approach_bt_node.so
[0.791s] -- Up-to-date: /home/khanh247/software_simulation/turtlebot3_ws/install/nav2_behavior_tree/lib/libnav2_recovery_node_bt_node.so
[0.791s] -- Up-to-date: /home/khanh247/software_simulation/turtlebot3_ws/install/nav2_behavior_tree/lib/libnav2_navigate_to_pose_action_bt_node.so
[0.791s] -- Up-to-date: /home/khanh247/software_simulation/turtlebot3_ws/install/nav2_behavior_tree/lib/libnav2_navigate_through_poses_action_bt_node.so
[0.791s] -- Up-to-date: /home/khanh247/software_simulation/turtlebot3_ws/install/nav2_behavior_tree/lib/libnav2_remove_passed_goals_action_bt_node.so
[0.791s] -- Up-to-date: /home/khanh247/software_simulation/turtlebot3_ws/install/nav2_behavior_tree/lib/libnav2_get_pose_from_path_action_bt_node.so
[0.792s] -- Up-to-date: /home/khanh247/software_simulation/turtlebot3_ws/install/nav2_behavior_tree/lib/libnav2_pipeline_sequence_bt_node.so
[0.792s] -- Up-to-date: /home/khanh247/software_simulation/turtlebot3_ws/install/nav2_behavior_tree/lib/libnav2_round_robin_node_bt_node.so
[0.792s] -- Up-to-date: /home/khanh247/software_simulation/turtlebot3_ws/install/nav2_behavior_tree/lib/libnav2_single_trigger_bt_node.so
[0.792s] -- Up-to-date: /home/khanh247/software_simulation/turtlebot3_ws/install/nav2_behavior_tree/lib/libnav2_planner_selector_bt_node.so
[0.792s] -- Up-to-date: /home/khanh247/software_simulation/turtlebot3_ws/install/nav2_behavior_tree/lib/libnav2_controller_selector_bt_node.so
[0.793s] -- Up-to-date: /home/khanh247/software_simulation/turtlebot3_ws/install/nav2_behavior_tree/lib/libnav2_smoother_selector_bt_node.so
[0.793s] -- Up-to-date: /home/khanh247/software_simulation/turtlebot3_ws/install/nav2_behavior_tree/lib/libnav2_goal_checker_selector_bt_node.so
[0.793s] -- Up-to-date: /home/khanh247/software_simulation/turtlebot3_ws/install/nav2_behavior_tree/lib/libnav2_progress_checker_selector_bt_node.so
[0.793s] -- Up-to-date: /home/khanh247/software_simulation/turtlebot3_ws/install/nav2_behavior_tree/lib/libnav2_goal_updated_controller_bt_node.so
[0.793s] -- Up-to-date: /home/khanh247/software_simulation/turtlebot3_ws/install/nav2_behavior_tree/include/
[0.794s] -- Up-to-date: /home/khanh247/software_simulation/turtlebot3_ws/install/nav2_behavior_tree/include//nav2_behavior_tree
[0.794s] -- Up-to-date: /home/khanh247/software_simulation/turtlebot3_ws/install/nav2_behavior_tree/include//nav2_behavior_tree/bt_service_node.hpp
[0.794s] -- Up-to-date: /home/khanh247/software_simulation/turtlebot3_ws/install/nav2_behavior_tree/include//nav2_behavior_tree/bt_action_server.hpp
[0.794s] -- Up-to-date: /home/khanh247/software_simulation/turtlebot3_ws/install/nav2_behavior_tree/include//nav2_behavior_tree/plugins
[0.794s] -- Up-to-date: /home/khanh247/software_simulation/turtlebot3_ws/install/nav2_behavior_tree/include//nav2_behavior_tree/plugins/control
[0.794s] -- Up-to-date: /home/khanh247/software_simulation/turtlebot3_ws/install/nav2_behavior_tree/include//nav2_behavior_tree/plugins/control/pipeline_sequence.hpp
[0.794s] -- Up-to-date: /home/khanh247/software_simulation/turtlebot3_ws/install/nav2_behavior_tree/include//nav2_behavior_tree/plugins/control/recovery_node.hpp
[0.794s] -- Up-to-date: /home/khanh247/software_simulation/turtlebot3_ws/install/nav2_behavior_tree/include//nav2_behavior_tree/plugins/control/round_robin_node.hpp
[0.795s] -- Up-to-date: /home/khanh247/software_simulation/turtlebot3_ws/install/nav2_behavior_tree/include//nav2_behavior_tree/plugins/condition
[0.795s] -- Up-to-date: /home/khanh247/software_simulation/turtlebot3_ws/install/nav2_behavior_tree/include//nav2_behavior_tree/plugins/condition/globally_updated_goal_condition.hpp
[0.795s] -- Up-to-date: /home/khanh247/software_simulation/turtlebot3_ws/install/nav2_behavior_tree/include//nav2_behavior_tree/plugins/condition/time_expired_condition.hpp
[0.795s] -- Up-to-date: /home/khanh247/software_simulation/turtlebot3_ws/install/nav2_behavior_tree/include//nav2_behavior_tree/plugins/condition/transform_available_condition.hpp
[0.795s] -- Up-to-date: /home/khanh247/software_simulation/turtlebot3_ws/install/nav2_behavior_tree/include//nav2_behavior_tree/plugins/condition/initial_pose_received_condition.hpp
[0.795s] -- Up-to-date: /home/khanh247/software_simulation/turtlebot3_ws/install/nav2_behavior_tree/include//nav2_behavior_tree/plugins/condition/goal_reached_condition.hpp
[0.795s] -- Up-to-date: /home/khanh247/software_simulation/turtlebot3_ws/install/nav2_behavior_tree/include//nav2_behavior_tree/plugins/condition/is_path_valid_condition.hpp
[0.795s] -- Up-to-date: /home/khanh247/software_simulation/turtlebot3_ws/install/nav2_behavior_tree/include//nav2_behavior_tree/plugins/condition/distance_traveled_condition.hpp
[0.795s] -- Up-to-date: /home/khanh247/software_simulation/turtlebot3_ws/install/nav2_behavior_tree/include//nav2_behavior_tree/plugins/condition/path_expiring_timer_condition.hpp
[0.796s] -- Up-to-date: /home/khanh247/software_simulation/turtlebot3_ws/install/nav2_behavior_tree/include//nav2_behavior_tree/plugins/condition/is_battery_low_condition.hpp
[0.796s] -- Up-to-date: /home/khanh247/software_simulation/turtlebot3_ws/install/nav2_behavior_tree/include//nav2_behavior_tree/plugins/condition/is_stuck_condition.hpp
[0.796s] -- Up-to-date: /home/khanh247/software_simulation/turtlebot3_ws/install/nav2_behavior_tree/include//nav2_behavior_tree/plugins/condition/goal_updated_condition.hpp
[0.796s] -- Up-to-date: /home/khanh247/software_simulation/turtlebot3_ws/install/nav2_behavior_tree/include//nav2_behavior_tree/plugins/condition/is_battery_charging_condition.hpp
[0.796s] -- Up-to-date: /home/khanh247/software_simulation/turtlebot3_ws/install/nav2_behavior_tree/include//nav2_behavior_tree/plugins/decorator
[0.796s] -- Up-to-date: /home/khanh247/software_simulation/turtlebot3_ws/install/nav2_behavior_tree/include//nav2_behavior_tree/plugins/decorator/distance_controller.hpp
[0.796s] -- Up-to-date: /home/khanh247/software_simulation/turtlebot3_ws/install/nav2_behavior_tree/include//nav2_behavior_tree/plugins/decorator/goal_updater_node.hpp
[0.796s] -- Up-to-date: /home/khanh247/software_simulation/turtlebot3_ws/install/nav2_behavior_tree/include//nav2_behavior_tree/plugins/decorator/single_trigger_node.hpp
[0.796s] -- Up-to-date: /home/khanh247/software_simulation/turtlebot3_ws/install/nav2_behavior_tree/include//nav2_behavior_tree/plugins/decorator/speed_controller.hpp
[0.796s] -- Up-to-date: /home/khanh247/software_simulation/turtlebot3_ws/install/nav2_behavior_tree/include//nav2_behavior_tree/plugins/decorator/path_longer_on_approach.hpp
[0.796s] -- Up-to-date: /home/khanh247/software_simulation/turtlebot3_ws/install/nav2_behavior_tree/include//nav2_behavior_tree/plugins/decorator/goal_updated_controller.hpp
[0.797s] -- Up-to-date: /home/khanh247/software_simulation/turtlebot3_ws/install/nav2_behavior_tree/include//nav2_behavior_tree/plugins/decorator/rate_controller.hpp
[0.797s] -- Up-to-date: /home/khanh247/software_simulation/turtlebot3_ws/install/nav2_behavior_tree/include//nav2_behavior_tree/plugins/action
[0.797s] -- Up-to-date: /home/khanh247/software_simulation/turtlebot3_ws/install/nav2_behavior_tree/include//nav2_behavior_tree/plugins/action/back_up_cancel_node.hpp
[0.797s] -- Up-to-date: /home/khanh247/software_simulation/turtlebot3_ws/install/nav2_behavior_tree/include//nav2_behavior_tree/plugins/action/controller_selector_node.hpp
[0.797s] -- Up-to-date: /home/khanh247/software_simulation/turtlebot3_ws/install/nav2_behavior_tree/include//nav2_behavior_tree/plugins/action/wait_cancel_node.hpp
[0.797s] -- Up-to-date: /home/khanh247/software_simulation/turtlebot3_ws/install/nav2_behavior_tree/include//nav2_behavior_tree/plugins/action/get_pose_from_path_action.hpp
[0.797s] -- Up-to-date: /home/khanh247/software_simulation/turtlebot3_ws/install/nav2_behavior_tree/include//nav2_behavior_tree/plugins/action/smoother_selector_node.hpp
[0.797s] -- Up-to-date: /home/khanh247/software_simulation/turtlebot3_ws/install/nav2_behavior_tree/include//nav2_behavior_tree/plugins/action/back_up_action.hpp
[0.797s] -- Up-to-date: /home/khanh247/software_simulation/turtlebot3_ws/install/nav2_behavior_tree/include//nav2_behavior_tree/plugins/action/compute_path_to_pose_action.hpp
[0.797s] -- Up-to-date: /home/khanh247/software_simulation/turtlebot3_ws/install/nav2_behavior_tree/include//nav2_behavior_tree/plugins/action/goal_checker_selector_node.hpp
[0.797s] -- Up-to-date: /home/khanh247/software_simulation/turtlebot3_ws/install/nav2_behavior_tree/include//nav2_behavior_tree/plugins/action/drive_on_heading_cancel_node.hpp
[0.797s] -- Up-to-date: /home/khanh247/software_simulation/turtlebot3_ws/install/nav2_behavior_tree/include//nav2_behavior_tree/plugins/action/compute_path_through_poses_action.hpp
[0.797s] -- Up-to-date: /home/khanh247/software_simulation/turtlebot3_ws/install/nav2_behavior_tree/include//nav2_behavior_tree/plugins/action/navigate_to_pose_action.hpp
[0.797s] -- Up-to-date: /home/khanh247/software_simulation/turtlebot3_ws/install/nav2_behavior_tree/include//nav2_behavior_tree/plugins/action/truncate_path_action.hpp
[0.797s] -- Up-to-date: /home/khanh247/software_simulation/turtlebot3_ws/install/nav2_behavior_tree/include//nav2_behavior_tree/plugins/action/spin_action.hpp
[0.798s] -- Up-to-date: /home/khanh247/software_simulation/turtlebot3_ws/install/nav2_behavior_tree/include//nav2_behavior_tree/plugins/action/smooth_path_action.hpp
[0.798s] -- Up-to-date: /home/khanh247/software_simulation/turtlebot3_ws/install/nav2_behavior_tree/include//nav2_behavior_tree/plugins/action/spin_cancel_node.hpp
[0.798s] -- Up-to-date: /home/khanh247/software_simulation/turtlebot3_ws/install/nav2_behavior_tree/include//nav2_behavior_tree/plugins/action/remove_passed_goals_action.hpp
[0.798s] -- Up-to-date: /home/khanh247/software_simulation/turtlebot3_ws/install/nav2_behavior_tree/include//nav2_behavior_tree/plugins/action/truncate_path_local_action.hpp
[0.798s] -- Up-to-date: /home/khanh247/software_simulation/turtlebot3_ws/install/nav2_behavior_tree/include//nav2_behavior_tree/plugins/action/follow_path_action.hpp
[0.798s] -- Up-to-date: /home/khanh247/software_simulation/turtlebot3_ws/install/nav2_behavior_tree/include//nav2_behavior_tree/plugins/action/drive_on_heading_action.hpp
[0.798s] -- Up-to-date: /home/khanh247/software_simulation/turtlebot3_ws/install/nav2_behavior_tree/include//nav2_behavior_tree/plugins/action/assisted_teleop_action.hpp
[0.798s] -- Up-to-date: /home/khanh247/software_simulation/turtlebot3_ws/install/nav2_behavior_tree/include//nav2_behavior_tree/plugins/action/reinitialize_global_localization_service.hpp
[0.798s] -- Up-to-date: /home/khanh247/software_simulation/turtlebot3_ws/install/nav2_behavior_tree/include//nav2_behavior_tree/plugins/action/assisted_teleop_cancel_node.hpp
[0.798s] -- Up-to-date: /home/khanh247/software_simulation/turtlebot3_ws/install/nav2_behavior_tree/include//nav2_behavior_tree/plugins/action/progress_checker_selector_node.hpp
[0.798s] -- Up-to-date: /home/khanh247/software_simulation/turtlebot3_ws/install/nav2_behavior_tree/include//nav2_behavior_tree/plugins/action/wait_action.hpp
[0.798s] -- Up-to-date: /home/khanh247/software_simulation/turtlebot3_ws/install/nav2_behavior_tree/include//nav2_behavior_tree/plugins/action/clear_costmap_service.hpp
[0.798s] -- Up-to-date: /home/khanh247/software_simulation/turtlebot3_ws/install/nav2_behavior_tree/include//nav2_behavior_tree/plugins/action/navigate_through_poses_action.hpp
[0.799s] -- Up-to-date: /home/khanh247/software_simulation/turtlebot3_ws/install/nav2_behavior_tree/include//nav2_behavior_tree/plugins/action/planner_selector_node.hpp
[0.799s] -- Up-to-date: /home/khanh247/software_simulation/turtlebot3_ws/install/nav2_behavior_tree/include//nav2_behavior_tree/plugins/action/controller_cancel_node.hpp
[0.799s] -- Up-to-date: /home/khanh247/software_simulation/turtlebot3_ws/install/nav2_behavior_tree/include//nav2_behavior_tree/ros_topic_logger.hpp
[0.799s] -- Up-to-date: /home/khanh247/software_simulation/turtlebot3_ws/install/nav2_behavior_tree/include//nav2_behavior_tree/bt_conversions.hpp
[0.799s] -- Up-to-date: /home/khanh247/software_simulation/turtlebot3_ws/install/nav2_behavior_tree/include//nav2_behavior_tree/bt_action_server_impl.hpp
[0.799s] -- Up-to-date: /home/khanh247/software_simulation/turtlebot3_ws/install/nav2_behavior_tree/include//nav2_behavior_tree/bt_cancel_action_node.hpp
[0.799s] -- Up-to-date: /home/khanh247/software_simulation/turtlebot3_ws/install/nav2_behavior_tree/include//nav2_behavior_tree/bt_action_node.hpp
[0.799s] -- Up-to-date: /home/khanh247/software_simulation/turtlebot3_ws/install/nav2_behavior_tree/include//nav2_behavior_tree/behavior_tree_engine.hpp
[0.799s] -- Up-to-date: /home/khanh247/software_simulation/turtlebot3_ws/install/nav2_behavior_tree/share/nav2_behavior_tree/nav2_tree_nodes.xml
[0.799s] -- Up-to-date: /home/khanh247/software_simulation/turtlebot3_ws/install/nav2_behavior_tree/share/nav2_behavior_tree/environment/library_path.sh
[0.799s] -- Up-to-date: /home/khanh247/software_simulation/turtlebot3_ws/install/nav2_behavior_tree/share/nav2_behavior_tree/environment/library_path.dsv
[0.799s] -- Up-to-date: /home/khanh247/software_simulation/turtlebot3_ws/install/nav2_behavior_tree/share/ament_index/resource_index/package_run_dependencies/nav2_behavior_tree
[0.799s] -- Up-to-date: /home/khanh247/software_simulation/turtlebot3_ws/install/nav2_behavior_tree/share/ament_index/resource_index/parent_prefix_path/nav2_behavior_tree
[0.799s] -- Up-to-date: /home/khanh247/software_simulation/turtlebot3_ws/install/nav2_behavior_tree/share/nav2_behavior_tree/environment/ament_prefix_path.sh
[0.799s] -- Up-to-date: /home/khanh247/software_simulation/turtlebot3_ws/install/nav2_behavior_tree/share/nav2_behavior_tree/environment/ament_prefix_path.dsv
[0.799s] -- Up-to-date: /home/khanh247/software_simulation/turtlebot3_ws/install/nav2_behavior_tree/share/nav2_behavior_tree/environment/path.sh
[0.799s] -- Up-to-date: /home/khanh247/software_simulation/turtlebot3_ws/install/nav2_behavior_tree/share/nav2_behavior_tree/environment/path.dsv
[0.800s] -- Up-to-date: /home/khanh247/software_simulation/turtlebot3_ws/install/nav2_behavior_tree/share/nav2_behavior_tree/local_setup.bash
[0.800s] -- Up-to-date: /home/khanh247/software_simulation/turtlebot3_ws/install/nav2_behavior_tree/share/nav2_behavior_tree/local_setup.sh
[0.800s] -- Up-to-date: /home/khanh247/software_simulation/turtlebot3_ws/install/nav2_behavior_tree/share/nav2_behavior_tree/local_setup.zsh
[0.800s] -- Up-to-date: /home/khanh247/software_simulation/turtlebot3_ws/install/nav2_behavior_tree/share/nav2_behavior_tree/local_setup.dsv
[0.800s] -- Installing: /home/khanh247/software_simulation/turtlebot3_ws/install/nav2_behavior_tree/share/nav2_behavior_tree/package.dsv
[0.800s] -- Up-to-date: /home/khanh247/software_simulation/turtlebot3_ws/install/nav2_behavior_tree/share/ament_index/resource_index/packages/nav2_behavior_tree
[0.801s] -- Up-to-date: /home/khanh247/software_simulation/turtlebot3_ws/install/nav2_behavior_tree/share/nav2_behavior_tree/cmake/ament_cmake_export_include_directories-extras.cmake
[0.801s] -- Up-to-date: /home/khanh247/software_simulation/turtlebot3_ws/install/nav2_behavior_tree/share/nav2_behavior_tree/cmake/ament_cmake_export_libraries-extras.cmake
[0.801s] -- Up-to-date: /home/khanh247/software_simulation/turtlebot3_ws/install/nav2_behavior_tree/share/nav2_behavior_tree/cmake/ament_cmake_export_dependencies-extras.cmake
[0.801s] -- Up-to-date: /home/khanh247/software_simulation/turtlebot3_ws/install/nav2_behavior_tree/share/nav2_behavior_tree/cmake/nav2_behavior_treeConfig.cmake
[0.801s] -- Up-to-date: /home/khanh247/software_simulation/turtlebot3_ws/install/nav2_behavior_tree/share/nav2_behavior_tree/cmake/nav2_behavior_treeConfig-version.cmake
[0.801s] -- Up-to-date: /home/khanh247/software_simulation/turtlebot3_ws/install/nav2_behavior_tree/share/nav2_behavior_tree/package.xml
[0.801s] Invoked command in '/home/khanh247/software_simulation/turtlebot3_ws/build/nav2_behavior_tree' returned '0': AMENT_PREFIX_PATH=/home/khanh247/software_simulation/turtlebot3_ws/install/nav2_util:/home/khanh247/software_simulation/turtlebot3_ws/install/nav2_msgs:/home/khanh247/software_simulation/turtlebot3_ws/install/nav2_common:${AMENT_PREFIX_PATH} CMAKE_PREFIX_PATH=/home/khanh247/software_simulation/turtlebot3_ws/install/nav2_util:/home/khanh247/software_simulation/turtlebot3_ws/install/nav2_msgs:/home/khanh247/software_simulation/turtlebot3_ws/install/nav2_common:/opt/ros/humble LD_LIBRARY_PATH=/home/khanh247/software_simulation/turtlebot3_ws/install/nav2_util/lib:/home/khanh247/software_simulation/turtlebot3_ws/install/nav2_msgs/lib:${LD_LIBRARY_PATH} PYTHONPATH=/home/khanh247/software_simulation/turtlebot3_ws/install/nav2_msgs/local/lib/python3.10/dist-packages:/home/khanh247/software_simulation/turtlebot3_ws/install/nav2_common/local/lib/python3.10/dist-packages:${PYTHONPATH} /usr/bin/cmake --install /home/khanh247/software_simulation/turtlebot3_ws/build/nav2_behavior_tree
