[0.017s] Invoking command in '/home/khanh247/virtual_wall_ros2/software_simulation/turtlebot3_ws/build/plu_virtual_wall': AMENT_PREFIX_PATH=/home/khanh247/virtual_wall_ros2/software_simulation/turtlebot3_ws/install/nav2_costmap_2d:/home/khanh247/virtual_wall_ros2/software_simulation/turtlebot3_ws/install/nav2_map_server:/home/khanh247/virtual_wall_ros2/software_simulation/turtlebot3_ws/install/nav2_lifecycle_manager:/home/khanh247/virtual_wall_ros2/software_simulation/turtlebot3_ws/install/nav2_util:/home/khanh247/virtual_wall_ros2/software_simulation/turtlebot3_ws/install/nav2_voxel_grid:/home/khanh247/virtual_wall_ros2/software_simulation/turtlebot3_ws/install/nav2_msgs:/home/khanh247/virtual_wall_ros2/software_simulation/turtlebot3_ws/install/nav2_common:${AMENT_PREFIX_PATH} CMAKE_PREFIX_PATH=/home/khanh247/virtual_wall_ros2/software_simulation/turtlebot3_ws/install/nav2_costmap_2d:/home/khanh247/virtual_wall_ros2/software_simulation/turtlebot3_ws/install/nav2_map_server:/home/khanh247/virtual_wall_ros2/software_simulation/turtlebot3_ws/install/nav2_lifecycle_manager:/home/khanh247/virtual_wall_ros2/software_simulation/turtlebot3_ws/install/nav2_util:/home/khanh247/virtual_wall_ros2/software_simulation/turtlebot3_ws/install/nav2_voxel_grid:/home/khanh247/virtual_wall_ros2/software_simulation/turtlebot3_ws/install/nav2_msgs:/home/khanh247/virtual_wall_ros2/software_simulation/turtlebot3_ws/install/nav2_common:/opt/ros/humble LD_LIBRARY_PATH=/home/khanh247/virtual_wall_ros2/software_simulation/turtlebot3_ws/install/nav2_costmap_2d/lib:/home/khanh247/virtual_wall_ros2/software_simulation/turtlebot3_ws/install/nav2_map_server/lib:/home/khanh247/virtual_wall_ros2/software_simulation/turtlebot3_ws/install/nav2_lifecycle_manager/lib:/home/khanh247/virtual_wall_ros2/software_simulation/turtlebot3_ws/install/nav2_util/lib:/home/khanh247/virtual_wall_ros2/software_simulation/turtlebot3_ws/install/nav2_voxel_grid/lib:/home/khanh247/virtual_wall_ros2/software_simulation/turtlebot3_ws/install/nav2_msgs/lib:${LD_LIBRARY_PATH} PYTHONPATH=/home/khanh247/virtual_wall_ros2/software_simulation/turtlebot3_ws/install/nav2_msgs/local/lib/python3.10/dist-packages:/home/khanh247/virtual_wall_ros2/software_simulation/turtlebot3_ws/install/nav2_common/local/lib/python3.10/dist-packages:${PYTHONPATH} /usr/bin/cmake --build /home/khanh247/virtual_wall_ros2/software_simulation/turtlebot3_ws/build/plu_virtual_wall -- -j16 -l16
[0.037s] -- Found ament_cmake: 1.3.9 (/opt/ros/humble/share/ament_cmake/cmake)
[0.128s] -- Found rclcpp: 16.0.9 (/opt/ros/humble/share/rclcpp/cmake)
[0.149s] -- Found rosidl_generator_c: 3.1.5 (/opt/ros/humble/share/rosidl_generator_c/cmake)
[0.151s] -- Found rosidl_adapter: 3.1.5 (/opt/ros/humble/share/rosidl_adapter/cmake)
[0.155s] -- Found rosidl_generator_cpp: 3.1.5 (/opt/ros/humble/share/rosidl_generator_cpp/cmake)
[0.163s] -- Using all available rosidl_typesupport_c: rosidl_typesupport_fastrtps_c;rosidl_typesupport_introspection_c
[0.175s] -- Using all available rosidl_typesupport_cpp: rosidl_typesupport_fastrtps_cpp;rosidl_typesupport_introspection_cpp
[0.218s] -- Found rmw_implementation_cmake: 6.1.2 (/opt/ros/humble/share/rmw_implementation_cmake/cmake)
[0.219s] -- Found rmw_fastrtps_cpp: 6.2.6 (/opt/ros/humble/share/rmw_fastrtps_cpp/cmake)
[0.304s] -- Using RMW implementation 'rmw_fastrtps_cpp' as default
[0.436s] -- Found nav2_costmap_2d: 1.1.15 (/opt/ros/humble/share/nav2_costmap_2d/cmake)
[1.163s] -- Ensuring Eigen3 include directory is part of orocos-kdl CMake target
[1.852s] [31mCMake Error at CMakeLists.txt:16 (find_package):
[1.852s]   By not providing "Findpcl_ros.cmake" in CMAKE_MODULE_PATH this project has
[1.852s]   asked CMake to find a package configuration file provided by "pcl_ros", but
[1.852s]   CMake did not find one.
[1.852s] 
[1.852s]   Could not find a package configuration file provided by "pcl_ros" with any
[1.852s]   of the following names:
[1.852s] 
[1.852s]     pcl_rosConfig.cmake
[1.852s]     pcl_ros-config.cmake
[1.852s] 
[1.852s]   Add the installation prefix of "pcl_ros" to CMAKE_PREFIX_PATH or set
[1.852s]   "pcl_ros_DIR" to a directory containing one of the above files.  If
[1.852s]   "pcl_ros" provides a separate development package or SDK, be sure it has
[1.852s]   been installed.
[1.852s] 
[1.853s] [0m
[1.853s] -- Configuring incomplete, errors occurred!
[1.853s] See also "/home/khanh247/virtual_wall_ros2/software_simulation/turtlebot3_ws/build/plu_virtual_wall/CMakeFiles/CMakeOutput.log".
[1.858s] gmake: *** [Makefile:308: cmake_check_build_system] Error 1
[1.859s] Invoked command in '/home/khanh247/virtual_wall_ros2/software_simulation/turtlebot3_ws/build/plu_virtual_wall' returned '2': AMENT_PREFIX_PATH=/home/khanh247/virtual_wall_ros2/software_simulation/turtlebot3_ws/install/nav2_costmap_2d:/home/khanh247/virtual_wall_ros2/software_simulation/turtlebot3_ws/install/nav2_map_server:/home/khanh247/virtual_wall_ros2/software_simulation/turtlebot3_ws/install/nav2_lifecycle_manager:/home/khanh247/virtual_wall_ros2/software_simulation/turtlebot3_ws/install/nav2_util:/home/khanh247/virtual_wall_ros2/software_simulation/turtlebot3_ws/install/nav2_voxel_grid:/home/khanh247/virtual_wall_ros2/software_simulation/turtlebot3_ws/install/nav2_msgs:/home/khanh247/virtual_wall_ros2/software_simulation/turtlebot3_ws/install/nav2_common:${AMENT_PREFIX_PATH} CMAKE_PREFIX_PATH=/home/khanh247/virtual_wall_ros2/software_simulation/turtlebot3_ws/install/nav2_costmap_2d:/home/khanh247/virtual_wall_ros2/software_simulation/turtlebot3_ws/install/nav2_map_server:/home/khanh247/virtual_wall_ros2/software_simulation/turtlebot3_ws/install/nav2_lifecycle_manager:/home/khanh247/virtual_wall_ros2/software_simulation/turtlebot3_ws/install/nav2_util:/home/khanh247/virtual_wall_ros2/software_simulation/turtlebot3_ws/install/nav2_voxel_grid:/home/khanh247/virtual_wall_ros2/software_simulation/turtlebot3_ws/install/nav2_msgs:/home/khanh247/virtual_wall_ros2/software_simulation/turtlebot3_ws/install/nav2_common:/opt/ros/humble LD_LIBRARY_PATH=/home/khanh247/virtual_wall_ros2/software_simulation/turtlebot3_ws/install/nav2_costmap_2d/lib:/home/khanh247/virtual_wall_ros2/software_simulation/turtlebot3_ws/install/nav2_map_server/lib:/home/khanh247/virtual_wall_ros2/software_simulation/turtlebot3_ws/install/nav2_lifecycle_manager/lib:/home/khanh247/virtual_wall_ros2/software_simulation/turtlebot3_ws/install/nav2_util/lib:/home/khanh247/virtual_wall_ros2/software_simulation/turtlebot3_ws/install/nav2_voxel_grid/lib:/home/khanh247/virtual_wall_ros2/software_simulation/turtlebot3_ws/install/nav2_msgs/lib:${LD_LIBRARY_PATH} PYTHONPATH=/home/khanh247/virtual_wall_ros2/software_simulation/turtlebot3_ws/install/nav2_msgs/local/lib/python3.10/dist-packages:/home/khanh247/virtual_wall_ros2/software_simulation/turtlebot3_ws/install/nav2_common/local/lib/python3.10/dist-packages:${PYTHONPATH} /usr/bin/cmake --build /home/khanh247/virtual_wall_ros2/software_simulation/turtlebot3_ws/build/plu_virtual_wall -- -j16 -l16
