[0.063s] Invoking command in '/home/khanh247/software_simulation/turtlebot3_ws/build/nav2_common': CMAKE_PREFIX_PATH=${CMAKE_PREFIX_PATH}:/home/khanh247/software_simulation/turtlebot3_ws/install/turtlebot3_teleop:/home/khanh247/software_simulation/turtlebot3_ws/install/turtlebot3_example:/home/khanh247/software_simulation/turtlebot3_ws/install/nav2_simple_commander:/opt/ros/humble /usr/bin/cmake --build /home/khanh247/software_simulation/turtlebot3_ws/build/nav2_common -- -j16 -l16
[0.421s] Built target ament_cmake_python_copy_nav2_common
[0.469s] running egg_info
[0.493s] writing nav2_common.egg-info/PKG-INFO
[0.493s] writing dependency_links to nav2_common.egg-info/dependency_links.txt
[0.493s] writing top-level names to nav2_common.egg-info/top_level.txt
[0.559s] reading manifest file 'nav2_common.egg-info/SOURCES.txt'
[0.559s] writing manifest file 'nav2_common.egg-info/SOURCES.txt'
[0.607s] Built target ament_cmake_python_build_nav2_common_egg
[0.636s] Invoked command in '/home/khanh247/software_simulation/turtlebot3_ws/build/nav2_common' returned '0': CMAKE_PREFIX_PATH=${CMAKE_PREFIX_PATH}:/home/khanh247/software_simulation/turtlebot3_ws/install/turtlebot3_teleop:/home/khanh247/software_simulation/turtlebot3_ws/install/turtlebot3_example:/home/khanh247/software_simulation/turtlebot3_ws/install/nav2_simple_commander:/opt/ros/humble /usr/bin/cmake --build /home/khanh247/software_simulation/turtlebot3_ws/build/nav2_common -- -j16 -l16
[0.677s] Invoking command in '/home/khanh247/software_simulation/turtlebot3_ws/build/nav2_common': CMAKE_PREFIX_PATH=${CMAKE_PREFIX_PATH}:/home/khanh247/software_simulation/turtlebot3_ws/install/turtlebot3_teleop:/home/khanh247/software_simulation/turtlebot3_ws/install/turtlebot3_example:/home/khanh247/software_simulation/turtlebot3_ws/install/nav2_simple_commander:/opt/ros/humble /usr/bin/cmake --install /home/khanh247/software_simulation/turtlebot3_ws/build/nav2_common
[0.688s] -- Install configuration: ""
[0.688s] -- Up-to-date: /home/khanh247/software_simulation/turtlebot3_ws/install/nav2_common/share/nav2_common/environment/pythonpath.sh
[0.689s] -- Up-to-date: /home/khanh247/software_simulation/turtlebot3_ws/install/nav2_common/share/nav2_common/environment/pythonpath.dsv
[0.689s] -- Up-to-date: /home/khanh247/software_simulation/turtlebot3_ws/install/nav2_common/local/lib/python3.10/dist-packages/nav2_common-1.1.15-py3.10.egg-info
[0.689s] -- Installing: /home/khanh247/software_simulation/turtlebot3_ws/install/nav2_common/local/lib/python3.10/dist-packages/nav2_common-1.1.15-py3.10.egg-info/SOURCES.txt
[0.689s] -- Installing: /home/khanh247/software_simulation/turtlebot3_ws/install/nav2_common/local/lib/python3.10/dist-packages/nav2_common-1.1.15-py3.10.egg-info/top_level.txt
[0.689s] -- Installing: /home/khanh247/software_simulation/turtlebot3_ws/install/nav2_common/local/lib/python3.10/dist-packages/nav2_common-1.1.15-py3.10.egg-info/dependency_links.txt
[0.689s] -- Installing: /home/khanh247/software_simulation/turtlebot3_ws/install/nav2_common/local/lib/python3.10/dist-packages/nav2_common-1.1.15-py3.10.egg-info/PKG-INFO
[0.689s] -- Up-to-date: /home/khanh247/software_simulation/turtlebot3_ws/install/nav2_common/local/lib/python3.10/dist-packages/nav2_common
[0.689s] -- Up-to-date: /home/khanh247/software_simulation/turtlebot3_ws/install/nav2_common/local/lib/python3.10/dist-packages/nav2_common/__init__.py
[0.689s] -- Up-to-date: /home/khanh247/software_simulation/turtlebot3_ws/install/nav2_common/local/lib/python3.10/dist-packages/nav2_common/launch
[0.689s] -- Up-to-date: /home/khanh247/software_simulation/turtlebot3_ws/install/nav2_common/local/lib/python3.10/dist-packages/nav2_common/launch/rewritten_yaml.py
[0.690s] -- Up-to-date: /home/khanh247/software_simulation/turtlebot3_ws/install/nav2_common/local/lib/python3.10/dist-packages/nav2_common/launch/replace_string.py
[0.690s] -- Up-to-date: /home/khanh247/software_simulation/turtlebot3_ws/install/nav2_common/local/lib/python3.10/dist-packages/nav2_common/launch/__init__.py
[0.690s] -- Up-to-date: /home/khanh247/software_simulation/turtlebot3_ws/install/nav2_common/local/lib/python3.10/dist-packages/nav2_common/launch/has_node_params.py
[0.690s] -- Up-to-date: /home/khanh247/software_simulation/turtlebot3_ws/install/nav2_common/local/lib/python3.10/dist-packages/nav2_common/launch/parse_multirobot_pose.py
[0.723s] Listing '/home/khanh247/software_simulation/turtlebot3_ws/install/nav2_common/local/lib/python3.10/dist-packages/nav2_common'...
[0.723s] Listing '/home/khanh247/software_simulation/turtlebot3_ws/install/nav2_common/local/lib/python3.10/dist-packages/nav2_common/launch'...
[0.727s] -- Up-to-date: /home/khanh247/software_simulation/turtlebot3_ws/install/nav2_common/share/ament_index/resource_index/package_run_dependencies/nav2_common
[0.727s] -- Up-to-date: /home/khanh247/software_simulation/turtlebot3_ws/install/nav2_common/share/ament_index/resource_index/parent_prefix_path/nav2_common
[0.727s] -- Up-to-date: /home/khanh247/software_simulation/turtlebot3_ws/install/nav2_common/share/nav2_common/environment/ament_prefix_path.sh
[0.727s] -- Up-to-date: /home/khanh247/software_simulation/turtlebot3_ws/install/nav2_common/share/nav2_common/environment/ament_prefix_path.dsv
[0.727s] -- Up-to-date: /home/khanh247/software_simulation/turtlebot3_ws/install/nav2_common/share/nav2_common/environment/path.sh
[0.728s] -- Up-to-date: /home/khanh247/software_simulation/turtlebot3_ws/install/nav2_common/share/nav2_common/environment/path.dsv
[0.728s] -- Up-to-date: /home/khanh247/software_simulation/turtlebot3_ws/install/nav2_common/share/nav2_common/local_setup.bash
[0.728s] -- Up-to-date: /home/khanh247/software_simulation/turtlebot3_ws/install/nav2_common/share/nav2_common/local_setup.sh
[0.728s] -- Up-to-date: /home/khanh247/software_simulation/turtlebot3_ws/install/nav2_common/share/nav2_common/local_setup.zsh
[0.728s] -- Up-to-date: /home/khanh247/software_simulation/turtlebot3_ws/install/nav2_common/share/nav2_common/local_setup.dsv
[0.728s] -- Installing: /home/khanh247/software_simulation/turtlebot3_ws/install/nav2_common/share/nav2_common/package.dsv
[0.728s] -- Up-to-date: /home/khanh247/software_simulation/turtlebot3_ws/install/nav2_common/share/ament_index/resource_index/packages/nav2_common
[0.728s] -- Up-to-date: /home/khanh247/software_simulation/turtlebot3_ws/install/nav2_common/share/nav2_common/cmake/nav2_common-extras.cmake
[0.728s] -- Up-to-date: /home/khanh247/software_simulation/turtlebot3_ws/install/nav2_common/share/nav2_common/cmake/nav2_commonConfig.cmake
[0.729s] -- Up-to-date: /home/khanh247/software_simulation/turtlebot3_ws/install/nav2_common/share/nav2_common/cmake/nav2_commonConfig-version.cmake
[0.729s] -- Up-to-date: /home/khanh247/software_simulation/turtlebot3_ws/install/nav2_common/share/nav2_common/package.xml
[0.730s] -- Up-to-date: /home/khanh247/software_simulation/turtlebot3_ws/install/nav2_common/share/nav2_common/cmake
[0.730s] -- Up-to-date: /home/khanh247/software_simulation/turtlebot3_ws/install/nav2_common/share/nav2_common/cmake/nav2_package.cmake
[0.730s] Invoked command in '/home/khanh247/software_simulation/turtlebot3_ws/build/nav2_common' returned '0': CMAKE_PREFIX_PATH=${CMAKE_PREFIX_PATH}:/home/khanh247/software_simulation/turtlebot3_ws/install/turtlebot3_teleop:/home/khanh247/software_simulation/turtlebot3_ws/install/turtlebot3_example:/home/khanh247/software_simulation/turtlebot3_ws/install/nav2_simple_commander:/opt/ros/humble /usr/bin/cmake --install /home/khanh247/software_simulation/turtlebot3_ws/build/nav2_common
