[0.024s] Invoking command in '/home/khanh247/virtual_wall_ros2/software_simulation/turtlebot3_ws/src/build/nav2_msgs': AMENT_PREFIX_PATH=/home/khanh247/virtual_wall_ros2/software_simulation/turtlebot3_ws/src/install/nav2_common:${AMENT_PREFIX_PATH} CMAKE_PREFIX_PATH=/home/khanh247/virtual_wall_ros2/software_simulation/turtlebot3_ws/src/install/nav2_common:/home/khanh247/virtual_wall_ros2/software_simulation/turtlebot3_ws/install/tutorial_interfaces:/home/khanh247/virtual_wall_ros2/software_simulation/turtlebot3_ws/install/turtlebot3:/home/khanh247/virtual_wall_ros2/software_simulation/turtlebot3_ws/install/turtlebot3_simulations:/home/khanh247/virtual_wall_ros2/software_simulation/turtlebot3_ws/install/turtlebot3_bringup:/home/khanh247/virtual_wall_ros2/software_simulation/turtlebot3_ws/install/turtlebot3_node:/home/khanh247/virtual_wall_ros2/software_simulation/turtlebot3_ws/install/turtlebot3_navigation2:/home/khanh247/virtual_wall_ros2/software_simulation/turtlebot3_ws/install/turtlebot3_fake_node:/home/khanh247/virtual_wall_ros2/software_simulation/turtlebot3_ws/install/turtlebot3_msgs:/home/khanh247/virtual_wall_ros2/software_simulation/turtlebot3_ws/install/turtlebot3_gazebo:/home/khanh247/virtual_wall_ros2/software_simulation/turtlebot3_ws/install/turtlebot3_description:/home/khanh247/virtual_wall_ros2/software_simulation/turtlebot3_ws/install/turtlebot3_cartographer:/home/khanh247/virtual_wall_ros2/software_simulation/turtlebot3_ws/install/plu_virtual_wall:/home/khanh247/virtual_wall_ros2/software_simulation/turtlebot3_ws/install/nav2_system_tests:/home/khanh247/virtual_wall_ros2/software_simulation/turtlebot3_ws/install/nav2_bringup:/home/khanh247/virtual_wall_ros2/software_simulation/turtlebot3_ws/install/navigation2:/home/khanh247/virtual_wall_ros2/software_simulation/turtlebot3_ws/install/nav2_smoother:/home/khanh247/virtual_wall_ros2/software_simulation/turtlebot3_ws/install/nav2_graceful_controller:/home/khanh247/virtual_wall_ros2/software_simulation/turtlebot3_ws/install/nav2_dwb_controller:/home/khanh247/virtual_wall_ros2/software_simulation/turtlebot3_ws/install/nav2_controller:/home/khanh247/virtual_wall_ros2/software_simulation/turtlebot3_ws/install/dwb_plugins:/home/khanh247/virtual_wall_ros2/software_simulation/turtlebot3_ws/install/dwb_critics:/home/khanh247/virtual_wall_ros2/software_simulation/turtlebot3_ws/install/dwb_core:/home/khanh247/virtual_wall_ros2/software_simulation/turtlebot3_ws/install/nav_2d_utils:/home/khanh247/virtual_wall_ros2/software_simulation/turtlebot3_ws/install/dwb_msgs:/home/khanh247/virtual_wall_ros2/software_simulation/turtlebot3_ws/install/nav_2d_msgs:/home/khanh247/virtual_wall_ros2/software_simulation/turtlebot3_ws/install/nav2_waypoint_follower:/home/khanh247/virtual_wall_ros2/software_simulation/turtlebot3_ws/install/nav2_theta_star_planner:/home/khanh247/virtual_wall_ros2/software_simulation/turtlebot3_ws/install/nav2_smac_planner:/home/khanh247/virtual_wall_ros2/software_simulation/turtlebot3_ws/install/nav2_rotation_shim_controller:/home/khanh247/virtual_wall_ros2/software_simulation/turtlebot3_ws/install/nav2_regulated_pure_pursuit_controller:/home/khanh247/virtual_wall_ros2/software_simulation/turtlebot3_ws/install/nav2_planner:/home/khanh247/virtual_wall_ros2/software_simulation/turtlebot3_ws/install/nav2_navfn_planner:/home/khanh247/virtual_wall_ros2/software_simulation/turtlebot3_ws/install/nav2_mppi_controller:/home/khanh247/virtual_wall_ros2/software_simulation/turtlebot3_ws/install/nav2_constrained_smoother:/home/khanh247/virtual_wall_ros2/software_simulation/turtlebot3_ws/install/nav2_bt_navigator:/home/khanh247/virtual_wall_ros2/software_simulation/turtlebot3_ws/install/nav2_behaviors:/home/khanh247/virtual_wall_ros2/software_simulation/turtlebot3_ws/install/nav2_core:/home/khanh247/virtual_wall_ros2/software_simulation/turtlebot3_ws/install/nav2_collision_monitor:/home/khanh247/virtual_wall_ros2/software_simulation/turtlebot3_ws/install/costmap_queue:/home/khanh247/virtual_wall_ros2/software_simulation/turtlebot3_ws/install/nav2_costmap_2d:/home/khanh247/virtual_wall_ros2/software_simulation/turtlebot3_ws/install/nav2_voxel_grid:/home/khanh247/virtual_wall_ros2/software_simulation/turtlebot3_ws/install/nav2_velocity_smoother:/home/khanh247/virtual_wall_ros2/software_simulation/turtlebot3_ws/install/nav2_rviz_plugins:/home/khanh247/virtual_wall_ros2/software_simulation/turtlebot3_ws/install/nav2_map_server:/home/khanh247/virtual_wall_ros2/software_simulation/turtlebot3_ws/install/nav2_lifecycle_manager:/home/khanh247/virtual_wall_ros2/software_simulation/turtlebot3_ws/install/nav2_behavior_tree:/home/khanh247/virtual_wall_ros2/software_simulation/turtlebot3_ws/install/nav2_amcl:/home/khanh247/virtual_wall_ros2/software_simulation/turtlebot3_ws/install/nav2_util:/home/khanh247/virtual_wall_ros2/software_simulation/turtlebot3_ws/install/nav2_msgs:/home/khanh247/virtual_wall_ros2/software_simulation/turtlebot3_ws/install/nav2_common:/home/khanh247/virtual_wall_ros2/software_simulation/turtlebot3_ws/install/dynamixel_sdk_examples:/home/khanh247/virtual_wall_ros2/software_simulation/turtlebot3_ws/install/dynamixel_sdk_custom_interfaces:/home/khanh247/virtual_wall_ros2/software_simulation/turtlebot3_ws/install/dynamixel_sdk:/home/khanh247/virtual_wall_ros2/software_simulation/turtlebot3_ws/install/turtlebot3_teleop:/home/khanh247/virtual_wall_ros2/software_simulation/turtlebot3_ws/install/turtlebot3_example:/home/khanh247/virtual_wall_ros2/software_simulation/turtlebot3_ws/install/nav2_simple_commander:/opt/ros/humble PYTHONPATH=/home/khanh247/virtual_wall_ros2/software_simulation/turtlebot3_ws/src/install/nav2_common/local/lib/python3.10/dist-packages:${PYTHONPATH} /usr/bin/cmake /home/khanh247/virtual_wall_ros2/software_simulation/turtlebot3_ws/src/navigation2/nav2_msgs -DCMAKE_INSTALL_PREFIX=/home/khanh247/virtual_wall_ros2/software_simulation/turtlebot3_ws/src/install/nav2_msgs
[0.118s] -- The C compiler identification is GNU 11.4.0
[0.185s] -- The CXX compiler identification is GNU 11.4.0
[0.193s] -- Detecting C compiler ABI info
[0.271s] -- Detecting C compiler ABI info - done
[0.282s] -- Check for working C compiler: /usr/bin/cc - skipped
[0.282s] -- Detecting C compile features
[0.283s] -- Detecting C compile features - done
[0.286s] -- Detecting CXX compiler ABI info
[0.372s] -- Detecting CXX compiler ABI info - done
[0.378s] -- Check for working CXX compiler: /usr/bin/c++ - skipped
[0.379s] -- Detecting CXX compile features
[0.379s] -- Detecting CXX compile features - done
[0.385s] -- Found ament_cmake: 1.3.9 (/opt/ros/humble/share/ament_cmake/cmake)
[0.761s] -- Found Python3: /usr/bin/python3 (found version "3.10.12") found components: Interpreter 
[0.932s] -- Found nav2_common: 1.1.15 (/home/khanh247/virtual_wall_ros2/software_simulation/turtlebot3_ws/src/install/nav2_common/share/nav2_common/cmake)
[0.939s] -- Found builtin_interfaces: 1.2.1 (/opt/ros/humble/share/builtin_interfaces/cmake)
[1.030s] -- Found rosidl_generator_c: 3.1.5 (/opt/ros/humble/share/rosidl_generator_c/cmake)
[1.048s] -- Found rosidl_adapter: 3.1.5 (/opt/ros/humble/share/rosidl_adapter/cmake)
[1.063s] -- Found rosidl_generator_cpp: 3.1.5 (/opt/ros/humble/share/rosidl_generator_cpp/cmake)
[1.087s] -- Using all available rosidl_typesupport_c: rosidl_typesupport_fastrtps_c;rosidl_typesupport_introspection_c
[1.121s] -- Using all available rosidl_typesupport_cpp: rosidl_typesupport_fastrtps_cpp;rosidl_typesupport_introspection_cpp
[1.156s] -- Found nav_msgs: 4.2.4 (/opt/ros/humble/share/nav_msgs/cmake)
[1.425s] -- Found rosidl_default_generators: 1.2.0 (/opt/ros/humble/share/rosidl_default_generators/cmake)
[1.460s] -- Found action_msgs: 1.2.1 (/opt/ros/humble/share/action_msgs/cmake)
[1.541s] -- Setting build type to Release as none was specified.
[2.612s] -- Found ament_cmake_ros: 0.10.0 (/opt/ros/humble/share/ament_cmake_ros/cmake)
[3.682s] -- Using all available rosidl_typesupport_c: rosidl_typesupport_fastrtps_c;rosidl_typesupport_introspection_c
[4.296s] -- Using all available rosidl_typesupport_cpp: rosidl_typesupport_fastrtps_cpp;rosidl_typesupport_introspection_cpp
[4.350s] -- Found PythonInterp: /usr/bin/python3 (found suitable version "3.10.12", minimum required is "3.6") 
[4.358s] -- Found python_cmake_module: 0.10.0 (/opt/ros/humble/share/python_cmake_module/cmake)
[4.426s] -- Found PythonLibs: /usr/lib/x86_64-linux-gnu/libpython3.10.so (found suitable version "3.10.12", minimum required is "3.5") 
[4.428s] -- Using PYTHON_EXECUTABLE: /usr/bin/python3
[4.428s] -- Using PYTHON_INCLUDE_DIRS: /usr/include/python3.10
[4.429s] -- Using PYTHON_LIBRARIES: /usr/lib/x86_64-linux-gnu/libpython3.10.so
[4.490s] -- Found PythonExtra: .so  
[4.841s] -- Configuring done
[5.163s] -- Generating done
[5.179s] -- Build files have been written to: /home/khanh247/virtual_wall_ros2/software_simulation/turtlebot3_ws/src/build/nav2_msgs
[5.225s] Invoked command in '/home/khanh247/virtual_wall_ros2/software_simulation/turtlebot3_ws/src/build/nav2_msgs' returned '0': AMENT_PREFIX_PATH=/home/khanh247/virtual_wall_ros2/software_simulation/turtlebot3_ws/src/install/nav2_common:${AMENT_PREFIX_PATH} CMAKE_PREFIX_PATH=/home/khanh247/virtual_wall_ros2/software_simulation/turtlebot3_ws/src/install/nav2_common:/home/khanh247/virtual_wall_ros2/software_simulation/turtlebot3_ws/install/tutorial_interfaces:/home/khanh247/virtual_wall_ros2/software_simulation/turtlebot3_ws/install/turtlebot3:/home/khanh247/virtual_wall_ros2/software_simulation/turtlebot3_ws/install/turtlebot3_simulations:/home/khanh247/virtual_wall_ros2/software_simulation/turtlebot3_ws/install/turtlebot3_bringup:/home/khanh247/virtual_wall_ros2/software_simulation/turtlebot3_ws/install/turtlebot3_node:/home/khanh247/virtual_wall_ros2/software_simulation/turtlebot3_ws/install/turtlebot3_navigation2:/home/khanh247/virtual_wall_ros2/software_simulation/turtlebot3_ws/install/turtlebot3_fake_node:/home/khanh247/virtual_wall_ros2/software_simulation/turtlebot3_ws/install/turtlebot3_msgs:/home/khanh247/virtual_wall_ros2/software_simulation/turtlebot3_ws/install/turtlebot3_gazebo:/home/khanh247/virtual_wall_ros2/software_simulation/turtlebot3_ws/install/turtlebot3_description:/home/khanh247/virtual_wall_ros2/software_simulation/turtlebot3_ws/install/turtlebot3_cartographer:/home/khanh247/virtual_wall_ros2/software_simulation/turtlebot3_ws/install/plu_virtual_wall:/home/khanh247/virtual_wall_ros2/software_simulation/turtlebot3_ws/install/nav2_system_tests:/home/khanh247/virtual_wall_ros2/software_simulation/turtlebot3_ws/install/nav2_bringup:/home/khanh247/virtual_wall_ros2/software_simulation/turtlebot3_ws/install/navigation2:/home/khanh247/virtual_wall_ros2/software_simulation/turtlebot3_ws/install/nav2_smoother:/home/khanh247/virtual_wall_ros2/software_simulation/turtlebot3_ws/install/nav2_graceful_controller:/home/khanh247/virtual_wall_ros2/software_simulation/turtlebot3_ws/install/nav2_dwb_controller:/home/khanh247/virtual_wall_ros2/software_simulation/turtlebot3_ws/install/nav2_controller:/home/khanh247/virtual_wall_ros2/software_simulation/turtlebot3_ws/install/dwb_plugins:/home/khanh247/virtual_wall_ros2/software_simulation/turtlebot3_ws/install/dwb_critics:/home/khanh247/virtual_wall_ros2/software_simulation/turtlebot3_ws/install/dwb_core:/home/khanh247/virtual_wall_ros2/software_simulation/turtlebot3_ws/install/nav_2d_utils:/home/khanh247/virtual_wall_ros2/software_simulation/turtlebot3_ws/install/dwb_msgs:/home/khanh247/virtual_wall_ros2/software_simulation/turtlebot3_ws/install/nav_2d_msgs:/home/khanh247/virtual_wall_ros2/software_simulation/turtlebot3_ws/install/nav2_waypoint_follower:/home/khanh247/virtual_wall_ros2/software_simulation/turtlebot3_ws/install/nav2_theta_star_planner:/home/khanh247/virtual_wall_ros2/software_simulation/turtlebot3_ws/install/nav2_smac_planner:/home/khanh247/virtual_wall_ros2/software_simulation/turtlebot3_ws/install/nav2_rotation_shim_controller:/home/khanh247/virtual_wall_ros2/software_simulation/turtlebot3_ws/install/nav2_regulated_pure_pursuit_controller:/home/khanh247/virtual_wall_ros2/software_simulation/turtlebot3_ws/install/nav2_planner:/home/khanh247/virtual_wall_ros2/software_simulation/turtlebot3_ws/install/nav2_navfn_planner:/home/khanh247/virtual_wall_ros2/software_simulation/turtlebot3_ws/install/nav2_mppi_controller:/home/khanh247/virtual_wall_ros2/software_simulation/turtlebot3_ws/install/nav2_constrained_smoother:/home/khanh247/virtual_wall_ros2/software_simulation/turtlebot3_ws/install/nav2_bt_navigator:/home/khanh247/virtual_wall_ros2/software_simulation/turtlebot3_ws/install/nav2_behaviors:/home/khanh247/virtual_wall_ros2/software_simulation/turtlebot3_ws/install/nav2_core:/home/khanh247/virtual_wall_ros2/software_simulation/turtlebot3_ws/install/nav2_collision_monitor:/home/khanh247/virtual_wall_ros2/software_simulation/turtlebot3_ws/install/costmap_queue:/home/khanh247/virtual_wall_ros2/software_simulation/turtlebot3_ws/install/nav2_costmap_2d:/home/khanh247/virtual_wall_ros2/software_simulation/turtlebot3_ws/install/nav2_voxel_grid:/home/khanh247/virtual_wall_ros2/software_simulation/turtlebot3_ws/install/nav2_velocity_smoother:/home/khanh247/virtual_wall_ros2/software_simulation/turtlebot3_ws/install/nav2_rviz_plugins:/home/khanh247/virtual_wall_ros2/software_simulation/turtlebot3_ws/install/nav2_map_server:/home/khanh247/virtual_wall_ros2/software_simulation/turtlebot3_ws/install/nav2_lifecycle_manager:/home/khanh247/virtual_wall_ros2/software_simulation/turtlebot3_ws/install/nav2_behavior_tree:/home/khanh247/virtual_wall_ros2/software_simulation/turtlebot3_ws/install/nav2_amcl:/home/khanh247/virtual_wall_ros2/software_simulation/turtlebot3_ws/install/nav2_util:/home/khanh247/virtual_wall_ros2/software_simulation/turtlebot3_ws/install/nav2_msgs:/home/khanh247/virtual_wall_ros2/software_simulation/turtlebot3_ws/install/nav2_common:/home/khanh247/virtual_wall_ros2/software_simulation/turtlebot3_ws/install/dynamixel_sdk_examples:/home/khanh247/virtual_wall_ros2/software_simulation/turtlebot3_ws/install/dynamixel_sdk_custom_interfaces:/home/khanh247/virtual_wall_ros2/software_simulation/turtlebot3_ws/install/dynamixel_sdk:/home/khanh247/virtual_wall_ros2/software_simulation/turtlebot3_ws/install/turtlebot3_teleop:/home/khanh247/virtual_wall_ros2/software_simulation/turtlebot3_ws/install/turtlebot3_example:/home/khanh247/virtual_wall_ros2/software_simulation/turtlebot3_ws/install/nav2_simple_commander:/opt/ros/humble PYTHONPATH=/home/khanh247/virtual_wall_ros2/software_simulation/turtlebot3_ws/src/install/nav2_common/local/lib/python3.10/dist-packages:${PYTHONPATH} /usr/bin/cmake /home/khanh247/virtual_wall_ros2/software_simulation/turtlebot3_ws/src/navigation2/nav2_msgs -DCMAKE_INSTALL_PREFIX=/home/khanh247/virtual_wall_ros2/software_simulation/turtlebot3_ws/src/install/nav2_msgs
[5.234s] Invoking command in '/home/khanh247/virtual_wall_ros2/software_simulation/turtlebot3_ws/src/build/nav2_msgs': AMENT_PREFIX_PATH=/home/khanh247/virtual_wall_ros2/software_simulation/turtlebot3_ws/src/install/nav2_common:${AMENT_PREFIX_PATH} CMAKE_PREFIX_PATH=/home/khanh247/virtual_wall_ros2/software_simulation/turtlebot3_ws/src/install/nav2_common:/home/khanh247/virtual_wall_ros2/software_simulation/turtlebot3_ws/install/tutorial_interfaces:/home/khanh247/virtual_wall_ros2/software_simulation/turtlebot3_ws/install/turtlebot3:/home/khanh247/virtual_wall_ros2/software_simulation/turtlebot3_ws/install/turtlebot3_simulations:/home/khanh247/virtual_wall_ros2/software_simulation/turtlebot3_ws/install/turtlebot3_bringup:/home/khanh247/virtual_wall_ros2/software_simulation/turtlebot3_ws/install/turtlebot3_node:/home/khanh247/virtual_wall_ros2/software_simulation/turtlebot3_ws/install/turtlebot3_navigation2:/home/khanh247/virtual_wall_ros2/software_simulation/turtlebot3_ws/install/turtlebot3_fake_node:/home/khanh247/virtual_wall_ros2/software_simulation/turtlebot3_ws/install/turtlebot3_msgs:/home/khanh247/virtual_wall_ros2/software_simulation/turtlebot3_ws/install/turtlebot3_gazebo:/home/khanh247/virtual_wall_ros2/software_simulation/turtlebot3_ws/install/turtlebot3_description:/home/khanh247/virtual_wall_ros2/software_simulation/turtlebot3_ws/install/turtlebot3_cartographer:/home/khanh247/virtual_wall_ros2/software_simulation/turtlebot3_ws/install/plu_virtual_wall:/home/khanh247/virtual_wall_ros2/software_simulation/turtlebot3_ws/install/nav2_system_tests:/home/khanh247/virtual_wall_ros2/software_simulation/turtlebot3_ws/install/nav2_bringup:/home/khanh247/virtual_wall_ros2/software_simulation/turtlebot3_ws/install/navigation2:/home/khanh247/virtual_wall_ros2/software_simulation/turtlebot3_ws/install/nav2_smoother:/home/khanh247/virtual_wall_ros2/software_simulation/turtlebot3_ws/install/nav2_graceful_controller:/home/khanh247/virtual_wall_ros2/software_simulation/turtlebot3_ws/install/nav2_dwb_controller:/home/khanh247/virtual_wall_ros2/software_simulation/turtlebot3_ws/install/nav2_controller:/home/khanh247/virtual_wall_ros2/software_simulation/turtlebot3_ws/install/dwb_plugins:/home/khanh247/virtual_wall_ros2/software_simulation/turtlebot3_ws/install/dwb_critics:/home/khanh247/virtual_wall_ros2/software_simulation/turtlebot3_ws/install/dwb_core:/home/khanh247/virtual_wall_ros2/software_simulation/turtlebot3_ws/install/nav_2d_utils:/home/khanh247/virtual_wall_ros2/software_simulation/turtlebot3_ws/install/dwb_msgs:/home/khanh247/virtual_wall_ros2/software_simulation/turtlebot3_ws/install/nav_2d_msgs:/home/khanh247/virtual_wall_ros2/software_simulation/turtlebot3_ws/install/nav2_waypoint_follower:/home/khanh247/virtual_wall_ros2/software_simulation/turtlebot3_ws/install/nav2_theta_star_planner:/home/khanh247/virtual_wall_ros2/software_simulation/turtlebot3_ws/install/nav2_smac_planner:/home/khanh247/virtual_wall_ros2/software_simulation/turtlebot3_ws/install/nav2_rotation_shim_controller:/home/khanh247/virtual_wall_ros2/software_simulation/turtlebot3_ws/install/nav2_regulated_pure_pursuit_controller:/home/khanh247/virtual_wall_ros2/software_simulation/turtlebot3_ws/install/nav2_planner:/home/khanh247/virtual_wall_ros2/software_simulation/turtlebot3_ws/install/nav2_navfn_planner:/home/khanh247/virtual_wall_ros2/software_simulation/turtlebot3_ws/install/nav2_mppi_controller:/home/khanh247/virtual_wall_ros2/software_simulation/turtlebot3_ws/install/nav2_constrained_smoother:/home/khanh247/virtual_wall_ros2/software_simulation/turtlebot3_ws/install/nav2_bt_navigator:/home/khanh247/virtual_wall_ros2/software_simulation/turtlebot3_ws/install/nav2_behaviors:/home/khanh247/virtual_wall_ros2/software_simulation/turtlebot3_ws/install/nav2_core:/home/khanh247/virtual_wall_ros2/software_simulation/turtlebot3_ws/install/nav2_collision_monitor:/home/khanh247/virtual_wall_ros2/software_simulation/turtlebot3_ws/install/costmap_queue:/home/khanh247/virtual_wall_ros2/software_simulation/turtlebot3_ws/install/nav2_costmap_2d:/home/khanh247/virtual_wall_ros2/software_simulation/turtlebot3_ws/install/nav2_voxel_grid:/home/khanh247/virtual_wall_ros2/software_simulation/turtlebot3_ws/install/nav2_velocity_smoother:/home/khanh247/virtual_wall_ros2/software_simulation/turtlebot3_ws/install/nav2_rviz_plugins:/home/khanh247/virtual_wall_ros2/software_simulation/turtlebot3_ws/install/nav2_map_server:/home/khanh247/virtual_wall_ros2/software_simulation/turtlebot3_ws/install/nav2_lifecycle_manager:/home/khanh247/virtual_wall_ros2/software_simulation/turtlebot3_ws/install/nav2_behavior_tree:/home/khanh247/virtual_wall_ros2/software_simulation/turtlebot3_ws/install/nav2_amcl:/home/khanh247/virtual_wall_ros2/software_simulation/turtlebot3_ws/install/nav2_util:/home/khanh247/virtual_wall_ros2/software_simulation/turtlebot3_ws/install/nav2_msgs:/home/khanh247/virtual_wall_ros2/software_simulation/turtlebot3_ws/install/nav2_common:/home/khanh247/virtual_wall_ros2/software_simulation/turtlebot3_ws/install/dynamixel_sdk_examples:/home/khanh247/virtual_wall_ros2/software_simulation/turtlebot3_ws/install/dynamixel_sdk_custom_interfaces:/home/khanh247/virtual_wall_ros2/software_simulation/turtlebot3_ws/install/dynamixel_sdk:/home/khanh247/virtual_wall_ros2/software_simulation/turtlebot3_ws/install/turtlebot3_teleop:/home/khanh247/virtual_wall_ros2/software_simulation/turtlebot3_ws/install/turtlebot3_example:/home/khanh247/virtual_wall_ros2/software_simulation/turtlebot3_ws/install/nav2_simple_commander:/opt/ros/humble PYTHONPATH=/home/khanh247/virtual_wall_ros2/software_simulation/turtlebot3_ws/src/install/nav2_common/local/lib/python3.10/dist-packages:${PYTHONPATH} /usr/bin/cmake --build /home/khanh247/virtual_wall_ros2/software_simulation/turtlebot3_ws/src/build/nav2_msgs -- -j16 -l16
[5.498s] [  1%] [34m[1mGenerating C code for ROS interfaces[0m
[5.552s] [  1%] Built target ament_cmake_python_copy_nav2_msgs
[5.566s] [  1%] [34m[1mGenerating C++ code for ROS interfaces[0m
[6.277s] running egg_info
[6.279s] creating nav2_msgs.egg-info
[6.324s] writing nav2_msgs.egg-info/PKG-INFO
[6.326s] writing dependency_links to nav2_msgs.egg-info/dependency_links.txt
[6.327s] writing top-level names to nav2_msgs.egg-info/top_level.txt
[6.328s] writing manifest file 'nav2_msgs.egg-info/SOURCES.txt'
[6.410s] reading manifest file 'nav2_msgs.egg-info/SOURCES.txt'
[6.411s] writing manifest file 'nav2_msgs.egg-info/SOURCES.txt'
[6.510s] [  1%] Built target ament_cmake_python_build_nav2_msgs_egg
[14.770s] [  1%] Built target nav2_msgs__cpp
[14.829s] [  2%] [34m[1mGenerating C++ introspection for ROS interfaces[0m
[14.842s] [  3%] [34m[1mGenerating C++ type support dispatch for ROS interfaces[0m
[14.855s] [  4%] [34m[1mGenerating C++ type support for eProsima Fast-RTPS[0m
[15.675s] [  4%] [32mBuilding C object CMakeFiles/nav2_msgs__rosidl_generator_c.dir/rosidl_generator_c/nav2_msgs/msg/detail/costmap__functions.c.o[0m
[15.680s] [  4%] [32mBuilding C object CMakeFiles/nav2_msgs__rosidl_generator_c.dir/rosidl_generator_c/nav2_msgs/msg/detail/costmap_meta_data__functions.c.o[0m
[15.689s] [  5%] [32mBuilding C object CMakeFiles/nav2_msgs__rosidl_generator_c.dir/rosidl_generator_c/nav2_msgs/msg/detail/costmap_filter_info__functions.c.o[0m
[15.716s] [  6%] [32mBuilding C object CMakeFiles/nav2_msgs__rosidl_generator_c.dir/rosidl_generator_c/nav2_msgs/msg/detail/behavior_tree_status_change__functions.c.o[0m
[15.716s] [  6%] [32mBuilding C object CMakeFiles/nav2_msgs__rosidl_generator_c.dir/rosidl_generator_c/nav2_msgs/msg/detail/speed_limit__functions.c.o[0m
[15.716s] [  6%] [32mBuilding C object CMakeFiles/nav2_msgs__rosidl_generator_c.dir/rosidl_generator_c/nav2_msgs/msg/detail/voxel_grid__functions.c.o[0m
[15.741s] [  6%] [32mBuilding C object CMakeFiles/nav2_msgs__rosidl_generator_c.dir/rosidl_generator_c/nav2_msgs/msg/detail/behavior_tree_log__functions.c.o[0m
[15.885s] [  7%] [32mBuilding C object CMakeFiles/nav2_msgs__rosidl_generator_c.dir/rosidl_generator_c/nav2_msgs/msg/detail/particle__functions.c.o[0m
[15.911s] [  7%] [32mBuilding C object CMakeFiles/nav2_msgs__rosidl_generator_c.dir/rosidl_generator_c/nav2_msgs/srv/detail/get_costmap__functions.c.o[0m
[15.916s] [  8%] [32mBuilding C object CMakeFiles/nav2_msgs__rosidl_generator_c.dir/rosidl_generator_c/nav2_msgs/srv/detail/is_path_valid__functions.c.o[0m
[15.916s] [  8%] [32mBuilding C object CMakeFiles/nav2_msgs__rosidl_generator_c.dir/rosidl_generator_c/nav2_msgs/msg/detail/particle_cloud__functions.c.o[0m
[15.923s] [  8%] [32mBuilding C object CMakeFiles/nav2_msgs__rosidl_generator_c.dir/rosidl_generator_c/nav2_msgs/srv/detail/clear_costmap_except_region__functions.c.o[0m
[15.930s] [  8%] [32mBuilding C object CMakeFiles/nav2_msgs__rosidl_generator_c.dir/rosidl_generator_c/nav2_msgs/srv/detail/clear_costmap_around_robot__functions.c.o[0m
[16.021s] [  9%] [32mBuilding C object CMakeFiles/nav2_msgs__rosidl_generator_c.dir/rosidl_generator_c/nav2_msgs/srv/detail/clear_entire_costmap__functions.c.o[0m
[16.043s] [ 10%] [32mBuilding C object CMakeFiles/nav2_msgs__rosidl_generator_c.dir/rosidl_generator_c/nav2_msgs/srv/detail/load_map__functions.c.o[0m
[16.058s] [ 10%] [32mBuilding C object CMakeFiles/nav2_msgs__rosidl_generator_c.dir/rosidl_generator_c/nav2_msgs/srv/detail/manage_lifecycle_nodes__functions.c.o[0m
[16.065s] [ 10%] [32mBuilding C object CMakeFiles/nav2_msgs__rosidl_generator_c.dir/rosidl_generator_c/nav2_msgs/srv/detail/save_map__functions.c.o[0m
[16.109s] [ 10%] [32mBuilding C object CMakeFiles/nav2_msgs__rosidl_generator_c.dir/rosidl_generator_c/nav2_msgs/action/detail/compute_path_to_pose__functions.c.o[0m
[16.114s] [ 10%] [32mBuilding C object CMakeFiles/nav2_msgs__rosidl_generator_c.dir/rosidl_generator_c/nav2_msgs/action/detail/back_up__functions.c.o[0m
[16.119s] [ 10%] [32mBuilding C object CMakeFiles/nav2_msgs__rosidl_generator_c.dir/rosidl_generator_c/nav2_msgs/srv/detail/set_initial_pose__functions.c.o[0m
[16.126s] [ 11%] [32mBuilding C object CMakeFiles/nav2_msgs__rosidl_generator_c.dir/rosidl_generator_c/nav2_msgs/action/detail/assisted_teleop__functions.c.o[0m
[16.139s] [ 12%] [32mBuilding C object CMakeFiles/nav2_msgs__rosidl_generator_c.dir/rosidl_generator_c/nav2_msgs/action/detail/compute_path_through_poses__functions.c.o[0m
[16.225s] [ 12%] [32mBuilding C object CMakeFiles/nav2_msgs__rosidl_generator_c.dir/rosidl_generator_c/nav2_msgs/action/detail/drive_on_heading__functions.c.o[0m
[16.285s] [ 12%] [32mBuilding C object CMakeFiles/nav2_msgs__rosidl_generator_c.dir/rosidl_generator_c/nav2_msgs/action/detail/smooth_path__functions.c.o[0m
[16.306s] [ 13%] [32mBuilding C object CMakeFiles/nav2_msgs__rosidl_generator_c.dir/rosidl_generator_c/nav2_msgs/action/detail/follow_path__functions.c.o[0m
[16.351s] [ 13%] [32mBuilding C object CMakeFiles/nav2_msgs__rosidl_generator_c.dir/rosidl_generator_c/nav2_msgs/action/detail/navigate_to_pose__functions.c.o[0m
[16.402s] [ 13%] [32mBuilding C object CMakeFiles/nav2_msgs__rosidl_generator_c.dir/rosidl_generator_c/nav2_msgs/action/detail/wait__functions.c.o[0m
[16.429s] [ 14%] [32mBuilding C object CMakeFiles/nav2_msgs__rosidl_generator_c.dir/rosidl_generator_c/nav2_msgs/action/detail/navigate_through_poses__functions.c.o[0m
[16.444s] [ 14%] [32mBuilding C object CMakeFiles/nav2_msgs__rosidl_generator_c.dir/rosidl_generator_c/nav2_msgs/action/detail/spin__functions.c.o[0m
[16.530s] [ 15%] [32mBuilding C object CMakeFiles/nav2_msgs__rosidl_generator_c.dir/rosidl_generator_c/nav2_msgs/action/detail/dummy_behavior__functions.c.o[0m
[16.542s] [ 15%] [32mBuilding C object CMakeFiles/nav2_msgs__rosidl_generator_c.dir/rosidl_generator_c/nav2_msgs/action/detail/follow_waypoints__functions.c.o[0m
[17.935s] [ 15%] [32m[1mLinking C shared library libnav2_msgs__rosidl_generator_c.so[0m
[18.012s] [ 15%] Built target nav2_msgs__rosidl_generator_c
[18.038s] [ 16%] [34m[1mGenerating C type support for eProsima Fast-RTPS[0m
[18.080s] [ 17%] [34m[1mGenerating C introspection for ROS interfaces[0m
[18.083s] [ 18%] [34m[1mGenerating C type support dispatch for ROS interfaces[0m
[23.077s] [ 18%] [32mBuilding CXX object CMakeFiles/nav2_msgs__rosidl_typesupport_cpp.dir/rosidl_typesupport_cpp/nav2_msgs/msg/voxel_grid__type_support.cpp.o[0m
[23.077s] [ 19%] [32mBuilding CXX object CMakeFiles/nav2_msgs__rosidl_typesupport_cpp.dir/rosidl_typesupport_cpp/nav2_msgs/msg/behavior_tree_status_change__type_support.cpp.o[0m
[23.078s] [ 19%] [32mBuilding CXX object CMakeFiles/nav2_msgs__rosidl_typesupport_cpp.dir/rosidl_typesupport_cpp/nav2_msgs/msg/costmap__type_support.cpp.o[0m
[23.080s] [ 20%] [32mBuilding CXX object CMakeFiles/nav2_msgs__rosidl_typesupport_cpp.dir/rosidl_typesupport_cpp/nav2_msgs/msg/costmap_filter_info__type_support.cpp.o[0m
[23.080s] [ 18%] [32mBuilding CXX object CMakeFiles/nav2_msgs__rosidl_typesupport_cpp.dir/rosidl_typesupport_cpp/nav2_msgs/msg/behavior_tree_log__type_support.cpp.o[0m
[23.081s] [ 21%] [32mBuilding CXX object CMakeFiles/nav2_msgs__rosidl_typesupport_cpp.dir/rosidl_typesupport_cpp/nav2_msgs/msg/particle__type_support.cpp.o[0m
[23.081s] [ 18%] [32mBuilding CXX object CMakeFiles/nav2_msgs__rosidl_typesupport_cpp.dir/rosidl_typesupport_cpp/nav2_msgs/msg/costmap_meta_data__type_support.cpp.o[0m
[23.081s] [ 18%] [32mBuilding CXX object CMakeFiles/nav2_msgs__rosidl_typesupport_cpp.dir/rosidl_typesupport_cpp/nav2_msgs/msg/speed_limit__type_support.cpp.o[0m
[23.082s] [ 21%] [32mBuilding CXX object CMakeFiles/nav2_msgs__rosidl_typesupport_cpp.dir/rosidl_typesupport_cpp/nav2_msgs/srv/is_path_valid__type_support.cpp.o[0m
[23.098s] [ 21%] [32mBuilding CXX object CMakeFiles/nav2_msgs__rosidl_typesupport_cpp.dir/rosidl_typesupport_cpp/nav2_msgs/srv/get_costmap__type_support.cpp.o[0m
[23.098s] [ 22%] [32mBuilding CXX object CMakeFiles/nav2_msgs__rosidl_typesupport_cpp.dir/rosidl_typesupport_cpp/nav2_msgs/msg/particle_cloud__type_support.cpp.o[0m
