[0.034s] Invoking command in '/home/khanh247/software_simulation/turtlebot3_ws/build/turtlebot3_gazebo': CMAKE_PREFIX_PATH=/opt/ros/humble /usr/bin/cmake --build /home/khanh247/software_simulation/turtlebot3_ws/build/turtlebot3_gazebo -- -j16 -l16
[0.275s] [ 25%] Built target obstacle1
[0.275s] [ 50%] Built target obstacle2
[0.275s] [ 75%] Built target obstacles
[0.275s] [100%] Built target turtlebot3_drive
[0.276s] Invoked command in '/home/khanh247/software_simulation/turtlebot3_ws/build/turtlebot3_gazebo' returned '0': CMAKE_PREFIX_PATH=/opt/ros/humble /usr/bin/cmake --build /home/khanh247/software_simulation/turtlebot3_ws/build/turtlebot3_gazebo -- -j16 -l16
[0.297s] Invoking command in '/home/khanh247/software_simulation/turtlebot3_ws/build/turtlebot3_gazebo': CMAKE_PREFIX_PATH=/opt/ros/humble /usr/bin/cmake --install /home/khanh247/software_simulation/turtlebot3_ws/build/turtlebot3_gazebo
[0.312s] -- Install configuration: ""
[0.312s] -- Up-to-date: /home/khanh247/software_simulation/turtlebot3_ws/install/turtlebot3_gazebo/lib/turtlebot3_gazebo/turtlebot3_drive
[0.312s] -- Up-to-date: /home/khanh247/software_simulation/turtlebot3_ws/install/turtlebot3_gazebo/share/turtlebot3_gazebo//launch
[0.313s] -- Up-to-date: /home/khanh247/software_simulation/turtlebot3_ws/install/turtlebot3_gazebo/share/turtlebot3_gazebo//launch/turtlebot3_dqn_stage2.launch.py
[0.313s] -- Up-to-date: /home/khanh247/software_simulation/turtlebot3_ws/install/turtlebot3_gazebo/share/turtlebot3_gazebo//launch/spawn_turtlebot3.launch.py
[0.313s] -- Up-to-date: /home/khanh247/software_simulation/turtlebot3_ws/install/turtlebot3_gazebo/share/turtlebot3_gazebo//launch/turtlebot3_house.launch.py
[0.313s] -- Up-to-date: /home/khanh247/software_simulation/turtlebot3_ws/install/turtlebot3_gazebo/share/turtlebot3_gazebo//launch/empty_world.launch.py
[0.313s] -- Up-to-date: /home/khanh247/software_simulation/turtlebot3_ws/install/turtlebot3_gazebo/share/turtlebot3_gazebo//launch/turtlebot3_dqn_stage3.launch.py
[0.313s] -- Up-to-date: /home/khanh247/software_simulation/turtlebot3_ws/install/turtlebot3_gazebo/share/turtlebot3_gazebo//launch/robot_state_publisher.launch.py
[0.313s] -- Up-to-date: /home/khanh247/software_simulation/turtlebot3_ws/install/turtlebot3_gazebo/share/turtlebot3_gazebo//launch/turtlebot3_dqn_stage4.launch.py
[0.313s] -- Up-to-date: /home/khanh247/software_simulation/turtlebot3_ws/install/turtlebot3_gazebo/share/turtlebot3_gazebo//launch/turtlebot3_world.launch.py
[0.313s] -- Up-to-date: /home/khanh247/software_simulation/turtlebot3_ws/install/turtlebot3_gazebo/share/turtlebot3_gazebo//launch/turtlebot3_dqn_stage1.launch.py
[0.314s] -- Up-to-date: /home/khanh247/software_simulation/turtlebot3_ws/install/turtlebot3_gazebo/share/turtlebot3_gazebo//models
[0.314s] -- Up-to-date: /home/khanh247/software_simulation/turtlebot3_ws/install/turtlebot3_gazebo/share/turtlebot3_gazebo//models/turtlebot3_waffle_pi
[0.315s] -- Up-to-date: /home/khanh247/software_simulation/turtlebot3_ws/install/turtlebot3_gazebo/share/turtlebot3_gazebo//models/turtlebot3_waffle_pi/model.sdf
[0.315s] -- Up-to-date: /home/khanh247/software_simulation/turtlebot3_ws/install/turtlebot3_gazebo/share/turtlebot3_gazebo//models/turtlebot3_waffle_pi/model.config
[0.316s] -- Up-to-date: /home/khanh247/software_simulation/turtlebot3_ws/install/turtlebot3_gazebo/share/turtlebot3_gazebo//models/turtlebot3_waffle_pi/model-1_4_.sdf
[0.316s] -- Up-to-date: /home/khanh247/software_simulation/turtlebot3_ws/install/turtlebot3_gazebo/share/turtlebot3_gazebo//models/turtlebot3_house
[0.316s] -- Up-to-date: /home/khanh247/software_simulation/turtlebot3_ws/install/turtlebot3_gazebo/share/turtlebot3_gazebo//models/turtlebot3_house/model.sdf
[0.317s] -- Up-to-date: /home/khanh247/software_simulation/turtlebot3_ws/install/turtlebot3_gazebo/share/turtlebot3_gazebo//models/turtlebot3_house/model.config
[0.317s] -- Up-to-date: /home/khanh247/software_simulation/turtlebot3_ws/install/turtlebot3_gazebo/share/turtlebot3_gazebo//models/turtlebot3_dqn_world
[0.317s] -- Up-to-date: /home/khanh247/software_simulation/turtlebot3_ws/install/turtlebot3_gazebo/share/turtlebot3_gazebo//models/turtlebot3_dqn_world/model.sdf
[0.318s] -- Up-to-date: /home/khanh247/software_simulation/turtlebot3_ws/install/turtlebot3_gazebo/share/turtlebot3_gazebo//models/turtlebot3_dqn_world/obstacles
[0.318s] -- Up-to-date: /home/khanh247/software_simulation/turtlebot3_ws/install/turtlebot3_gazebo/share/turtlebot3_gazebo//models/turtlebot3_dqn_world/obstacles/model.sdf
[0.318s] -- Up-to-date: /home/khanh247/software_simulation/turtlebot3_ws/install/turtlebot3_gazebo/share/turtlebot3_gazebo//models/turtlebot3_dqn_world/obstacles/model.config
[0.318s] -- Up-to-date: /home/khanh247/software_simulation/turtlebot3_ws/install/turtlebot3_gazebo/share/turtlebot3_gazebo//models/turtlebot3_dqn_world/obstacle1
[0.319s] -- Up-to-date: /home/khanh247/software_simulation/turtlebot3_ws/install/turtlebot3_gazebo/share/turtlebot3_gazebo//models/turtlebot3_dqn_world/obstacle1/model.sdf
[0.319s] -- Up-to-date: /home/khanh247/software_simulation/turtlebot3_ws/install/turtlebot3_gazebo/share/turtlebot3_gazebo//models/turtlebot3_dqn_world/obstacle1/model.config
[0.319s] -- Up-to-date: /home/khanh247/software_simulation/turtlebot3_ws/install/turtlebot3_gazebo/share/turtlebot3_gazebo//models/turtlebot3_dqn_world/inner_walls
[0.320s] -- Up-to-date: /home/khanh247/software_simulation/turtlebot3_ws/install/turtlebot3_gazebo/share/turtlebot3_gazebo//models/turtlebot3_dqn_world/inner_walls/model.sdf
[0.321s] -- Up-to-date: /home/khanh247/software_simulation/turtlebot3_ws/install/turtlebot3_gazebo/share/turtlebot3_gazebo//models/turtlebot3_dqn_world/inner_walls/model.config
[0.321s] -- Up-to-date: /home/khanh247/software_simulation/turtlebot3_ws/install/turtlebot3_gazebo/share/turtlebot3_gazebo//models/turtlebot3_dqn_world/model.config
[0.321s] -- Up-to-date: /home/khanh247/software_simulation/turtlebot3_ws/install/turtlebot3_gazebo/share/turtlebot3_gazebo//models/turtlebot3_dqn_world/obstacle2
[0.321s] -- Up-to-date: /home/khanh247/software_simulation/turtlebot3_ws/install/turtlebot3_gazebo/share/turtlebot3_gazebo//models/turtlebot3_dqn_world/obstacle2/model.sdf
[0.322s] -- Up-to-date: /home/khanh247/software_simulation/turtlebot3_ws/install/turtlebot3_gazebo/share/turtlebot3_gazebo//models/turtlebot3_dqn_world/obstacle2/model.config
[0.322s] -- Up-to-date: /home/khanh247/software_simulation/turtlebot3_ws/install/turtlebot3_gazebo/share/turtlebot3_gazebo//models/turtlebot3_dqn_world/obstacle_plugin
[0.322s] -- Up-to-date: /home/khanh247/software_simulation/turtlebot3_ws/install/turtlebot3_gazebo/share/turtlebot3_gazebo//models/turtlebot3_dqn_world/obstacle_plugin/obstacle2.cc
[0.322s] -- Up-to-date: /home/khanh247/software_simulation/turtlebot3_ws/install/turtlebot3_gazebo/share/turtlebot3_gazebo//models/turtlebot3_dqn_world/obstacle_plugin/obstacle1.cc
[0.322s] -- Up-to-date: /home/khanh247/software_simulation/turtlebot3_ws/install/turtlebot3_gazebo/share/turtlebot3_gazebo//models/turtlebot3_dqn_world/obstacle_plugin/CMakeLists.txt
[0.322s] -- Up-to-date: /home/khanh247/software_simulation/turtlebot3_ws/install/turtlebot3_gazebo/share/turtlebot3_gazebo//models/turtlebot3_dqn_world/obstacle_plugin/obstacles.cc
[0.322s] -- Up-to-date: /home/khanh247/software_simulation/turtlebot3_ws/install/turtlebot3_gazebo/share/turtlebot3_gazebo//models/turtlebot3_dqn_world/goal_box
[0.322s] -- Up-to-date: /home/khanh247/software_simulation/turtlebot3_ws/install/turtlebot3_gazebo/share/turtlebot3_gazebo//models/turtlebot3_dqn_world/goal_box/model.sdf
[0.322s] -- Up-to-date: /home/khanh247/software_simulation/turtlebot3_ws/install/turtlebot3_gazebo/share/turtlebot3_gazebo//models/turtlebot3_dqn_world/goal_box/model.config
[0.323s] -- Up-to-date: /home/khanh247/software_simulation/turtlebot3_ws/install/turtlebot3_gazebo/share/turtlebot3_gazebo//models/turtlebot3_waffle
[0.323s] -- Up-to-date: /home/khanh247/software_simulation/turtlebot3_ws/install/turtlebot3_gazebo/share/turtlebot3_gazebo//models/turtlebot3_waffle/model.sdf
[0.323s] -- Up-to-date: /home/khanh247/software_simulation/turtlebot3_ws/install/turtlebot3_gazebo/share/turtlebot3_gazebo//models/turtlebot3_waffle/model.config
[0.323s] -- Up-to-date: /home/khanh247/software_simulation/turtlebot3_ws/install/turtlebot3_gazebo/share/turtlebot3_gazebo//models/turtlebot3_waffle/model-1_4.sdf
[0.324s] -- Up-to-date: /home/khanh247/software_simulation/turtlebot3_ws/install/turtlebot3_gazebo/share/turtlebot3_gazebo//models/turtlebot3_world
[0.324s] -- Up-to-date: /home/khanh247/software_simulation/turtlebot3_ws/install/turtlebot3_gazebo/share/turtlebot3_gazebo//models/turtlebot3_world/model.sdf
[0.324s] -- Up-to-date: /home/khanh247/software_simulation/turtlebot3_ws/install/turtlebot3_gazebo/share/turtlebot3_gazebo//models/turtlebot3_world/model.config
[0.324s] -- Up-to-date: /home/khanh247/software_simulation/turtlebot3_ws/install/turtlebot3_gazebo/share/turtlebot3_gazebo//models/turtlebot3_world/meshes
[0.324s] -- Up-to-date: /home/khanh247/software_simulation/turtlebot3_ws/install/turtlebot3_gazebo/share/turtlebot3_gazebo//models/turtlebot3_world/meshes/hexagon.dae
[0.324s] -- Up-to-date: /home/khanh247/software_simulation/turtlebot3_ws/install/turtlebot3_gazebo/share/turtlebot3_gazebo//models/turtlebot3_world/meshes/wall.dae
[0.324s] -- Up-to-date: /home/khanh247/software_simulation/turtlebot3_ws/install/turtlebot3_gazebo/share/turtlebot3_gazebo//models/turtlebot3_world/model-1_4.sdf
[0.324s] -- Up-to-date: /home/khanh247/software_simulation/turtlebot3_ws/install/turtlebot3_gazebo/share/turtlebot3_gazebo//models/turtlebot3_common
[0.325s] -- Up-to-date: /home/khanh247/software_simulation/turtlebot3_ws/install/turtlebot3_gazebo/share/turtlebot3_gazebo//models/turtlebot3_common/model.config
[0.325s] -- Up-to-date: /home/khanh247/software_simulation/turtlebot3_ws/install/turtlebot3_gazebo/share/turtlebot3_gazebo//models/turtlebot3_common/meshes
[0.325s] -- Up-to-date: /home/khanh247/software_simulation/turtlebot3_ws/install/turtlebot3_gazebo/share/turtlebot3_gazebo//models/turtlebot3_common/meshes/lds.dae
[0.325s] -- Up-to-date: /home/khanh247/software_simulation/turtlebot3_ws/install/turtlebot3_gazebo/share/turtlebot3_gazebo//models/turtlebot3_common/meshes/tire.dae
[0.325s] -- Up-to-date: /home/khanh247/software_simulation/turtlebot3_ws/install/turtlebot3_gazebo/share/turtlebot3_gazebo//models/turtlebot3_common/meshes/r200.dae
[0.326s] -- Up-to-date: /home/khanh247/software_simulation/turtlebot3_ws/install/turtlebot3_gazebo/share/turtlebot3_gazebo//models/turtlebot3_common/meshes/waffle_base.dae
[0.326s] -- Up-to-date: /home/khanh247/software_simulation/turtlebot3_ws/install/turtlebot3_gazebo/share/turtlebot3_gazebo//models/turtlebot3_common/meshes/burger_base.dae
[0.326s] -- Up-to-date: /home/khanh247/software_simulation/turtlebot3_ws/install/turtlebot3_gazebo/share/turtlebot3_gazebo//models/turtlebot3_common/meshes/waffle_pi_base.dae
[0.326s] -- Up-to-date: /home/khanh247/software_simulation/turtlebot3_ws/install/turtlebot3_gazebo/share/turtlebot3_gazebo//models/turtlebot3_burger
[0.327s] -- Up-to-date: /home/khanh247/software_simulation/turtlebot3_ws/install/turtlebot3_gazebo/share/turtlebot3_gazebo//models/turtlebot3_burger/model.sdf
[0.327s] -- Up-to-date: /home/khanh247/software_simulation/turtlebot3_ws/install/turtlebot3_gazebo/share/turtlebot3_gazebo//models/turtlebot3_burger/model.config
[0.327s] -- Up-to-date: /home/khanh247/software_simulation/turtlebot3_ws/install/turtlebot3_gazebo/share/turtlebot3_gazebo//models/turtlebot3_burger/model-1_4.sdf
[0.327s] -- Up-to-date: /home/khanh247/software_simulation/turtlebot3_ws/install/turtlebot3_gazebo/share/turtlebot3_gazebo//rviz
[0.327s] -- Up-to-date: /home/khanh247/software_simulation/turtlebot3_ws/install/turtlebot3_gazebo/share/turtlebot3_gazebo//rviz/tb3_gazebo.rviz
[0.327s] -- Up-to-date: /home/khanh247/software_simulation/turtlebot3_ws/install/turtlebot3_gazebo/share/turtlebot3_gazebo//urdf
[0.327s] -- Up-to-date: /home/khanh247/software_simulation/turtlebot3_ws/install/turtlebot3_gazebo/share/turtlebot3_gazebo//urdf/turtlebot3_waffle_pi.urdf
[0.327s] -- Up-to-date: /home/khanh247/software_simulation/turtlebot3_ws/install/turtlebot3_gazebo/share/turtlebot3_gazebo//urdf/common_properties.urdf
[0.327s] -- Up-to-date: /home/khanh247/software_simulation/turtlebot3_ws/install/turtlebot3_gazebo/share/turtlebot3_gazebo//urdf/turtlebot3_waffle.urdf
[0.327s] -- Up-to-date: /home/khanh247/software_simulation/turtlebot3_ws/install/turtlebot3_gazebo/share/turtlebot3_gazebo//urdf/turtlebot3_burger.urdf
[0.328s] -- Up-to-date: /home/khanh247/software_simulation/turtlebot3_ws/install/turtlebot3_gazebo/share/turtlebot3_gazebo//worlds
[0.328s] -- Up-to-date: /home/khanh247/software_simulation/turtlebot3_ws/install/turtlebot3_gazebo/share/turtlebot3_gazebo//worlds/turtlebot3_dqn_stage4.world
[0.328s] -- Up-to-date: /home/khanh247/software_simulation/turtlebot3_ws/install/turtlebot3_gazebo/share/turtlebot3_gazebo//worlds/empty_world.world
[0.328s] -- Up-to-date: /home/khanh247/software_simulation/turtlebot3_ws/install/turtlebot3_gazebo/share/turtlebot3_gazebo//worlds/turtlebot3_dqn_stage1.world
[0.328s] -- Up-to-date: /home/khanh247/software_simulation/turtlebot3_ws/install/turtlebot3_gazebo/share/turtlebot3_gazebo//worlds/turtlebot3_world.world
[0.328s] -- Up-to-date: /home/khanh247/software_simulation/turtlebot3_ws/install/turtlebot3_gazebo/share/turtlebot3_gazebo//worlds/turtlebot3_dqn_stage3.world
[0.329s] -- Up-to-date: /home/khanh247/software_simulation/turtlebot3_ws/install/turtlebot3_gazebo/share/turtlebot3_gazebo//worlds/turtlebot3_dqn_stage2.world
[0.329s] -- Up-to-date: /home/khanh247/software_simulation/turtlebot3_ws/install/turtlebot3_gazebo/share/turtlebot3_gazebo//worlds/turtlebot3_house.world
[0.330s] -- Up-to-date: /home/khanh247/software_simulation/turtlebot3_ws/install/turtlebot3_gazebo/include/
[0.331s] -- Up-to-date: /home/khanh247/software_simulation/turtlebot3_ws/install/turtlebot3_gazebo/include//turtlebot3_gazebo
[0.332s] -- Up-to-date: /home/khanh247/software_simulation/turtlebot3_ws/install/turtlebot3_gazebo/include//turtlebot3_gazebo/turtlebot3_drive.hpp
[0.332s] -- Up-to-date: /home/khanh247/software_simulation/turtlebot3_ws/install/turtlebot3_gazebo/share/ament_index/resource_index/package_run_dependencies/turtlebot3_gazebo
[0.332s] -- Up-to-date: /home/khanh247/software_simulation/turtlebot3_ws/install/turtlebot3_gazebo/share/ament_index/resource_index/parent_prefix_path/turtlebot3_gazebo
[0.332s] -- Up-to-date: /home/khanh247/software_simulation/turtlebot3_ws/install/turtlebot3_gazebo/share/turtlebot3_gazebo/environment/ament_prefix_path.sh
[0.336s] -- Up-to-date: /home/khanh247/software_simulation/turtlebot3_ws/install/turtlebot3_gazebo/share/turtlebot3_gazebo/environment/ament_prefix_path.dsv
[0.336s] -- Up-to-date: /home/khanh247/software_simulation/turtlebot3_ws/install/turtlebot3_gazebo/share/turtlebot3_gazebo/environment/path.sh
[0.336s] -- Up-to-date: /home/khanh247/software_simulation/turtlebot3_ws/install/turtlebot3_gazebo/share/turtlebot3_gazebo/environment/path.dsv
[0.336s] -- Up-to-date: /home/khanh247/software_simulation/turtlebot3_ws/install/turtlebot3_gazebo/share/turtlebot3_gazebo/local_setup.bash
[0.336s] -- Up-to-date: /home/khanh247/software_simulation/turtlebot3_ws/install/turtlebot3_gazebo/share/turtlebot3_gazebo/local_setup.sh
[0.337s] -- Up-to-date: /home/khanh247/software_simulation/turtlebot3_ws/install/turtlebot3_gazebo/share/turtlebot3_gazebo/local_setup.zsh
[0.337s] -- Up-to-date: /home/khanh247/software_simulation/turtlebot3_ws/install/turtlebot3_gazebo/share/turtlebot3_gazebo/local_setup.dsv
[0.337s] -- Installing: /home/khanh247/software_simulation/turtlebot3_ws/install/turtlebot3_gazebo/share/turtlebot3_gazebo/package.dsv
[0.338s] -- Up-to-date: /home/khanh247/software_simulation/turtlebot3_ws/install/turtlebot3_gazebo/share/ament_index/resource_index/packages/turtlebot3_gazebo
[0.338s] -- Up-to-date: /home/khanh247/software_simulation/turtlebot3_ws/install/turtlebot3_gazebo/share/turtlebot3_gazebo/cmake/ament_cmake_export_include_directories-extras.cmake
[0.338s] -- Up-to-date: /home/khanh247/software_simulation/turtlebot3_ws/install/turtlebot3_gazebo/share/turtlebot3_gazebo/cmake/ament_cmake_export_dependencies-extras.cmake
[0.338s] -- Up-to-date: /home/khanh247/software_simulation/turtlebot3_ws/install/turtlebot3_gazebo/share/turtlebot3_gazebo/cmake/turtlebot3_gazeboConfig.cmake
[0.338s] -- Up-to-date: /home/khanh247/software_simulation/turtlebot3_ws/install/turtlebot3_gazebo/share/turtlebot3_gazebo/cmake/turtlebot3_gazeboConfig-version.cmake
[0.339s] -- Up-to-date: /home/khanh247/software_simulation/turtlebot3_ws/install/turtlebot3_gazebo/share/turtlebot3_gazebo/package.xml
[0.341s] Invoked command in '/home/khanh247/software_simulation/turtlebot3_ws/build/turtlebot3_gazebo' returned '0': CMAKE_PREFIX_PATH=/opt/ros/humble /usr/bin/cmake --install /home/khanh247/software_simulation/turtlebot3_ws/build/turtlebot3_gazebo
