[0.147s] Invoking command in '/home/khanh247/software_simulation/turtlebot3_ws/build/nav2_behaviors': AMENT_PREFIX_PATH=/home/khanh247/software_simulation/turtlebot3_ws/install/nav2_core:/home/khanh247/software_simulation/turtlebot3_ws/install/nav2_costmap_2d:/home/khanh247/software_simulation/turtlebot3_ws/install/nav2_map_server:/home/khanh247/software_simulation/turtlebot3_ws/install/nav2_lifecycle_manager:/home/khanh247/software_simulation/turtlebot3_ws/install/nav2_behavior_tree:/home/khanh247/software_simulation/turtlebot3_ws/install/nav2_util:/home/khanh247/software_simulation/turtlebot3_ws/install/nav2_voxel_grid:/home/khanh247/software_simulation/turtlebot3_ws/install/nav2_msgs:/home/khanh247/software_simulation/turtlebot3_ws/install/nav2_common:${AMENT_PREFIX_PATH} CMAKE_PREFIX_PATH=/home/khanh247/software_simulation/turtlebot3_ws/install/nav2_core:/home/khanh247/software_simulation/turtlebot3_ws/install/nav2_costmap_2d:/home/khanh247/software_simulation/turtlebot3_ws/install/nav2_map_server:/home/khanh247/software_simulation/turtlebot3_ws/install/nav2_lifecycle_manager:/home/khanh247/software_simulation/turtlebot3_ws/install/nav2_behavior_tree:/home/khanh247/software_simulation/turtlebot3_ws/install/nav2_util:/home/khanh247/software_simulation/turtlebot3_ws/install/nav2_voxel_grid:/home/khanh247/software_simulation/turtlebot3_ws/install/nav2_msgs:/home/khanh247/software_simulation/turtlebot3_ws/install/nav2_common:/opt/ros/humble LD_LIBRARY_PATH=/home/khanh247/software_simulation/turtlebot3_ws/install/nav2_costmap_2d/lib:/home/khanh247/software_simulation/turtlebot3_ws/install/nav2_map_server/lib:/home/khanh247/software_simulation/turtlebot3_ws/install/nav2_lifecycle_manager/lib:/home/khanh247/software_simulation/turtlebot3_ws/install/nav2_behavior_tree/lib:/home/khanh247/software_simulation/turtlebot3_ws/install/nav2_util/lib:/home/khanh247/software_simulation/turtlebot3_ws/install/nav2_voxel_grid/lib:/home/khanh247/software_simulation/turtlebot3_ws/install/nav2_msgs/lib:${LD_LIBRARY_PATH} PYTHONPATH=/home/khanh247/software_simulation/turtlebot3_ws/install/nav2_msgs/local/lib/python3.10/dist-packages:/home/khanh247/software_simulation/turtlebot3_ws/install/nav2_common/local/lib/python3.10/dist-packages:${PYTHONPATH} /usr/bin/cmake --build /home/khanh247/software_simulation/turtlebot3_ws/build/nav2_behaviors -- -j16 -l16
[0.366s] [  5%] [32m[1mLinking CXX shared library libnav2_spin_behavior.so[0m
[0.369s] [ 10%] [32m[1mLinking CXX shared library libnav2_wait_behavior.so[0m
[0.386s] [ 15%] [32m[1mLinking CXX shared library libnav2_drive_on_heading_behavior.so[0m
[0.413s] [ 20%] [32m[1mLinking CXX shared library libnav2_back_up_behavior.so[0m
[0.446s] [ 25%] [32m[1mLinking CXX shared library libbehavior_server_core.so[0m
[0.477s] [ 35%] Built target gtest_main
[0.490s] [ 45%] Built target gtest
[0.491s] [ 50%] [32m[1mLinking CXX shared library libnav2_assisted_teleop_behavior.so[0m
[0.637s] [ 55%] [32m[1mLinking CXX executable test_behaviors[0m
[4.015s] [ 60%] Built target behavior_server_core
[4.236s] [ 65%] [32m[1mLinking CXX executable behavior_server[0m
[4.827s] [ 70%] Built target nav2_wait_behavior
[5.063s] [ 75%] Built target nav2_back_up_behavior
[5.226s] [ 80%] Built target nav2_drive_on_heading_behavior
[5.795s] [ 85%] Built target nav2_spin_behavior
[6.070s] [ 90%] Built target test_behaviors
[6.100s] [ 95%] Built target behavior_server
[6.572s] [100%] Built target nav2_assisted_teleop_behavior
[6.670s] Invoked command in '/home/khanh247/software_simulation/turtlebot3_ws/build/nav2_behaviors' returned '0': AMENT_PREFIX_PATH=/home/khanh247/software_simulation/turtlebot3_ws/install/nav2_core:/home/khanh247/software_simulation/turtlebot3_ws/install/nav2_costmap_2d:/home/khanh247/software_simulation/turtlebot3_ws/install/nav2_map_server:/home/khanh247/software_simulation/turtlebot3_ws/install/nav2_lifecycle_manager:/home/khanh247/software_simulation/turtlebot3_ws/install/nav2_behavior_tree:/home/khanh247/software_simulation/turtlebot3_ws/install/nav2_util:/home/khanh247/software_simulation/turtlebot3_ws/install/nav2_voxel_grid:/home/khanh247/software_simulation/turtlebot3_ws/install/nav2_msgs:/home/khanh247/software_simulation/turtlebot3_ws/install/nav2_common:${AMENT_PREFIX_PATH} CMAKE_PREFIX_PATH=/home/khanh247/software_simulation/turtlebot3_ws/install/nav2_core:/home/khanh247/software_simulation/turtlebot3_ws/install/nav2_costmap_2d:/home/khanh247/software_simulation/turtlebot3_ws/install/nav2_map_server:/home/khanh247/software_simulation/turtlebot3_ws/install/nav2_lifecycle_manager:/home/khanh247/software_simulation/turtlebot3_ws/install/nav2_behavior_tree:/home/khanh247/software_simulation/turtlebot3_ws/install/nav2_util:/home/khanh247/software_simulation/turtlebot3_ws/install/nav2_voxel_grid:/home/khanh247/software_simulation/turtlebot3_ws/install/nav2_msgs:/home/khanh247/software_simulation/turtlebot3_ws/install/nav2_common:/opt/ros/humble LD_LIBRARY_PATH=/home/khanh247/software_simulation/turtlebot3_ws/install/nav2_costmap_2d/lib:/home/khanh247/software_simulation/turtlebot3_ws/install/nav2_map_server/lib:/home/khanh247/software_simulation/turtlebot3_ws/install/nav2_lifecycle_manager/lib:/home/khanh247/software_simulation/turtlebot3_ws/install/nav2_behavior_tree/lib:/home/khanh247/software_simulation/turtlebot3_ws/install/nav2_util/lib:/home/khanh247/software_simulation/turtlebot3_ws/install/nav2_voxel_grid/lib:/home/khanh247/software_simulation/turtlebot3_ws/install/nav2_msgs/lib:${LD_LIBRARY_PATH} PYTHONPATH=/home/khanh247/software_simulation/turtlebot3_ws/install/nav2_msgs/local/lib/python3.10/dist-packages:/home/khanh247/software_simulation/turtlebot3_ws/install/nav2_common/local/lib/python3.10/dist-packages:${PYTHONPATH} /usr/bin/cmake --build /home/khanh247/software_simulation/turtlebot3_ws/build/nav2_behaviors -- -j16 -l16
[7.614s] Invoking command in '/home/khanh247/software_simulation/turtlebot3_ws/build/nav2_behaviors': AMENT_PREFIX_PATH=/home/khanh247/software_simulation/turtlebot3_ws/install/nav2_core:/home/khanh247/software_simulation/turtlebot3_ws/install/nav2_costmap_2d:/home/khanh247/software_simulation/turtlebot3_ws/install/nav2_map_server:/home/khanh247/software_simulation/turtlebot3_ws/install/nav2_lifecycle_manager:/home/khanh247/software_simulation/turtlebot3_ws/install/nav2_behavior_tree:/home/khanh247/software_simulation/turtlebot3_ws/install/nav2_util:/home/khanh247/software_simulation/turtlebot3_ws/install/nav2_voxel_grid:/home/khanh247/software_simulation/turtlebot3_ws/install/nav2_msgs:/home/khanh247/software_simulation/turtlebot3_ws/install/nav2_common:${AMENT_PREFIX_PATH} CMAKE_PREFIX_PATH=/home/khanh247/software_simulation/turtlebot3_ws/install/nav2_core:/home/khanh247/software_simulation/turtlebot3_ws/install/nav2_costmap_2d:/home/khanh247/software_simulation/turtlebot3_ws/install/nav2_map_server:/home/khanh247/software_simulation/turtlebot3_ws/install/nav2_lifecycle_manager:/home/khanh247/software_simulation/turtlebot3_ws/install/nav2_behavior_tree:/home/khanh247/software_simulation/turtlebot3_ws/install/nav2_util:/home/khanh247/software_simulation/turtlebot3_ws/install/nav2_voxel_grid:/home/khanh247/software_simulation/turtlebot3_ws/install/nav2_msgs:/home/khanh247/software_simulation/turtlebot3_ws/install/nav2_common:/opt/ros/humble LD_LIBRARY_PATH=/home/khanh247/software_simulation/turtlebot3_ws/install/nav2_costmap_2d/lib:/home/khanh247/software_simulation/turtlebot3_ws/install/nav2_map_server/lib:/home/khanh247/software_simulation/turtlebot3_ws/install/nav2_lifecycle_manager/lib:/home/khanh247/software_simulation/turtlebot3_ws/install/nav2_behavior_tree/lib:/home/khanh247/software_simulation/turtlebot3_ws/install/nav2_util/lib:/home/khanh247/software_simulation/turtlebot3_ws/install/nav2_voxel_grid/lib:/home/khanh247/software_simulation/turtlebot3_ws/install/nav2_msgs/lib:${LD_LIBRARY_PATH} PYTHONPATH=/home/khanh247/software_simulation/turtlebot3_ws/install/nav2_msgs/local/lib/python3.10/dist-packages:/home/khanh247/software_simulation/turtlebot3_ws/install/nav2_common/local/lib/python3.10/dist-packages:${PYTHONPATH} /usr/bin/cmake --install /home/khanh247/software_simulation/turtlebot3_ws/build/nav2_behaviors
[9.318s] -- Install configuration: "Release"
[9.318s] -- Up-to-date: /home/khanh247/software_simulation/turtlebot3_ws/install/nav2_behaviors/share/nav2_behaviors/behavior_plugin.xml
[9.318s] -- Installing: /home/khanh247/software_simulation/turtlebot3_ws/install/nav2_behaviors/lib/libbehavior_server_core.so
[9.318s] -- Set runtime path of "/home/khanh247/software_simulation/turtlebot3_ws/install/nav2_behaviors/lib/libbehavior_server_core.so" to ""
[9.318s] -- Installing: /home/khanh247/software_simulation/turtlebot3_ws/install/nav2_behaviors/lib/libnav2_spin_behavior.so
[9.319s] -- Set runtime path of "/home/khanh247/software_simulation/turtlebot3_ws/install/nav2_behaviors/lib/libnav2_spin_behavior.so" to ""
[9.319s] -- Installing: /home/khanh247/software_simulation/turtlebot3_ws/install/nav2_behaviors/lib/libnav2_wait_behavior.so
[9.319s] -- Set runtime path of "/home/khanh247/software_simulation/turtlebot3_ws/install/nav2_behaviors/lib/libnav2_wait_behavior.so" to ""
[9.319s] -- Installing: /home/khanh247/software_simulation/turtlebot3_ws/install/nav2_behaviors/lib/libnav2_assisted_teleop_behavior.so
[9.319s] -- Set runtime path of "/home/khanh247/software_simulation/turtlebot3_ws/install/nav2_behaviors/lib/libnav2_assisted_teleop_behavior.so" to ""
[9.319s] -- Installing: /home/khanh247/software_simulation/turtlebot3_ws/install/nav2_behaviors/lib/libnav2_drive_on_heading_behavior.so
[9.319s] -- Set runtime path of "/home/khanh247/software_simulation/turtlebot3_ws/install/nav2_behaviors/lib/libnav2_drive_on_heading_behavior.so" to ""
[9.319s] -- Installing: /home/khanh247/software_simulation/turtlebot3_ws/install/nav2_behaviors/lib/libnav2_back_up_behavior.so
[9.319s] -- Set runtime path of "/home/khanh247/software_simulation/turtlebot3_ws/install/nav2_behaviors/lib/libnav2_back_up_behavior.so" to ""
[9.319s] -- Installing: /home/khanh247/software_simulation/turtlebot3_ws/install/nav2_behaviors/lib/nav2_behaviors/behavior_server
[9.319s] -- Set runtime path of "/home/khanh247/software_simulation/turtlebot3_ws/install/nav2_behaviors/lib/nav2_behaviors/behavior_server" to ""
[9.319s] -- Up-to-date: /home/khanh247/software_simulation/turtlebot3_ws/install/nav2_behaviors/include/
[9.324s] -- Up-to-date: /home/khanh247/software_simulation/turtlebot3_ws/install/nav2_behaviors/include//nav2_behaviors
[9.324s] -- Up-to-date: /home/khanh247/software_simulation/turtlebot3_ws/install/nav2_behaviors/include//nav2_behaviors/timed_behavior.hpp
[9.325s] -- Up-to-date: /home/khanh247/software_simulation/turtlebot3_ws/install/nav2_behaviors/include//nav2_behaviors/plugins
[9.325s] -- Up-to-date: /home/khanh247/software_simulation/turtlebot3_ws/install/nav2_behaviors/include//nav2_behaviors/plugins/spin.hpp
[9.325s] -- Up-to-date: /home/khanh247/software_simulation/turtlebot3_ws/install/nav2_behaviors/include//nav2_behaviors/plugins/back_up.hpp
[9.325s] -- Up-to-date: /home/khanh247/software_simulation/turtlebot3_ws/install/nav2_behaviors/include//nav2_behaviors/plugins/assisted_teleop.hpp
[9.325s] -- Up-to-date: /home/khanh247/software_simulation/turtlebot3_ws/install/nav2_behaviors/include//nav2_behaviors/plugins/drive_on_heading.hpp
[9.325s] -- Up-to-date: /home/khanh247/software_simulation/turtlebot3_ws/install/nav2_behaviors/include//nav2_behaviors/plugins/wait.hpp
[9.325s] -- Up-to-date: /home/khanh247/software_simulation/turtlebot3_ws/install/nav2_behaviors/include//nav2_behaviors/behavior_server.hpp
[9.325s] -- Up-to-date: /home/khanh247/software_simulation/turtlebot3_ws/install/nav2_behaviors/share/nav2_behaviors/behavior_plugin.xml
[9.325s] -- Up-to-date: /home/khanh247/software_simulation/turtlebot3_ws/install/nav2_behaviors/share/nav2_behaviors/plugins/
[9.325s] -- Up-to-date: /home/khanh247/software_simulation/turtlebot3_ws/install/nav2_behaviors/share/nav2_behaviors/plugins//spin.cpp
[9.325s] -- Up-to-date: /home/khanh247/software_simulation/turtlebot3_ws/install/nav2_behaviors/share/nav2_behaviors/plugins//drive_on_heading.cpp
[9.325s] -- Up-to-date: /home/khanh247/software_simulation/turtlebot3_ws/install/nav2_behaviors/share/nav2_behaviors/plugins//wait.cpp
[9.326s] -- Up-to-date: /home/khanh247/software_simulation/turtlebot3_ws/install/nav2_behaviors/share/nav2_behaviors/plugins//back_up.cpp
[9.326s] -- Up-to-date: /home/khanh247/software_simulation/turtlebot3_ws/install/nav2_behaviors/share/nav2_behaviors/plugins//assisted_teleop.cpp
[9.326s] -- Up-to-date: /home/khanh247/software_simulation/turtlebot3_ws/install/nav2_behaviors/share/nav2_behaviors/environment/library_path.sh
[9.326s] -- Up-to-date: /home/khanh247/software_simulation/turtlebot3_ws/install/nav2_behaviors/share/nav2_behaviors/environment/library_path.dsv
[9.326s] -- Up-to-date: /home/khanh247/software_simulation/turtlebot3_ws/install/nav2_behaviors/share/ament_index/resource_index/package_run_dependencies/nav2_behaviors
[9.326s] -- Up-to-date: /home/khanh247/software_simulation/turtlebot3_ws/install/nav2_behaviors/share/ament_index/resource_index/parent_prefix_path/nav2_behaviors
[9.326s] -- Up-to-date: /home/khanh247/software_simulation/turtlebot3_ws/install/nav2_behaviors/share/nav2_behaviors/environment/ament_prefix_path.sh
[9.326s] -- Up-to-date: /home/khanh247/software_simulation/turtlebot3_ws/install/nav2_behaviors/share/nav2_behaviors/environment/ament_prefix_path.dsv
[9.326s] -- Up-to-date: /home/khanh247/software_simulation/turtlebot3_ws/install/nav2_behaviors/share/nav2_behaviors/environment/path.sh
[9.327s] -- Up-to-date: /home/khanh247/software_simulation/turtlebot3_ws/install/nav2_behaviors/share/nav2_behaviors/environment/path.dsv
[9.327s] -- Up-to-date: /home/khanh247/software_simulation/turtlebot3_ws/install/nav2_behaviors/share/nav2_behaviors/local_setup.bash
[9.327s] -- Up-to-date: /home/khanh247/software_simulation/turtlebot3_ws/install/nav2_behaviors/share/nav2_behaviors/local_setup.sh
[9.327s] -- Up-to-date: /home/khanh247/software_simulation/turtlebot3_ws/install/nav2_behaviors/share/nav2_behaviors/local_setup.zsh
[9.328s] -- Up-to-date: /home/khanh247/software_simulation/turtlebot3_ws/install/nav2_behaviors/share/nav2_behaviors/local_setup.dsv
[9.328s] -- Installing: /home/khanh247/software_simulation/turtlebot3_ws/install/nav2_behaviors/share/nav2_behaviors/package.dsv
[9.328s] -- Up-to-date: /home/khanh247/software_simulation/turtlebot3_ws/install/nav2_behaviors/share/ament_index/resource_index/packages/nav2_behaviors
[9.328s] -- Up-to-date: /home/khanh247/software_simulation/turtlebot3_ws/install/nav2_behaviors/share/ament_index/resource_index/nav2_core__pluginlib__plugin/nav2_behaviors
[9.328s] -- Up-to-date: /home/khanh247/software_simulation/turtlebot3_ws/install/nav2_behaviors/share/ament_index/resource_index/rclcpp_components/nav2_behaviors
[9.328s] -- Up-to-date: /home/khanh247/software_simulation/turtlebot3_ws/install/nav2_behaviors/share/nav2_behaviors/cmake/ament_cmake_export_include_directories-extras.cmake
[9.328s] -- Up-to-date: /home/khanh247/software_simulation/turtlebot3_ws/install/nav2_behaviors/share/nav2_behaviors/cmake/ament_cmake_export_libraries-extras.cmake
[9.328s] -- Up-to-date: /home/khanh247/software_simulation/turtlebot3_ws/install/nav2_behaviors/share/nav2_behaviors/cmake/ament_cmake_export_dependencies-extras.cmake
[9.328s] -- Up-to-date: /home/khanh247/software_simulation/turtlebot3_ws/install/nav2_behaviors/share/nav2_behaviors/cmake/nav2_behaviorsConfig.cmake
[9.328s] -- Up-to-date: /home/khanh247/software_simulation/turtlebot3_ws/install/nav2_behaviors/share/nav2_behaviors/cmake/nav2_behaviorsConfig-version.cmake
[9.330s] -- Up-to-date: /home/khanh247/software_simulation/turtlebot3_ws/install/nav2_behaviors/share/nav2_behaviors/package.xml
[9.454s] Invoked command in '/home/khanh247/software_simulation/turtlebot3_ws/build/nav2_behaviors' returned '0': AMENT_PREFIX_PATH=/home/khanh247/software_simulation/turtlebot3_ws/install/nav2_core:/home/khanh247/software_simulation/turtlebot3_ws/install/nav2_costmap_2d:/home/khanh247/software_simulation/turtlebot3_ws/install/nav2_map_server:/home/khanh247/software_simulation/turtlebot3_ws/install/nav2_lifecycle_manager:/home/khanh247/software_simulation/turtlebot3_ws/install/nav2_behavior_tree:/home/khanh247/software_simulation/turtlebot3_ws/install/nav2_util:/home/khanh247/software_simulation/turtlebot3_ws/install/nav2_voxel_grid:/home/khanh247/software_simulation/turtlebot3_ws/install/nav2_msgs:/home/khanh247/software_simulation/turtlebot3_ws/install/nav2_common:${AMENT_PREFIX_PATH} CMAKE_PREFIX_PATH=/home/khanh247/software_simulation/turtlebot3_ws/install/nav2_core:/home/khanh247/software_simulation/turtlebot3_ws/install/nav2_costmap_2d:/home/khanh247/software_simulation/turtlebot3_ws/install/nav2_map_server:/home/khanh247/software_simulation/turtlebot3_ws/install/nav2_lifecycle_manager:/home/khanh247/software_simulation/turtlebot3_ws/install/nav2_behavior_tree:/home/khanh247/software_simulation/turtlebot3_ws/install/nav2_util:/home/khanh247/software_simulation/turtlebot3_ws/install/nav2_voxel_grid:/home/khanh247/software_simulation/turtlebot3_ws/install/nav2_msgs:/home/khanh247/software_simulation/turtlebot3_ws/install/nav2_common:/opt/ros/humble LD_LIBRARY_PATH=/home/khanh247/software_simulation/turtlebot3_ws/install/nav2_costmap_2d/lib:/home/khanh247/software_simulation/turtlebot3_ws/install/nav2_map_server/lib:/home/khanh247/software_simulation/turtlebot3_ws/install/nav2_lifecycle_manager/lib:/home/khanh247/software_simulation/turtlebot3_ws/install/nav2_behavior_tree/lib:/home/khanh247/software_simulation/turtlebot3_ws/install/nav2_util/lib:/home/khanh247/software_simulation/turtlebot3_ws/install/nav2_voxel_grid/lib:/home/khanh247/software_simulation/turtlebot3_ws/install/nav2_msgs/lib:${LD_LIBRARY_PATH} PYTHONPATH=/home/khanh247/software_simulation/turtlebot3_ws/install/nav2_msgs/local/lib/python3.10/dist-packages:/home/khanh247/software_simulation/turtlebot3_ws/install/nav2_common/local/lib/python3.10/dist-packages:${PYTHONPATH} /usr/bin/cmake --install /home/khanh247/software_simulation/turtlebot3_ws/build/nav2_behaviors
