[0.054s] Invoking command in '/home/khanh247/software_simulation/turtlebot3_ws/build/nav2_behavior_tree': CMAKE_PREFIX_PATH=/home/khanh247/software_simulation/turtlebot3_ws/install/nav2_util:/home/khanh247/software_simulation/turtlebot3_ws/install/nav2_msgs:/home/khanh247/software_simulation/turtlebot3_ws/install/nav2_common:/home/khanh247/software_simulation/turtlebot3_ws/install/virtual_wall_ros2:/home/khanh247/software_simulation/turtlebot3_ws/install/virtual_wall:/home/khanh247/software_simulation/turtlebot3_ws/install/tutorial_interfaces:/home/khanh247/software_simulation/turtlebot3_ws/install/turtlebot3:/home/khanh247/software_simulation/turtlebot3_ws/install/turtlebot3_simulations:/home/khanh247/software_simulation/turtlebot3_ws/install/turtlebot3_bringup:/home/khanh247/software_simulation/turtlebot3_ws/install/turtlebot3_node:/home/khanh247/software_simulation/turtlebot3_ws/install/turtlebot3_navigation2:/home/khanh247/software_simulation/turtlebot3_ws/install/turtlebot3_fake_node:/home/khanh247/software_simulation/turtlebot3_ws/install/turtlebot3_msgs:/home/khanh247/software_simulation/turtlebot3_ws/install/turtlebot3_gazebo:/home/khanh247/software_simulation/turtlebot3_ws/install/turtlebot3_description:/home/khanh247/software_simulation/turtlebot3_ws/install/turtlebot3_cartographer:/home/khanh247/software_simulation/turtlebot3_ws/install/plu_virtual_wall:/home/khanh247/software_simulation/turtlebot3_ws/install/nav2_system_tests:/home/khanh247/software_simulation/turtlebot3_ws/install/nav2_bringup:/home/khanh247/software_simulation/turtlebot3_ws/install/navigation2:/home/khanh247/software_simulation/turtlebot3_ws/install/nav2_smoother:/home/khanh247/software_simulation/turtlebot3_ws/install/nav2_graceful_controller:/home/khanh247/software_simulation/turtlebot3_ws/install/nav2_dwb_controller:/home/khanh247/software_simulation/turtlebot3_ws/install/nav2_controller:/home/khanh247/software_simulation/turtlebot3_ws/install/dwb_plugins:/home/khanh247/software_simulation/turtlebot3_ws/install/dwb_critics:/home/khanh247/software_simulation/turtlebot3_ws/install/dwb_core:/home/khanh247/software_simulation/turtlebot3_ws/install/nav_2d_utils:/home/khanh247/software_simulation/turtlebot3_ws/install/dwb_msgs:/home/khanh247/software_simulation/turtlebot3_ws/install/nav_2d_msgs:/home/khanh247/software_simulation/turtlebot3_ws/install/nav2_waypoint_follower:/home/khanh247/software_simulation/turtlebot3_ws/install/nav2_theta_star_planner:/home/khanh247/software_simulation/turtlebot3_ws/install/nav2_smac_planner:/home/khanh247/software_simulation/turtlebot3_ws/install/nav2_rotation_shim_controller:/home/khanh247/software_simulation/turtlebot3_ws/install/nav2_regulated_pure_pursuit_controller:/home/khanh247/software_simulation/turtlebot3_ws/install/nav2_planner:/home/khanh247/software_simulation/turtlebot3_ws/install/nav2_navfn_planner:/home/khanh247/software_simulation/turtlebot3_ws/install/nav2_mppi_controller:/home/khanh247/software_simulation/turtlebot3_ws/install/nav2_constrained_smoother:/home/khanh247/software_simulation/turtlebot3_ws/install/nav2_bt_navigator:/home/khanh247/software_simulation/turtlebot3_ws/install/nav2_behaviors:/home/khanh247/software_simulation/turtlebot3_ws/install/nav2_core:/home/khanh247/software_simulation/turtlebot3_ws/install/nav2_collision_monitor:/home/khanh247/software_simulation/turtlebot3_ws/install/costmap_queue:/home/khanh247/software_simulation/turtlebot3_ws/install/nav2_costmap_2d:/home/khanh247/software_simulation/turtlebot3_ws/install/nav2_voxel_grid:/home/khanh247/software_simulation/turtlebot3_ws/install/nav2_velocity_smoother:/home/khanh247/software_simulation/turtlebot3_ws/install/nav2_rviz_plugins:/home/khanh247/software_simulation/turtlebot3_ws/install/nav2_map_server:/home/khanh247/software_simulation/turtlebot3_ws/install/nav2_lifecycle_manager:/home/khanh247/software_simulation/turtlebot3_ws/install/nav2_behavior_tree:/home/khanh247/software_simulation/turtlebot3_ws/install/nav2_amcl:/home/khanh247/software_simulation/turtlebot3_ws/install/dynamixel_sdk_examples:/home/khanh247/software_simulation/turtlebot3_ws/install/dynamixel_sdk_custom_interfaces:/home/khanh247/software_simulation/turtlebot3_ws/install/dynamixel_sdk:/home/khanh247/software_simulation/turtlebot3_ws/install/turtlebot3_teleop:/home/khanh247/software_simulation/turtlebot3_ws/install/turtlebot3_example:/home/khanh247/software_simulation/turtlebot3_ws/install/nav2_simple_commander:/opt/ros/humble LD_LIBRARY_PATH=/home/khanh247/software_simulation/turtlebot3_ws/install/nav2_util/lib:/home/khanh247/software_simulation/turtlebot3_ws/install/nav2_msgs/lib:/home/khanh247/software_simulation/turtlebot3_ws/install/virtual_wall_ros2/lib:/home/khanh247/software_simulation/turtlebot3_ws/install/virtual_wall/lib:/home/khanh247/software_simulation/turtlebot3_ws/install/turtlebot3_msgs/lib:/home/khanh247/software_simulation/turtlebot3_ws/install/plu_virtual_wall/lib:/home/khanh247/software_simulation/turtlebot3_ws/install/nav2_smoother/lib:/home/khanh247/software_simulation/turtlebot3_ws/install/nav2_graceful_controller/lib:/home/khanh247/software_simulation/turtlebot3_ws/install/nav2_controller/lib:/home/khanh247/software_simulation/turtlebot3_ws/install/dwb_plugins/lib:/home/khanh247/software_simulation/turtlebot3_ws/install/dwb_critics/lib:/home/khanh247/software_simulation/turtlebot3_ws/install/dwb_core/lib:/home/khanh247/software_simulation/turtlebot3_ws/install/nav_2d_utils/lib:/home/khanh247/software_simulation/turtlebot3_ws/install/dwb_msgs/lib:/home/khanh247/software_simulation/turtlebot3_ws/install/nav_2d_msgs/lib:/home/khanh247/software_simulation/turtlebot3_ws/install/nav2_waypoint_follower/lib:/home/khanh247/software_simulation/turtlebot3_ws/install/nav2_theta_star_planner/lib:/home/khanh247/software_simulation/turtlebot3_ws/install/nav2_smac_planner/lib:/home/khanh247/software_simulation/turtlebot3_ws/install/nav2_rotation_shim_controller/lib:/home/khanh247/software_simulation/turtlebot3_ws/install/nav2_regulated_pure_pursuit_controller/lib:/home/khanh247/software_simulation/turtlebot3_ws/install/nav2_planner/lib:/home/khanh247/software_simulation/turtlebot3_ws/install/nav2_navfn_planner/lib:/home/khanh247/software_simulation/turtlebot3_ws/install/nav2_mppi_controller/lib:/home/khanh247/software_simulation/turtlebot3_ws/install/nav2_constrained_smoother/lib:/home/khanh247/software_simulation/turtlebot3_ws/install/nav2_bt_navigator/lib:/home/khanh247/software_simulation/turtlebot3_ws/install/nav2_behaviors/lib:/home/khanh247/software_simulation/turtlebot3_ws/install/nav2_collision_monitor/lib:/home/khanh247/software_simulation/turtlebot3_ws/install/costmap_queue/lib:/home/khanh247/software_simulation/turtlebot3_ws/install/nav2_costmap_2d/lib:/home/khanh247/software_simulation/turtlebot3_ws/install/nav2_voxel_grid/lib:/home/khanh247/software_simulation/turtlebot3_ws/install/nav2_velocity_smoother/lib:/home/khanh247/software_simulation/turtlebot3_ws/install/nav2_rviz_plugins/lib:/home/khanh247/software_simulation/turtlebot3_ws/install/nav2_map_server/lib:/home/khanh247/software_simulation/turtlebot3_ws/install/nav2_lifecycle_manager/lib:/home/khanh247/software_simulation/turtlebot3_ws/install/nav2_behavior_tree/lib:/home/khanh247/software_simulation/turtlebot3_ws/install/nav2_amcl/lib:/home/khanh247/software_simulation/turtlebot3_ws/install/dynamixel_sdk_custom_interfaces/lib:/home/khanh247/software_simulation/turtlebot3_ws/install/dynamixel_sdk/lib:/usr/lib/x86_64-linux-gnu/gazebo-11/plugins:/opt/ros/humble/opt/rviz_ogre_vendor/lib:/opt/ros/humble/lib/x86_64-linux-gnu:/opt/ros/humble/lib /usr/bin/cmake --build /home/khanh247/software_simulation/turtlebot3_ws/build/nav2_behavior_tree -- -j16 -l16
[0.179s] [  1%] Built target nav2_compute_path_to_pose_action_bt_node
[0.203s] [  2%] Built target nav2_behavior_tree
[0.209s] [  3%] Built target nav2_compute_path_through_poses_action_bt_node
[0.210s] [  4%] Built target nav2_controller_cancel_bt_node
[0.219s] [  5%] Built target nav2_wait_cancel_bt_node
[0.222s] [  6%] Built target nav2_spin_cancel_bt_node
[0.263s] [  7%] Built target nav2_back_up_cancel_bt_node
[0.274s] [  8%] Built target nav2_assisted_teleop_cancel_bt_node
[0.289s] [  9%] Built target nav2_drive_on_heading_cancel_bt_node
[0.293s] [ 10%] Built target nav2_back_up_action_bt_node
[0.293s] [  9%] Built target nav2_smooth_path_action_bt_node
[0.303s] [ 11%] Built target nav2_follow_path_action_bt_node
[0.356s] [ 12%] Built target nav2_drive_on_heading_bt_node
[0.359s] [ 13%] Built target nav2_spin_action_bt_node
[0.361s] [ 14%] Built target nav2_wait_action_bt_node
[0.368s] [ 15%] Built target nav2_clear_costmap_service_bt_node
[0.369s] [ 16%] Built target nav2_assisted_teleop_action_bt_node
[0.370s] [ 17%] Built target nav2_is_stuck_condition_bt_node
[0.372s] [ 18%] Built target nav2_transform_available_condition_bt_node
[0.451s] [ 20%] Built target nav2_goal_reached_condition_bt_node
[0.451s] [ 20%] Built target nav2_globally_updated_goal_condition_bt_node
[0.452s] [ 21%] Built target nav2_is_path_valid_condition_bt_node
[0.452s] [ 22%] Built target nav2_time_expired_condition_bt_node
[0.453s] [ 20%] Built target nav2_goal_updated_condition_bt_node
[0.454s] [ 23%] Built target nav2_distance_traveled_condition_bt_node
[0.460s] [ 24%] Built target nav2_path_expiring_timer_condition
[0.460s] [ 25%] Built target nav2_initial_pose_received_condition_bt_node
[0.463s] [ 26%] Built target nav2_is_battery_low_condition_bt_node
[0.463s] [ 27%] Built target nav2_is_battery_charging_condition_bt_node
[0.469s] [ 28%] Built target nav2_reinitialize_global_localization_service_bt_node
[0.482s] [ 29%] Built target nav2_rate_controller_bt_node
[0.521s] [ 30%] Built target nav2_truncate_path_action_bt_node
[0.522s] [ 31%] Built target nav2_truncate_path_local_action_bt_node
[0.534s] [ 32%] Built target nav2_distance_controller_bt_node
[0.534s] [ 33%] Built target nav2_speed_controller_bt_node
[0.539s] [ 34%] Built target nav2_recovery_node_bt_node
[0.545s] [ 35%] Built target nav2_path_longer_on_approach_bt_node
[0.549s] [ 36%] Built target nav2_goal_updater_node_bt_node
[0.554s] [ 37%] Built target nav2_navigate_through_poses_action_bt_node
[0.557s] [ 39%] Built target nav2_get_pose_from_path_action_bt_node
[0.557s] [ 39%] Built target nav2_remove_passed_goals_action_bt_node
[0.563s] [ 40%] Built target nav2_navigate_to_pose_action_bt_node
[0.608s] [ 42%] Built target nav2_planner_selector_bt_node
[0.608s] [ 42%] Built target nav2_round_robin_node_bt_node
[0.608s] [ 43%] Built target nav2_pipeline_sequence_bt_node
[0.613s] [ 44%] Built target nav2_controller_selector_bt_node
[0.614s] [ 45%] Built target nav2_single_trigger_bt_node
[0.618s] [ 46%] Built target nav2_smoother_selector_bt_node
[0.619s] [ 47%] Built target nav2_goal_checker_selector_bt_node
[0.626s] [ 48%] Built target nav2_progress_checker_selector_bt_node
[0.631s] [ 49%] Built target nav2_goal_updated_controller_bt_node
[0.632s] [ 50%] Built target gtest_main
[0.646s] [ 50%] Built target gtest
[0.710s] [ 51%] Built target test_bt_conversions
[0.710s] [ 51%] Built target test_condition_time_expired
[0.711s] [ 53%] Built target test_condition_globally_updated_goal
[0.711s] [ 53%] Built target test_condition_path_expiring_timer
[0.712s] [ 54%] Built target test_condition_distance_traveled
[0.712s] [ 55%] Built target test_condition_goal_reached
[0.713s] [ 56%] Built target test_condition_goal_updated
[0.717s] [ 57%] Built target test_condition_initial_pose_received
[0.720s] [ 58%] Built target test_condition_transform_available
[0.722s] [ 59%] Built target test_condition_is_stuck
[0.726s] [ 60%] Built target test_condition_is_battery_charging
[0.729s] [ 62%] Built target test_condition_is_path_valid
[0.730s] [ 62%] Built target test_condition_is_battery_low
[0.730s] [ 63%] Built target test_decorator_distance_controller
[0.776s] [ 64%] Built target test_decorator_rate_controller
[0.783s] [ 65%] Built target test_decorator_speed_controller
[0.785s] [ 66%] Built target test_single_trigger_node
[0.788s] [ 67%] Built target test_goal_updater_node
[0.789s] [ 68%] Built target test_goal_updated_controller
[0.793s] [ 69%] Built target test_control_round_robin_node
[0.794s] [ 70%] Built target test_action_back_up_action
[0.799s] [ 71%] Built target test_control_pipeline_sequence
[0.799s] [ 72%] Built target test_decorator_path_longer_on_approach
[0.799s] [ 73%] Built target test_bt_action_node
[0.800s] [ 74%] Built target test_control_recovery_node
[0.814s] [ 75%] Built target test_action_spin_action
[0.848s] [ 76%] Built target test_action_controller_cancel_action
[0.851s] [ 77%] Built target test_action_drive_on_heading
[0.851s] [ 78%] Built target test_action_wait_cancel_action
[0.853s] [ 79%] Built target test_action_assisted_teleop_action
[0.853s] [ 81%] Built target test_action_back_up_cancel_action
[0.853s] [ 81%] Built target test_action_wait_action
[0.855s] [ 82%] Built target test_action_spin_cancel_action
[0.856s] [ 83%] Built target test_action_assisted_teleop_cancel_action
[0.862s] [ 84%] Built target test_action_drive_on_heading_cancel_action
[0.862s] [ 85%] Built target test_action_clear_costmap_service
[0.863s] [ 86%] Built target test_action_reinitialize_global_localization_service
[0.876s] [ 87%] Built target test_action_compute_path_to_pose_action
[0.917s] [ 88%] Built target test_action_smooth_path_action
[0.917s] [ 89%] Built target test_action_compute_path_through_poses_action
[0.921s] [ 90%] Built target test_action_navigate_to_pose_action
[0.921s] [ 91%] Built target test_truncate_path_local_action
[0.922s] [ 92%] Built target test_action_follow_path_action
[0.922s] [ 95%] Built target test_truncate_path_action
[0.923s] [ 93%] Built target test_planner_selector_node
[0.925s] [ 93%] Built target test_remove_passed_goals_action
[0.925s] [ 94%] Built target test_action_navigate_through_poses_action
[0.928s] [ 96%] Built target test_controller_selector_node
[0.934s] [ 97%] Built target test_smoother_selector_node
[0.935s] [ 98%] Built target test_get_pose_from_path_action
[0.936s] [ 99%] Built target test_goal_checker_selector_node
[0.992s] [100%] Built target test_progress_checker_selector_node
[1.014s] Invoked command in '/home/khanh247/software_simulation/turtlebot3_ws/build/nav2_behavior_tree' returned '0': CMAKE_PREFIX_PATH=/home/khanh247/software_simulation/turtlebot3_ws/install/nav2_util:/home/khanh247/software_simulation/turtlebot3_ws/install/nav2_msgs:/home/khanh247/software_simulation/turtlebot3_ws/install/nav2_common:/home/khanh247/software_simulation/turtlebot3_ws/install/virtual_wall_ros2:/home/khanh247/software_simulation/turtlebot3_ws/install/virtual_wall:/home/khanh247/software_simulation/turtlebot3_ws/install/tutorial_interfaces:/home/khanh247/software_simulation/turtlebot3_ws/install/turtlebot3:/home/khanh247/software_simulation/turtlebot3_ws/install/turtlebot3_simulations:/home/khanh247/software_simulation/turtlebot3_ws/install/turtlebot3_bringup:/home/khanh247/software_simulation/turtlebot3_ws/install/turtlebot3_node:/home/khanh247/software_simulation/turtlebot3_ws/install/turtlebot3_navigation2:/home/khanh247/software_simulation/turtlebot3_ws/install/turtlebot3_fake_node:/home/khanh247/software_simulation/turtlebot3_ws/install/turtlebot3_msgs:/home/khanh247/software_simulation/turtlebot3_ws/install/turtlebot3_gazebo:/home/khanh247/software_simulation/turtlebot3_ws/install/turtlebot3_description:/home/khanh247/software_simulation/turtlebot3_ws/install/turtlebot3_cartographer:/home/khanh247/software_simulation/turtlebot3_ws/install/plu_virtual_wall:/home/khanh247/software_simulation/turtlebot3_ws/install/nav2_system_tests:/home/khanh247/software_simulation/turtlebot3_ws/install/nav2_bringup:/home/khanh247/software_simulation/turtlebot3_ws/install/navigation2:/home/khanh247/software_simulation/turtlebot3_ws/install/nav2_smoother:/home/khanh247/software_simulation/turtlebot3_ws/install/nav2_graceful_controller:/home/khanh247/software_simulation/turtlebot3_ws/install/nav2_dwb_controller:/home/khanh247/software_simulation/turtlebot3_ws/install/nav2_controller:/home/khanh247/software_simulation/turtlebot3_ws/install/dwb_plugins:/home/khanh247/software_simulation/turtlebot3_ws/install/dwb_critics:/home/khanh247/software_simulation/turtlebot3_ws/install/dwb_core:/home/khanh247/software_simulation/turtlebot3_ws/install/nav_2d_utils:/home/khanh247/software_simulation/turtlebot3_ws/install/dwb_msgs:/home/khanh247/software_simulation/turtlebot3_ws/install/nav_2d_msgs:/home/khanh247/software_simulation/turtlebot3_ws/install/nav2_waypoint_follower:/home/khanh247/software_simulation/turtlebot3_ws/install/nav2_theta_star_planner:/home/khanh247/software_simulation/turtlebot3_ws/install/nav2_smac_planner:/home/khanh247/software_simulation/turtlebot3_ws/install/nav2_rotation_shim_controller:/home/khanh247/software_simulation/turtlebot3_ws/install/nav2_regulated_pure_pursuit_controller:/home/khanh247/software_simulation/turtlebot3_ws/install/nav2_planner:/home/khanh247/software_simulation/turtlebot3_ws/install/nav2_navfn_planner:/home/khanh247/software_simulation/turtlebot3_ws/install/nav2_mppi_controller:/home/khanh247/software_simulation/turtlebot3_ws/install/nav2_constrained_smoother:/home/khanh247/software_simulation/turtlebot3_ws/install/nav2_bt_navigator:/home/khanh247/software_simulation/turtlebot3_ws/install/nav2_behaviors:/home/khanh247/software_simulation/turtlebot3_ws/install/nav2_core:/home/khanh247/software_simulation/turtlebot3_ws/install/nav2_collision_monitor:/home/khanh247/software_simulation/turtlebot3_ws/install/costmap_queue:/home/khanh247/software_simulation/turtlebot3_ws/install/nav2_costmap_2d:/home/khanh247/software_simulation/turtlebot3_ws/install/nav2_voxel_grid:/home/khanh247/software_simulation/turtlebot3_ws/install/nav2_velocity_smoother:/home/khanh247/software_simulation/turtlebot3_ws/install/nav2_rviz_plugins:/home/khanh247/software_simulation/turtlebot3_ws/install/nav2_map_server:/home/khanh247/software_simulation/turtlebot3_ws/install/nav2_lifecycle_manager:/home/khanh247/software_simulation/turtlebot3_ws/install/nav2_behavior_tree:/home/khanh247/software_simulation/turtlebot3_ws/install/nav2_amcl:/home/khanh247/software_simulation/turtlebot3_ws/install/dynamixel_sdk_examples:/home/khanh247/software_simulation/turtlebot3_ws/install/dynamixel_sdk_custom_interfaces:/home/khanh247/software_simulation/turtlebot3_ws/install/dynamixel_sdk:/home/khanh247/software_simulation/turtlebot3_ws/install/turtlebot3_teleop:/home/khanh247/software_simulation/turtlebot3_ws/install/turtlebot3_example:/home/khanh247/software_simulation/turtlebot3_ws/install/nav2_simple_commander:/opt/ros/humble LD_LIBRARY_PATH=/home/khanh247/software_simulation/turtlebot3_ws/install/nav2_util/lib:/home/khanh247/software_simulation/turtlebot3_ws/install/nav2_msgs/lib:/home/khanh247/software_simulation/turtlebot3_ws/install/virtual_wall_ros2/lib:/home/khanh247/software_simulation/turtlebot3_ws/install/virtual_wall/lib:/home/khanh247/software_simulation/turtlebot3_ws/install/turtlebot3_msgs/lib:/home/khanh247/software_simulation/turtlebot3_ws/install/plu_virtual_wall/lib:/home/khanh247/software_simulation/turtlebot3_ws/install/nav2_smoother/lib:/home/khanh247/software_simulation/turtlebot3_ws/install/nav2_graceful_controller/lib:/home/khanh247/software_simulation/turtlebot3_ws/install/nav2_controller/lib:/home/khanh247/software_simulation/turtlebot3_ws/install/dwb_plugins/lib:/home/khanh247/software_simulation/turtlebot3_ws/install/dwb_critics/lib:/home/khanh247/software_simulation/turtlebot3_ws/install/dwb_core/lib:/home/khanh247/software_simulation/turtlebot3_ws/install/nav_2d_utils/lib:/home/khanh247/software_simulation/turtlebot3_ws/install/dwb_msgs/lib:/home/khanh247/software_simulation/turtlebot3_ws/install/nav_2d_msgs/lib:/home/khanh247/software_simulation/turtlebot3_ws/install/nav2_waypoint_follower/lib:/home/khanh247/software_simulation/turtlebot3_ws/install/nav2_theta_star_planner/lib:/home/khanh247/software_simulation/turtlebot3_ws/install/nav2_smac_planner/lib:/home/khanh247/software_simulation/turtlebot3_ws/install/nav2_rotation_shim_controller/lib:/home/khanh247/software_simulation/turtlebot3_ws/install/nav2_regulated_pure_pursuit_controller/lib:/home/khanh247/software_simulation/turtlebot3_ws/install/nav2_planner/lib:/home/khanh247/software_simulation/turtlebot3_ws/install/nav2_navfn_planner/lib:/home/khanh247/software_simulation/turtlebot3_ws/install/nav2_mppi_controller/lib:/home/khanh247/software_simulation/turtlebot3_ws/install/nav2_constrained_smoother/lib:/home/khanh247/software_simulation/turtlebot3_ws/install/nav2_bt_navigator/lib:/home/khanh247/software_simulation/turtlebot3_ws/install/nav2_behaviors/lib:/home/khanh247/software_simulation/turtlebot3_ws/install/nav2_collision_monitor/lib:/home/khanh247/software_simulation/turtlebot3_ws/install/costmap_queue/lib:/home/khanh247/software_simulation/turtlebot3_ws/install/nav2_costmap_2d/lib:/home/khanh247/software_simulation/turtlebot3_ws/install/nav2_voxel_grid/lib:/home/khanh247/software_simulation/turtlebot3_ws/install/nav2_velocity_smoother/lib:/home/khanh247/software_simulation/turtlebot3_ws/install/nav2_rviz_plugins/lib:/home/khanh247/software_simulation/turtlebot3_ws/install/nav2_map_server/lib:/home/khanh247/software_simulation/turtlebot3_ws/install/nav2_lifecycle_manager/lib:/home/khanh247/software_simulation/turtlebot3_ws/install/nav2_behavior_tree/lib:/home/khanh247/software_simulation/turtlebot3_ws/install/nav2_amcl/lib:/home/khanh247/software_simulation/turtlebot3_ws/install/dynamixel_sdk_custom_interfaces/lib:/home/khanh247/software_simulation/turtlebot3_ws/install/dynamixel_sdk/lib:/usr/lib/x86_64-linux-gnu/gazebo-11/plugins:/opt/ros/humble/opt/rviz_ogre_vendor/lib:/opt/ros/humble/lib/x86_64-linux-gnu:/opt/ros/humble/lib /usr/bin/cmake --build /home/khanh247/software_simulation/turtlebot3_ws/build/nav2_behavior_tree -- -j16 -l16
[1.467s] Invoking command in '/home/khanh247/software_simulation/turtlebot3_ws/build/nav2_behavior_tree': CMAKE_PREFIX_PATH=/home/khanh247/software_simulation/turtlebot3_ws/install/nav2_util:/home/khanh247/software_simulation/turtlebot3_ws/install/nav2_msgs:/home/khanh247/software_simulation/turtlebot3_ws/install/nav2_common:/home/khanh247/software_simulation/turtlebot3_ws/install/virtual_wall_ros2:/home/khanh247/software_simulation/turtlebot3_ws/install/virtual_wall:/home/khanh247/software_simulation/turtlebot3_ws/install/tutorial_interfaces:/home/khanh247/software_simulation/turtlebot3_ws/install/turtlebot3:/home/khanh247/software_simulation/turtlebot3_ws/install/turtlebot3_simulations:/home/khanh247/software_simulation/turtlebot3_ws/install/turtlebot3_bringup:/home/khanh247/software_simulation/turtlebot3_ws/install/turtlebot3_node:/home/khanh247/software_simulation/turtlebot3_ws/install/turtlebot3_navigation2:/home/khanh247/software_simulation/turtlebot3_ws/install/turtlebot3_fake_node:/home/khanh247/software_simulation/turtlebot3_ws/install/turtlebot3_msgs:/home/khanh247/software_simulation/turtlebot3_ws/install/turtlebot3_gazebo:/home/khanh247/software_simulation/turtlebot3_ws/install/turtlebot3_description:/home/khanh247/software_simulation/turtlebot3_ws/install/turtlebot3_cartographer:/home/khanh247/software_simulation/turtlebot3_ws/install/plu_virtual_wall:/home/khanh247/software_simulation/turtlebot3_ws/install/nav2_system_tests:/home/khanh247/software_simulation/turtlebot3_ws/install/nav2_bringup:/home/khanh247/software_simulation/turtlebot3_ws/install/navigation2:/home/khanh247/software_simulation/turtlebot3_ws/install/nav2_smoother:/home/khanh247/software_simulation/turtlebot3_ws/install/nav2_graceful_controller:/home/khanh247/software_simulation/turtlebot3_ws/install/nav2_dwb_controller:/home/khanh247/software_simulation/turtlebot3_ws/install/nav2_controller:/home/khanh247/software_simulation/turtlebot3_ws/install/dwb_plugins:/home/khanh247/software_simulation/turtlebot3_ws/install/dwb_critics:/home/khanh247/software_simulation/turtlebot3_ws/install/dwb_core:/home/khanh247/software_simulation/turtlebot3_ws/install/nav_2d_utils:/home/khanh247/software_simulation/turtlebot3_ws/install/dwb_msgs:/home/khanh247/software_simulation/turtlebot3_ws/install/nav_2d_msgs:/home/khanh247/software_simulation/turtlebot3_ws/install/nav2_waypoint_follower:/home/khanh247/software_simulation/turtlebot3_ws/install/nav2_theta_star_planner:/home/khanh247/software_simulation/turtlebot3_ws/install/nav2_smac_planner:/home/khanh247/software_simulation/turtlebot3_ws/install/nav2_rotation_shim_controller:/home/khanh247/software_simulation/turtlebot3_ws/install/nav2_regulated_pure_pursuit_controller:/home/khanh247/software_simulation/turtlebot3_ws/install/nav2_planner:/home/khanh247/software_simulation/turtlebot3_ws/install/nav2_navfn_planner:/home/khanh247/software_simulation/turtlebot3_ws/install/nav2_mppi_controller:/home/khanh247/software_simulation/turtlebot3_ws/install/nav2_constrained_smoother:/home/khanh247/software_simulation/turtlebot3_ws/install/nav2_bt_navigator:/home/khanh247/software_simulation/turtlebot3_ws/install/nav2_behaviors:/home/khanh247/software_simulation/turtlebot3_ws/install/nav2_core:/home/khanh247/software_simulation/turtlebot3_ws/install/nav2_collision_monitor:/home/khanh247/software_simulation/turtlebot3_ws/install/costmap_queue:/home/khanh247/software_simulation/turtlebot3_ws/install/nav2_costmap_2d:/home/khanh247/software_simulation/turtlebot3_ws/install/nav2_voxel_grid:/home/khanh247/software_simulation/turtlebot3_ws/install/nav2_velocity_smoother:/home/khanh247/software_simulation/turtlebot3_ws/install/nav2_rviz_plugins:/home/khanh247/software_simulation/turtlebot3_ws/install/nav2_map_server:/home/khanh247/software_simulation/turtlebot3_ws/install/nav2_lifecycle_manager:/home/khanh247/software_simulation/turtlebot3_ws/install/nav2_behavior_tree:/home/khanh247/software_simulation/turtlebot3_ws/install/nav2_amcl:/home/khanh247/software_simulation/turtlebot3_ws/install/dynamixel_sdk_examples:/home/khanh247/software_simulation/turtlebot3_ws/install/dynamixel_sdk_custom_interfaces:/home/khanh247/software_simulation/turtlebot3_ws/install/dynamixel_sdk:/home/khanh247/software_simulation/turtlebot3_ws/install/turtlebot3_teleop:/home/khanh247/software_simulation/turtlebot3_ws/install/turtlebot3_example:/home/khanh247/software_simulation/turtlebot3_ws/install/nav2_simple_commander:/opt/ros/humble LD_LIBRARY_PATH=/home/khanh247/software_simulation/turtlebot3_ws/install/nav2_util/lib:/home/khanh247/software_simulation/turtlebot3_ws/install/nav2_msgs/lib:/home/khanh247/software_simulation/turtlebot3_ws/install/virtual_wall_ros2/lib:/home/khanh247/software_simulation/turtlebot3_ws/install/virtual_wall/lib:/home/khanh247/software_simulation/turtlebot3_ws/install/turtlebot3_msgs/lib:/home/khanh247/software_simulation/turtlebot3_ws/install/plu_virtual_wall/lib:/home/khanh247/software_simulation/turtlebot3_ws/install/nav2_smoother/lib:/home/khanh247/software_simulation/turtlebot3_ws/install/nav2_graceful_controller/lib:/home/khanh247/software_simulation/turtlebot3_ws/install/nav2_controller/lib:/home/khanh247/software_simulation/turtlebot3_ws/install/dwb_plugins/lib:/home/khanh247/software_simulation/turtlebot3_ws/install/dwb_critics/lib:/home/khanh247/software_simulation/turtlebot3_ws/install/dwb_core/lib:/home/khanh247/software_simulation/turtlebot3_ws/install/nav_2d_utils/lib:/home/khanh247/software_simulation/turtlebot3_ws/install/dwb_msgs/lib:/home/khanh247/software_simulation/turtlebot3_ws/install/nav_2d_msgs/lib:/home/khanh247/software_simulation/turtlebot3_ws/install/nav2_waypoint_follower/lib:/home/khanh247/software_simulation/turtlebot3_ws/install/nav2_theta_star_planner/lib:/home/khanh247/software_simulation/turtlebot3_ws/install/nav2_smac_planner/lib:/home/khanh247/software_simulation/turtlebot3_ws/install/nav2_rotation_shim_controller/lib:/home/khanh247/software_simulation/turtlebot3_ws/install/nav2_regulated_pure_pursuit_controller/lib:/home/khanh247/software_simulation/turtlebot3_ws/install/nav2_planner/lib:/home/khanh247/software_simulation/turtlebot3_ws/install/nav2_navfn_planner/lib:/home/khanh247/software_simulation/turtlebot3_ws/install/nav2_mppi_controller/lib:/home/khanh247/software_simulation/turtlebot3_ws/install/nav2_constrained_smoother/lib:/home/khanh247/software_simulation/turtlebot3_ws/install/nav2_bt_navigator/lib:/home/khanh247/software_simulation/turtlebot3_ws/install/nav2_behaviors/lib:/home/khanh247/software_simulation/turtlebot3_ws/install/nav2_collision_monitor/lib:/home/khanh247/software_simulation/turtlebot3_ws/install/costmap_queue/lib:/home/khanh247/software_simulation/turtlebot3_ws/install/nav2_costmap_2d/lib:/home/khanh247/software_simulation/turtlebot3_ws/install/nav2_voxel_grid/lib:/home/khanh247/software_simulation/turtlebot3_ws/install/nav2_velocity_smoother/lib:/home/khanh247/software_simulation/turtlebot3_ws/install/nav2_rviz_plugins/lib:/home/khanh247/software_simulation/turtlebot3_ws/install/nav2_map_server/lib:/home/khanh247/software_simulation/turtlebot3_ws/install/nav2_lifecycle_manager/lib:/home/khanh247/software_simulation/turtlebot3_ws/install/nav2_behavior_tree/lib:/home/khanh247/software_simulation/turtlebot3_ws/install/nav2_amcl/lib:/home/khanh247/software_simulation/turtlebot3_ws/install/dynamixel_sdk_custom_interfaces/lib:/home/khanh247/software_simulation/turtlebot3_ws/install/dynamixel_sdk/lib:/usr/lib/x86_64-linux-gnu/gazebo-11/plugins:/opt/ros/humble/opt/rviz_ogre_vendor/lib:/opt/ros/humble/lib/x86_64-linux-gnu:/opt/ros/humble/lib /usr/bin/cmake --install /home/khanh247/software_simulation/turtlebot3_ws/build/nav2_behavior_tree
[1.476s] -- Install configuration: "Release"
[1.476s] -- Up-to-date: /home/khanh247/software_simulation/turtlebot3_ws/install/nav2_behavior_tree/lib/libnav2_behavior_tree.so
[1.476s] -- Up-to-date: /home/khanh247/software_simulation/turtlebot3_ws/install/nav2_behavior_tree/lib/libnav2_compute_path_to_pose_action_bt_node.so
[1.476s] -- Up-to-date: /home/khanh247/software_simulation/turtlebot3_ws/install/nav2_behavior_tree/lib/libnav2_compute_path_through_poses_action_bt_node.so
[1.477s] -- Up-to-date: /home/khanh247/software_simulation/turtlebot3_ws/install/nav2_behavior_tree/lib/libnav2_controller_cancel_bt_node.so
[1.477s] -- Up-to-date: /home/khanh247/software_simulation/turtlebot3_ws/install/nav2_behavior_tree/lib/libnav2_wait_cancel_bt_node.so
[1.477s] -- Up-to-date: /home/khanh247/software_simulation/turtlebot3_ws/install/nav2_behavior_tree/lib/libnav2_spin_cancel_bt_node.so
[1.478s] -- Up-to-date: /home/khanh247/software_simulation/turtlebot3_ws/install/nav2_behavior_tree/lib/libnav2_back_up_cancel_bt_node.so
[1.478s] -- Up-to-date: /home/khanh247/software_simulation/turtlebot3_ws/install/nav2_behavior_tree/lib/libnav2_assisted_teleop_cancel_bt_node.so
[1.478s] -- Up-to-date: /home/khanh247/software_simulation/turtlebot3_ws/install/nav2_behavior_tree/lib/libnav2_drive_on_heading_cancel_bt_node.so
[1.479s] -- Up-to-date: /home/khanh247/software_simulation/turtlebot3_ws/install/nav2_behavior_tree/lib/libnav2_smooth_path_action_bt_node.so
[1.479s] -- Up-to-date: /home/khanh247/software_simulation/turtlebot3_ws/install/nav2_behavior_tree/lib/libnav2_follow_path_action_bt_node.so
[1.479s] -- Up-to-date: /home/khanh247/software_simulation/turtlebot3_ws/install/nav2_behavior_tree/lib/libnav2_back_up_action_bt_node.so
[1.479s] -- Up-to-date: /home/khanh247/software_simulation/turtlebot3_ws/install/nav2_behavior_tree/lib/libnav2_drive_on_heading_bt_node.so
[1.480s] -- Up-to-date: /home/khanh247/software_simulation/turtlebot3_ws/install/nav2_behavior_tree/lib/libnav2_spin_action_bt_node.so
[1.480s] -- Up-to-date: /home/khanh247/software_simulation/turtlebot3_ws/install/nav2_behavior_tree/lib/libnav2_wait_action_bt_node.so
[1.480s] -- Up-to-date: /home/khanh247/software_simulation/turtlebot3_ws/install/nav2_behavior_tree/lib/libnav2_assisted_teleop_action_bt_node.so
[1.480s] -- Up-to-date: /home/khanh247/software_simulation/turtlebot3_ws/install/nav2_behavior_tree/lib/libnav2_clear_costmap_service_bt_node.so
[1.481s] -- Up-to-date: /home/khanh247/software_simulation/turtlebot3_ws/install/nav2_behavior_tree/lib/libnav2_is_stuck_condition_bt_node.so
[1.481s] -- Up-to-date: /home/khanh247/software_simulation/turtlebot3_ws/install/nav2_behavior_tree/lib/libnav2_transform_available_condition_bt_node.so
[1.481s] -- Up-to-date: /home/khanh247/software_simulation/turtlebot3_ws/install/nav2_behavior_tree/lib/libnav2_goal_reached_condition_bt_node.so
[1.482s] -- Up-to-date: /home/khanh247/software_simulation/turtlebot3_ws/install/nav2_behavior_tree/lib/libnav2_globally_updated_goal_condition_bt_node.so
[1.482s] -- Up-to-date: /home/khanh247/software_simulation/turtlebot3_ws/install/nav2_behavior_tree/lib/libnav2_goal_updated_condition_bt_node.so
[1.482s] -- Up-to-date: /home/khanh247/software_simulation/turtlebot3_ws/install/nav2_behavior_tree/lib/libnav2_is_path_valid_condition_bt_node.so
[1.482s] -- Up-to-date: /home/khanh247/software_simulation/turtlebot3_ws/install/nav2_behavior_tree/lib/libnav2_time_expired_condition_bt_node.so
[1.483s] -- Up-to-date: /home/khanh247/software_simulation/turtlebot3_ws/install/nav2_behavior_tree/lib/libnav2_path_expiring_timer_condition.so
[1.483s] -- Up-to-date: /home/khanh247/software_simulation/turtlebot3_ws/install/nav2_behavior_tree/lib/libnav2_distance_traveled_condition_bt_node.so
[1.483s] -- Up-to-date: /home/khanh247/software_simulation/turtlebot3_ws/install/nav2_behavior_tree/lib/libnav2_initial_pose_received_condition_bt_node.so
[1.483s] -- Up-to-date: /home/khanh247/software_simulation/turtlebot3_ws/install/nav2_behavior_tree/lib/libnav2_is_battery_charging_condition_bt_node.so
[1.484s] -- Up-to-date: /home/khanh247/software_simulation/turtlebot3_ws/install/nav2_behavior_tree/lib/libnav2_is_battery_low_condition_bt_node.so
[1.484s] -- Up-to-date: /home/khanh247/software_simulation/turtlebot3_ws/install/nav2_behavior_tree/lib/libnav2_reinitialize_global_localization_service_bt_node.so
[1.484s] -- Up-to-date: /home/khanh247/software_simulation/turtlebot3_ws/install/nav2_behavior_tree/lib/libnav2_rate_controller_bt_node.so
[1.485s] -- Up-to-date: /home/khanh247/software_simulation/turtlebot3_ws/install/nav2_behavior_tree/lib/libnav2_distance_controller_bt_node.so
[1.485s] -- Up-to-date: /home/khanh247/software_simulation/turtlebot3_ws/install/nav2_behavior_tree/lib/libnav2_speed_controller_bt_node.so
[1.485s] -- Up-to-date: /home/khanh247/software_simulation/turtlebot3_ws/install/nav2_behavior_tree/lib/libnav2_truncate_path_action_bt_node.so
[1.485s] -- Up-to-date: /home/khanh247/software_simulation/turtlebot3_ws/install/nav2_behavior_tree/lib/libnav2_truncate_path_local_action_bt_node.so
[1.486s] -- Up-to-date: /home/khanh247/software_simulation/turtlebot3_ws/install/nav2_behavior_tree/lib/libnav2_goal_updater_node_bt_node.so
[1.486s] -- Up-to-date: /home/khanh247/software_simulation/turtlebot3_ws/install/nav2_behavior_tree/lib/libnav2_path_longer_on_approach_bt_node.so
[1.486s] -- Up-to-date: /home/khanh247/software_simulation/turtlebot3_ws/install/nav2_behavior_tree/lib/libnav2_recovery_node_bt_node.so
[1.487s] -- Up-to-date: /home/khanh247/software_simulation/turtlebot3_ws/install/nav2_behavior_tree/lib/libnav2_navigate_to_pose_action_bt_node.so
[1.487s] -- Up-to-date: /home/khanh247/software_simulation/turtlebot3_ws/install/nav2_behavior_tree/lib/libnav2_navigate_through_poses_action_bt_node.so
[1.487s] -- Up-to-date: /home/khanh247/software_simulation/turtlebot3_ws/install/nav2_behavior_tree/lib/libnav2_remove_passed_goals_action_bt_node.so
[1.487s] -- Up-to-date: /home/khanh247/software_simulation/turtlebot3_ws/install/nav2_behavior_tree/lib/libnav2_get_pose_from_path_action_bt_node.so
[1.488s] -- Up-to-date: /home/khanh247/software_simulation/turtlebot3_ws/install/nav2_behavior_tree/lib/libnav2_pipeline_sequence_bt_node.so
[1.488s] -- Up-to-date: /home/khanh247/software_simulation/turtlebot3_ws/install/nav2_behavior_tree/lib/libnav2_round_robin_node_bt_node.so
[1.488s] -- Up-to-date: /home/khanh247/software_simulation/turtlebot3_ws/install/nav2_behavior_tree/lib/libnav2_single_trigger_bt_node.so
[1.488s] -- Up-to-date: /home/khanh247/software_simulation/turtlebot3_ws/install/nav2_behavior_tree/lib/libnav2_planner_selector_bt_node.so
[1.489s] -- Up-to-date: /home/khanh247/software_simulation/turtlebot3_ws/install/nav2_behavior_tree/lib/libnav2_controller_selector_bt_node.so
[1.489s] -- Up-to-date: /home/khanh247/software_simulation/turtlebot3_ws/install/nav2_behavior_tree/lib/libnav2_smoother_selector_bt_node.so
[1.489s] -- Up-to-date: /home/khanh247/software_simulation/turtlebot3_ws/install/nav2_behavior_tree/lib/libnav2_goal_checker_selector_bt_node.so
[1.490s] -- Up-to-date: /home/khanh247/software_simulation/turtlebot3_ws/install/nav2_behavior_tree/lib/libnav2_progress_checker_selector_bt_node.so
[1.490s] -- Up-to-date: /home/khanh247/software_simulation/turtlebot3_ws/install/nav2_behavior_tree/lib/libnav2_goal_updated_controller_bt_node.so
[1.490s] -- Up-to-date: /home/khanh247/software_simulation/turtlebot3_ws/install/nav2_behavior_tree/include/
[1.490s] -- Up-to-date: /home/khanh247/software_simulation/turtlebot3_ws/install/nav2_behavior_tree/include//nav2_behavior_tree
[1.490s] -- Up-to-date: /home/khanh247/software_simulation/turtlebot3_ws/install/nav2_behavior_tree/include//nav2_behavior_tree/bt_service_node.hpp
[1.490s] -- Up-to-date: /home/khanh247/software_simulation/turtlebot3_ws/install/nav2_behavior_tree/include//nav2_behavior_tree/bt_action_server.hpp
[1.490s] -- Up-to-date: /home/khanh247/software_simulation/turtlebot3_ws/install/nav2_behavior_tree/include//nav2_behavior_tree/plugins
[1.491s] -- Up-to-date: /home/khanh247/software_simulation/turtlebot3_ws/install/nav2_behavior_tree/include//nav2_behavior_tree/plugins/control
[1.491s] -- Up-to-date: /home/khanh247/software_simulation/turtlebot3_ws/install/nav2_behavior_tree/include//nav2_behavior_tree/plugins/control/pipeline_sequence.hpp
[1.491s] -- Up-to-date: /home/khanh247/software_simulation/turtlebot3_ws/install/nav2_behavior_tree/include//nav2_behavior_tree/plugins/control/recovery_node.hpp
[1.491s] -- Up-to-date: /home/khanh247/software_simulation/turtlebot3_ws/install/nav2_behavior_tree/include//nav2_behavior_tree/plugins/control/round_robin_node.hpp
[1.491s] -- Up-to-date: /home/khanh247/software_simulation/turtlebot3_ws/install/nav2_behavior_tree/include//nav2_behavior_tree/plugins/condition
[1.491s] -- Up-to-date: /home/khanh247/software_simulation/turtlebot3_ws/install/nav2_behavior_tree/include//nav2_behavior_tree/plugins/condition/globally_updated_goal_condition.hpp
[1.491s] -- Up-to-date: /home/khanh247/software_simulation/turtlebot3_ws/install/nav2_behavior_tree/include//nav2_behavior_tree/plugins/condition/time_expired_condition.hpp
[1.491s] -- Up-to-date: /home/khanh247/software_simulation/turtlebot3_ws/install/nav2_behavior_tree/include//nav2_behavior_tree/plugins/condition/transform_available_condition.hpp
[1.491s] -- Up-to-date: /home/khanh247/software_simulation/turtlebot3_ws/install/nav2_behavior_tree/include//nav2_behavior_tree/plugins/condition/initial_pose_received_condition.hpp
[1.491s] -- Up-to-date: /home/khanh247/software_simulation/turtlebot3_ws/install/nav2_behavior_tree/include//nav2_behavior_tree/plugins/condition/goal_reached_condition.hpp
[1.491s] -- Up-to-date: /home/khanh247/software_simulation/turtlebot3_ws/install/nav2_behavior_tree/include//nav2_behavior_tree/plugins/condition/is_path_valid_condition.hpp
[1.491s] -- Up-to-date: /home/khanh247/software_simulation/turtlebot3_ws/install/nav2_behavior_tree/include//nav2_behavior_tree/plugins/condition/distance_traveled_condition.hpp
[1.491s] -- Up-to-date: /home/khanh247/software_simulation/turtlebot3_ws/install/nav2_behavior_tree/include//nav2_behavior_tree/plugins/condition/path_expiring_timer_condition.hpp
[1.491s] -- Up-to-date: /home/khanh247/software_simulation/turtlebot3_ws/install/nav2_behavior_tree/include//nav2_behavior_tree/plugins/condition/is_battery_low_condition.hpp
[1.492s] -- Up-to-date: /home/khanh247/software_simulation/turtlebot3_ws/install/nav2_behavior_tree/include//nav2_behavior_tree/plugins/condition/is_stuck_condition.hpp
[1.492s] -- Up-to-date: /home/khanh247/software_simulation/turtlebot3_ws/install/nav2_behavior_tree/include//nav2_behavior_tree/plugins/condition/goal_updated_condition.hpp
[1.492s] -- Up-to-date: /home/khanh247/software_simulation/turtlebot3_ws/install/nav2_behavior_tree/include//nav2_behavior_tree/plugins/condition/is_battery_charging_condition.hpp
[1.492s] -- Up-to-date: /home/khanh247/software_simulation/turtlebot3_ws/install/nav2_behavior_tree/include//nav2_behavior_tree/plugins/decorator
[1.492s] -- Up-to-date: /home/khanh247/software_simulation/turtlebot3_ws/install/nav2_behavior_tree/include//nav2_behavior_tree/plugins/decorator/distance_controller.hpp
[1.492s] -- Up-to-date: /home/khanh247/software_simulation/turtlebot3_ws/install/nav2_behavior_tree/include//nav2_behavior_tree/plugins/decorator/goal_updater_node.hpp
[1.492s] -- Up-to-date: /home/khanh247/software_simulation/turtlebot3_ws/install/nav2_behavior_tree/include//nav2_behavior_tree/plugins/decorator/single_trigger_node.hpp
[1.492s] -- Up-to-date: /home/khanh247/software_simulation/turtlebot3_ws/install/nav2_behavior_tree/include//nav2_behavior_tree/plugins/decorator/speed_controller.hpp
[1.492s] -- Up-to-date: /home/khanh247/software_simulation/turtlebot3_ws/install/nav2_behavior_tree/include//nav2_behavior_tree/plugins/decorator/path_longer_on_approach.hpp
[1.492s] -- Up-to-date: /home/khanh247/software_simulation/turtlebot3_ws/install/nav2_behavior_tree/include//nav2_behavior_tree/plugins/decorator/goal_updated_controller.hpp
[1.492s] -- Up-to-date: /home/khanh247/software_simulation/turtlebot3_ws/install/nav2_behavior_tree/include//nav2_behavior_tree/plugins/decorator/rate_controller.hpp
[1.492s] -- Up-to-date: /home/khanh247/software_simulation/turtlebot3_ws/install/nav2_behavior_tree/include//nav2_behavior_tree/plugins/action
[1.492s] -- Up-to-date: /home/khanh247/software_simulation/turtlebot3_ws/install/nav2_behavior_tree/include//nav2_behavior_tree/plugins/action/back_up_cancel_node.hpp
[1.492s] -- Up-to-date: /home/khanh247/software_simulation/turtlebot3_ws/install/nav2_behavior_tree/include//nav2_behavior_tree/plugins/action/controller_selector_node.hpp
[1.492s] -- Up-to-date: /home/khanh247/software_simulation/turtlebot3_ws/install/nav2_behavior_tree/include//nav2_behavior_tree/plugins/action/wait_cancel_node.hpp
[1.492s] -- Up-to-date: /home/khanh247/software_simulation/turtlebot3_ws/install/nav2_behavior_tree/include//nav2_behavior_tree/plugins/action/get_pose_from_path_action.hpp
[1.493s] -- Up-to-date: /home/khanh247/software_simulation/turtlebot3_ws/install/nav2_behavior_tree/include//nav2_behavior_tree/plugins/action/smoother_selector_node.hpp
[1.493s] -- Up-to-date: /home/khanh247/software_simulation/turtlebot3_ws/install/nav2_behavior_tree/include//nav2_behavior_tree/plugins/action/back_up_action.hpp
[1.493s] -- Up-to-date: /home/khanh247/software_simulation/turtlebot3_ws/install/nav2_behavior_tree/include//nav2_behavior_tree/plugins/action/compute_path_to_pose_action.hpp
[1.493s] -- Up-to-date: /home/khanh247/software_simulation/turtlebot3_ws/install/nav2_behavior_tree/include//nav2_behavior_tree/plugins/action/goal_checker_selector_node.hpp
[1.493s] -- Up-to-date: /home/khanh247/software_simulation/turtlebot3_ws/install/nav2_behavior_tree/include//nav2_behavior_tree/plugins/action/drive_on_heading_cancel_node.hpp
[1.493s] -- Up-to-date: /home/khanh247/software_simulation/turtlebot3_ws/install/nav2_behavior_tree/include//nav2_behavior_tree/plugins/action/compute_path_through_poses_action.hpp
[1.493s] -- Up-to-date: /home/khanh247/software_simulation/turtlebot3_ws/install/nav2_behavior_tree/include//nav2_behavior_tree/plugins/action/navigate_to_pose_action.hpp
[1.494s] -- Up-to-date: /home/khanh247/software_simulation/turtlebot3_ws/install/nav2_behavior_tree/include//nav2_behavior_tree/plugins/action/truncate_path_action.hpp
[1.494s] -- Up-to-date: /home/khanh247/software_simulation/turtlebot3_ws/install/nav2_behavior_tree/include//nav2_behavior_tree/plugins/action/spin_action.hpp
[1.494s] -- Up-to-date: /home/khanh247/software_simulation/turtlebot3_ws/install/nav2_behavior_tree/include//nav2_behavior_tree/plugins/action/smooth_path_action.hpp
[1.494s] -- Up-to-date: /home/khanh247/software_simulation/turtlebot3_ws/install/nav2_behavior_tree/include//nav2_behavior_tree/plugins/action/spin_cancel_node.hpp
[1.494s] -- Up-to-date: /home/khanh247/software_simulation/turtlebot3_ws/install/nav2_behavior_tree/include//nav2_behavior_tree/plugins/action/remove_passed_goals_action.hpp
[1.494s] -- Up-to-date: /home/khanh247/software_simulation/turtlebot3_ws/install/nav2_behavior_tree/include//nav2_behavior_tree/plugins/action/truncate_path_local_action.hpp
[1.494s] -- Up-to-date: /home/khanh247/software_simulation/turtlebot3_ws/install/nav2_behavior_tree/include//nav2_behavior_tree/plugins/action/follow_path_action.hpp
[1.494s] -- Up-to-date: /home/khanh247/software_simulation/turtlebot3_ws/install/nav2_behavior_tree/include//nav2_behavior_tree/plugins/action/drive_on_heading_action.hpp
[1.494s] -- Up-to-date: /home/khanh247/software_simulation/turtlebot3_ws/install/nav2_behavior_tree/include//nav2_behavior_tree/plugins/action/assisted_teleop_action.hpp
[1.494s] -- Up-to-date: /home/khanh247/software_simulation/turtlebot3_ws/install/nav2_behavior_tree/include//nav2_behavior_tree/plugins/action/reinitialize_global_localization_service.hpp
[1.494s] -- Up-to-date: /home/khanh247/software_simulation/turtlebot3_ws/install/nav2_behavior_tree/include//nav2_behavior_tree/plugins/action/assisted_teleop_cancel_node.hpp
[1.494s] -- Up-to-date: /home/khanh247/software_simulation/turtlebot3_ws/install/nav2_behavior_tree/include//nav2_behavior_tree/plugins/action/progress_checker_selector_node.hpp
[1.494s] -- Up-to-date: /home/khanh247/software_simulation/turtlebot3_ws/install/nav2_behavior_tree/include//nav2_behavior_tree/plugins/action/wait_action.hpp
[1.494s] -- Up-to-date: /home/khanh247/software_simulation/turtlebot3_ws/install/nav2_behavior_tree/include//nav2_behavior_tree/plugins/action/clear_costmap_service.hpp
[1.494s] -- Up-to-date: /home/khanh247/software_simulation/turtlebot3_ws/install/nav2_behavior_tree/include//nav2_behavior_tree/plugins/action/navigate_through_poses_action.hpp
[1.494s] -- Up-to-date: /home/khanh247/software_simulation/turtlebot3_ws/install/nav2_behavior_tree/include//nav2_behavior_tree/plugins/action/planner_selector_node.hpp
[1.494s] -- Up-to-date: /home/khanh247/software_simulation/turtlebot3_ws/install/nav2_behavior_tree/include//nav2_behavior_tree/plugins/action/controller_cancel_node.hpp
[1.494s] -- Up-to-date: /home/khanh247/software_simulation/turtlebot3_ws/install/nav2_behavior_tree/include//nav2_behavior_tree/ros_topic_logger.hpp
[1.494s] -- Up-to-date: /home/khanh247/software_simulation/turtlebot3_ws/install/nav2_behavior_tree/include//nav2_behavior_tree/bt_conversions.hpp
[1.495s] -- Up-to-date: /home/khanh247/software_simulation/turtlebot3_ws/install/nav2_behavior_tree/include//nav2_behavior_tree/bt_action_server_impl.hpp
[1.495s] -- Up-to-date: /home/khanh247/software_simulation/turtlebot3_ws/install/nav2_behavior_tree/include//nav2_behavior_tree/bt_cancel_action_node.hpp
[1.495s] -- Up-to-date: /home/khanh247/software_simulation/turtlebot3_ws/install/nav2_behavior_tree/include//nav2_behavior_tree/bt_action_node.hpp
[1.495s] -- Up-to-date: /home/khanh247/software_simulation/turtlebot3_ws/install/nav2_behavior_tree/include//nav2_behavior_tree/behavior_tree_engine.hpp
[1.495s] -- Up-to-date: /home/khanh247/software_simulation/turtlebot3_ws/install/nav2_behavior_tree/share/nav2_behavior_tree/nav2_tree_nodes.xml
[1.495s] -- Up-to-date: /home/khanh247/software_simulation/turtlebot3_ws/install/nav2_behavior_tree/share/nav2_behavior_tree/environment/library_path.sh
[1.495s] -- Up-to-date: /home/khanh247/software_simulation/turtlebot3_ws/install/nav2_behavior_tree/share/nav2_behavior_tree/environment/library_path.dsv
[1.496s] -- Up-to-date: /home/khanh247/software_simulation/turtlebot3_ws/install/nav2_behavior_tree/share/ament_index/resource_index/package_run_dependencies/nav2_behavior_tree
[1.496s] -- Up-to-date: /home/khanh247/software_simulation/turtlebot3_ws/install/nav2_behavior_tree/share/ament_index/resource_index/parent_prefix_path/nav2_behavior_tree
[1.496s] -- Up-to-date: /home/khanh247/software_simulation/turtlebot3_ws/install/nav2_behavior_tree/share/nav2_behavior_tree/environment/ament_prefix_path.sh
[1.496s] -- Up-to-date: /home/khanh247/software_simulation/turtlebot3_ws/install/nav2_behavior_tree/share/nav2_behavior_tree/environment/ament_prefix_path.dsv
[1.496s] -- Up-to-date: /home/khanh247/software_simulation/turtlebot3_ws/install/nav2_behavior_tree/share/nav2_behavior_tree/environment/path.sh
[1.496s] -- Up-to-date: /home/khanh247/software_simulation/turtlebot3_ws/install/nav2_behavior_tree/share/nav2_behavior_tree/environment/path.dsv
[1.497s] -- Up-to-date: /home/khanh247/software_simulation/turtlebot3_ws/install/nav2_behavior_tree/share/nav2_behavior_tree/local_setup.bash
[1.497s] -- Up-to-date: /home/khanh247/software_simulation/turtlebot3_ws/install/nav2_behavior_tree/share/nav2_behavior_tree/local_setup.sh
[1.497s] -- Up-to-date: /home/khanh247/software_simulation/turtlebot3_ws/install/nav2_behavior_tree/share/nav2_behavior_tree/local_setup.zsh
[1.497s] -- Up-to-date: /home/khanh247/software_simulation/turtlebot3_ws/install/nav2_behavior_tree/share/nav2_behavior_tree/local_setup.dsv
[1.497s] -- Installing: /home/khanh247/software_simulation/turtlebot3_ws/install/nav2_behavior_tree/share/nav2_behavior_tree/package.dsv
[1.497s] -- Up-to-date: /home/khanh247/software_simulation/turtlebot3_ws/install/nav2_behavior_tree/share/ament_index/resource_index/packages/nav2_behavior_tree
[1.497s] -- Up-to-date: /home/khanh247/software_simulation/turtlebot3_ws/install/nav2_behavior_tree/share/nav2_behavior_tree/cmake/ament_cmake_export_include_directories-extras.cmake
[1.497s] -- Up-to-date: /home/khanh247/software_simulation/turtlebot3_ws/install/nav2_behavior_tree/share/nav2_behavior_tree/cmake/ament_cmake_export_libraries-extras.cmake
[1.498s] -- Up-to-date: /home/khanh247/software_simulation/turtlebot3_ws/install/nav2_behavior_tree/share/nav2_behavior_tree/cmake/ament_cmake_export_dependencies-extras.cmake
[1.498s] -- Up-to-date: /home/khanh247/software_simulation/turtlebot3_ws/install/nav2_behavior_tree/share/nav2_behavior_tree/cmake/nav2_behavior_treeConfig.cmake
[1.498s] -- Up-to-date: /home/khanh247/software_simulation/turtlebot3_ws/install/nav2_behavior_tree/share/nav2_behavior_tree/cmake/nav2_behavior_treeConfig-version.cmake
[1.498s] -- Up-to-date: /home/khanh247/software_simulation/turtlebot3_ws/install/nav2_behavior_tree/share/nav2_behavior_tree/package.xml
[1.498s] Invoked command in '/home/khanh247/software_simulation/turtlebot3_ws/build/nav2_behavior_tree' returned '0': CMAKE_PREFIX_PATH=/home/khanh247/software_simulation/turtlebot3_ws/install/nav2_util:/home/khanh247/software_simulation/turtlebot3_ws/install/nav2_msgs:/home/khanh247/software_simulation/turtlebot3_ws/install/nav2_common:/home/khanh247/software_simulation/turtlebot3_ws/install/virtual_wall_ros2:/home/khanh247/software_simulation/turtlebot3_ws/install/virtual_wall:/home/khanh247/software_simulation/turtlebot3_ws/install/tutorial_interfaces:/home/khanh247/software_simulation/turtlebot3_ws/install/turtlebot3:/home/khanh247/software_simulation/turtlebot3_ws/install/turtlebot3_simulations:/home/khanh247/software_simulation/turtlebot3_ws/install/turtlebot3_bringup:/home/khanh247/software_simulation/turtlebot3_ws/install/turtlebot3_node:/home/khanh247/software_simulation/turtlebot3_ws/install/turtlebot3_navigation2:/home/khanh247/software_simulation/turtlebot3_ws/install/turtlebot3_fake_node:/home/khanh247/software_simulation/turtlebot3_ws/install/turtlebot3_msgs:/home/khanh247/software_simulation/turtlebot3_ws/install/turtlebot3_gazebo:/home/khanh247/software_simulation/turtlebot3_ws/install/turtlebot3_description:/home/khanh247/software_simulation/turtlebot3_ws/install/turtlebot3_cartographer:/home/khanh247/software_simulation/turtlebot3_ws/install/plu_virtual_wall:/home/khanh247/software_simulation/turtlebot3_ws/install/nav2_system_tests:/home/khanh247/software_simulation/turtlebot3_ws/install/nav2_bringup:/home/khanh247/software_simulation/turtlebot3_ws/install/navigation2:/home/khanh247/software_simulation/turtlebot3_ws/install/nav2_smoother:/home/khanh247/software_simulation/turtlebot3_ws/install/nav2_graceful_controller:/home/khanh247/software_simulation/turtlebot3_ws/install/nav2_dwb_controller:/home/khanh247/software_simulation/turtlebot3_ws/install/nav2_controller:/home/khanh247/software_simulation/turtlebot3_ws/install/dwb_plugins:/home/khanh247/software_simulation/turtlebot3_ws/install/dwb_critics:/home/khanh247/software_simulation/turtlebot3_ws/install/dwb_core:/home/khanh247/software_simulation/turtlebot3_ws/install/nav_2d_utils:/home/khanh247/software_simulation/turtlebot3_ws/install/dwb_msgs:/home/khanh247/software_simulation/turtlebot3_ws/install/nav_2d_msgs:/home/khanh247/software_simulation/turtlebot3_ws/install/nav2_waypoint_follower:/home/khanh247/software_simulation/turtlebot3_ws/install/nav2_theta_star_planner:/home/khanh247/software_simulation/turtlebot3_ws/install/nav2_smac_planner:/home/khanh247/software_simulation/turtlebot3_ws/install/nav2_rotation_shim_controller:/home/khanh247/software_simulation/turtlebot3_ws/install/nav2_regulated_pure_pursuit_controller:/home/khanh247/software_simulation/turtlebot3_ws/install/nav2_planner:/home/khanh247/software_simulation/turtlebot3_ws/install/nav2_navfn_planner:/home/khanh247/software_simulation/turtlebot3_ws/install/nav2_mppi_controller:/home/khanh247/software_simulation/turtlebot3_ws/install/nav2_constrained_smoother:/home/khanh247/software_simulation/turtlebot3_ws/install/nav2_bt_navigator:/home/khanh247/software_simulation/turtlebot3_ws/install/nav2_behaviors:/home/khanh247/software_simulation/turtlebot3_ws/install/nav2_core:/home/khanh247/software_simulation/turtlebot3_ws/install/nav2_collision_monitor:/home/khanh247/software_simulation/turtlebot3_ws/install/costmap_queue:/home/khanh247/software_simulation/turtlebot3_ws/install/nav2_costmap_2d:/home/khanh247/software_simulation/turtlebot3_ws/install/nav2_voxel_grid:/home/khanh247/software_simulation/turtlebot3_ws/install/nav2_velocity_smoother:/home/khanh247/software_simulation/turtlebot3_ws/install/nav2_rviz_plugins:/home/khanh247/software_simulation/turtlebot3_ws/install/nav2_map_server:/home/khanh247/software_simulation/turtlebot3_ws/install/nav2_lifecycle_manager:/home/khanh247/software_simulation/turtlebot3_ws/install/nav2_behavior_tree:/home/khanh247/software_simulation/turtlebot3_ws/install/nav2_amcl:/home/khanh247/software_simulation/turtlebot3_ws/install/dynamixel_sdk_examples:/home/khanh247/software_simulation/turtlebot3_ws/install/dynamixel_sdk_custom_interfaces:/home/khanh247/software_simulation/turtlebot3_ws/install/dynamixel_sdk:/home/khanh247/software_simulation/turtlebot3_ws/install/turtlebot3_teleop:/home/khanh247/software_simulation/turtlebot3_ws/install/turtlebot3_example:/home/khanh247/software_simulation/turtlebot3_ws/install/nav2_simple_commander:/opt/ros/humble LD_LIBRARY_PATH=/home/khanh247/software_simulation/turtlebot3_ws/install/nav2_util/lib:/home/khanh247/software_simulation/turtlebot3_ws/install/nav2_msgs/lib:/home/khanh247/software_simulation/turtlebot3_ws/install/virtual_wall_ros2/lib:/home/khanh247/software_simulation/turtlebot3_ws/install/virtual_wall/lib:/home/khanh247/software_simulation/turtlebot3_ws/install/turtlebot3_msgs/lib:/home/khanh247/software_simulation/turtlebot3_ws/install/plu_virtual_wall/lib:/home/khanh247/software_simulation/turtlebot3_ws/install/nav2_smoother/lib:/home/khanh247/software_simulation/turtlebot3_ws/install/nav2_graceful_controller/lib:/home/khanh247/software_simulation/turtlebot3_ws/install/nav2_controller/lib:/home/khanh247/software_simulation/turtlebot3_ws/install/dwb_plugins/lib:/home/khanh247/software_simulation/turtlebot3_ws/install/dwb_critics/lib:/home/khanh247/software_simulation/turtlebot3_ws/install/dwb_core/lib:/home/khanh247/software_simulation/turtlebot3_ws/install/nav_2d_utils/lib:/home/khanh247/software_simulation/turtlebot3_ws/install/dwb_msgs/lib:/home/khanh247/software_simulation/turtlebot3_ws/install/nav_2d_msgs/lib:/home/khanh247/software_simulation/turtlebot3_ws/install/nav2_waypoint_follower/lib:/home/khanh247/software_simulation/turtlebot3_ws/install/nav2_theta_star_planner/lib:/home/khanh247/software_simulation/turtlebot3_ws/install/nav2_smac_planner/lib:/home/khanh247/software_simulation/turtlebot3_ws/install/nav2_rotation_shim_controller/lib:/home/khanh247/software_simulation/turtlebot3_ws/install/nav2_regulated_pure_pursuit_controller/lib:/home/khanh247/software_simulation/turtlebot3_ws/install/nav2_planner/lib:/home/khanh247/software_simulation/turtlebot3_ws/install/nav2_navfn_planner/lib:/home/khanh247/software_simulation/turtlebot3_ws/install/nav2_mppi_controller/lib:/home/khanh247/software_simulation/turtlebot3_ws/install/nav2_constrained_smoother/lib:/home/khanh247/software_simulation/turtlebot3_ws/install/nav2_bt_navigator/lib:/home/khanh247/software_simulation/turtlebot3_ws/install/nav2_behaviors/lib:/home/khanh247/software_simulation/turtlebot3_ws/install/nav2_collision_monitor/lib:/home/khanh247/software_simulation/turtlebot3_ws/install/costmap_queue/lib:/home/khanh247/software_simulation/turtlebot3_ws/install/nav2_costmap_2d/lib:/home/khanh247/software_simulation/turtlebot3_ws/install/nav2_voxel_grid/lib:/home/khanh247/software_simulation/turtlebot3_ws/install/nav2_velocity_smoother/lib:/home/khanh247/software_simulation/turtlebot3_ws/install/nav2_rviz_plugins/lib:/home/khanh247/software_simulation/turtlebot3_ws/install/nav2_map_server/lib:/home/khanh247/software_simulation/turtlebot3_ws/install/nav2_lifecycle_manager/lib:/home/khanh247/software_simulation/turtlebot3_ws/install/nav2_behavior_tree/lib:/home/khanh247/software_simulation/turtlebot3_ws/install/nav2_amcl/lib:/home/khanh247/software_simulation/turtlebot3_ws/install/dynamixel_sdk_custom_interfaces/lib:/home/khanh247/software_simulation/turtlebot3_ws/install/dynamixel_sdk/lib:/usr/lib/x86_64-linux-gnu/gazebo-11/plugins:/opt/ros/humble/opt/rviz_ogre_vendor/lib:/opt/ros/humble/lib/x86_64-linux-gnu:/opt/ros/humble/lib /usr/bin/cmake --install /home/khanh247/software_simulation/turtlebot3_ws/build/nav2_behavior_tree
