[0.037s] Invoking command in '/home/khanh247/virtual_wall_ros2/software_simulation/turtlebot3_ws/src/build/turtlebot3_gazebo': CMAKE_PREFIX_PATH=${CMAKE_PREFIX_PATH}:/home/khanh247/virtual_wall_ros2/software_simulation/turtlebot3_ws/install/turtlebot3_teleop:/home/khanh247/virtual_wall_ros2/software_simulation/turtlebot3_ws/install/turtlebot3_example:/home/khanh247/virtual_wall_ros2/software_simulation/turtlebot3_ws/install/nav2_simple_commander:/opt/ros/humble /usr/bin/cmake /home/khanh247/virtual_wall_ros2/software_simulation/turtlebot3_ws/src/turtlebot3_simulations/turtlebot3_gazebo -DCMAKE_INSTALL_PREFIX=/home/khanh247/virtual_wall_ros2/software_simulation/turtlebot3_ws/src/install/turtlebot3_gazebo
[0.306s] -- The C compiler identification is GNU 11.4.0
[0.306s] -- The CXX compiler identification is GNU 11.4.0
[0.306s] -- Detecting C compiler ABI info
[0.306s] -- Detecting C compiler ABI info - done
[0.306s] -- Check for working C compiler: /usr/bin/cc - skipped
[0.306s] -- Detecting C compile features
[0.306s] -- Detecting C compile features - done
[0.306s] -- Detecting CXX compiler ABI info
[0.393s] -- Detecting CXX compiler ABI info - done
[0.402s] -- Check for working CXX compiler: /usr/bin/c++ - skipped
[0.403s] -- Detecting CXX compile features
[0.403s] -- Detecting CXX compile features - done
[0.409s] -- Found ament_cmake: 1.3.9 (/opt/ros/humble/share/ament_cmake/cmake)
[0.917s] -- Found Python3: /usr/bin/python3 (found version "3.10.12") found components: Interpreter 
[1.118s] [33mCMake Warning (dev) at /usr/share/cmake-3.22/Modules/FindPackageHandleStandardArgs.cmake:438 (message):
[1.118s]   The package name passed to `find_package_handle_standard_args` (PkgConfig)
[1.118s]   does not match the name of the calling package (gazebo).  This can lead to
[1.118s]   problems in calling code that expects `find_package` result variables
[1.119s]   (e.g., `_FOUND`) to follow a certain pattern.
[1.119s] Call Stack (most recent call first):
[1.119s]   /usr/share/cmake-3.22/Modules/FindPkgConfig.cmake:99 (find_package_handle_standard_args)
[1.119s]   /usr/lib/x86_64-linux-gnu/cmake/gazebo/gazebo-config.cmake:72 (include)
[1.119s]   CMakeLists.txt:23 (find_package)
[1.119s] This warning is for project developers.  Use -Wno-dev to suppress it.
[1.119s] [0m
[1.119s] -- Found PkgConfig: /usr/bin/pkg-config (found version "0.29.2") 
[1.123s] -- Checking for module 'bullet>=2.82'
[1.154s] --   Found bullet, version 3.05
[1.406s] -- Found fcl: /usr/include (found suitable version "0.7.0", minimum required is "0.5.0") 
[1.552s] -- Found assimp: /usr/include (found version "5.2.0") 
[1.657s] -- Found DART: /usr/include (Required is at least version "6.6") found components: dart 
[1.957s] -- Found Boost: /usr/lib/x86_64-linux-gnu/cmake/Boost-1.74.0/BoostConfig.cmake (found suitable version "1.74.0", minimum required is "1.40.0") found components: thread system filesystem program_options regex iostreams date_time 
[2.002s] -- Found Protobuf: /usr/lib/x86_64-linux-gnu/libprotobuf.so (found version "3.12.4") 
[2.025s] -- Looking for ignition-math6 -- found version 6.15.1
[2.040s] -- Searching for dependencies of ignition-math6
[2.043s] -- Looking for OGRE...
[2.043s] -- OGRE_PREFIX_WATCH changed.
[2.049s] -- Checking for module 'OGRE'
[2.068s] --   Found OGRE, version 1.9.0
[2.115s] -- Found Ogre Ghadamon (1.9.0)
[2.143s] -- Found OGRE: optimized;/usr/lib/x86_64-linux-gnu/libOgreMain.so;debug;/usr/lib/x86_64-linux-gnu/libOgreMain.so
[2.150s] -- Looking for OGRE_Paging...
[2.162s] -- Found OGRE_Paging: optimized;/usr/lib/x86_64-linux-gnu/libOgrePaging.so;debug;/usr/lib/x86_64-linux-gnu/libOgrePaging.so
[2.162s] -- Looking for OGRE_Terrain...
[2.172s] -- Found OGRE_Terrain: optimized;/usr/lib/x86_64-linux-gnu/libOgreTerrain.so;debug;/usr/lib/x86_64-linux-gnu/libOgreTerrain.so
[2.172s] -- Looking for OGRE_Property...
[2.186s] -- Found OGRE_Property: optimized;/usr/lib/x86_64-linux-gnu/libOgreProperty.so;debug;/usr/lib/x86_64-linux-gnu/libOgreProperty.so
[2.186s] -- Looking for OGRE_RTShaderSystem...
[2.198s] -- Found OGRE_RTShaderSystem: optimized;/usr/lib/x86_64-linux-gnu/libOgreRTShaderSystem.so;debug;/usr/lib/x86_64-linux-gnu/libOgreRTShaderSystem.so
[2.198s] -- Looking for OGRE_Volume...
[2.209s] -- Found OGRE_Volume: optimized;/usr/lib/x86_64-linux-gnu/libOgreVolume.so;debug;/usr/lib/x86_64-linux-gnu/libOgreVolume.so
[2.209s] -- Looking for OGRE_Overlay...
[2.220s] -- Found OGRE_Overlay: optimized;/usr/lib/x86_64-linux-gnu/libOgreOverlay.so;debug;/usr/lib/x86_64-linux-gnu/libOgreOverlay.so
[2.540s] -- Looking for ignition-math6 -- found version 6.15.1
[2.546s] -- Looking for ignition-transport8 -- found version 8.2.1
[2.547s] -- Searching for dependencies of ignition-transport8
[2.566s] -- Found Protobuf: /usr/lib/x86_64-linux-gnu/libprotobuf.so (found suitable version "3.12.4", minimum required is "3") 
[2.580s] -- Config-file not installed for ZeroMQ -- checking for pkg-config
[2.585s] -- Checking for module 'libzmq >= 4'
[2.606s] --   Found libzmq , version 4.3.4
[2.658s] -- Found ZeroMQ: TRUE (Required is at least version "4") 
[2.667s] -- Checking for module 'uuid'
[2.693s] --   Found uuid, version 2.37.2
[2.756s] -- Found UUID: TRUE  
[2.766s] -- Looking for ignition-msgs5 -- found version 5.8.1
[2.766s] -- Searching for dependencies of ignition-msgs5
[2.789s] -- Looking for ignition-math6 -- found version 6.15.1
[2.796s] -- Checking for module 'tinyxml2'
[2.817s] --   Found tinyxml2, version 9.0.0
[2.873s] -- Looking for ignition-msgs5 -- found version 5.8.1
[2.881s] -- Looking for ignition-common3 -- found version 3.14.0
[2.881s] -- Searching for dependencies of ignition-common3
[2.882s] -- Looking for dlfcn.h - found
[2.884s] -- Looking for libdl - found
[2.885s] -- Found DL: TRUE  
[2.907s] -- Found tinyobjloader: /usr/lib/x86_64-linux-gnu/cmake/tinyobjloader/tinyobjloader-config.cmake (found version "2.0.0") 
[2.908s] -- Searching for <ignition-common3> component [graphics]
[2.917s] -- Looking for ignition-common3-graphics -- found version 3.14.0
[2.918s] -- Searching for dependencies of ignition-common3-graphics
[2.918s] -- Looking for ignition-math6 -- found version 6.15.1
[2.930s] -- Looking for ignition-fuel_tools4 -- found version 4.4.0
[2.930s] -- Searching for dependencies of ignition-fuel_tools4
[3.118s] -- Found CURL: /usr/lib/x86_64-linux-gnu/libcurl.so (found version "7.81.0")  
[3.140s] -- Checking for module 'jsoncpp'
[3.193s] --   Found jsoncpp, version 1.9.5
[3.277s] -- Found JSONCPP: TRUE  
[3.345s] -- Checking for module 'libzip'
[3.395s] --   Found libzip, version 1.7.3
[3.492s] -- Found ZIP: TRUE  
[3.492s] -- Looking for ignition-common3 -- found version 3.14.0
[3.493s] -- Looking for ignition-math6 -- found version 6.15.1
[3.493s] -- Looking for ignition-msgs5 -- found version 5.8.1
[3.512s] -- Found gazebo_ros_pkgs: 3.7.0 (/opt/ros/humble/share/gazebo_ros_pkgs/cmake)
[3.519s] -- Found geometry_msgs: 4.2.4 (/opt/ros/humble/share/geometry_msgs/cmake)
[3.626s] -- Found rosidl_generator_c: 3.1.5 (/opt/ros/humble/share/rosidl_generator_c/cmake)
[3.645s] -- Found rosidl_adapter: 3.1.5 (/opt/ros/humble/share/rosidl_adapter/cmake)
[3.666s] -- Found rosidl_generator_cpp: 3.1.5 (/opt/ros/humble/share/rosidl_generator_cpp/cmake)
[3.702s] -- Using all available rosidl_typesupport_c: rosidl_typesupport_fastrtps_c;rosidl_typesupport_introspection_c
[3.748s] -- Using all available rosidl_typesupport_cpp: rosidl_typesupport_fastrtps_cpp;rosidl_typesupport_introspection_cpp
[3.981s] -- Found nav_msgs: 4.2.4 (/opt/ros/humble/share/nav_msgs/cmake)
[4.107s] -- Found rclcpp: 16.0.9 (/opt/ros/humble/share/rclcpp/cmake)
[4.342s] -- Found rmw_implementation_cmake: 6.1.2 (/opt/ros/humble/share/rmw_implementation_cmake/cmake)
[4.353s] -- Found rmw_fastrtps_cpp: 6.2.6 (/opt/ros/humble/share/rmw_fastrtps_cpp/cmake)
[4.903s] -- Found OpenSSL: /usr/lib/x86_64-linux-gnu/libcrypto.so (found version "3.0.2")  
[4.952s] -- Found FastRTPS: /opt/ros/humble/include  
[5.122s] -- Using RMW implementation 'rmw_fastrtps_cpp' as default
[5.155s] -- Found Threads: TRUE  
[5.461s] -- Found sensor_msgs: 4.2.4 (/opt/ros/humble/share/sensor_msgs/cmake)
[5.714s] -- Found tf2: 0.25.7 (/opt/ros/humble/share/tf2/cmake)
[6.112s] -- Configuring done
[6.217s] -- Generating done
[6.225s] -- Build files have been written to: /home/khanh247/virtual_wall_ros2/software_simulation/turtlebot3_ws/src/build/turtlebot3_gazebo
[6.289s] Invoked command in '/home/khanh247/virtual_wall_ros2/software_simulation/turtlebot3_ws/src/build/turtlebot3_gazebo' returned '0': CMAKE_PREFIX_PATH=${CMAKE_PREFIX_PATH}:/home/khanh247/virtual_wall_ros2/software_simulation/turtlebot3_ws/install/turtlebot3_teleop:/home/khanh247/virtual_wall_ros2/software_simulation/turtlebot3_ws/install/turtlebot3_example:/home/khanh247/virtual_wall_ros2/software_simulation/turtlebot3_ws/install/nav2_simple_commander:/opt/ros/humble /usr/bin/cmake /home/khanh247/virtual_wall_ros2/software_simulation/turtlebot3_ws/src/turtlebot3_simulations/turtlebot3_gazebo -DCMAKE_INSTALL_PREFIX=/home/khanh247/virtual_wall_ros2/software_simulation/turtlebot3_ws/src/install/turtlebot3_gazebo
[6.290s] Invoking command in '/home/khanh247/virtual_wall_ros2/software_simulation/turtlebot3_ws/src/build/turtlebot3_gazebo': CMAKE_PREFIX_PATH=${CMAKE_PREFIX_PATH}:/home/khanh247/virtual_wall_ros2/software_simulation/turtlebot3_ws/install/turtlebot3_teleop:/home/khanh247/virtual_wall_ros2/software_simulation/turtlebot3_ws/install/turtlebot3_example:/home/khanh247/virtual_wall_ros2/software_simulation/turtlebot3_ws/install/nav2_simple_commander:/opt/ros/humble /usr/bin/cmake --build /home/khanh247/virtual_wall_ros2/software_simulation/turtlebot3_ws/src/build/turtlebot3_gazebo -- -j16 -l16
[6.595s] [ 12%] [32mBuilding CXX object CMakeFiles/obstacle2.dir/models/turtlebot3_dqn_world/obstacle_plugin/obstacle2.cc.o[0m
[6.638s] [ 25%] [32mBuilding CXX object CMakeFiles/turtlebot3_drive.dir/src/turtlebot3_drive.cpp.o[0m
[6.649s] [ 37%] [32mBuilding CXX object CMakeFiles/obstacle1.dir/models/turtlebot3_dqn_world/obstacle_plugin/obstacle1.cc.o[0m
[6.661s] [ 50%] [32mBuilding CXX object CMakeFiles/obstacles.dir/models/turtlebot3_dqn_world/obstacle_plugin/obstacles.cc.o[0m
