[0.931s] Invoking command in '/home/khanh247/software_simulation/turtlebot3_ws/src/turtlebot3/turtlebot3_example': AMENT_PREFIX_PATH=/home/khanh247/software_simulation/turtlebot3_ws/install/turtlebot3_msgs:${AMENT_PREFIX_PATH} CMAKE_PREFIX_PATH=/home/khanh247/software_simulation/turtlebot3_ws/install/turtlebot3_msgs LD_LIBRARY_PATH=/home/khanh247/software_simulation/turtlebot3_ws/install/turtlebot3_msgs/lib:${LD_LIBRARY_PATH} PYTHONPATH=/home/khanh247/software_simulation/turtlebot3_ws/build/turtlebot3_example/prefix_override:/usr/lib/python3/dist-packages/colcon_core/task/python/colcon_distutils_commands:/home/khanh247/software_simulation/turtlebot3_ws/install/turtlebot3_example/lib/python3.10/site-packages:/home/khanh247/software_simulation/turtlebot3_ws/install/turtlebot3_msgs/local/lib/python3.10/dist-packages:${PYTHONPATH} /usr/bin/python3 -W ignore:setup.py install is deprecated setup.py egg_info --egg-base ../../../build/turtlebot3_example build --build-base /home/khanh247/software_simulation/turtlebot3_ws/build/turtlebot3_example/build install --record /home/khanh247/software_simulation/turtlebot3_ws/build/turtlebot3_example/install.log --single-version-externally-managed install_data
[1.169s] running egg_info
[1.185s] writing ../../../build/turtlebot3_example/turtlebot3_example.egg-info/PKG-INFO
[1.185s] writing dependency_links to ../../../build/turtlebot3_example/turtlebot3_example.egg-info/dependency_links.txt
[1.185s] writing entry points to ../../../build/turtlebot3_example/turtlebot3_example.egg-info/entry_points.txt
[1.186s] writing requirements to ../../../build/turtlebot3_example/turtlebot3_example.egg-info/requires.txt
[1.186s] writing top-level names to ../../../build/turtlebot3_example/turtlebot3_example.egg-info/top_level.txt
[1.223s] reading manifest file '../../../build/turtlebot3_example/turtlebot3_example.egg-info/SOURCES.txt'
[1.224s] writing manifest file '../../../build/turtlebot3_example/turtlebot3_example.egg-info/SOURCES.txt'
[1.224s] running build
[1.224s] running build_py
[1.225s] copying turtlebot3_example/__init__.py -> /home/khanh247/software_simulation/turtlebot3_ws/build/turtlebot3_example/build/lib/turtlebot3_example
[1.225s] copying turtlebot3_example/turtlebot3_patrol_client/__init__.py -> /home/khanh247/software_simulation/turtlebot3_ws/build/turtlebot3_example/build/lib/turtlebot3_example/turtlebot3_patrol_client
[1.225s] copying turtlebot3_example/turtlebot3_patrol_client/turtlebot3_patrol_client.py -> /home/khanh247/software_simulation/turtlebot3_ws/build/turtlebot3_example/build/lib/turtlebot3_example/turtlebot3_patrol_client
[1.225s] copying turtlebot3_example/turtlebot3_patrol_client/main.py -> /home/khanh247/software_simulation/turtlebot3_ws/build/turtlebot3_example/build/lib/turtlebot3_example/turtlebot3_patrol_client
[1.225s] copying turtlebot3_example/turtlebot3_patrol_server/__init__.py -> /home/khanh247/software_simulation/turtlebot3_ws/build/turtlebot3_example/build/lib/turtlebot3_example/turtlebot3_patrol_server
[1.225s] copying turtlebot3_example/turtlebot3_patrol_server/turtlebot3_patrol_server.py -> /home/khanh247/software_simulation/turtlebot3_ws/build/turtlebot3_example/build/lib/turtlebot3_example/turtlebot3_patrol_server
[1.225s] copying turtlebot3_example/turtlebot3_patrol_server/turtlebot3_path.py -> /home/khanh247/software_simulation/turtlebot3_ws/build/turtlebot3_example/build/lib/turtlebot3_example/turtlebot3_patrol_server
[1.225s] copying turtlebot3_example/turtlebot3_patrol_server/main.py -> /home/khanh247/software_simulation/turtlebot3_ws/build/turtlebot3_example/build/lib/turtlebot3_example/turtlebot3_patrol_server
[1.226s] copying turtlebot3_example/turtlebot3_obstacle_detection/__init__.py -> /home/khanh247/software_simulation/turtlebot3_ws/build/turtlebot3_example/build/lib/turtlebot3_example/turtlebot3_obstacle_detection
[1.226s] copying turtlebot3_example/turtlebot3_obstacle_detection/turtlebot3_obstacle_detection.py -> /home/khanh247/software_simulation/turtlebot3_ws/build/turtlebot3_example/build/lib/turtlebot3_example/turtlebot3_obstacle_detection
[1.226s] copying turtlebot3_example/turtlebot3_obstacle_detection/main.py -> /home/khanh247/software_simulation/turtlebot3_ws/build/turtlebot3_example/build/lib/turtlebot3_example/turtlebot3_obstacle_detection
[1.226s] copying turtlebot3_example/turtlebot3_position_control/turtlebot3_position_control.py -> /home/khanh247/software_simulation/turtlebot3_ws/build/turtlebot3_example/build/lib/turtlebot3_example/turtlebot3_position_control
[1.226s] copying turtlebot3_example/turtlebot3_position_control/__init__.py -> /home/khanh247/software_simulation/turtlebot3_ws/build/turtlebot3_example/build/lib/turtlebot3_example/turtlebot3_position_control
[1.226s] copying turtlebot3_example/turtlebot3_position_control/turtlebot3_path.py -> /home/khanh247/software_simulation/turtlebot3_ws/build/turtlebot3_example/build/lib/turtlebot3_example/turtlebot3_position_control
[1.226s] copying turtlebot3_example/turtlebot3_position_control/main.py -> /home/khanh247/software_simulation/turtlebot3_ws/build/turtlebot3_example/build/lib/turtlebot3_example/turtlebot3_position_control
[1.227s] running install
[1.232s] running install_lib
[1.256s] running install_data
[1.256s] copying resource/turtlebot3_example -> /home/khanh247/software_simulation/turtlebot3_ws/install/turtlebot3_example/share/ament_index/resource_index/packages
[1.257s] copying package.xml -> /home/khanh247/software_simulation/turtlebot3_ws/install/turtlebot3_example/share/turtlebot3_example
[1.257s] running install_egg_info
[1.281s] removing '/home/khanh247/software_simulation/turtlebot3_ws/install/turtlebot3_example/lib/python3.10/site-packages/turtlebot3_example-2.1.5-py3.10.egg-info' (and everything under it)
[1.281s] Copying ../../../build/turtlebot3_example/turtlebot3_example.egg-info to /home/khanh247/software_simulation/turtlebot3_ws/install/turtlebot3_example/lib/python3.10/site-packages/turtlebot3_example-2.1.5-py3.10.egg-info
[1.282s] running install_scripts
[1.423s] Installing turtlebot3_obstacle_detection script to /home/khanh247/software_simulation/turtlebot3_ws/install/turtlebot3_example/lib/turtlebot3_example
[1.423s] Installing turtlebot3_patrol_client script to /home/khanh247/software_simulation/turtlebot3_ws/install/turtlebot3_example/lib/turtlebot3_example
[1.423s] Installing turtlebot3_patrol_server script to /home/khanh247/software_simulation/turtlebot3_ws/install/turtlebot3_example/lib/turtlebot3_example
[1.424s] Installing turtlebot3_position_control script to /home/khanh247/software_simulation/turtlebot3_ws/install/turtlebot3_example/lib/turtlebot3_example
[1.424s] writing list of installed files to '/home/khanh247/software_simulation/turtlebot3_ws/build/turtlebot3_example/install.log'
[1.474s] Invoked command in '/home/khanh247/software_simulation/turtlebot3_ws/src/turtlebot3/turtlebot3_example' returned '0': AMENT_PREFIX_PATH=/home/khanh247/software_simulation/turtlebot3_ws/install/turtlebot3_msgs:${AMENT_PREFIX_PATH} CMAKE_PREFIX_PATH=/home/khanh247/software_simulation/turtlebot3_ws/install/turtlebot3_msgs LD_LIBRARY_PATH=/home/khanh247/software_simulation/turtlebot3_ws/install/turtlebot3_msgs/lib:${LD_LIBRARY_PATH} PYTHONPATH=/home/khanh247/software_simulation/turtlebot3_ws/build/turtlebot3_example/prefix_override:/usr/lib/python3/dist-packages/colcon_core/task/python/colcon_distutils_commands:/home/khanh247/software_simulation/turtlebot3_ws/install/turtlebot3_example/lib/python3.10/site-packages:/home/khanh247/software_simulation/turtlebot3_ws/install/turtlebot3_msgs/local/lib/python3.10/dist-packages:${PYTHONPATH} /usr/bin/python3 -W ignore:setup.py install is deprecated setup.py egg_info --egg-base ../../../build/turtlebot3_example build --build-base /home/khanh247/software_simulation/turtlebot3_ws/build/turtlebot3_example/build install --record /home/khanh247/software_simulation/turtlebot3_ws/build/turtlebot3_example/install.log --single-version-externally-managed install_data
