[0.031s] Invoking command in '/home/khanh247/software_simulation/turtlebot3_ws/build/nav2_behavior_tree': AMENT_PREFIX_PATH=/home/khanh247/software_simulation/turtlebot3_ws/install/nav2_util:/home/khanh247/software_simulation/turtlebot3_ws/install/nav2_msgs:/home/khanh247/software_simulation/turtlebot3_ws/install/nav2_common:${AMENT_PREFIX_PATH} CMAKE_PREFIX_PATH=/home/khanh247/software_simulation/turtlebot3_ws/install/nav2_util:/home/khanh247/software_simulation/turtlebot3_ws/install/nav2_msgs:/home/khanh247/software_simulation/turtlebot3_ws/install/nav2_common:/opt/ros/humble LD_LIBRARY_PATH=/home/khanh247/software_simulation/turtlebot3_ws/install/nav2_util/lib:/home/khanh247/software_simulation/turtlebot3_ws/install/nav2_msgs/lib:${LD_LIBRARY_PATH} PYTHONPATH=/home/khanh247/software_simulation/turtlebot3_ws/install/nav2_msgs/local/lib/python3.10/dist-packages:/home/khanh247/software_simulation/turtlebot3_ws/install/nav2_common/local/lib/python3.10/dist-packages:${PYTHONPATH} /usr/bin/cmake --build /home/khanh247/software_simulation/turtlebot3_ws/build/nav2_behavior_tree -- -j16 -l16
[0.155s] [  2%] Built target nav2_compute_path_to_pose_action_bt_node
[0.155s] [  2%] Built target nav2_behavior_tree
[0.157s] [  3%] Built target nav2_compute_path_through_poses_action_bt_node
[0.157s] [  4%] Built target nav2_back_up_cancel_bt_node
[0.165s] [  6%] Built target nav2_wait_cancel_bt_node
[0.165s] [  6%] Built target nav2_controller_cancel_bt_node
[0.165s] [  7%] Built target nav2_spin_cancel_bt_node
[0.166s] [  7%] Built target nav2_smooth_path_action_bt_node
[0.173s] [  8%] Built target nav2_drive_on_heading_cancel_bt_node
[0.173s] [  9%] Built target nav2_assisted_teleop_cancel_bt_node
[0.174s] [ 10%] Built target nav2_follow_path_action_bt_node
[0.174s] [ 11%] Built target nav2_drive_on_heading_bt_node
[0.175s] [ 12%] Built target nav2_back_up_action_bt_node
[0.175s] [ 13%] Built target nav2_spin_action_bt_node
[0.180s] [ 14%] Built target nav2_wait_action_bt_node
[0.182s] [ 15%] Built target nav2_assisted_teleop_action_bt_node
[0.230s] [ 19%] Built target nav2_time_expired_condition_bt_node
[0.230s] [ 19%] Built target nav2_goal_reached_condition_bt_node
[0.230s] [ 19%] Built target nav2_clear_costmap_service_bt_node
[0.231s] [ 19%] Built target nav2_globally_updated_goal_condition_bt_node
[0.231s] [ 20%] Built target nav2_is_path_valid_condition_bt_node
[0.234s] [ 21%] Built target nav2_is_stuck_condition_bt_node
[0.235s] [ 22%] Built target nav2_transform_available_condition_bt_node
[0.235s] [ 23%] Built target nav2_rate_controller_bt_node
[0.237s] [ 24%] Built target nav2_path_expiring_timer_condition
[0.237s] [ 25%] Built target nav2_distance_traveled_condition_bt_node
[0.240s] [ 26%] Built target nav2_initial_pose_received_condition_bt_node
[0.240s] [ 27%] Built target nav2_goal_updated_condition_bt_node
[0.240s] [ 27%] Built target nav2_is_battery_charging_condition_bt_node
[0.242s] [ 28%] Built target nav2_reinitialize_global_localization_service_bt_node
[0.242s] [ 29%] Built target nav2_distance_controller_bt_node
[0.244s] [ 30%] Built target nav2_is_battery_low_condition_bt_node
[0.279s] [ 31%] Built target nav2_speed_controller_bt_node
[0.281s] [ 32%] Built target nav2_truncate_path_local_action_bt_node
[0.282s] [ 33%] Built target nav2_pipeline_sequence_bt_node
[0.282s] [ 34%] Built target nav2_goal_updater_node_bt_node
[0.282s] [ 35%] Built target nav2_truncate_path_action_bt_node
[0.289s] [ 37%] Built target nav2_recovery_node_bt_node
[0.289s] [ 37%] Built target nav2_path_longer_on_approach_bt_node
[0.289s] [ 38%] Built target nav2_remove_passed_goals_action_bt_node
[0.290s] [ 40%] Built target nav2_navigate_through_poses_action_bt_node
[0.290s] [ 40%] Built target nav2_planner_selector_bt_node
[0.291s] [ 41%] Built target nav2_single_trigger_bt_node
[0.292s] [ 42%] Built target nav2_controller_selector_bt_node
[0.298s] [ 44%] Built target nav2_navigate_to_pose_action_bt_node
[0.298s] [ 44%] Built target nav2_round_robin_node_bt_node
[0.298s] [ 45%] Built target nav2_smoother_selector_bt_node
[0.298s] [ 46%] Built target nav2_get_pose_from_path_action_bt_node
[0.319s] [ 47%] Built target gtest_main
[0.319s] [ 48%] Built target gtest
[0.320s] [ 48%] Built target nav2_progress_checker_selector_bt_node
[0.322s] [ 49%] Built target nav2_goal_checker_selector_bt_node
[0.324s] [ 50%] Built target nav2_goal_updated_controller_bt_node
[0.380s] [ 51%] Built target test_bt_conversions
[0.388s] [ 52%] Built target test_condition_goal_reached
[0.394s] [ 53%] Built target test_condition_globally_updated_goal
[0.394s] [ 54%] Built target test_condition_is_battery_charging
[0.402s] [ 55%] Built target test_condition_distance_traveled
[0.404s] [ 56%] Built target test_decorator_speed_controller
[0.410s] [ 57%] Built target test_decorator_rate_controller
[0.423s] [ 58%] Built target test_condition_is_battery_low
[0.426s] [ 59%] Built target test_condition_path_expiring_timer
[0.426s] [ 61%] Built target test_condition_goal_updated
[0.426s] [ 61%] Built target test_condition_time_expired
[0.426s] [ 61%] Built target test_condition_transform_available
[0.426s] [ 62%] Built target test_condition_is_stuck
[0.429s] [ 63%] Built target test_condition_is_path_valid
[0.429s] [ 64%] Built target test_decorator_distance_controller
[0.434s] [ 65%] Built target test_condition_initial_pose_received
[0.483s] [ 67%] Built target test_decorator_path_longer_on_approach
[0.483s] [ 67%] Built target test_single_trigger_node
[0.483s] [ 68%] Built target test_goal_updater_node
[0.488s] [ 70%] Built target test_goal_updated_controller
[0.488s] [ 70%] Built target test_control_pipeline_sequence
[0.489s] [ 71%] Built target test_control_recovery_node
[0.490s] [ 72%] Built target test_action_back_up_action
[0.490s] [ 73%] Built target test_action_wait_action
[0.491s] [ 74%] Built target test_action_spin_action
[0.492s] [ 76%] Built target test_action_wait_cancel_action
[0.492s] [ 76%] Built target test_action_assisted_teleop_action
[0.495s] [ 77%] Built target test_action_drive_on_heading
[0.498s] [ 78%] Built target test_action_spin_cancel_action
[0.498s] [ 79%] Built target test_action_controller_cancel_action
[0.498s] [ 80%] Built target test_control_round_robin_node
[0.500s] [ 81%] Built target test_bt_action_node
[0.531s] [ 82%] Built target test_action_back_up_cancel_action
[0.533s] [ 83%] Built target test_action_assisted_teleop_cancel_action
[0.534s] [ 84%] Built target test_action_reinitialize_global_localization_service
[0.535s] [ 85%] Built target test_action_clear_costmap_service
[0.537s] [ 86%] Built target test_action_compute_path_through_poses_action
[0.539s] [ 87%] Built target test_action_smooth_path_action
[0.544s] [ 88%] Built target test_action_compute_path_to_pose_action
[0.545s] [ 89%] Built target test_action_follow_path_action
[0.545s] [ 89%] Built target test_remove_passed_goals_action
[0.545s] [ 90%] Built target test_action_drive_on_heading_cancel_action
[0.545s] [ 91%] Built target test_get_pose_from_path_action
[0.546s] [ 93%] Built target test_action_navigate_to_pose_action
[0.546s] [ 93%] Built target test_truncate_path_local_action
[0.548s] [ 94%] Built target test_truncate_path_action
[0.552s] [ 96%] Built target test_action_navigate_through_poses_action
[0.552s] [ 96%] Built target test_planner_selector_node
[0.570s] [ 97%] Built target test_controller_selector_node
[0.571s] [ 98%] Built target test_smoother_selector_node
[0.573s] [ 99%] Built target test_goal_checker_selector_node
[0.574s] [100%] Built target test_progress_checker_selector_node
[0.585s] Invoked command in '/home/khanh247/software_simulation/turtlebot3_ws/build/nav2_behavior_tree' returned '0': AMENT_PREFIX_PATH=/home/khanh247/software_simulation/turtlebot3_ws/install/nav2_util:/home/khanh247/software_simulation/turtlebot3_ws/install/nav2_msgs:/home/khanh247/software_simulation/turtlebot3_ws/install/nav2_common:${AMENT_PREFIX_PATH} CMAKE_PREFIX_PATH=/home/khanh247/software_simulation/turtlebot3_ws/install/nav2_util:/home/khanh247/software_simulation/turtlebot3_ws/install/nav2_msgs:/home/khanh247/software_simulation/turtlebot3_ws/install/nav2_common:/opt/ros/humble LD_LIBRARY_PATH=/home/khanh247/software_simulation/turtlebot3_ws/install/nav2_util/lib:/home/khanh247/software_simulation/turtlebot3_ws/install/nav2_msgs/lib:${LD_LIBRARY_PATH} PYTHONPATH=/home/khanh247/software_simulation/turtlebot3_ws/install/nav2_msgs/local/lib/python3.10/dist-packages:/home/khanh247/software_simulation/turtlebot3_ws/install/nav2_common/local/lib/python3.10/dist-packages:${PYTHONPATH} /usr/bin/cmake --build /home/khanh247/software_simulation/turtlebot3_ws/build/nav2_behavior_tree -- -j16 -l16
[0.754s] Invoking command in '/home/khanh247/software_simulation/turtlebot3_ws/build/nav2_behavior_tree': AMENT_PREFIX_PATH=/home/khanh247/software_simulation/turtlebot3_ws/install/nav2_util:/home/khanh247/software_simulation/turtlebot3_ws/install/nav2_msgs:/home/khanh247/software_simulation/turtlebot3_ws/install/nav2_common:${AMENT_PREFIX_PATH} CMAKE_PREFIX_PATH=/home/khanh247/software_simulation/turtlebot3_ws/install/nav2_util:/home/khanh247/software_simulation/turtlebot3_ws/install/nav2_msgs:/home/khanh247/software_simulation/turtlebot3_ws/install/nav2_common:/opt/ros/humble LD_LIBRARY_PATH=/home/khanh247/software_simulation/turtlebot3_ws/install/nav2_util/lib:/home/khanh247/software_simulation/turtlebot3_ws/install/nav2_msgs/lib:${LD_LIBRARY_PATH} PYTHONPATH=/home/khanh247/software_simulation/turtlebot3_ws/install/nav2_msgs/local/lib/python3.10/dist-packages:/home/khanh247/software_simulation/turtlebot3_ws/install/nav2_common/local/lib/python3.10/dist-packages:${PYTHONPATH} /usr/bin/cmake --install /home/khanh247/software_simulation/turtlebot3_ws/build/nav2_behavior_tree
[0.762s] -- Install configuration: "Release"
[0.763s] -- Up-to-date: /home/khanh247/software_simulation/turtlebot3_ws/install/nav2_behavior_tree/lib/libnav2_behavior_tree.so
[0.764s] -- Up-to-date: /home/khanh247/software_simulation/turtlebot3_ws/install/nav2_behavior_tree/lib/libnav2_compute_path_to_pose_action_bt_node.so
[0.765s] -- Up-to-date: /home/khanh247/software_simulation/turtlebot3_ws/install/nav2_behavior_tree/lib/libnav2_compute_path_through_poses_action_bt_node.so
[0.765s] -- Up-to-date: /home/khanh247/software_simulation/turtlebot3_ws/install/nav2_behavior_tree/lib/libnav2_controller_cancel_bt_node.so
[0.767s] -- Up-to-date: /home/khanh247/software_simulation/turtlebot3_ws/install/nav2_behavior_tree/lib/libnav2_wait_cancel_bt_node.so
[0.767s] -- Up-to-date: /home/khanh247/software_simulation/turtlebot3_ws/install/nav2_behavior_tree/lib/libnav2_spin_cancel_bt_node.so
[0.768s] -- Up-to-date: /home/khanh247/software_simulation/turtlebot3_ws/install/nav2_behavior_tree/lib/libnav2_back_up_cancel_bt_node.so
[0.769s] -- Up-to-date: /home/khanh247/software_simulation/turtlebot3_ws/install/nav2_behavior_tree/lib/libnav2_assisted_teleop_cancel_bt_node.so
[0.770s] -- Up-to-date: /home/khanh247/software_simulation/turtlebot3_ws/install/nav2_behavior_tree/lib/libnav2_drive_on_heading_cancel_bt_node.so
[0.771s] -- Up-to-date: /home/khanh247/software_simulation/turtlebot3_ws/install/nav2_behavior_tree/lib/libnav2_smooth_path_action_bt_node.so
[0.772s] -- Up-to-date: /home/khanh247/software_simulation/turtlebot3_ws/install/nav2_behavior_tree/lib/libnav2_follow_path_action_bt_node.so
[0.774s] -- Up-to-date: /home/khanh247/software_simulation/turtlebot3_ws/install/nav2_behavior_tree/lib/libnav2_back_up_action_bt_node.so
[0.775s] -- Up-to-date: /home/khanh247/software_simulation/turtlebot3_ws/install/nav2_behavior_tree/lib/libnav2_drive_on_heading_bt_node.so
[0.776s] -- Up-to-date: /home/khanh247/software_simulation/turtlebot3_ws/install/nav2_behavior_tree/lib/libnav2_spin_action_bt_node.so
[0.777s] -- Up-to-date: /home/khanh247/software_simulation/turtlebot3_ws/install/nav2_behavior_tree/lib/libnav2_wait_action_bt_node.so
[0.778s] -- Up-to-date: /home/khanh247/software_simulation/turtlebot3_ws/install/nav2_behavior_tree/lib/libnav2_assisted_teleop_action_bt_node.so
[0.780s] -- Up-to-date: /home/khanh247/software_simulation/turtlebot3_ws/install/nav2_behavior_tree/lib/libnav2_clear_costmap_service_bt_node.so
[0.781s] -- Up-to-date: /home/khanh247/software_simulation/turtlebot3_ws/install/nav2_behavior_tree/lib/libnav2_is_stuck_condition_bt_node.so
[0.782s] -- Up-to-date: /home/khanh247/software_simulation/turtlebot3_ws/install/nav2_behavior_tree/lib/libnav2_transform_available_condition_bt_node.so
[0.783s] -- Up-to-date: /home/khanh247/software_simulation/turtlebot3_ws/install/nav2_behavior_tree/lib/libnav2_goal_reached_condition_bt_node.so
[0.784s] -- Up-to-date: /home/khanh247/software_simulation/turtlebot3_ws/install/nav2_behavior_tree/lib/libnav2_globally_updated_goal_condition_bt_node.so
[0.785s] -- Up-to-date: /home/khanh247/software_simulation/turtlebot3_ws/install/nav2_behavior_tree/lib/libnav2_goal_updated_condition_bt_node.so
[0.786s] -- Up-to-date: /home/khanh247/software_simulation/turtlebot3_ws/install/nav2_behavior_tree/lib/libnav2_is_path_valid_condition_bt_node.so
[0.787s] -- Up-to-date: /home/khanh247/software_simulation/turtlebot3_ws/install/nav2_behavior_tree/lib/libnav2_time_expired_condition_bt_node.so
[0.787s] -- Up-to-date: /home/khanh247/software_simulation/turtlebot3_ws/install/nav2_behavior_tree/lib/libnav2_path_expiring_timer_condition.so
[0.788s] -- Up-to-date: /home/khanh247/software_simulation/turtlebot3_ws/install/nav2_behavior_tree/lib/libnav2_distance_traveled_condition_bt_node.so
[0.789s] -- Up-to-date: /home/khanh247/software_simulation/turtlebot3_ws/install/nav2_behavior_tree/lib/libnav2_initial_pose_received_condition_bt_node.so
[0.790s] -- Up-to-date: /home/khanh247/software_simulation/turtlebot3_ws/install/nav2_behavior_tree/lib/libnav2_is_battery_charging_condition_bt_node.so
[0.792s] -- Up-to-date: /home/khanh247/software_simulation/turtlebot3_ws/install/nav2_behavior_tree/lib/libnav2_is_battery_low_condition_bt_node.so
[0.793s] -- Up-to-date: /home/khanh247/software_simulation/turtlebot3_ws/install/nav2_behavior_tree/lib/libnav2_reinitialize_global_localization_service_bt_node.so
[0.793s] -- Up-to-date: /home/khanh247/software_simulation/turtlebot3_ws/install/nav2_behavior_tree/lib/libnav2_rate_controller_bt_node.so
[0.794s] -- Up-to-date: /home/khanh247/software_simulation/turtlebot3_ws/install/nav2_behavior_tree/lib/libnav2_distance_controller_bt_node.so
[0.795s] -- Up-to-date: /home/khanh247/software_simulation/turtlebot3_ws/install/nav2_behavior_tree/lib/libnav2_speed_controller_bt_node.so
[0.796s] -- Up-to-date: /home/khanh247/software_simulation/turtlebot3_ws/install/nav2_behavior_tree/lib/libnav2_truncate_path_action_bt_node.so
[0.797s] -- Up-to-date: /home/khanh247/software_simulation/turtlebot3_ws/install/nav2_behavior_tree/lib/libnav2_truncate_path_local_action_bt_node.so
[0.798s] -- Up-to-date: /home/khanh247/software_simulation/turtlebot3_ws/install/nav2_behavior_tree/lib/libnav2_goal_updater_node_bt_node.so
[0.799s] -- Up-to-date: /home/khanh247/software_simulation/turtlebot3_ws/install/nav2_behavior_tree/lib/libnav2_path_longer_on_approach_bt_node.so
[0.801s] -- Up-to-date: /home/khanh247/software_simulation/turtlebot3_ws/install/nav2_behavior_tree/lib/libnav2_recovery_node_bt_node.so
[0.801s] -- Up-to-date: /home/khanh247/software_simulation/turtlebot3_ws/install/nav2_behavior_tree/lib/libnav2_navigate_to_pose_action_bt_node.so
[0.802s] -- Up-to-date: /home/khanh247/software_simulation/turtlebot3_ws/install/nav2_behavior_tree/lib/libnav2_navigate_through_poses_action_bt_node.so
[0.803s] -- Up-to-date: /home/khanh247/software_simulation/turtlebot3_ws/install/nav2_behavior_tree/lib/libnav2_remove_passed_goals_action_bt_node.so
[0.804s] -- Up-to-date: /home/khanh247/software_simulation/turtlebot3_ws/install/nav2_behavior_tree/lib/libnav2_get_pose_from_path_action_bt_node.so
[0.805s] -- Up-to-date: /home/khanh247/software_simulation/turtlebot3_ws/install/nav2_behavior_tree/lib/libnav2_pipeline_sequence_bt_node.so
[0.806s] -- Up-to-date: /home/khanh247/software_simulation/turtlebot3_ws/install/nav2_behavior_tree/lib/libnav2_round_robin_node_bt_node.so
[0.807s] -- Up-to-date: /home/khanh247/software_simulation/turtlebot3_ws/install/nav2_behavior_tree/lib/libnav2_single_trigger_bt_node.so
[0.808s] -- Up-to-date: /home/khanh247/software_simulation/turtlebot3_ws/install/nav2_behavior_tree/lib/libnav2_planner_selector_bt_node.so
[0.809s] -- Up-to-date: /home/khanh247/software_simulation/turtlebot3_ws/install/nav2_behavior_tree/lib/libnav2_controller_selector_bt_node.so
[0.811s] -- Up-to-date: /home/khanh247/software_simulation/turtlebot3_ws/install/nav2_behavior_tree/lib/libnav2_smoother_selector_bt_node.so
[0.812s] -- Up-to-date: /home/khanh247/software_simulation/turtlebot3_ws/install/nav2_behavior_tree/lib/libnav2_goal_checker_selector_bt_node.so
[0.813s] -- Up-to-date: /home/khanh247/software_simulation/turtlebot3_ws/install/nav2_behavior_tree/lib/libnav2_progress_checker_selector_bt_node.so
[0.818s] -- Up-to-date: /home/khanh247/software_simulation/turtlebot3_ws/install/nav2_behavior_tree/lib/libnav2_goal_updated_controller_bt_node.so
[0.819s] -- Up-to-date: /home/khanh247/software_simulation/turtlebot3_ws/install/nav2_behavior_tree/include/
[0.819s] -- Up-to-date: /home/khanh247/software_simulation/turtlebot3_ws/install/nav2_behavior_tree/include//nav2_behavior_tree
[0.819s] -- Up-to-date: /home/khanh247/software_simulation/turtlebot3_ws/install/nav2_behavior_tree/include//nav2_behavior_tree/bt_service_node.hpp
[0.819s] -- Up-to-date: /home/khanh247/software_simulation/turtlebot3_ws/install/nav2_behavior_tree/include//nav2_behavior_tree/bt_action_server.hpp
[0.819s] -- Up-to-date: /home/khanh247/software_simulation/turtlebot3_ws/install/nav2_behavior_tree/include//nav2_behavior_tree/plugins
[0.819s] -- Up-to-date: /home/khanh247/software_simulation/turtlebot3_ws/install/nav2_behavior_tree/include//nav2_behavior_tree/plugins/control
[0.819s] -- Up-to-date: /home/khanh247/software_simulation/turtlebot3_ws/install/nav2_behavior_tree/include//nav2_behavior_tree/plugins/control/pipeline_sequence.hpp
[0.819s] -- Up-to-date: /home/khanh247/software_simulation/turtlebot3_ws/install/nav2_behavior_tree/include//nav2_behavior_tree/plugins/control/recovery_node.hpp
[0.819s] -- Up-to-date: /home/khanh247/software_simulation/turtlebot3_ws/install/nav2_behavior_tree/include//nav2_behavior_tree/plugins/control/round_robin_node.hpp
[0.819s] -- Up-to-date: /home/khanh247/software_simulation/turtlebot3_ws/install/nav2_behavior_tree/include//nav2_behavior_tree/plugins/condition
[0.819s] -- Up-to-date: /home/khanh247/software_simulation/turtlebot3_ws/install/nav2_behavior_tree/include//nav2_behavior_tree/plugins/condition/globally_updated_goal_condition.hpp
[0.819s] -- Up-to-date: /home/khanh247/software_simulation/turtlebot3_ws/install/nav2_behavior_tree/include//nav2_behavior_tree/plugins/condition/time_expired_condition.hpp
[0.820s] -- Up-to-date: /home/khanh247/software_simulation/turtlebot3_ws/install/nav2_behavior_tree/include//nav2_behavior_tree/plugins/condition/transform_available_condition.hpp
[0.820s] -- Up-to-date: /home/khanh247/software_simulation/turtlebot3_ws/install/nav2_behavior_tree/include//nav2_behavior_tree/plugins/condition/initial_pose_received_condition.hpp
[0.820s] -- Up-to-date: /home/khanh247/software_simulation/turtlebot3_ws/install/nav2_behavior_tree/include//nav2_behavior_tree/plugins/condition/goal_reached_condition.hpp
[0.821s] -- Up-to-date: /home/khanh247/software_simulation/turtlebot3_ws/install/nav2_behavior_tree/include//nav2_behavior_tree/plugins/condition/is_path_valid_condition.hpp
[0.821s] -- Up-to-date: /home/khanh247/software_simulation/turtlebot3_ws/install/nav2_behavior_tree/include//nav2_behavior_tree/plugins/condition/distance_traveled_condition.hpp
[0.821s] -- Up-to-date: /home/khanh247/software_simulation/turtlebot3_ws/install/nav2_behavior_tree/include//nav2_behavior_tree/plugins/condition/path_expiring_timer_condition.hpp
[0.821s] -- Up-to-date: /home/khanh247/software_simulation/turtlebot3_ws/install/nav2_behavior_tree/include//nav2_behavior_tree/plugins/condition/is_battery_low_condition.hpp
[0.821s] -- Up-to-date: /home/khanh247/software_simulation/turtlebot3_ws/install/nav2_behavior_tree/include//nav2_behavior_tree/plugins/condition/is_stuck_condition.hpp
[0.821s] -- Up-to-date: /home/khanh247/software_simulation/turtlebot3_ws/install/nav2_behavior_tree/include//nav2_behavior_tree/plugins/condition/goal_updated_condition.hpp
[0.821s] -- Up-to-date: /home/khanh247/software_simulation/turtlebot3_ws/install/nav2_behavior_tree/include//nav2_behavior_tree/plugins/condition/is_battery_charging_condition.hpp
[0.822s] -- Up-to-date: /home/khanh247/software_simulation/turtlebot3_ws/install/nav2_behavior_tree/include//nav2_behavior_tree/plugins/decorator
[0.822s] -- Up-to-date: /home/khanh247/software_simulation/turtlebot3_ws/install/nav2_behavior_tree/include//nav2_behavior_tree/plugins/decorator/distance_controller.hpp
[0.822s] -- Up-to-date: /home/khanh247/software_simulation/turtlebot3_ws/install/nav2_behavior_tree/include//nav2_behavior_tree/plugins/decorator/goal_updater_node.hpp
[0.822s] -- Up-to-date: /home/khanh247/software_simulation/turtlebot3_ws/install/nav2_behavior_tree/include//nav2_behavior_tree/plugins/decorator/single_trigger_node.hpp
[0.822s] -- Up-to-date: /home/khanh247/software_simulation/turtlebot3_ws/install/nav2_behavior_tree/include//nav2_behavior_tree/plugins/decorator/speed_controller.hpp
[0.822s] -- Up-to-date: /home/khanh247/software_simulation/turtlebot3_ws/install/nav2_behavior_tree/include//nav2_behavior_tree/plugins/decorator/path_longer_on_approach.hpp
[0.823s] -- Up-to-date: /home/khanh247/software_simulation/turtlebot3_ws/install/nav2_behavior_tree/include//nav2_behavior_tree/plugins/decorator/goal_updated_controller.hpp
[0.823s] -- Up-to-date: /home/khanh247/software_simulation/turtlebot3_ws/install/nav2_behavior_tree/include//nav2_behavior_tree/plugins/decorator/rate_controller.hpp
[0.823s] -- Up-to-date: /home/khanh247/software_simulation/turtlebot3_ws/install/nav2_behavior_tree/include//nav2_behavior_tree/plugins/action
[0.823s] -- Up-to-date: /home/khanh247/software_simulation/turtlebot3_ws/install/nav2_behavior_tree/include//nav2_behavior_tree/plugins/action/back_up_cancel_node.hpp
[0.824s] -- Up-to-date: /home/khanh247/software_simulation/turtlebot3_ws/install/nav2_behavior_tree/include//nav2_behavior_tree/plugins/action/controller_selector_node.hpp
[0.824s] -- Up-to-date: /home/khanh247/software_simulation/turtlebot3_ws/install/nav2_behavior_tree/include//nav2_behavior_tree/plugins/action/wait_cancel_node.hpp
[0.824s] -- Up-to-date: /home/khanh247/software_simulation/turtlebot3_ws/install/nav2_behavior_tree/include//nav2_behavior_tree/plugins/action/get_pose_from_path_action.hpp
[0.824s] -- Up-to-date: /home/khanh247/software_simulation/turtlebot3_ws/install/nav2_behavior_tree/include//nav2_behavior_tree/plugins/action/smoother_selector_node.hpp
[0.824s] -- Up-to-date: /home/khanh247/software_simulation/turtlebot3_ws/install/nav2_behavior_tree/include//nav2_behavior_tree/plugins/action/back_up_action.hpp
[0.824s] -- Up-to-date: /home/khanh247/software_simulation/turtlebot3_ws/install/nav2_behavior_tree/include//nav2_behavior_tree/plugins/action/compute_path_to_pose_action.hpp
[0.825s] -- Up-to-date: /home/khanh247/software_simulation/turtlebot3_ws/install/nav2_behavior_tree/include//nav2_behavior_tree/plugins/action/goal_checker_selector_node.hpp
[0.825s] -- Up-to-date: /home/khanh247/software_simulation/turtlebot3_ws/install/nav2_behavior_tree/include//nav2_behavior_tree/plugins/action/drive_on_heading_cancel_node.hpp
[0.825s] -- Up-to-date: /home/khanh247/software_simulation/turtlebot3_ws/install/nav2_behavior_tree/include//nav2_behavior_tree/plugins/action/compute_path_through_poses_action.hpp
[0.825s] -- Up-to-date: /home/khanh247/software_simulation/turtlebot3_ws/install/nav2_behavior_tree/include//nav2_behavior_tree/plugins/action/navigate_to_pose_action.hpp
[0.825s] -- Up-to-date: /home/khanh247/software_simulation/turtlebot3_ws/install/nav2_behavior_tree/include//nav2_behavior_tree/plugins/action/truncate_path_action.hpp
[0.825s] -- Up-to-date: /home/khanh247/software_simulation/turtlebot3_ws/install/nav2_behavior_tree/include//nav2_behavior_tree/plugins/action/spin_action.hpp
[0.825s] -- Up-to-date: /home/khanh247/software_simulation/turtlebot3_ws/install/nav2_behavior_tree/include//nav2_behavior_tree/plugins/action/smooth_path_action.hpp
[0.826s] -- Up-to-date: /home/khanh247/software_simulation/turtlebot3_ws/install/nav2_behavior_tree/include//nav2_behavior_tree/plugins/action/spin_cancel_node.hpp
[0.826s] -- Up-to-date: /home/khanh247/software_simulation/turtlebot3_ws/install/nav2_behavior_tree/include//nav2_behavior_tree/plugins/action/remove_passed_goals_action.hpp
[0.826s] -- Up-to-date: /home/khanh247/software_simulation/turtlebot3_ws/install/nav2_behavior_tree/include//nav2_behavior_tree/plugins/action/truncate_path_local_action.hpp
[0.826s] -- Up-to-date: /home/khanh247/software_simulation/turtlebot3_ws/install/nav2_behavior_tree/include//nav2_behavior_tree/plugins/action/follow_path_action.hpp
[0.827s] -- Up-to-date: /home/khanh247/software_simulation/turtlebot3_ws/install/nav2_behavior_tree/include//nav2_behavior_tree/plugins/action/drive_on_heading_action.hpp
[0.827s] -- Up-to-date: /home/khanh247/software_simulation/turtlebot3_ws/install/nav2_behavior_tree/include//nav2_behavior_tree/plugins/action/assisted_teleop_action.hpp
[0.827s] -- Up-to-date: /home/khanh247/software_simulation/turtlebot3_ws/install/nav2_behavior_tree/include//nav2_behavior_tree/plugins/action/reinitialize_global_localization_service.hpp
[0.827s] -- Up-to-date: /home/khanh247/software_simulation/turtlebot3_ws/install/nav2_behavior_tree/include//nav2_behavior_tree/plugins/action/assisted_teleop_cancel_node.hpp
[0.827s] -- Up-to-date: /home/khanh247/software_simulation/turtlebot3_ws/install/nav2_behavior_tree/include//nav2_behavior_tree/plugins/action/progress_checker_selector_node.hpp
[0.827s] -- Up-to-date: /home/khanh247/software_simulation/turtlebot3_ws/install/nav2_behavior_tree/include//nav2_behavior_tree/plugins/action/wait_action.hpp
[0.828s] -- Up-to-date: /home/khanh247/software_simulation/turtlebot3_ws/install/nav2_behavior_tree/include//nav2_behavior_tree/plugins/action/clear_costmap_service.hpp
[0.828s] -- Up-to-date: /home/khanh247/software_simulation/turtlebot3_ws/install/nav2_behavior_tree/include//nav2_behavior_tree/plugins/action/navigate_through_poses_action.hpp
[0.828s] -- Up-to-date: /home/khanh247/software_simulation/turtlebot3_ws/install/nav2_behavior_tree/include//nav2_behavior_tree/plugins/action/planner_selector_node.hpp
[0.828s] -- Up-to-date: /home/khanh247/software_simulation/turtlebot3_ws/install/nav2_behavior_tree/include//nav2_behavior_tree/plugins/action/controller_cancel_node.hpp
[0.828s] -- Up-to-date: /home/khanh247/software_simulation/turtlebot3_ws/install/nav2_behavior_tree/include//nav2_behavior_tree/ros_topic_logger.hpp
[0.829s] -- Up-to-date: /home/khanh247/software_simulation/turtlebot3_ws/install/nav2_behavior_tree/include//nav2_behavior_tree/bt_conversions.hpp
[0.829s] -- Up-to-date: /home/khanh247/software_simulation/turtlebot3_ws/install/nav2_behavior_tree/include//nav2_behavior_tree/bt_action_server_impl.hpp
[0.829s] -- Up-to-date: /home/khanh247/software_simulation/turtlebot3_ws/install/nav2_behavior_tree/include//nav2_behavior_tree/bt_cancel_action_node.hpp
[0.829s] -- Up-to-date: /home/khanh247/software_simulation/turtlebot3_ws/install/nav2_behavior_tree/include//nav2_behavior_tree/bt_action_node.hpp
[0.829s] -- Up-to-date: /home/khanh247/software_simulation/turtlebot3_ws/install/nav2_behavior_tree/include//nav2_behavior_tree/behavior_tree_engine.hpp
[0.829s] -- Up-to-date: /home/khanh247/software_simulation/turtlebot3_ws/install/nav2_behavior_tree/share/nav2_behavior_tree/nav2_tree_nodes.xml
[0.829s] -- Up-to-date: /home/khanh247/software_simulation/turtlebot3_ws/install/nav2_behavior_tree/share/nav2_behavior_tree/environment/library_path.sh
[0.829s] -- Up-to-date: /home/khanh247/software_simulation/turtlebot3_ws/install/nav2_behavior_tree/share/nav2_behavior_tree/environment/library_path.dsv
[0.830s] -- Up-to-date: /home/khanh247/software_simulation/turtlebot3_ws/install/nav2_behavior_tree/share/ament_index/resource_index/package_run_dependencies/nav2_behavior_tree
[0.831s] -- Up-to-date: /home/khanh247/software_simulation/turtlebot3_ws/install/nav2_behavior_tree/share/ament_index/resource_index/parent_prefix_path/nav2_behavior_tree
[0.832s] -- Up-to-date: /home/khanh247/software_simulation/turtlebot3_ws/install/nav2_behavior_tree/share/nav2_behavior_tree/environment/ament_prefix_path.sh
[0.832s] -- Up-to-date: /home/khanh247/software_simulation/turtlebot3_ws/install/nav2_behavior_tree/share/nav2_behavior_tree/environment/ament_prefix_path.dsv
[0.832s] -- Up-to-date: /home/khanh247/software_simulation/turtlebot3_ws/install/nav2_behavior_tree/share/nav2_behavior_tree/environment/path.sh
[0.832s] -- Up-to-date: /home/khanh247/software_simulation/turtlebot3_ws/install/nav2_behavior_tree/share/nav2_behavior_tree/environment/path.dsv
[0.832s] -- Up-to-date: /home/khanh247/software_simulation/turtlebot3_ws/install/nav2_behavior_tree/share/nav2_behavior_tree/local_setup.bash
[0.832s] -- Up-to-date: /home/khanh247/software_simulation/turtlebot3_ws/install/nav2_behavior_tree/share/nav2_behavior_tree/local_setup.sh
[0.832s] -- Up-to-date: /home/khanh247/software_simulation/turtlebot3_ws/install/nav2_behavior_tree/share/nav2_behavior_tree/local_setup.zsh
[0.833s] -- Up-to-date: /home/khanh247/software_simulation/turtlebot3_ws/install/nav2_behavior_tree/share/nav2_behavior_tree/local_setup.dsv
[0.833s] -- Installing: /home/khanh247/software_simulation/turtlebot3_ws/install/nav2_behavior_tree/share/nav2_behavior_tree/package.dsv
[0.833s] -- Up-to-date: /home/khanh247/software_simulation/turtlebot3_ws/install/nav2_behavior_tree/share/ament_index/resource_index/packages/nav2_behavior_tree
[0.833s] -- Up-to-date: /home/khanh247/software_simulation/turtlebot3_ws/install/nav2_behavior_tree/share/nav2_behavior_tree/cmake/ament_cmake_export_include_directories-extras.cmake
[0.833s] -- Up-to-date: /home/khanh247/software_simulation/turtlebot3_ws/install/nav2_behavior_tree/share/nav2_behavior_tree/cmake/ament_cmake_export_libraries-extras.cmake
[0.833s] -- Up-to-date: /home/khanh247/software_simulation/turtlebot3_ws/install/nav2_behavior_tree/share/nav2_behavior_tree/cmake/ament_cmake_export_dependencies-extras.cmake
[0.834s] -- Up-to-date: /home/khanh247/software_simulation/turtlebot3_ws/install/nav2_behavior_tree/share/nav2_behavior_tree/cmake/nav2_behavior_treeConfig.cmake
[0.834s] -- Up-to-date: /home/khanh247/software_simulation/turtlebot3_ws/install/nav2_behavior_tree/share/nav2_behavior_tree/cmake/nav2_behavior_treeConfig-version.cmake
[0.834s] -- Up-to-date: /home/khanh247/software_simulation/turtlebot3_ws/install/nav2_behavior_tree/share/nav2_behavior_tree/package.xml
[0.835s] Invoked command in '/home/khanh247/software_simulation/turtlebot3_ws/build/nav2_behavior_tree' returned '0': AMENT_PREFIX_PATH=/home/khanh247/software_simulation/turtlebot3_ws/install/nav2_util:/home/khanh247/software_simulation/turtlebot3_ws/install/nav2_msgs:/home/khanh247/software_simulation/turtlebot3_ws/install/nav2_common:${AMENT_PREFIX_PATH} CMAKE_PREFIX_PATH=/home/khanh247/software_simulation/turtlebot3_ws/install/nav2_util:/home/khanh247/software_simulation/turtlebot3_ws/install/nav2_msgs:/home/khanh247/software_simulation/turtlebot3_ws/install/nav2_common:/opt/ros/humble LD_LIBRARY_PATH=/home/khanh247/software_simulation/turtlebot3_ws/install/nav2_util/lib:/home/khanh247/software_simulation/turtlebot3_ws/install/nav2_msgs/lib:${LD_LIBRARY_PATH} PYTHONPATH=/home/khanh247/software_simulation/turtlebot3_ws/install/nav2_msgs/local/lib/python3.10/dist-packages:/home/khanh247/software_simulation/turtlebot3_ws/install/nav2_common/local/lib/python3.10/dist-packages:${PYTHONPATH} /usr/bin/cmake --install /home/khanh247/software_simulation/turtlebot3_ws/build/nav2_behavior_tree
