[35m[1mConsolidate compiler generated dependencies of target plu_virtual_wall[0m
[ 25%] [32mBuilding CXX object CMakeFiles/plu_virtual_wall.dir/src/virtual_wall_layer.cpp.o[0m
In file included from [01m[K/opt/ros/humble/include/rclcpp/rclcpp/client.hpp:40[m[K,
                 from [01m[K/opt/ros/humble/include/rclcpp/rclcpp/callback_group.hpp:24[m[K,
                 from [01m[K/opt/ros/humble/include/rclcpp/rclcpp/any_executable.hpp:20[m[K,
                 from [01m[K/opt/ros/humble/include/rclcpp/rclcpp/memory_strategy.hpp:25[m[K,
                 from [01m[K/opt/ros/humble/include/rclcpp/rclcpp/memory_strategies.hpp:18[m[K,
                 from [01m[K/opt/ros/humble/include/rclcpp/rclcpp/executor_options.hpp:20[m[K,
                 from [01m[K/opt/ros/humble/include/rclcpp/rclcpp/executor.hpp:37[m[K,
                 from [01m[K/opt/ros/humble/include/rclcpp/rclcpp/executors/multi_threaded_executor.hpp:25[m[K,
                 from [01m[K/opt/ros/humble/include/rclcpp/rclcpp/executors.hpp:21[m[K,
                 from [01m[K/opt/ros/humble/include/rclcpp/rclcpp/rclcpp.hpp:155[m[K,
                 from [01m[K/home/khanh247/software_simulation/turtlebot3_ws/src/plu_virtual_wall/include/plu_virtual_wall/virtual_wall_layer.hpp:4[m[K,
                 from [01m[K/home/khanh247/software_simulation/turtlebot3_ws/src/plu_virtual_wall/src/virtual_wall_layer.cpp:1[m[K:
[01m[K/home/khanh247/software_simulation/turtlebot3_ws/src/plu_virtual_wall/src/virtual_wall_layer.cpp:[m[K In function ‘[01m[Kvoid virtual_wall_ros2::markPolygonCells(nav2_costmap_2d::Costmap2D&, int, int, int, int)[m[K’:
[01m[K/home/khanh247/software_simulation/turtlebot3_ws/src/plu_virtual_wall/src/virtual_wall_layer.cpp:106:17:[m[K [01;31m[Kerror: [m[K‘[01m[Klogger_[m[K’ was not declared in this scope
  106 |     RCLCPP_INFO([01;31m[Klogger_[m[K, "Đánh dấu các ô trong vùng tường ảo...");
      |                 [01;31m[K^~~~~~~[m[K
[01m[K/home/khanh247/software_simulation/turtlebot3_ws/src/plu_virtual_wall/src/virtual_wall_layer.cpp:106:5:[m[K [01;31m[Kerror: [m[Ktemplate argument 1 is invalid
  106 |     [01;31m[KRCLCPP_INFO[m[K(logger_, "Đánh dấu các ô trong vùng tường ảo...");
      |     [01;31m[K^~~~~~~~~~~[m[K
[01m[K/home/khanh247/software_simulation/turtlebot3_ws/src/plu_virtual_wall/src/virtual_wall_layer.cpp:106:5:[m[K [01;31m[Kerror: [m[Ktemplate argument 1 is invalid
  106 |     [01;31m[KRCLCPP_INFO[m[K(logger_, "Đánh dấu các ô trong vùng tường ảo...");
      |     [01;31m[K^~~~~~~~~~~[m[K
[01m[K/home/khanh247/software_simulation/turtlebot3_ws/src/plu_virtual_wall/src/virtual_wall_layer.cpp:106:5:[m[K [01;31m[Kerror: [m[Ktemplate argument 1 is invalid
  106 |     [01;31m[KRCLCPP_INFO[m[K(logger_, "Đánh dấu các ô trong vùng tường ảo...");
      |     [01;31m[K^~~~~~~~~~~[m[K
[01m[K/home/khanh247/software_simulation/turtlebot3_ws/src/plu_virtual_wall/src/virtual_wall_layer.cpp:107:9:[m[K [01;31m[Kerror: [m[K‘[01m[Kvirtual_wall_points_[m[K’ was not declared in this scope; did you mean ‘[01m[Kvirtual_wall_ros2[m[K’?
  107 |     if ([01;31m[Kvirtual_wall_points_[m[K.size() < 3)
      |         [01;31m[K^~~~~~~~~~~~~~~~~~~~[m[K
      |         [32m[Kvirtual_wall_ros2[m[K
In file included from [01m[K/opt/ros/humble/include/rclcpp/rclcpp/client.hpp:40[m[K,
                 from [01m[K/opt/ros/humble/include/rclcpp/rclcpp/callback_group.hpp:24[m[K,
                 from [01m[K/opt/ros/humble/include/rclcpp/rclcpp/any_executable.hpp:20[m[K,
                 from [01m[K/opt/ros/humble/include/rclcpp/rclcpp/memory_strategy.hpp:25[m[K,
                 from [01m[K/opt/ros/humble/include/rclcpp/rclcpp/memory_strategies.hpp:18[m[K,
                 from [01m[K/opt/ros/humble/include/rclcpp/rclcpp/executor_options.hpp:20[m[K,
                 from [01m[K/opt/ros/humble/include/rclcpp/rclcpp/executor.hpp:37[m[K,
                 from [01m[K/opt/ros/humble/include/rclcpp/rclcpp/executors/multi_threaded_executor.hpp:25[m[K,
                 from [01m[K/opt/ros/humble/include/rclcpp/rclcpp/executors.hpp:21[m[K,
                 from [01m[K/opt/ros/humble/include/rclcpp/rclcpp/rclcpp.hpp:155[m[K,
                 from [01m[K/home/khanh247/software_simulation/turtlebot3_ws/src/plu_virtual_wall/include/plu_virtual_wall/virtual_wall_layer.hpp:4[m[K,
                 from [01m[K/home/khanh247/software_simulation/turtlebot3_ws/src/plu_virtual_wall/src/virtual_wall_layer.cpp:1[m[K:
[01m[K/home/khanh247/software_simulation/turtlebot3_ws/src/plu_virtual_wall/src/virtual_wall_layer.cpp:109:21:[m[K [01;31m[Kerror: [m[K‘[01m[Klogger_[m[K’ was not declared in this scope
  109 |         RCLCPP_WARN([01;31m[Klogger_[m[K, "Không đủ điểm để tạo thành một đa giác");
      |                     [01;31m[K^~~~~~~[m[K
[01m[K/home/khanh247/software_simulation/turtlebot3_ws/src/plu_virtual_wall/src/virtual_wall_layer.cpp:109:9:[m[K [01;31m[Kerror: [m[Ktemplate argument 1 is invalid
  109 |         [01;31m[KRCLCPP_WARN[m[K(logger_, "Không đủ điểm để tạo thành một đa giác");
      |         [01;31m[K^~~~~~~~~~~[m[K
[01m[K/home/khanh247/software_simulation/turtlebot3_ws/src/plu_virtual_wall/src/virtual_wall_layer.cpp:109:9:[m[K [01;31m[Kerror: [m[Ktemplate argument 1 is invalid
  109 |         [01;31m[KRCLCPP_WARN[m[K(logger_, "Không đủ điểm để tạo thành một đa giác");
      |         [01;31m[K^~~~~~~~~~~[m[K
[01m[K/home/khanh247/software_simulation/turtlebot3_ws/src/plu_virtual_wall/src/virtual_wall_layer.cpp:109:9:[m[K [01;31m[Kerror: [m[Ktemplate argument 1 is invalid
  109 |         [01;31m[KRCLCPP_WARN[m[K(logger_, "Không đủ điểm để tạo thành một đa giác");
      |         [01;31m[K^~~~~~~~~~~[m[K
[01m[K/home/khanh247/software_simulation/turtlebot3_ws/src/plu_virtual_wall/src/virtual_wall_layer.cpp:116:21:[m[K [01;31m[Kerror: [m[K‘[01m[Ktf_buffer_[m[K’ was not declared in this scope
  116 |         transform = [01;31m[Ktf_buffer_[m[K.lookupTransform(global_frame_, "base_link", tf2::TimePointZero);
      |                     [01;31m[K^~~~~~~~~~[m[K
[01m[K/home/khanh247/software_simulation/turtlebot3_ws/src/plu_virtual_wall/src/virtual_wall_layer.cpp:116:48:[m[K [01;31m[Kerror: [m[K‘[01m[Kglobal_frame_[m[K’ was not declared in this scope
  116 | transform = tf_buffer_.lookupTransform([01;31m[Kglobal_frame_[m[K, "base_link", tf2::TimePointZero);
      |                                        [01;31m[K^~~~~~~~~~~~~[m[K

In file included from [01m[K/opt/ros/humble/include/rclcpp/rclcpp/client.hpp:40[m[K,
                 from [01m[K/opt/ros/humble/include/rclcpp/rclcpp/callback_group.hpp:24[m[K,
                 from [01m[K/opt/ros/humble/include/rclcpp/rclcpp/any_executable.hpp:20[m[K,
                 from [01m[K/opt/ros/humble/include/rclcpp/rclcpp/memory_strategy.hpp:25[m[K,
                 from [01m[K/opt/ros/humble/include/rclcpp/rclcpp/memory_strategies.hpp:18[m[K,
                 from [01m[K/opt/ros/humble/include/rclcpp/rclcpp/executor_options.hpp:20[m[K,
                 from [01m[K/opt/ros/humble/include/rclcpp/rclcpp/executor.hpp:37[m[K,
                 from [01m[K/opt/ros/humble/include/rclcpp/rclcpp/executors/multi_threaded_executor.hpp:25[m[K,
                 from [01m[K/opt/ros/humble/include/rclcpp/rclcpp/executors.hpp:21[m[K,
                 from [01m[K/opt/ros/humble/include/rclcpp/rclcpp/rclcpp.hpp:155[m[K,
                 from [01m[K/home/khanh247/software_simulation/turtlebot3_ws/src/plu_virtual_wall/include/plu_virtual_wall/virtual_wall_layer.hpp:4[m[K,
                 from [01m[K/home/khanh247/software_simulation/turtlebot3_ws/src/plu_virtual_wall/src/virtual_wall_layer.cpp:1[m[K:
[01m[K/home/khanh247/software_simulation/turtlebot3_ws/src/plu_virtual_wall/src/virtual_wall_layer.cpp:120:21:[m[K [01;31m[Kerror: [m[K‘[01m[Klogger_[m[K’ was not declared in this scope
  120 |         RCLCPP_WARN([01;31m[Klogger_[m[K, "Không thể biến đổi: %s", ex.what());
      |                     [01;31m[K^~~~~~~[m[K
[01m[K/home/khanh247/software_simulation/turtlebot3_ws/src/plu_virtual_wall/src/virtual_wall_layer.cpp:120:9:[m[K [01;31m[Kerror: [m[Ktemplate argument 1 is invalid
  120 |         [01;31m[KRCLCPP_WARN[m[K(logger_, "Không thể biến đổi: %s", ex.what());
      |         [01;31m[K^~~~~~~~~~~[m[K
[01m[K/home/khanh247/software_simulation/turtlebot3_ws/src/plu_virtual_wall/src/virtual_wall_layer.cpp:120:9:[m[K [01;31m[Kerror: [m[Ktemplate argument 1 is invalid
  120 |         [01;31m[KRCLCPP_WARN[m[K(logger_, "Không thể biến đổi: %s", ex.what());
      |         [01;31m[K^~~~~~~~~~~[m[K
[01m[K/home/khanh247/software_simulation/turtlebot3_ws/src/plu_virtual_wall/src/virtual_wall_layer.cpp:120:9:[m[K [01;31m[Kerror: [m[Ktemplate argument 1 is invalid
  120 |         [01;31m[KRCLCPP_WARN[m[K(logger_, "Không thể biến đổi: %s", ex.what());
      |         [01;31m[K^~~~~~~~~~~[m[K
[01m[K/home/khanh247/software_simulation/turtlebot3_ws/src/plu_virtual_wall/src/virtual_wall_layer.cpp:124:17:[m[K [01;31m[Kerror: [m[K‘[01m[Klogger_[m[K’ was not declared in this scope
  124 |     RCLCPP_INFO([01;31m[Klogger_[m[K, "Đã nhận được biến đổi");
      |                 [01;31m[K^~~~~~~[m[K
[01m[K/home/khanh247/software_simulation/turtlebot3_ws/src/plu_virtual_wall/src/virtual_wall_layer.cpp:124:5:[m[K [01;31m[Kerror: [m[Ktemplate argument 1 is invalid
  124 |     [01;31m[KRCLCPP_INFO[m[K(logger_, "Đã nhận được biến đổi");
      |     [01;31m[K^~~~~~~~~~~[m[K
[01m[K/home/khanh247/software_simulation/turtlebot3_ws/src/plu_virtual_wall/src/virtual_wall_layer.cpp:124:5:[m[K [01;31m[Kerror: [m[Ktemplate argument 1 is invalid
  124 |     [01;31m[KRCLCPP_INFO[m[K(logger_, "Đã nhận được biến đổi");
      |     [01;31m[K^~~~~~~~~~~[m[K
[01m[K/home/khanh247/software_simulation/turtlebot3_ws/src/plu_virtual_wall/src/virtual_wall_layer.cpp:124:5:[m[K [01;31m[Kerror: [m[Ktemplate argument 1 is invalid
  124 |     [01;31m[KRCLCPP_INFO[m[K(logger_, "Đã nhận được biến đổi");
      |     [01;31m[K^~~~~~~~~~~[m[K
[01m[K/home/khanh247/software_simulation/turtlebot3_ws/src/plu_virtual_wall/src/virtual_wall_layer.cpp:126:38:[m[K [01;35m[Kwarning: [m[Kcomparison of integer expressions of different signedness: ‘[01m[Kunsigned int[m[K’ and ‘[01m[Kint[m[K’ [[01;35m[K]8;;https://gcc.gnu.org/onlinedocs/gcc/Warning-Options.html#index-Wsign-compare-Wsign-compare]8;;[m[K]
  126 |     for (unsigned int mx = min_i; [01;35m[Kmx < max_i[m[K; mx++)
      |                                   [01;35m[K~~~^~~~~~~[m[K
[01m[K/home/khanh247/software_simulation/turtlebot3_ws/src/plu_virtual_wall/src/virtual_wall_layer.cpp:128:42:[m[K [01;35m[Kwarning: [m[Kcomparison of integer expressions of different signedness: ‘[01m[Kunsigned int[m[K’ and ‘[01m[Kint[m[K’ [[01;35m[K]8;;https://gcc.gnu.org/onlinedocs/gcc/Warning-Options.html#index-Wsign-compare-Wsign-compare]8;;[m[K]
  128 |       for (unsigned int my = min_j; [01;35m[Kmy < max_j[m[K; my++)
      |                                     [01;35m[K~~~^~~~~~~[m[K

[01m[K/home/khanh247/software_simulation/turtlebot3_ws/src/plu_virtual_wall/src/virtual_wall_layer.cpp:137:40:[m[K [01;31m[Kerror: [m[K‘[01m[Kglobal_frame_[m[K’ was not declared in this scope
  137 |             point_in.header.frame_id = [01;31m[Kglobal_frame_[m[K;
      |                                        [01;31m[K^~~~~~~~~~~~~[m[K
[01m[K/home/khanh247/software_simulation/turtlebot3_ws/src/plu_virtual_wall/src/virtual_wall_layer.cpp:141:72:[m[K [01;31m[Kerror: [m[K‘[01m[Kvirtual_wall_points_[m[K’ was not declared in this scope; did you mean ‘[01m[Kvirtual_wall_ros2[m[K’?
  141 | (point_out.point.x, point_out.point.y, [01;31m[Kvirtual_wall_points_[m[K))
      |                                        [01;31m[K^~~~~~~~~~~~~~~~~~~~[m[K
      |                                        [32m[Kvirtual_wall_ros2[m[K
[01m[K/home/khanh247/software_simulation/turtlebot3_ws/src/plu_virtual_wall/src/virtual_wall_layer.cpp:141:17:[m[K [01;31m[Kerror: [m[K‘[01m[KisPointInPolygon[m[K’ was not declared in this scope
  141 |             if ([01;31m[KisPointInPolygon[m[K(point_out.point.x, point_out.point.y, virtual_wall_points_))
      |                 [01;31m[K^~~~~~~~~~~~~~~~[m[K
In file included from [01m[K/opt/ros/humble/include/rclcpp/rclcpp/client.hpp:40[m[K,
                 from [01m[K/opt/ros/humble/include/rclcpp/rclcpp/callback_group.hpp:24[m[K,
                 from [01m[K/opt/ros/humble/include/rclcpp/rclcpp/any_executable.hpp:20[m[K,
                 from [01m[K/opt/ros/humble/include/rclcpp/rclcpp/memory_strategy.hpp:25[m[K,
                 from [01m[K/opt/ros/humble/include/rclcpp/rclcpp/memory_strategies.hpp:18[m[K,
                 from [01m[K/opt/ros/humble/include/rclcpp/rclcpp/executor_options.hpp:20[m[K,
                 from [01m[K/opt/ros/humble/include/rclcpp/rclcpp/executor.hpp:37[m[K,
                 from [01m[K/opt/ros/humble/include/rclcpp/rclcpp/executors/multi_threaded_executor.hpp:25[m[K,
                 from [01m[K/opt/ros/humble/include/rclcpp/rclcpp/executors.hpp:21[m[K,
                 from [01m[K/opt/ros/humble/include/rclcpp/rclcpp/rclcpp.hpp:155[m[K,
                 from [01m[K/home/khanh247/software_simulation/turtlebot3_ws/src/plu_virtual_wall/include/plu_virtual_wall/virtual_wall_layer.hpp:4[m[K,
                 from [01m[K/home/khanh247/software_simulation/turtlebot3_ws/src/plu_virtual_wall/src/virtual_wall_layer.cpp:1[m[K:
[01m[K/home/khanh247/software_simulation/turtlebot3_ws/src/plu_virtual_wall/src/virtual_wall_layer.cpp:143:29:[m[K [01;31m[Kerror: [m[K‘[01m[Klogger_[m[K’ was not declared in this scope
  143 |                 RCLCPP_INFO([01;31m[Klogger_[m[K, "Đặt chi phí tại (%f, %f)", point_out.point.x, point_out.point.y);
      |                             [01;31m[K^~~~~~~[m[K
[01m[K/home/khanh247/software_simulation/turtlebot3_ws/src/plu_virtual_wall/src/virtual_wall_layer.cpp:143:17:[m[K [01;31m[Kerror: [m[Ktemplate argument 1 is invalid
  143 |                 [01;31m[KRCLCPP_INFO[m[K(logger_, "Đặt chi phí tại (%f, %f)", point_out.point.x, point_out.point.y);
      |                 [01;31m[K^~~~~~~~~~~[m[K
[01m[K/home/khanh247/software_simulation/turtlebot3_ws/src/plu_virtual_wall/src/virtual_wall_layer.cpp:143:17:[m[K [01;31m[Kerror: [m[Ktemplate argument 1 is invalid
  143 |                 [01;31m[KRCLCPP_INFO[m[K(logger_, "Đặt chi phí tại (%f, %f)", point_out.point.x, point_out.point.y);
      |                 [01;31m[K^~~~~~~~~~~[m[K
[01m[K/home/khanh247/software_simulation/turtlebot3_ws/src/plu_virtual_wall/src/virtual_wall_layer.cpp:143:17:[m[K [01;31m[Kerror: [m[Ktemplate argument 1 is invalid
  143 |                 [01;31m[KRCLCPP_INFO[m[K(logger_, "Đặt chi phí tại (%f, %f)", point_out.point.x, point_out.point.y);
      |                 [01;31m[K^~~~~~~~~~~[m[K
gmake[2]: *** [CMakeFiles/plu_virtual_wall.dir/build.make:76: CMakeFiles/plu_virtual_wall.dir/src/virtual_wall_layer.cpp.o] Error 1
gmake[1]: *** [CMakeFiles/Makefile2:139: CMakeFiles/plu_virtual_wall.dir/all] Error 2
gmake: *** [Makefile:146: all] Error 2
