[0.028s] Invoking command in '/home/khanh247/software_simulation/turtlebot3_ws/build/plu_virtual_wall': CMAKE_PREFIX_PATH=/home/khanh247/software_simulation/turtlebot3_ws/install/nav2_costmap_2d:/home/khanh247/software_simulation/turtlebot3_ws/install/nav2_map_server:/home/khanh247/software_simulation/turtlebot3_ws/install/nav2_lifecycle_manager:/home/khanh247/software_simulation/turtlebot3_ws/install/nav2_util:/home/khanh247/software_simulation/turtlebot3_ws/install/nav2_voxel_grid:/home/khanh247/software_simulation/turtlebot3_ws/install/nav2_msgs:/home/khanh247/software_simulation/turtlebot3_ws/install/nav2_common:/home/khanh247/software_simulation/turtlebot3_ws/install/virtual_wall_ros2:/home/khanh247/software_simulation/turtlebot3_ws/install/virtual_wall:/home/khanh247/software_simulation/turtlebot3_ws/install/tutorial_interfaces:/home/khanh247/software_simulation/turtlebot3_ws/install/turtlebot3:/home/khanh247/software_simulation/turtlebot3_ws/install/turtlebot3_simulations:/home/khanh247/software_simulation/turtlebot3_ws/install/turtlebot3_bringup:/home/khanh247/software_simulation/turtlebot3_ws/install/turtlebot3_node:/home/khanh247/software_simulation/turtlebot3_ws/install/turtlebot3_navigation2:/home/khanh247/software_simulation/turtlebot3_ws/install/turtlebot3_fake_node:/home/khanh247/software_simulation/turtlebot3_ws/install/turtlebot3_msgs:/home/khanh247/software_simulation/turtlebot3_ws/install/turtlebot3_gazebo:/home/khanh247/software_simulation/turtlebot3_ws/install/turtlebot3_description:/home/khanh247/software_simulation/turtlebot3_ws/install/turtlebot3_cartographer:/home/khanh247/software_simulation/turtlebot3_ws/install/plu_virtual_wall:/home/khanh247/software_simulation/turtlebot3_ws/install/nav2_system_tests:/home/khanh247/software_simulation/turtlebot3_ws/install/nav2_bringup:/home/khanh247/software_simulation/turtlebot3_ws/install/navigation2:/home/khanh247/software_simulation/turtlebot3_ws/install/nav2_smoother:/home/khanh247/software_simulation/turtlebot3_ws/install/nav2_graceful_controller:/home/khanh247/software_simulation/turtlebot3_ws/install/nav2_dwb_controller:/home/khanh247/software_simulation/turtlebot3_ws/install/nav2_controller:/home/khanh247/software_simulation/turtlebot3_ws/install/dwb_plugins:/home/khanh247/software_simulation/turtlebot3_ws/install/dwb_critics:/home/khanh247/software_simulation/turtlebot3_ws/install/dwb_core:/home/khanh247/software_simulation/turtlebot3_ws/install/nav_2d_utils:/home/khanh247/software_simulation/turtlebot3_ws/install/dwb_msgs:/home/khanh247/software_simulation/turtlebot3_ws/install/nav_2d_msgs:/home/khanh247/software_simulation/turtlebot3_ws/install/nav2_waypoint_follower:/home/khanh247/software_simulation/turtlebot3_ws/install/nav2_theta_star_planner:/home/khanh247/software_simulation/turtlebot3_ws/install/nav2_smac_planner:/home/khanh247/software_simulation/turtlebot3_ws/install/nav2_rotation_shim_controller:/home/khanh247/software_simulation/turtlebot3_ws/install/nav2_regulated_pure_pursuit_controller:/home/khanh247/software_simulation/turtlebot3_ws/install/nav2_planner:/home/khanh247/software_simulation/turtlebot3_ws/install/nav2_navfn_planner:/home/khanh247/software_simulation/turtlebot3_ws/install/nav2_mppi_controller:/home/khanh247/software_simulation/turtlebot3_ws/install/nav2_constrained_smoother:/home/khanh247/software_simulation/turtlebot3_ws/install/nav2_bt_navigator:/home/khanh247/software_simulation/turtlebot3_ws/install/nav2_behaviors:/home/khanh247/software_simulation/turtlebot3_ws/install/nav2_core:/home/khanh247/software_simulation/turtlebot3_ws/install/nav2_collision_monitor:/home/khanh247/software_simulation/turtlebot3_ws/install/costmap_queue:/home/khanh247/software_simulation/turtlebot3_ws/install/nav2_velocity_smoother:/home/khanh247/software_simulation/turtlebot3_ws/install/nav2_rviz_plugins:/home/khanh247/software_simulation/turtlebot3_ws/install/nav2_behavior_tree:/home/khanh247/software_simulation/turtlebot3_ws/install/nav2_amcl:/home/khanh247/software_simulation/turtlebot3_ws/install/dynamixel_sdk_examples:/home/khanh247/software_simulation/turtlebot3_ws/install/dynamixel_sdk_custom_interfaces:/home/khanh247/software_simulation/turtlebot3_ws/install/dynamixel_sdk:/home/khanh247/software_simulation/turtlebot3_ws/install/turtlebot3_teleop:/home/khanh247/software_simulation/turtlebot3_ws/install/turtlebot3_example:/home/khanh247/software_simulation/turtlebot3_ws/install/nav2_simple_commander:/opt/ros/humble LD_LIBRARY_PATH=/home/khanh247/software_simulation/turtlebot3_ws/install/nav2_costmap_2d/lib:/home/khanh247/software_simulation/turtlebot3_ws/install/nav2_map_server/lib:/home/khanh247/software_simulation/turtlebot3_ws/install/nav2_lifecycle_manager/lib:/home/khanh247/software_simulation/turtlebot3_ws/install/nav2_util/lib:/home/khanh247/software_simulation/turtlebot3_ws/install/nav2_voxel_grid/lib:/home/khanh247/software_simulation/turtlebot3_ws/install/nav2_msgs/lib:/home/khanh247/software_simulation/turtlebot3_ws/install/virtual_wall_ros2/lib:/home/khanh247/software_simulation/turtlebot3_ws/install/virtual_wall/lib:/home/khanh247/software_simulation/turtlebot3_ws/install/turtlebot3_msgs/lib:/home/khanh247/software_simulation/turtlebot3_ws/install/plu_virtual_wall/lib:/home/khanh247/software_simulation/turtlebot3_ws/install/nav2_smoother/lib:/home/khanh247/software_simulation/turtlebot3_ws/install/nav2_graceful_controller/lib:/home/khanh247/software_simulation/turtlebot3_ws/install/nav2_controller/lib:/home/khanh247/software_simulation/turtlebot3_ws/install/dwb_plugins/lib:/home/khanh247/software_simulation/turtlebot3_ws/install/dwb_critics/lib:/home/khanh247/software_simulation/turtlebot3_ws/install/dwb_core/lib:/home/khanh247/software_simulation/turtlebot3_ws/install/nav_2d_utils/lib:/home/khanh247/software_simulation/turtlebot3_ws/install/dwb_msgs/lib:/home/khanh247/software_simulation/turtlebot3_ws/install/nav_2d_msgs/lib:/home/khanh247/software_simulation/turtlebot3_ws/install/nav2_waypoint_follower/lib:/home/khanh247/software_simulation/turtlebot3_ws/install/nav2_theta_star_planner/lib:/home/khanh247/software_simulation/turtlebot3_ws/install/nav2_smac_planner/lib:/home/khanh247/software_simulation/turtlebot3_ws/install/nav2_rotation_shim_controller/lib:/home/khanh247/software_simulation/turtlebot3_ws/install/nav2_regulated_pure_pursuit_controller/lib:/home/khanh247/software_simulation/turtlebot3_ws/install/nav2_planner/lib:/home/khanh247/software_simulation/turtlebot3_ws/install/nav2_navfn_planner/lib:/home/khanh247/software_simulation/turtlebot3_ws/install/nav2_mppi_controller/lib:/home/khanh247/software_simulation/turtlebot3_ws/install/nav2_constrained_smoother/lib:/home/khanh247/software_simulation/turtlebot3_ws/install/nav2_bt_navigator/lib:/home/khanh247/software_simulation/turtlebot3_ws/install/nav2_behaviors/lib:/home/khanh247/software_simulation/turtlebot3_ws/install/nav2_collision_monitor/lib:/home/khanh247/software_simulation/turtlebot3_ws/install/costmap_queue/lib:/home/khanh247/software_simulation/turtlebot3_ws/install/nav2_velocity_smoother/lib:/home/khanh247/software_simulation/turtlebot3_ws/install/nav2_rviz_plugins/lib:/home/khanh247/software_simulation/turtlebot3_ws/install/nav2_behavior_tree/lib:/home/khanh247/software_simulation/turtlebot3_ws/install/nav2_amcl/lib:/home/khanh247/software_simulation/turtlebot3_ws/install/dynamixel_sdk_custom_interfaces/lib:/home/khanh247/software_simulation/turtlebot3_ws/install/dynamixel_sdk/lib:/usr/lib/x86_64-linux-gnu/gazebo-11/plugins:/opt/ros/humble/opt/rviz_ogre_vendor/lib:/opt/ros/humble/lib/x86_64-linux-gnu:/opt/ros/humble/lib /usr/bin/cmake --build /home/khanh247/software_simulation/turtlebot3_ws/build/plu_virtual_wall -- -j16 -l16
[0.069s] [35m[1mConsolidate compiler generated dependencies of target plu_virtual_wall[0m
[0.086s] [ 25%] [32mBuilding CXX object CMakeFiles/plu_virtual_wall.dir/src/virtual_wall_layer.cpp.o[0m
[2.215s] In file included from [01m[K/opt/ros/humble/include/rclcpp/rclcpp/client.hpp:40[m[K,
[2.215s]                  from [01m[K/opt/ros/humble/include/rclcpp/rclcpp/callback_group.hpp:24[m[K,
[2.215s]                  from [01m[K/opt/ros/humble/include/rclcpp/rclcpp/any_executable.hpp:20[m[K,
[2.215s]                  from [01m[K/opt/ros/humble/include/rclcpp/rclcpp/memory_strategy.hpp:25[m[K,
[2.215s]                  from [01m[K/opt/ros/humble/include/rclcpp/rclcpp/memory_strategies.hpp:18[m[K,
[2.215s]                  from [01m[K/opt/ros/humble/include/rclcpp/rclcpp/executor_options.hpp:20[m[K,
[2.215s]                  from [01m[K/opt/ros/humble/include/rclcpp/rclcpp/executor.hpp:37[m[K,
[2.215s]                  from [01m[K/opt/ros/humble/include/rclcpp/rclcpp/executors/multi_threaded_executor.hpp:25[m[K,
[2.215s]                  from [01m[K/opt/ros/humble/include/rclcpp/rclcpp/executors.hpp:21[m[K,
[2.215s]                  from [01m[K/opt/ros/humble/include/rclcpp/rclcpp/rclcpp.hpp:155[m[K,
[2.216s]                  from [01m[K/home/khanh247/software_simulation/turtlebot3_ws/src/plu_virtual_wall/include/plu_virtual_wall/virtual_wall_layer.hpp:4[m[K,
[2.216s]                  from [01m[K/home/khanh247/software_simulation/turtlebot3_ws/src/plu_virtual_wall/src/virtual_wall_layer.cpp:1[m[K:
[2.216s] [01m[K/home/khanh247/software_simulation/turtlebot3_ws/src/plu_virtual_wall/src/virtual_wall_layer.cpp:[m[K In function ‘[01m[Kvoid virtual_wall_ros2::markPolygonCells(nav2_costmap_2d::Costmap2D&, int, int, int, int)[m[K’:
[2.216s] [01m[K/home/khanh247/software_simulation/turtlebot3_ws/src/plu_virtual_wall/src/virtual_wall_layer.cpp:106:17:[m[K [01;31m[Kerror: [m[K‘[01m[Klogger_[m[K’ was not declared in this scope
[2.216s]   106 |     RCLCPP_INFO([01;31m[Klogger_[m[K, "Đánh dấu các ô trong vùng tường ảo...");
[2.216s]       |                 [01;31m[K^~~~~~~[m[K
[2.216s] [01m[K/home/khanh247/software_simulation/turtlebot3_ws/src/plu_virtual_wall/src/virtual_wall_layer.cpp:106:5:[m[K [01;31m[Kerror: [m[Ktemplate argument 1 is invalid
[2.216s]   106 |     [01;31m[KRCLCPP_INFO[m[K(logger_, "Đánh dấu các ô trong vùng tường ảo...");
[2.216s]       |     [01;31m[K^~~~~~~~~~~[m[K
[2.216s] [01m[K/home/khanh247/software_simulation/turtlebot3_ws/src/plu_virtual_wall/src/virtual_wall_layer.cpp:106:5:[m[K [01;31m[Kerror: [m[Ktemplate argument 1 is invalid
[2.216s]   106 |     [01;31m[KRCLCPP_INFO[m[K(logger_, "Đánh dấu các ô trong vùng tường ảo...");
[2.216s]       |     [01;31m[K^~~~~~~~~~~[m[K
[2.216s] [01m[K/home/khanh247/software_simulation/turtlebot3_ws/src/plu_virtual_wall/src/virtual_wall_layer.cpp:106:5:[m[K [01;31m[Kerror: [m[Ktemplate argument 1 is invalid
[2.216s]   106 |     [01;31m[KRCLCPP_INFO[m[K(logger_, "Đánh dấu các ô trong vùng tường ảo...");
[2.216s]       |     [01;31m[K^~~~~~~~~~~[m[K
[2.219s] [01m[K/home/khanh247/software_simulation/turtlebot3_ws/src/plu_virtual_wall/src/virtual_wall_layer.cpp:107:9:[m[K [01;31m[Kerror: [m[K‘[01m[Kvirtual_wall_points_[m[K’ was not declared in this scope; did you mean ‘[01m[Kvirtual_wall_ros2[m[K’?
[2.219s]   107 |     if ([01;31m[Kvirtual_wall_points_[m[K.size() < 3)
[2.219s]       |         [01;31m[K^~~~~~~~~~~~~~~~~~~~[m[K
[2.219s]       |         [32m[Kvirtual_wall_ros2[m[K
[2.221s] In file included from [01m[K/opt/ros/humble/include/rclcpp/rclcpp/client.hpp:40[m[K,
[2.221s]                  from [01m[K/opt/ros/humble/include/rclcpp/rclcpp/callback_group.hpp:24[m[K,
[2.221s]                  from [01m[K/opt/ros/humble/include/rclcpp/rclcpp/any_executable.hpp:20[m[K,
[2.221s]                  from [01m[K/opt/ros/humble/include/rclcpp/rclcpp/memory_strategy.hpp:25[m[K,
[2.221s]                  from [01m[K/opt/ros/humble/include/rclcpp/rclcpp/memory_strategies.hpp:18[m[K,
[2.222s]                  from [01m[K/opt/ros/humble/include/rclcpp/rclcpp/executor_options.hpp:20[m[K,
[2.222s]                  from [01m[K/opt/ros/humble/include/rclcpp/rclcpp/executor.hpp:37[m[K,
[2.222s]                  from [01m[K/opt/ros/humble/include/rclcpp/rclcpp/executors/multi_threaded_executor.hpp:25[m[K,
[2.222s]                  from [01m[K/opt/ros/humble/include/rclcpp/rclcpp/executors.hpp:21[m[K,
[2.222s]                  from [01m[K/opt/ros/humble/include/rclcpp/rclcpp/rclcpp.hpp:155[m[K,
[2.222s]                  from [01m[K/home/khanh247/software_simulation/turtlebot3_ws/src/plu_virtual_wall/include/plu_virtual_wall/virtual_wall_layer.hpp:4[m[K,
[2.222s]                  from [01m[K/home/khanh247/software_simulation/turtlebot3_ws/src/plu_virtual_wall/src/virtual_wall_layer.cpp:1[m[K:
[2.222s] [01m[K/home/khanh247/software_simulation/turtlebot3_ws/src/plu_virtual_wall/src/virtual_wall_layer.cpp:109:21:[m[K [01;31m[Kerror: [m[K‘[01m[Klogger_[m[K’ was not declared in this scope
[2.222s]   109 |         RCLCPP_WARN([01;31m[Klogger_[m[K, "Không đủ điểm để tạo thành một đa giác");
[2.222s]       |                     [01;31m[K^~~~~~~[m[K
[2.222s] [01m[K/home/khanh247/software_simulation/turtlebot3_ws/src/plu_virtual_wall/src/virtual_wall_layer.cpp:109:9:[m[K [01;31m[Kerror: [m[Ktemplate argument 1 is invalid
[2.222s]   109 |         [01;31m[KRCLCPP_WARN[m[K(logger_, "Không đủ điểm để tạo thành một đa giác");
[2.222s]       |         [01;31m[K^~~~~~~~~~~[m[K
[2.222s] [01m[K/home/khanh247/software_simulation/turtlebot3_ws/src/plu_virtual_wall/src/virtual_wall_layer.cpp:109:9:[m[K [01;31m[Kerror: [m[Ktemplate argument 1 is invalid
[2.222s]   109 |         [01;31m[KRCLCPP_WARN[m[K(logger_, "Không đủ điểm để tạo thành một đa giác");
[2.222s]       |         [01;31m[K^~~~~~~~~~~[m[K
[2.222s] [01m[K/home/khanh247/software_simulation/turtlebot3_ws/src/plu_virtual_wall/src/virtual_wall_layer.cpp:109:9:[m[K [01;31m[Kerror: [m[Ktemplate argument 1 is invalid
[2.222s]   109 |         [01;31m[KRCLCPP_WARN[m[K(logger_, "Không đủ điểm để tạo thành một đa giác");
[2.222s]       |         [01;31m[K^~~~~~~~~~~[m[K
[2.224s] [01m[K/home/khanh247/software_simulation/turtlebot3_ws/src/plu_virtual_wall/src/virtual_wall_layer.cpp:116:21:[m[K [01;31m[Kerror: [m[K‘[01m[Ktf_buffer_[m[K’ was not declared in this scope
[2.224s]   116 |         transform = [01;31m[Ktf_buffer_[m[K.lookupTransform(global_frame_, "base_link", tf2::TimePointZero);
[2.224s]       |                     [01;31m[K^~~~~~~~~~[m[K
[2.227s] [01m[K/home/khanh247/software_simulation/turtlebot3_ws/src/plu_virtual_wall/src/virtual_wall_layer.cpp:116:48:[m[K [01;31m[Kerror: [m[K‘[01m[Kglobal_frame_[m[K’ was not declared in this scope
[2.227s]   116 | transform = tf_buffer_.lookupTransform([01;31m[Kglobal_frame_[m[K, "base_link", tf2::TimePointZero);
[2.227s]       |                                        [01;31m[K^~~~~~~~~~~~~[m[K
[2.227s] 
[2.229s] In file included from [01m[K/opt/ros/humble/include/rclcpp/rclcpp/client.hpp:40[m[K,
[2.229s]                  from [01m[K/opt/ros/humble/include/rclcpp/rclcpp/callback_group.hpp:24[m[K,
[2.229s]                  from [01m[K/opt/ros/humble/include/rclcpp/rclcpp/any_executable.hpp:20[m[K,
[2.229s]                  from [01m[K/opt/ros/humble/include/rclcpp/rclcpp/memory_strategy.hpp:25[m[K,
[2.229s]                  from [01m[K/opt/ros/humble/include/rclcpp/rclcpp/memory_strategies.hpp:18[m[K,
[2.230s]                  from [01m[K/opt/ros/humble/include/rclcpp/rclcpp/executor_options.hpp:20[m[K,
[2.230s]                  from [01m[K/opt/ros/humble/include/rclcpp/rclcpp/executor.hpp:37[m[K,
[2.230s]                  from [01m[K/opt/ros/humble/include/rclcpp/rclcpp/executors/multi_threaded_executor.hpp:25[m[K,
[2.230s]                  from [01m[K/opt/ros/humble/include/rclcpp/rclcpp/executors.hpp:21[m[K,
[2.230s]                  from [01m[K/opt/ros/humble/include/rclcpp/rclcpp/rclcpp.hpp:155[m[K,
[2.230s]                  from [01m[K/home/khanh247/software_simulation/turtlebot3_ws/src/plu_virtual_wall/include/plu_virtual_wall/virtual_wall_layer.hpp:4[m[K,
[2.230s]                  from [01m[K/home/khanh247/software_simulation/turtlebot3_ws/src/plu_virtual_wall/src/virtual_wall_layer.cpp:1[m[K:
[2.230s] [01m[K/home/khanh247/software_simulation/turtlebot3_ws/src/plu_virtual_wall/src/virtual_wall_layer.cpp:120:21:[m[K [01;31m[Kerror: [m[K‘[01m[Klogger_[m[K’ was not declared in this scope
[2.230s]   120 |         RCLCPP_WARN([01;31m[Klogger_[m[K, "Không thể biến đổi: %s", ex.what());
[2.230s]       |                     [01;31m[K^~~~~~~[m[K
[2.230s] [01m[K/home/khanh247/software_simulation/turtlebot3_ws/src/plu_virtual_wall/src/virtual_wall_layer.cpp:120:9:[m[K [01;31m[Kerror: [m[Ktemplate argument 1 is invalid
[2.230s]   120 |         [01;31m[KRCLCPP_WARN[m[K(logger_, "Không thể biến đổi: %s", ex.what());
[2.230s]       |         [01;31m[K^~~~~~~~~~~[m[K
[2.230s] [01m[K/home/khanh247/software_simulation/turtlebot3_ws/src/plu_virtual_wall/src/virtual_wall_layer.cpp:120:9:[m[K [01;31m[Kerror: [m[Ktemplate argument 1 is invalid
[2.230s]   120 |         [01;31m[KRCLCPP_WARN[m[K(logger_, "Không thể biến đổi: %s", ex.what());
[2.230s]       |         [01;31m[K^~~~~~~~~~~[m[K
[2.230s] [01m[K/home/khanh247/software_simulation/turtlebot3_ws/src/plu_virtual_wall/src/virtual_wall_layer.cpp:120:9:[m[K [01;31m[Kerror: [m[Ktemplate argument 1 is invalid
[2.230s]   120 |         [01;31m[KRCLCPP_WARN[m[K(logger_, "Không thể biến đổi: %s", ex.what());
[2.230s]       |         [01;31m[K^~~~~~~~~~~[m[K
[2.232s] [01m[K/home/khanh247/software_simulation/turtlebot3_ws/src/plu_virtual_wall/src/virtual_wall_layer.cpp:124:17:[m[K [01;31m[Kerror: [m[K‘[01m[Klogger_[m[K’ was not declared in this scope
[2.232s]   124 |     RCLCPP_INFO([01;31m[Klogger_[m[K, "Đã nhận được biến đổi");
[2.232s]       |                 [01;31m[K^~~~~~~[m[K
[2.232s] [01m[K/home/khanh247/software_simulation/turtlebot3_ws/src/plu_virtual_wall/src/virtual_wall_layer.cpp:124:5:[m[K [01;31m[Kerror: [m[Ktemplate argument 1 is invalid
[2.232s]   124 |     [01;31m[KRCLCPP_INFO[m[K(logger_, "Đã nhận được biến đổi");
[2.232s]       |     [01;31m[K^~~~~~~~~~~[m[K
[2.233s] [01m[K/home/khanh247/software_simulation/turtlebot3_ws/src/plu_virtual_wall/src/virtual_wall_layer.cpp:124:5:[m[K [01;31m[Kerror: [m[Ktemplate argument 1 is invalid
[2.233s]   124 |     [01;31m[KRCLCPP_INFO[m[K(logger_, "Đã nhận được biến đổi");
[2.233s]       |     [01;31m[K^~~~~~~~~~~[m[K
[2.233s] [01m[K/home/khanh247/software_simulation/turtlebot3_ws/src/plu_virtual_wall/src/virtual_wall_layer.cpp:124:5:[m[K [01;31m[Kerror: [m[Ktemplate argument 1 is invalid
[2.233s]   124 |     [01;31m[KRCLCPP_INFO[m[K(logger_, "Đã nhận được biến đổi");
[2.233s]       |     [01;31m[K^~~~~~~~~~~[m[K
[2.233s] [01m[K/home/khanh247/software_simulation/turtlebot3_ws/src/plu_virtual_wall/src/virtual_wall_layer.cpp:126:38:[m[K [01;35m[Kwarning: [m[Kcomparison of integer expressions of different signedness: ‘[01m[Kunsigned int[m[K’ and ‘[01m[Kint[m[K’ [[01;35m[K]8;;https://gcc.gnu.org/onlinedocs/gcc/Warning-Options.html#index-Wsign-compare-Wsign-compare]8;;[m[K]
[2.233s]   126 |     for (unsigned int mx = min_i; [01;35m[Kmx < max_i[m[K; mx++)
[2.233s]       |                                   [01;35m[K~~~^~~~~~~[m[K
[2.233s] [01m[K/home/khanh247/software_simulation/turtlebot3_ws/src/plu_virtual_wall/src/virtual_wall_layer.cpp:128:42:[m[K [01;35m[Kwarning: [m[Kcomparison of integer expressions of different signedness: ‘[01m[Kunsigned int[m[K’ and ‘[01m[Kint[m[K’ [[01;35m[K]8;;https://gcc.gnu.org/onlinedocs/gcc/Warning-Options.html#index-Wsign-compare-Wsign-compare]8;;[m[K]
[2.233s]   128 |       for (unsigned int my = min_j; [01;35m[Kmy < max_j[m[K; my++)
[2.233s]       |                                     [01;35m[K~~~^~~~~~~[m[K
[2.233s] 
[2.236s] [01m[K/home/khanh247/software_simulation/turtlebot3_ws/src/plu_virtual_wall/src/virtual_wall_layer.cpp:137:40:[m[K [01;31m[Kerror: [m[K‘[01m[Kglobal_frame_[m[K’ was not declared in this scope
[2.236s]   137 |             point_in.header.frame_id = [01;31m[Kglobal_frame_[m[K;
[2.236s]       |                                        [01;31m[K^~~~~~~~~~~~~[m[K
[2.239s] [01m[K/home/khanh247/software_simulation/turtlebot3_ws/src/plu_virtual_wall/src/virtual_wall_layer.cpp:141:72:[m[K [01;31m[Kerror: [m[K‘[01m[Kvirtual_wall_points_[m[K’ was not declared in this scope; did you mean ‘[01m[Kvirtual_wall_ros2[m[K’?
[2.239s]   141 | (point_out.point.x, point_out.point.y, [01;31m[Kvirtual_wall_points_[m[K))
[2.239s]       |                                        [01;31m[K^~~~~~~~~~~~~~~~~~~~[m[K
[2.239s]       |                                        [32m[Kvirtual_wall_ros2[m[K
[2.243s] [01m[K/home/khanh247/software_simulation/turtlebot3_ws/src/plu_virtual_wall/src/virtual_wall_layer.cpp:141:17:[m[K [01;31m[Kerror: [m[K‘[01m[KisPointInPolygon[m[K’ was not declared in this scope
[2.243s]   141 |             if ([01;31m[KisPointInPolygon[m[K(point_out.point.x, point_out.point.y, virtual_wall_points_))
[2.243s]       |                 [01;31m[K^~~~~~~~~~~~~~~~[m[K
[2.245s] In file included from [01m[K/opt/ros/humble/include/rclcpp/rclcpp/client.hpp:40[m[K,
[2.245s]                  from [01m[K/opt/ros/humble/include/rclcpp/rclcpp/callback_group.hpp:24[m[K,
[2.245s]                  from [01m[K/opt/ros/humble/include/rclcpp/rclcpp/any_executable.hpp:20[m[K,
[2.245s]                  from [01m[K/opt/ros/humble/include/rclcpp/rclcpp/memory_strategy.hpp:25[m[K,
[2.245s]                  from [01m[K/opt/ros/humble/include/rclcpp/rclcpp/memory_strategies.hpp:18[m[K,
[2.245s]                  from [01m[K/opt/ros/humble/include/rclcpp/rclcpp/executor_options.hpp:20[m[K,
[2.245s]                  from [01m[K/opt/ros/humble/include/rclcpp/rclcpp/executor.hpp:37[m[K,
[2.245s]                  from [01m[K/opt/ros/humble/include/rclcpp/rclcpp/executors/multi_threaded_executor.hpp:25[m[K,
[2.245s]                  from [01m[K/opt/ros/humble/include/rclcpp/rclcpp/executors.hpp:21[m[K,
[2.246s]                  from [01m[K/opt/ros/humble/include/rclcpp/rclcpp/rclcpp.hpp:155[m[K,
[2.246s]                  from [01m[K/home/khanh247/software_simulation/turtlebot3_ws/src/plu_virtual_wall/include/plu_virtual_wall/virtual_wall_layer.hpp:4[m[K,
[2.246s]                  from [01m[K/home/khanh247/software_simulation/turtlebot3_ws/src/plu_virtual_wall/src/virtual_wall_layer.cpp:1[m[K:
[2.246s] [01m[K/home/khanh247/software_simulation/turtlebot3_ws/src/plu_virtual_wall/src/virtual_wall_layer.cpp:143:29:[m[K [01;31m[Kerror: [m[K‘[01m[Klogger_[m[K’ was not declared in this scope
[2.246s]   143 |                 RCLCPP_INFO([01;31m[Klogger_[m[K, "Đặt chi phí tại (%f, %f)", point_out.point.x, point_out.point.y);
[2.246s]       |                             [01;31m[K^~~~~~~[m[K
[2.246s] [01m[K/home/khanh247/software_simulation/turtlebot3_ws/src/plu_virtual_wall/src/virtual_wall_layer.cpp:143:17:[m[K [01;31m[Kerror: [m[Ktemplate argument 1 is invalid
[2.246s]   143 |                 [01;31m[KRCLCPP_INFO[m[K(logger_, "Đặt chi phí tại (%f, %f)", point_out.point.x, point_out.point.y);
[2.246s]       |                 [01;31m[K^~~~~~~~~~~[m[K
[2.246s] [01m[K/home/khanh247/software_simulation/turtlebot3_ws/src/plu_virtual_wall/src/virtual_wall_layer.cpp:143:17:[m[K [01;31m[Kerror: [m[Ktemplate argument 1 is invalid
[2.246s]   143 |                 [01;31m[KRCLCPP_INFO[m[K(logger_, "Đặt chi phí tại (%f, %f)", point_out.point.x, point_out.point.y);
[2.246s]       |                 [01;31m[K^~~~~~~~~~~[m[K
[2.246s] [01m[K/home/khanh247/software_simulation/turtlebot3_ws/src/plu_virtual_wall/src/virtual_wall_layer.cpp:143:17:[m[K [01;31m[Kerror: [m[Ktemplate argument 1 is invalid
[2.246s]   143 |                 [01;31m[KRCLCPP_INFO[m[K(logger_, "Đặt chi phí tại (%f, %f)", point_out.point.x, point_out.point.y);
[2.246s]       |                 [01;31m[K^~~~~~~~~~~[m[K
[2.717s] gmake[2]: *** [CMakeFiles/plu_virtual_wall.dir/build.make:76: CMakeFiles/plu_virtual_wall.dir/src/virtual_wall_layer.cpp.o] Error 1
[2.717s] gmake[1]: *** [CMakeFiles/Makefile2:139: CMakeFiles/plu_virtual_wall.dir/all] Error 2
[2.717s] gmake: *** [Makefile:146: all] Error 2
[2.719s] Invoked command in '/home/khanh247/software_simulation/turtlebot3_ws/build/plu_virtual_wall' returned '2': CMAKE_PREFIX_PATH=/home/khanh247/software_simulation/turtlebot3_ws/install/nav2_costmap_2d:/home/khanh247/software_simulation/turtlebot3_ws/install/nav2_map_server:/home/khanh247/software_simulation/turtlebot3_ws/install/nav2_lifecycle_manager:/home/khanh247/software_simulation/turtlebot3_ws/install/nav2_util:/home/khanh247/software_simulation/turtlebot3_ws/install/nav2_voxel_grid:/home/khanh247/software_simulation/turtlebot3_ws/install/nav2_msgs:/home/khanh247/software_simulation/turtlebot3_ws/install/nav2_common:/home/khanh247/software_simulation/turtlebot3_ws/install/virtual_wall_ros2:/home/khanh247/software_simulation/turtlebot3_ws/install/virtual_wall:/home/khanh247/software_simulation/turtlebot3_ws/install/tutorial_interfaces:/home/khanh247/software_simulation/turtlebot3_ws/install/turtlebot3:/home/khanh247/software_simulation/turtlebot3_ws/install/turtlebot3_simulations:/home/khanh247/software_simulation/turtlebot3_ws/install/turtlebot3_bringup:/home/khanh247/software_simulation/turtlebot3_ws/install/turtlebot3_node:/home/khanh247/software_simulation/turtlebot3_ws/install/turtlebot3_navigation2:/home/khanh247/software_simulation/turtlebot3_ws/install/turtlebot3_fake_node:/home/khanh247/software_simulation/turtlebot3_ws/install/turtlebot3_msgs:/home/khanh247/software_simulation/turtlebot3_ws/install/turtlebot3_gazebo:/home/khanh247/software_simulation/turtlebot3_ws/install/turtlebot3_description:/home/khanh247/software_simulation/turtlebot3_ws/install/turtlebot3_cartographer:/home/khanh247/software_simulation/turtlebot3_ws/install/plu_virtual_wall:/home/khanh247/software_simulation/turtlebot3_ws/install/nav2_system_tests:/home/khanh247/software_simulation/turtlebot3_ws/install/nav2_bringup:/home/khanh247/software_simulation/turtlebot3_ws/install/navigation2:/home/khanh247/software_simulation/turtlebot3_ws/install/nav2_smoother:/home/khanh247/software_simulation/turtlebot3_ws/install/nav2_graceful_controller:/home/khanh247/software_simulation/turtlebot3_ws/install/nav2_dwb_controller:/home/khanh247/software_simulation/turtlebot3_ws/install/nav2_controller:/home/khanh247/software_simulation/turtlebot3_ws/install/dwb_plugins:/home/khanh247/software_simulation/turtlebot3_ws/install/dwb_critics:/home/khanh247/software_simulation/turtlebot3_ws/install/dwb_core:/home/khanh247/software_simulation/turtlebot3_ws/install/nav_2d_utils:/home/khanh247/software_simulation/turtlebot3_ws/install/dwb_msgs:/home/khanh247/software_simulation/turtlebot3_ws/install/nav_2d_msgs:/home/khanh247/software_simulation/turtlebot3_ws/install/nav2_waypoint_follower:/home/khanh247/software_simulation/turtlebot3_ws/install/nav2_theta_star_planner:/home/khanh247/software_simulation/turtlebot3_ws/install/nav2_smac_planner:/home/khanh247/software_simulation/turtlebot3_ws/install/nav2_rotation_shim_controller:/home/khanh247/software_simulation/turtlebot3_ws/install/nav2_regulated_pure_pursuit_controller:/home/khanh247/software_simulation/turtlebot3_ws/install/nav2_planner:/home/khanh247/software_simulation/turtlebot3_ws/install/nav2_navfn_planner:/home/khanh247/software_simulation/turtlebot3_ws/install/nav2_mppi_controller:/home/khanh247/software_simulation/turtlebot3_ws/install/nav2_constrained_smoother:/home/khanh247/software_simulation/turtlebot3_ws/install/nav2_bt_navigator:/home/khanh247/software_simulation/turtlebot3_ws/install/nav2_behaviors:/home/khanh247/software_simulation/turtlebot3_ws/install/nav2_core:/home/khanh247/software_simulation/turtlebot3_ws/install/nav2_collision_monitor:/home/khanh247/software_simulation/turtlebot3_ws/install/costmap_queue:/home/khanh247/software_simulation/turtlebot3_ws/install/nav2_velocity_smoother:/home/khanh247/software_simulation/turtlebot3_ws/install/nav2_rviz_plugins:/home/khanh247/software_simulation/turtlebot3_ws/install/nav2_behavior_tree:/home/khanh247/software_simulation/turtlebot3_ws/install/nav2_amcl:/home/khanh247/software_simulation/turtlebot3_ws/install/dynamixel_sdk_examples:/home/khanh247/software_simulation/turtlebot3_ws/install/dynamixel_sdk_custom_interfaces:/home/khanh247/software_simulation/turtlebot3_ws/install/dynamixel_sdk:/home/khanh247/software_simulation/turtlebot3_ws/install/turtlebot3_teleop:/home/khanh247/software_simulation/turtlebot3_ws/install/turtlebot3_example:/home/khanh247/software_simulation/turtlebot3_ws/install/nav2_simple_commander:/opt/ros/humble LD_LIBRARY_PATH=/home/khanh247/software_simulation/turtlebot3_ws/install/nav2_costmap_2d/lib:/home/khanh247/software_simulation/turtlebot3_ws/install/nav2_map_server/lib:/home/khanh247/software_simulation/turtlebot3_ws/install/nav2_lifecycle_manager/lib:/home/khanh247/software_simulation/turtlebot3_ws/install/nav2_util/lib:/home/khanh247/software_simulation/turtlebot3_ws/install/nav2_voxel_grid/lib:/home/khanh247/software_simulation/turtlebot3_ws/install/nav2_msgs/lib:/home/khanh247/software_simulation/turtlebot3_ws/install/virtual_wall_ros2/lib:/home/khanh247/software_simulation/turtlebot3_ws/install/virtual_wall/lib:/home/khanh247/software_simulation/turtlebot3_ws/install/turtlebot3_msgs/lib:/home/khanh247/software_simulation/turtlebot3_ws/install/plu_virtual_wall/lib:/home/khanh247/software_simulation/turtlebot3_ws/install/nav2_smoother/lib:/home/khanh247/software_simulation/turtlebot3_ws/install/nav2_graceful_controller/lib:/home/khanh247/software_simulation/turtlebot3_ws/install/nav2_controller/lib:/home/khanh247/software_simulation/turtlebot3_ws/install/dwb_plugins/lib:/home/khanh247/software_simulation/turtlebot3_ws/install/dwb_critics/lib:/home/khanh247/software_simulation/turtlebot3_ws/install/dwb_core/lib:/home/khanh247/software_simulation/turtlebot3_ws/install/nav_2d_utils/lib:/home/khanh247/software_simulation/turtlebot3_ws/install/dwb_msgs/lib:/home/khanh247/software_simulation/turtlebot3_ws/install/nav_2d_msgs/lib:/home/khanh247/software_simulation/turtlebot3_ws/install/nav2_waypoint_follower/lib:/home/khanh247/software_simulation/turtlebot3_ws/install/nav2_theta_star_planner/lib:/home/khanh247/software_simulation/turtlebot3_ws/install/nav2_smac_planner/lib:/home/khanh247/software_simulation/turtlebot3_ws/install/nav2_rotation_shim_controller/lib:/home/khanh247/software_simulation/turtlebot3_ws/install/nav2_regulated_pure_pursuit_controller/lib:/home/khanh247/software_simulation/turtlebot3_ws/install/nav2_planner/lib:/home/khanh247/software_simulation/turtlebot3_ws/install/nav2_navfn_planner/lib:/home/khanh247/software_simulation/turtlebot3_ws/install/nav2_mppi_controller/lib:/home/khanh247/software_simulation/turtlebot3_ws/install/nav2_constrained_smoother/lib:/home/khanh247/software_simulation/turtlebot3_ws/install/nav2_bt_navigator/lib:/home/khanh247/software_simulation/turtlebot3_ws/install/nav2_behaviors/lib:/home/khanh247/software_simulation/turtlebot3_ws/install/nav2_collision_monitor/lib:/home/khanh247/software_simulation/turtlebot3_ws/install/costmap_queue/lib:/home/khanh247/software_simulation/turtlebot3_ws/install/nav2_velocity_smoother/lib:/home/khanh247/software_simulation/turtlebot3_ws/install/nav2_rviz_plugins/lib:/home/khanh247/software_simulation/turtlebot3_ws/install/nav2_behavior_tree/lib:/home/khanh247/software_simulation/turtlebot3_ws/install/nav2_amcl/lib:/home/khanh247/software_simulation/turtlebot3_ws/install/dynamixel_sdk_custom_interfaces/lib:/home/khanh247/software_simulation/turtlebot3_ws/install/dynamixel_sdk/lib:/usr/lib/x86_64-linux-gnu/gazebo-11/plugins:/opt/ros/humble/opt/rviz_ogre_vendor/lib:/opt/ros/humble/lib/x86_64-linux-gnu:/opt/ros/humble/lib /usr/bin/cmake --build /home/khanh247/software_simulation/turtlebot3_ws/build/plu_virtual_wall -- -j16 -l16
