[0.151s] Invoking command in '/home/khanh247/software_simulation/turtlebot3_ws/build/nav2_waypoint_follower': AMENT_PREFIX_PATH=/home/khanh247/software_simulation/turtlebot3_ws/install/nav2_core:/home/khanh247/software_simulation/turtlebot3_ws/install/nav2_costmap_2d:/home/khanh247/software_simulation/turtlebot3_ws/install/nav2_map_server:/home/khanh247/software_simulation/turtlebot3_ws/install/nav2_lifecycle_manager:/home/khanh247/software_simulation/turtlebot3_ws/install/nav2_util:/home/khanh247/software_simulation/turtlebot3_ws/install/nav2_voxel_grid:/home/khanh247/software_simulation/turtlebot3_ws/install/nav2_msgs:/home/khanh247/software_simulation/turtlebot3_ws/install/nav2_common:${AMENT_PREFIX_PATH} CMAKE_PREFIX_PATH=/home/khanh247/software_simulation/turtlebot3_ws/install/nav2_core:/home/khanh247/software_simulation/turtlebot3_ws/install/nav2_costmap_2d:/home/khanh247/software_simulation/turtlebot3_ws/install/nav2_map_server:/home/khanh247/software_simulation/turtlebot3_ws/install/nav2_lifecycle_manager:/home/khanh247/software_simulation/turtlebot3_ws/install/nav2_util:/home/khanh247/software_simulation/turtlebot3_ws/install/nav2_voxel_grid:/home/khanh247/software_simulation/turtlebot3_ws/install/nav2_msgs:/home/khanh247/software_simulation/turtlebot3_ws/install/nav2_common:/opt/ros/humble LD_LIBRARY_PATH=/home/khanh247/software_simulation/turtlebot3_ws/install/nav2_costmap_2d/lib:/home/khanh247/software_simulation/turtlebot3_ws/install/nav2_map_server/lib:/home/khanh247/software_simulation/turtlebot3_ws/install/nav2_lifecycle_manager/lib:/home/khanh247/software_simulation/turtlebot3_ws/install/nav2_util/lib:/home/khanh247/software_simulation/turtlebot3_ws/install/nav2_voxel_grid/lib:/home/khanh247/software_simulation/turtlebot3_ws/install/nav2_msgs/lib:${LD_LIBRARY_PATH} PYTHONPATH=/home/khanh247/software_simulation/turtlebot3_ws/install/nav2_msgs/local/lib/python3.10/dist-packages:/home/khanh247/software_simulation/turtlebot3_ws/install/nav2_common/local/lib/python3.10/dist-packages:${PYTHONPATH} /usr/bin/cmake --build /home/khanh247/software_simulation/turtlebot3_ws/build/nav2_waypoint_follower -- -j16 -l16
[0.340s] [ 11%] Built target waypoint_follower_core
[0.365s] [ 22%] Built target wait_at_waypoint
[0.385s] [ 33%] Built target gtest
[0.400s] [ 44%] Built target input_at_waypoint
[0.410s] [ 55%] Built target photo_at_waypoint
[0.417s] [ 66%] Built target gtest_main
[0.466s] [ 77%] Built target waypoint_follower
[0.493s] [ 88%] Built target test_task_executors
[0.509s] [100%] Built target test_dynamic_parameters
[0.618s] Invoked command in '/home/khanh247/software_simulation/turtlebot3_ws/build/nav2_waypoint_follower' returned '0': AMENT_PREFIX_PATH=/home/khanh247/software_simulation/turtlebot3_ws/install/nav2_core:/home/khanh247/software_simulation/turtlebot3_ws/install/nav2_costmap_2d:/home/khanh247/software_simulation/turtlebot3_ws/install/nav2_map_server:/home/khanh247/software_simulation/turtlebot3_ws/install/nav2_lifecycle_manager:/home/khanh247/software_simulation/turtlebot3_ws/install/nav2_util:/home/khanh247/software_simulation/turtlebot3_ws/install/nav2_voxel_grid:/home/khanh247/software_simulation/turtlebot3_ws/install/nav2_msgs:/home/khanh247/software_simulation/turtlebot3_ws/install/nav2_common:${AMENT_PREFIX_PATH} CMAKE_PREFIX_PATH=/home/khanh247/software_simulation/turtlebot3_ws/install/nav2_core:/home/khanh247/software_simulation/turtlebot3_ws/install/nav2_costmap_2d:/home/khanh247/software_simulation/turtlebot3_ws/install/nav2_map_server:/home/khanh247/software_simulation/turtlebot3_ws/install/nav2_lifecycle_manager:/home/khanh247/software_simulation/turtlebot3_ws/install/nav2_util:/home/khanh247/software_simulation/turtlebot3_ws/install/nav2_voxel_grid:/home/khanh247/software_simulation/turtlebot3_ws/install/nav2_msgs:/home/khanh247/software_simulation/turtlebot3_ws/install/nav2_common:/opt/ros/humble LD_LIBRARY_PATH=/home/khanh247/software_simulation/turtlebot3_ws/install/nav2_costmap_2d/lib:/home/khanh247/software_simulation/turtlebot3_ws/install/nav2_map_server/lib:/home/khanh247/software_simulation/turtlebot3_ws/install/nav2_lifecycle_manager/lib:/home/khanh247/software_simulation/turtlebot3_ws/install/nav2_util/lib:/home/khanh247/software_simulation/turtlebot3_ws/install/nav2_voxel_grid/lib:/home/khanh247/software_simulation/turtlebot3_ws/install/nav2_msgs/lib:${LD_LIBRARY_PATH} PYTHONPATH=/home/khanh247/software_simulation/turtlebot3_ws/install/nav2_msgs/local/lib/python3.10/dist-packages:/home/khanh247/software_simulation/turtlebot3_ws/install/nav2_common/local/lib/python3.10/dist-packages:${PYTHONPATH} /usr/bin/cmake --build /home/khanh247/software_simulation/turtlebot3_ws/build/nav2_waypoint_follower -- -j16 -l16
[0.776s] Invoking command in '/home/khanh247/software_simulation/turtlebot3_ws/build/nav2_waypoint_follower': AMENT_PREFIX_PATH=/home/khanh247/software_simulation/turtlebot3_ws/install/nav2_core:/home/khanh247/software_simulation/turtlebot3_ws/install/nav2_costmap_2d:/home/khanh247/software_simulation/turtlebot3_ws/install/nav2_map_server:/home/khanh247/software_simulation/turtlebot3_ws/install/nav2_lifecycle_manager:/home/khanh247/software_simulation/turtlebot3_ws/install/nav2_util:/home/khanh247/software_simulation/turtlebot3_ws/install/nav2_voxel_grid:/home/khanh247/software_simulation/turtlebot3_ws/install/nav2_msgs:/home/khanh247/software_simulation/turtlebot3_ws/install/nav2_common:${AMENT_PREFIX_PATH} CMAKE_PREFIX_PATH=/home/khanh247/software_simulation/turtlebot3_ws/install/nav2_core:/home/khanh247/software_simulation/turtlebot3_ws/install/nav2_costmap_2d:/home/khanh247/software_simulation/turtlebot3_ws/install/nav2_map_server:/home/khanh247/software_simulation/turtlebot3_ws/install/nav2_lifecycle_manager:/home/khanh247/software_simulation/turtlebot3_ws/install/nav2_util:/home/khanh247/software_simulation/turtlebot3_ws/install/nav2_voxel_grid:/home/khanh247/software_simulation/turtlebot3_ws/install/nav2_msgs:/home/khanh247/software_simulation/turtlebot3_ws/install/nav2_common:/opt/ros/humble LD_LIBRARY_PATH=/home/khanh247/software_simulation/turtlebot3_ws/install/nav2_costmap_2d/lib:/home/khanh247/software_simulation/turtlebot3_ws/install/nav2_map_server/lib:/home/khanh247/software_simulation/turtlebot3_ws/install/nav2_lifecycle_manager/lib:/home/khanh247/software_simulation/turtlebot3_ws/install/nav2_util/lib:/home/khanh247/software_simulation/turtlebot3_ws/install/nav2_voxel_grid/lib:/home/khanh247/software_simulation/turtlebot3_ws/install/nav2_msgs/lib:${LD_LIBRARY_PATH} PYTHONPATH=/home/khanh247/software_simulation/turtlebot3_ws/install/nav2_msgs/local/lib/python3.10/dist-packages:/home/khanh247/software_simulation/turtlebot3_ws/install/nav2_common/local/lib/python3.10/dist-packages:${PYTHONPATH} /usr/bin/cmake --install /home/khanh247/software_simulation/turtlebot3_ws/build/nav2_waypoint_follower
[0.797s] -- Install configuration: "Release"
[0.798s] -- Up-to-date: /home/khanh247/software_simulation/turtlebot3_ws/install/nav2_waypoint_follower/lib/libwaypoint_follower_core.so
[0.798s] -- Up-to-date: /home/khanh247/software_simulation/turtlebot3_ws/install/nav2_waypoint_follower/lib/libwait_at_waypoint.so
[0.798s] -- Up-to-date: /home/khanh247/software_simulation/turtlebot3_ws/install/nav2_waypoint_follower/lib/libphoto_at_waypoint.so
[0.799s] -- Up-to-date: /home/khanh247/software_simulation/turtlebot3_ws/install/nav2_waypoint_follower/lib/libinput_at_waypoint.so
[0.799s] -- Up-to-date: /home/khanh247/software_simulation/turtlebot3_ws/install/nav2_waypoint_follower/lib/nav2_waypoint_follower/waypoint_follower
[0.799s] -- Up-to-date: /home/khanh247/software_simulation/turtlebot3_ws/install/nav2_waypoint_follower/include/
[0.799s] -- Up-to-date: /home/khanh247/software_simulation/turtlebot3_ws/install/nav2_waypoint_follower/include//nav2_waypoint_follower
[0.800s] -- Up-to-date: /home/khanh247/software_simulation/turtlebot3_ws/install/nav2_waypoint_follower/include//nav2_waypoint_follower/plugins
[0.800s] -- Up-to-date: /home/khanh247/software_simulation/turtlebot3_ws/install/nav2_waypoint_follower/include//nav2_waypoint_follower/plugins/photo_at_waypoint.hpp
[0.800s] -- Up-to-date: /home/khanh247/software_simulation/turtlebot3_ws/install/nav2_waypoint_follower/include//nav2_waypoint_follower/plugins/wait_at_waypoint.hpp
[0.800s] -- Up-to-date: /home/khanh247/software_simulation/turtlebot3_ws/install/nav2_waypoint_follower/include//nav2_waypoint_follower/plugins/input_at_waypoint.hpp
[0.801s] -- Up-to-date: /home/khanh247/software_simulation/turtlebot3_ws/install/nav2_waypoint_follower/include//nav2_waypoint_follower/waypoint_follower.hpp
[0.801s] -- Up-to-date: /home/khanh247/software_simulation/turtlebot3_ws/install/nav2_waypoint_follower/share/nav2_waypoint_follower/environment/library_path.sh
[0.801s] -- Up-to-date: /home/khanh247/software_simulation/turtlebot3_ws/install/nav2_waypoint_follower/share/nav2_waypoint_follower/environment/library_path.dsv
[0.802s] -- Up-to-date: /home/khanh247/software_simulation/turtlebot3_ws/install/nav2_waypoint_follower/share/nav2_waypoint_follower/plugins.xml
[0.802s] -- Up-to-date: /home/khanh247/software_simulation/turtlebot3_ws/install/nav2_waypoint_follower/share/ament_index/resource_index/package_run_dependencies/nav2_waypoint_follower
[0.802s] -- Up-to-date: /home/khanh247/software_simulation/turtlebot3_ws/install/nav2_waypoint_follower/share/ament_index/resource_index/parent_prefix_path/nav2_waypoint_follower
[0.802s] -- Up-to-date: /home/khanh247/software_simulation/turtlebot3_ws/install/nav2_waypoint_follower/share/nav2_waypoint_follower/environment/ament_prefix_path.sh
[0.803s] -- Up-to-date: /home/khanh247/software_simulation/turtlebot3_ws/install/nav2_waypoint_follower/share/nav2_waypoint_follower/environment/ament_prefix_path.dsv
[0.803s] -- Up-to-date: /home/khanh247/software_simulation/turtlebot3_ws/install/nav2_waypoint_follower/share/nav2_waypoint_follower/environment/path.sh
[0.804s] -- Up-to-date: /home/khanh247/software_simulation/turtlebot3_ws/install/nav2_waypoint_follower/share/nav2_waypoint_follower/environment/path.dsv
[0.804s] -- Up-to-date: /home/khanh247/software_simulation/turtlebot3_ws/install/nav2_waypoint_follower/share/nav2_waypoint_follower/local_setup.bash
[0.805s] -- Up-to-date: /home/khanh247/software_simulation/turtlebot3_ws/install/nav2_waypoint_follower/share/nav2_waypoint_follower/local_setup.sh
[0.805s] -- Up-to-date: /home/khanh247/software_simulation/turtlebot3_ws/install/nav2_waypoint_follower/share/nav2_waypoint_follower/local_setup.zsh
[0.805s] -- Up-to-date: /home/khanh247/software_simulation/turtlebot3_ws/install/nav2_waypoint_follower/share/nav2_waypoint_follower/local_setup.dsv
[0.805s] -- Installing: /home/khanh247/software_simulation/turtlebot3_ws/install/nav2_waypoint_follower/share/nav2_waypoint_follower/package.dsv
[0.805s] -- Up-to-date: /home/khanh247/software_simulation/turtlebot3_ws/install/nav2_waypoint_follower/share/ament_index/resource_index/packages/nav2_waypoint_follower
[0.806s] -- Up-to-date: /home/khanh247/software_simulation/turtlebot3_ws/install/nav2_waypoint_follower/share/ament_index/resource_index/nav2_waypoint_follower__pluginlib__plugin/nav2_waypoint_follower
[0.806s] -- Up-to-date: /home/khanh247/software_simulation/turtlebot3_ws/install/nav2_waypoint_follower/share/ament_index/resource_index/rclcpp_components/nav2_waypoint_follower
[0.806s] -- Up-to-date: /home/khanh247/software_simulation/turtlebot3_ws/install/nav2_waypoint_follower/share/nav2_waypoint_follower/cmake/ament_cmake_export_include_directories-extras.cmake
[0.807s] -- Up-to-date: /home/khanh247/software_simulation/turtlebot3_ws/install/nav2_waypoint_follower/share/nav2_waypoint_follower/cmake/ament_cmake_export_libraries-extras.cmake
[0.807s] -- Up-to-date: /home/khanh247/software_simulation/turtlebot3_ws/install/nav2_waypoint_follower/share/nav2_waypoint_follower/cmake/ament_cmake_export_dependencies-extras.cmake
[0.807s] -- Up-to-date: /home/khanh247/software_simulation/turtlebot3_ws/install/nav2_waypoint_follower/share/nav2_waypoint_follower/cmake/nav2_waypoint_followerConfig.cmake
[0.807s] -- Up-to-date: /home/khanh247/software_simulation/turtlebot3_ws/install/nav2_waypoint_follower/share/nav2_waypoint_follower/cmake/nav2_waypoint_followerConfig-version.cmake
[0.808s] -- Up-to-date: /home/khanh247/software_simulation/turtlebot3_ws/install/nav2_waypoint_follower/share/nav2_waypoint_follower/package.xml
[0.876s] Invoked command in '/home/khanh247/software_simulation/turtlebot3_ws/build/nav2_waypoint_follower' returned '0': AMENT_PREFIX_PATH=/home/khanh247/software_simulation/turtlebot3_ws/install/nav2_core:/home/khanh247/software_simulation/turtlebot3_ws/install/nav2_costmap_2d:/home/khanh247/software_simulation/turtlebot3_ws/install/nav2_map_server:/home/khanh247/software_simulation/turtlebot3_ws/install/nav2_lifecycle_manager:/home/khanh247/software_simulation/turtlebot3_ws/install/nav2_util:/home/khanh247/software_simulation/turtlebot3_ws/install/nav2_voxel_grid:/home/khanh247/software_simulation/turtlebot3_ws/install/nav2_msgs:/home/khanh247/software_simulation/turtlebot3_ws/install/nav2_common:${AMENT_PREFIX_PATH} CMAKE_PREFIX_PATH=/home/khanh247/software_simulation/turtlebot3_ws/install/nav2_core:/home/khanh247/software_simulation/turtlebot3_ws/install/nav2_costmap_2d:/home/khanh247/software_simulation/turtlebot3_ws/install/nav2_map_server:/home/khanh247/software_simulation/turtlebot3_ws/install/nav2_lifecycle_manager:/home/khanh247/software_simulation/turtlebot3_ws/install/nav2_util:/home/khanh247/software_simulation/turtlebot3_ws/install/nav2_voxel_grid:/home/khanh247/software_simulation/turtlebot3_ws/install/nav2_msgs:/home/khanh247/software_simulation/turtlebot3_ws/install/nav2_common:/opt/ros/humble LD_LIBRARY_PATH=/home/khanh247/software_simulation/turtlebot3_ws/install/nav2_costmap_2d/lib:/home/khanh247/software_simulation/turtlebot3_ws/install/nav2_map_server/lib:/home/khanh247/software_simulation/turtlebot3_ws/install/nav2_lifecycle_manager/lib:/home/khanh247/software_simulation/turtlebot3_ws/install/nav2_util/lib:/home/khanh247/software_simulation/turtlebot3_ws/install/nav2_voxel_grid/lib:/home/khanh247/software_simulation/turtlebot3_ws/install/nav2_msgs/lib:${LD_LIBRARY_PATH} PYTHONPATH=/home/khanh247/software_simulation/turtlebot3_ws/install/nav2_msgs/local/lib/python3.10/dist-packages:/home/khanh247/software_simulation/turtlebot3_ws/install/nav2_common/local/lib/python3.10/dist-packages:${PYTHONPATH} /usr/bin/cmake --install /home/khanh247/software_simulation/turtlebot3_ws/build/nav2_waypoint_follower
