[  2%] Built target virtual_wall_ros2__cpp
[ 12%] Built target virtual_wall_ros2__rosidl_generator_c
[ 12%] Built target ament_cmake_python_copy_virtual_wall_ros2
[ 22%] Built target virtual_wall_ros2__rosidl_typesupport_introspection_cpp
[ 32%] Built target virtual_wall_ros2__rosidl_typesupport_cpp
[ 42%] Built target virtual_wall_ros2__rosidl_typesupport_fastrtps_cpp
[ 53%] Built target virtual_wall_ros2__rosidl_typesupport_introspection_c
[ 63%] Built target virtual_wall_ros2__rosidl_typesupport_c
[ 73%] Built target virtual_wall_ros2__rosidl_typesupport_fastrtps_c
[ 75%] [32m[1mLinking CXX executable virtual_wall_server[0m
[ 75%] Built target virtual_wall_ros2
[ 77%] Built target virtual_wall_ros2__py
[ 85%] Built target virtual_wall_ros2__rosidl_generator_py
[ 89%] Built target virtual_wall_ros2__rosidl_typesupport_fastrtps_c__pyext
[ 93%] Built target virtual_wall_ros2__rosidl_typesupport_c__pyext
[ 97%] Built target virtual_wall_ros2__rosidl_typesupport_introspection_c__pyext
running egg_info
writing virtual_wall_ros2.egg-info/PKG-INFO
writing dependency_links to virtual_wall_ros2.egg-info/dependency_links.txt
writing top-level names to virtual_wall_ros2.egg-info/top_level.txt
reading manifest file 'virtual_wall_ros2.egg-info/SOURCES.txt'
writing manifest file 'virtual_wall_ros2.egg-info/SOURCES.txt'
[ 97%] Built target ament_cmake_python_build_virtual_wall_ros2_egg
/usr/bin/ld: CMakeFiles/virtual_wall_server.dir/src/virtual_wall_server.cpp.o: in function `rclcpp::Service<virtual_wall_ros2::srv::CreateWall>::Service(std::shared_ptr<rcl_node_s>, std::__cxx11::basic_string<char, std::char_traits<char>, std::allocator<char> > const&, rclcpp::AnyServiceCallback<virtual_wall_ros2::srv::CreateWall>, rcl_service_options_s&)':
virtual_wall_server.cpp:(.text._ZN6rclcpp7ServiceIN17virtual_wall_ros23srv10CreateWallEEC2ESt10shared_ptrI10rcl_node_sERKNSt7__cxx1112basic_stringIcSt11char_traitsIcESaIcEEENS_18AnyServiceCallbackIS3_EER21rcl_service_options_s[_ZN6rclcpp7ServiceIN17virtual_wall_ros23srv10CreateWallEEC5ESt10shared_ptrI10rcl_node_sERKNSt7__cxx1112basic_stringIcSt11char_traitsIcESaIcEEENS_18AnyServiceCallbackIS3_EER21rcl_service_options_s]+0xd0): undefined reference to `rosidl_service_type_support_t const* rosidl_typesupport_cpp::get_service_type_support_handle<virtual_wall_ros2::srv::CreateWall>()'
/usr/bin/ld: CMakeFiles/virtual_wall_server.dir/src/virtual_wall_server.cpp.o: in function `rclcpp::Service<virtual_wall_ros2::srv::DeleteWall>::Service(std::shared_ptr<rcl_node_s>, std::__cxx11::basic_string<char, std::char_traits<char>, std::allocator<char> > const&, rclcpp::AnyServiceCallback<virtual_wall_ros2::srv::DeleteWall>, rcl_service_options_s&)':
virtual_wall_server.cpp:(.text._ZN6rclcpp7ServiceIN17virtual_wall_ros23srv10DeleteWallEEC2ESt10shared_ptrI10rcl_node_sERKNSt7__cxx1112basic_stringIcSt11char_traitsIcESaIcEEENS_18AnyServiceCallbackIS3_EER21rcl_service_options_s[_ZN6rclcpp7ServiceIN17virtual_wall_ros23srv10DeleteWallEEC5ESt10shared_ptrI10rcl_node_sERKNSt7__cxx1112basic_stringIcSt11char_traitsIcESaIcEEENS_18AnyServiceCallbackIS3_EER21rcl_service_options_s]+0xd0): undefined reference to `rosidl_service_type_support_t const* rosidl_typesupport_cpp::get_service_type_support_handle<virtual_wall_ros2::srv::DeleteWall>()'
/usr/bin/ld: CMakeFiles/virtual_wall_server.dir/src/virtual_wall_server.cpp.o: in function `rclcpp::Service<virtual_wall_ros2::srv::DeleteAll>::Service(std::shared_ptr<rcl_node_s>, std::__cxx11::basic_string<char, std::char_traits<char>, std::allocator<char> > const&, rclcpp::AnyServiceCallback<virtual_wall_ros2::srv::DeleteAll>, rcl_service_options_s&)':
virtual_wall_server.cpp:(.text._ZN6rclcpp7ServiceIN17virtual_wall_ros23srv9DeleteAllEEC2ESt10shared_ptrI10rcl_node_sERKNSt7__cxx1112basic_stringIcSt11char_traitsIcESaIcEEENS_18AnyServiceCallbackIS3_EER21rcl_service_options_s[_ZN6rclcpp7ServiceIN17virtual_wall_ros23srv9DeleteAllEEC5ESt10shared_ptrI10rcl_node_sERKNSt7__cxx1112basic_stringIcSt11char_traitsIcESaIcEEENS_18AnyServiceCallbackIS3_EER21rcl_service_options_s]+0xd0): undefined reference to `rosidl_service_type_support_t const* rosidl_typesupport_cpp::get_service_type_support_handle<virtual_wall_ros2::srv::DeleteAll>()'
collect2: error: ld returned 1 exit status
gmake[2]: *** [CMakeFiles/virtual_wall_server.dir/build.make:897: virtual_wall_server] Error 1
gmake[1]: *** [CMakeFiles/Makefile2:592: CMakeFiles/virtual_wall_server.dir/all] Error 2
gmake: *** [Makefile:146: all] Error 2
