[0.031s] Invoking command in '/home/khanh247/software_simulation/turtlebot3_ws/build/virtual_wall_ros2': AMENT_PREFIX_PATH=/home/khanh247/software_simulation/turtlebot3_ws/install/nav2_costmap_2d:/home/khanh247/software_simulation/turtlebot3_ws/install/nav2_map_server:/home/khanh247/software_simulation/turtlebot3_ws/install/nav2_lifecycle_manager:/home/khanh247/software_simulation/turtlebot3_ws/install/nav2_util:/home/khanh247/software_simulation/turtlebot3_ws/install/nav2_voxel_grid:/home/khanh247/software_simulation/turtlebot3_ws/install/nav2_msgs:/home/khanh247/software_simulation/turtlebot3_ws/install/nav2_common:${AMENT_PREFIX_PATH} CMAKE_PREFIX_PATH=/home/khanh247/software_simulation/turtlebot3_ws/install/nav2_costmap_2d:/home/khanh247/software_simulation/turtlebot3_ws/install/nav2_map_server:/home/khanh247/software_simulation/turtlebot3_ws/install/nav2_lifecycle_manager:/home/khanh247/software_simulation/turtlebot3_ws/install/nav2_util:/home/khanh247/software_simulation/turtlebot3_ws/install/nav2_voxel_grid:/home/khanh247/software_simulation/turtlebot3_ws/install/nav2_msgs:/home/khanh247/software_simulation/turtlebot3_ws/install/nav2_common:/opt/ros/humble LD_LIBRARY_PATH=/home/khanh247/software_simulation/turtlebot3_ws/install/nav2_costmap_2d/lib:/home/khanh247/software_simulation/turtlebot3_ws/install/nav2_map_server/lib:/home/khanh247/software_simulation/turtlebot3_ws/install/nav2_lifecycle_manager/lib:/home/khanh247/software_simulation/turtlebot3_ws/install/nav2_util/lib:/home/khanh247/software_simulation/turtlebot3_ws/install/nav2_voxel_grid/lib:/home/khanh247/software_simulation/turtlebot3_ws/install/nav2_msgs/lib:${LD_LIBRARY_PATH} PYTHONPATH=/home/khanh247/software_simulation/turtlebot3_ws/install/nav2_msgs/local/lib/python3.10/dist-packages:/home/khanh247/software_simulation/turtlebot3_ws/install/nav2_common/local/lib/python3.10/dist-packages:${PYTHONPATH} /usr/bin/cmake --build /home/khanh247/software_simulation/turtlebot3_ws/build/virtual_wall_ros2 -- -j16 -l16
[0.106s] [  2%] Built target virtual_wall_ros2__cpp
[0.113s] [ 12%] Built target virtual_wall_ros2__rosidl_generator_c
[0.137s] [ 12%] Built target ament_cmake_python_copy_virtual_wall_ros2
[0.141s] [ 22%] Built target virtual_wall_ros2__rosidl_typesupport_introspection_cpp
[0.150s] [ 32%] Built target virtual_wall_ros2__rosidl_typesupport_cpp
[0.158s] [ 42%] Built target virtual_wall_ros2__rosidl_typesupport_fastrtps_cpp
[0.158s] [ 53%] Built target virtual_wall_ros2__rosidl_typesupport_introspection_c
[0.159s] [ 63%] Built target virtual_wall_ros2__rosidl_typesupport_c
[0.159s] [ 73%] Built target virtual_wall_ros2__rosidl_typesupport_fastrtps_c
[0.173s] [ 75%] [32m[1mLinking CXX executable virtual_wall_server[0m
[0.199s] [ 75%] Built target virtual_wall_ros2
[0.230s] [ 77%] Built target virtual_wall_ros2__py
[0.280s] [ 85%] Built target virtual_wall_ros2__rosidl_generator_py
[0.371s] [ 89%] Built target virtual_wall_ros2__rosidl_typesupport_fastrtps_c__pyext
[0.384s] [ 93%] Built target virtual_wall_ros2__rosidl_typesupport_c__pyext
[0.384s] [ 97%] Built target virtual_wall_ros2__rosidl_typesupport_introspection_c__pyext
[0.454s] running egg_info
[0.488s] writing virtual_wall_ros2.egg-info/PKG-INFO
[0.489s] writing dependency_links to virtual_wall_ros2.egg-info/dependency_links.txt
[0.489s] writing top-level names to virtual_wall_ros2.egg-info/top_level.txt
[0.587s] reading manifest file 'virtual_wall_ros2.egg-info/SOURCES.txt'
[0.588s] writing manifest file 'virtual_wall_ros2.egg-info/SOURCES.txt'
[0.677s] [ 97%] Built target ament_cmake_python_build_virtual_wall_ros2_egg
[3.338s] /usr/bin/ld: CMakeFiles/virtual_wall_server.dir/src/virtual_wall_server.cpp.o: in function `rclcpp::Service<virtual_wall_ros2::srv::CreateWall>::Service(std::shared_ptr<rcl_node_s>, std::__cxx11::basic_string<char, std::char_traits<char>, std::allocator<char> > const&, rclcpp::AnyServiceCallback<virtual_wall_ros2::srv::CreateWall>, rcl_service_options_s&)':
[3.338s] virtual_wall_server.cpp:(.text._ZN6rclcpp7ServiceIN17virtual_wall_ros23srv10CreateWallEEC2ESt10shared_ptrI10rcl_node_sERKNSt7__cxx1112basic_stringIcSt11char_traitsIcESaIcEEENS_18AnyServiceCallbackIS3_EER21rcl_service_options_s[_ZN6rclcpp7ServiceIN17virtual_wall_ros23srv10CreateWallEEC5ESt10shared_ptrI10rcl_node_sERKNSt7__cxx1112basic_stringIcSt11char_traitsIcESaIcEEENS_18AnyServiceCallbackIS3_EER21rcl_service_options_s]+0xd0): undefined reference to `rosidl_service_type_support_t const* rosidl_typesupport_cpp::get_service_type_support_handle<virtual_wall_ros2::srv::CreateWall>()'
[3.338s] /usr/bin/ld: CMakeFiles/virtual_wall_server.dir/src/virtual_wall_server.cpp.o: in function `rclcpp::Service<virtual_wall_ros2::srv::DeleteWall>::Service(std::shared_ptr<rcl_node_s>, std::__cxx11::basic_string<char, std::char_traits<char>, std::allocator<char> > const&, rclcpp::AnyServiceCallback<virtual_wall_ros2::srv::DeleteWall>, rcl_service_options_s&)':
[3.338s] virtual_wall_server.cpp:(.text._ZN6rclcpp7ServiceIN17virtual_wall_ros23srv10DeleteWallEEC2ESt10shared_ptrI10rcl_node_sERKNSt7__cxx1112basic_stringIcSt11char_traitsIcESaIcEEENS_18AnyServiceCallbackIS3_EER21rcl_service_options_s[_ZN6rclcpp7ServiceIN17virtual_wall_ros23srv10DeleteWallEEC5ESt10shared_ptrI10rcl_node_sERKNSt7__cxx1112basic_stringIcSt11char_traitsIcESaIcEEENS_18AnyServiceCallbackIS3_EER21rcl_service_options_s]+0xd0): undefined reference to `rosidl_service_type_support_t const* rosidl_typesupport_cpp::get_service_type_support_handle<virtual_wall_ros2::srv::DeleteWall>()'
[3.339s] /usr/bin/ld: CMakeFiles/virtual_wall_server.dir/src/virtual_wall_server.cpp.o: in function `rclcpp::Service<virtual_wall_ros2::srv::DeleteAll>::Service(std::shared_ptr<rcl_node_s>, std::__cxx11::basic_string<char, std::char_traits<char>, std::allocator<char> > const&, rclcpp::AnyServiceCallback<virtual_wall_ros2::srv::DeleteAll>, rcl_service_options_s&)':
[3.339s] virtual_wall_server.cpp:(.text._ZN6rclcpp7ServiceIN17virtual_wall_ros23srv9DeleteAllEEC2ESt10shared_ptrI10rcl_node_sERKNSt7__cxx1112basic_stringIcSt11char_traitsIcESaIcEEENS_18AnyServiceCallbackIS3_EER21rcl_service_options_s[_ZN6rclcpp7ServiceIN17virtual_wall_ros23srv9DeleteAllEEC5ESt10shared_ptrI10rcl_node_sERKNSt7__cxx1112basic_stringIcSt11char_traitsIcESaIcEEENS_18AnyServiceCallbackIS3_EER21rcl_service_options_s]+0xd0): undefined reference to `rosidl_service_type_support_t const* rosidl_typesupport_cpp::get_service_type_support_handle<virtual_wall_ros2::srv::DeleteAll>()'
[3.385s] collect2: error: ld returned 1 exit status
[3.386s] gmake[2]: *** [CMakeFiles/virtual_wall_server.dir/build.make:897: virtual_wall_server] Error 1
[3.386s] gmake[1]: *** [CMakeFiles/Makefile2:592: CMakeFiles/virtual_wall_server.dir/all] Error 2
[3.387s] gmake: *** [Makefile:146: all] Error 2
