[0.038s] Invoking command in '/home/khanh247/software_simulation/turtlebot3_ws/build/nav2_rviz_plugins': AMENT_PREFIX_PATH=/home/khanh247/software_simulation/turtlebot3_ws/install/nav2_lifecycle_manager:/home/khanh247/software_simulation/turtlebot3_ws/install/nav2_util:/home/khanh247/software_simulation/turtlebot3_ws/install/nav2_msgs:/home/khanh247/software_simulation/turtlebot3_ws/install/nav2_common:${AMENT_PREFIX_PATH} CMAKE_PREFIX_PATH=/home/khanh247/software_simulation/turtlebot3_ws/install/nav2_lifecycle_manager:/home/khanh247/software_simulation/turtlebot3_ws/install/nav2_util:/home/khanh247/software_simulation/turtlebot3_ws/install/nav2_msgs:/home/khanh247/software_simulation/turtlebot3_ws/install/nav2_common:/opt/ros/humble LD_LIBRARY_PATH=/home/khanh247/software_simulation/turtlebot3_ws/install/nav2_lifecycle_manager/lib:/home/khanh247/software_simulation/turtlebot3_ws/install/nav2_util/lib:/home/khanh247/software_simulation/turtlebot3_ws/install/nav2_msgs/lib:${LD_LIBRARY_PATH} PYTHONPATH=/home/khanh247/software_simulation/turtlebot3_ws/install/nav2_msgs/local/lib/python3.10/dist-packages:/home/khanh247/software_simulation/turtlebot3_ws/install/nav2_common/local/lib/python3.10/dist-packages:${PYTHONPATH} /usr/bin/cmake --build /home/khanh247/software_simulation/turtlebot3_ws/build/nav2_rviz_plugins -- -j16 -l16
[0.152s] [ 14%] [34m[1mAutomatic MOC for target nav2_rviz_plugins[0m
[0.205s] [ 14%] Built target nav2_rviz_plugins_autogen
[0.261s] [100%] Built target nav2_rviz_plugins
[0.271s] Invoked command in '/home/khanh247/software_simulation/turtlebot3_ws/build/nav2_rviz_plugins' returned '0': AMENT_PREFIX_PATH=/home/khanh247/software_simulation/turtlebot3_ws/install/nav2_lifecycle_manager:/home/khanh247/software_simulation/turtlebot3_ws/install/nav2_util:/home/khanh247/software_simulation/turtlebot3_ws/install/nav2_msgs:/home/khanh247/software_simulation/turtlebot3_ws/install/nav2_common:${AMENT_PREFIX_PATH} CMAKE_PREFIX_PATH=/home/khanh247/software_simulation/turtlebot3_ws/install/nav2_lifecycle_manager:/home/khanh247/software_simulation/turtlebot3_ws/install/nav2_util:/home/khanh247/software_simulation/turtlebot3_ws/install/nav2_msgs:/home/khanh247/software_simulation/turtlebot3_ws/install/nav2_common:/opt/ros/humble LD_LIBRARY_PATH=/home/khanh247/software_simulation/turtlebot3_ws/install/nav2_lifecycle_manager/lib:/home/khanh247/software_simulation/turtlebot3_ws/install/nav2_util/lib:/home/khanh247/software_simulation/turtlebot3_ws/install/nav2_msgs/lib:${LD_LIBRARY_PATH} PYTHONPATH=/home/khanh247/software_simulation/turtlebot3_ws/install/nav2_msgs/local/lib/python3.10/dist-packages:/home/khanh247/software_simulation/turtlebot3_ws/install/nav2_common/local/lib/python3.10/dist-packages:${PYTHONPATH} /usr/bin/cmake --build /home/khanh247/software_simulation/turtlebot3_ws/build/nav2_rviz_plugins -- -j16 -l16
[0.297s] Invoking command in '/home/khanh247/software_simulation/turtlebot3_ws/build/nav2_rviz_plugins': AMENT_PREFIX_PATH=/home/khanh247/software_simulation/turtlebot3_ws/install/nav2_lifecycle_manager:/home/khanh247/software_simulation/turtlebot3_ws/install/nav2_util:/home/khanh247/software_simulation/turtlebot3_ws/install/nav2_msgs:/home/khanh247/software_simulation/turtlebot3_ws/install/nav2_common:${AMENT_PREFIX_PATH} CMAKE_PREFIX_PATH=/home/khanh247/software_simulation/turtlebot3_ws/install/nav2_lifecycle_manager:/home/khanh247/software_simulation/turtlebot3_ws/install/nav2_util:/home/khanh247/software_simulation/turtlebot3_ws/install/nav2_msgs:/home/khanh247/software_simulation/turtlebot3_ws/install/nav2_common:/opt/ros/humble LD_LIBRARY_PATH=/home/khanh247/software_simulation/turtlebot3_ws/install/nav2_lifecycle_manager/lib:/home/khanh247/software_simulation/turtlebot3_ws/install/nav2_util/lib:/home/khanh247/software_simulation/turtlebot3_ws/install/nav2_msgs/lib:${LD_LIBRARY_PATH} PYTHONPATH=/home/khanh247/software_simulation/turtlebot3_ws/install/nav2_msgs/local/lib/python3.10/dist-packages:/home/khanh247/software_simulation/turtlebot3_ws/install/nav2_common/local/lib/python3.10/dist-packages:${PYTHONPATH} /usr/bin/cmake --install /home/khanh247/software_simulation/turtlebot3_ws/build/nav2_rviz_plugins
[0.303s] -- Install configuration: ""
[0.303s] -- Up-to-date: /home/khanh247/software_simulation/turtlebot3_ws/install/nav2_rviz_plugins/share/nav2_rviz_plugins/plugins_description.xml
[0.304s] -- Up-to-date: /home/khanh247/software_simulation/turtlebot3_ws/install/nav2_rviz_plugins/lib/libnav2_rviz_plugins.so
[0.305s] -- Up-to-date: /home/khanh247/software_simulation/turtlebot3_ws/install/nav2_rviz_plugins/include/
[0.305s] -- Up-to-date: /home/khanh247/software_simulation/turtlebot3_ws/install/nav2_rviz_plugins/include//nav2_rviz_plugins
[0.305s] -- Up-to-date: /home/khanh247/software_simulation/turtlebot3_ws/install/nav2_rviz_plugins/include//nav2_rviz_plugins/goal_tool.hpp
[0.305s] -- Up-to-date: /home/khanh247/software_simulation/turtlebot3_ws/install/nav2_rviz_plugins/include//nav2_rviz_plugins/ros_action_qevent.hpp
[0.305s] -- Up-to-date: /home/khanh247/software_simulation/turtlebot3_ws/install/nav2_rviz_plugins/include//nav2_rviz_plugins/goal_pose_updater.hpp
[0.305s] -- Up-to-date: /home/khanh247/software_simulation/turtlebot3_ws/install/nav2_rviz_plugins/include//nav2_rviz_plugins/nav2_panel.hpp
[0.305s] -- Up-to-date: /home/khanh247/software_simulation/turtlebot3_ws/install/nav2_rviz_plugins/include//nav2_rviz_plugins/goal_common.hpp
[0.305s] -- Up-to-date: /home/khanh247/software_simulation/turtlebot3_ws/install/nav2_rviz_plugins/include//nav2_rviz_plugins/particle_cloud_display
[0.305s] -- Up-to-date: /home/khanh247/software_simulation/turtlebot3_ws/install/nav2_rviz_plugins/include//nav2_rviz_plugins/particle_cloud_display/flat_weighted_arrows_array.hpp
[0.305s] -- Up-to-date: /home/khanh247/software_simulation/turtlebot3_ws/install/nav2_rviz_plugins/include//nav2_rviz_plugins/particle_cloud_display/particle_cloud_display.hpp
[0.306s] -- Up-to-date: /home/khanh247/software_simulation/turtlebot3_ws/install/nav2_rviz_plugins/share/nav2_rviz_plugins/environment/library_path.sh
[0.306s] -- Up-to-date: /home/khanh247/software_simulation/turtlebot3_ws/install/nav2_rviz_plugins/share/nav2_rviz_plugins/environment/library_path.dsv
[0.306s] -- Up-to-date: /home/khanh247/software_simulation/turtlebot3_ws/install/nav2_rviz_plugins/share/ament_index/resource_index/package_run_dependencies/nav2_rviz_plugins
[0.306s] -- Up-to-date: /home/khanh247/software_simulation/turtlebot3_ws/install/nav2_rviz_plugins/share/ament_index/resource_index/parent_prefix_path/nav2_rviz_plugins
[0.306s] -- Up-to-date: /home/khanh247/software_simulation/turtlebot3_ws/install/nav2_rviz_plugins/share/nav2_rviz_plugins/environment/ament_prefix_path.sh
[0.306s] -- Up-to-date: /home/khanh247/software_simulation/turtlebot3_ws/install/nav2_rviz_plugins/share/nav2_rviz_plugins/environment/ament_prefix_path.dsv
[0.306s] -- Up-to-date: /home/khanh247/software_simulation/turtlebot3_ws/install/nav2_rviz_plugins/share/nav2_rviz_plugins/environment/path.sh
[0.306s] -- Up-to-date: /home/khanh247/software_simulation/turtlebot3_ws/install/nav2_rviz_plugins/share/nav2_rviz_plugins/environment/path.dsv
[0.306s] -- Up-to-date: /home/khanh247/software_simulation/turtlebot3_ws/install/nav2_rviz_plugins/share/nav2_rviz_plugins/local_setup.bash
[0.306s] -- Up-to-date: /home/khanh247/software_simulation/turtlebot3_ws/install/nav2_rviz_plugins/share/nav2_rviz_plugins/local_setup.sh
[0.306s] -- Up-to-date: /home/khanh247/software_simulation/turtlebot3_ws/install/nav2_rviz_plugins/share/nav2_rviz_plugins/local_setup.zsh
[0.306s] -- Up-to-date: /home/khanh247/software_simulation/turtlebot3_ws/install/nav2_rviz_plugins/share/nav2_rviz_plugins/local_setup.dsv
[0.306s] -- Installing: /home/khanh247/software_simulation/turtlebot3_ws/install/nav2_rviz_plugins/share/nav2_rviz_plugins/package.dsv
[0.307s] -- Up-to-date: /home/khanh247/software_simulation/turtlebot3_ws/install/nav2_rviz_plugins/share/ament_index/resource_index/packages/nav2_rviz_plugins
[0.307s] -- Up-to-date: /home/khanh247/software_simulation/turtlebot3_ws/install/nav2_rviz_plugins/share/ament_index/resource_index/rviz_common__pluginlib__plugin/nav2_rviz_plugins
[0.315s] -- Up-to-date: /home/khanh247/software_simulation/turtlebot3_ws/install/nav2_rviz_plugins/share/nav2_rviz_plugins/cmake/nav2_rviz_pluginsExport.cmake
[0.315s] -- Up-to-date: /home/khanh247/software_simulation/turtlebot3_ws/install/nav2_rviz_plugins/share/nav2_rviz_plugins/cmake/nav2_rviz_pluginsExport-noconfig.cmake
[0.315s] -- Up-to-date: /home/khanh247/software_simulation/turtlebot3_ws/install/nav2_rviz_plugins/share/nav2_rviz_plugins/cmake/ament_cmake_export_include_directories-extras.cmake
[0.316s] -- Up-to-date: /home/khanh247/software_simulation/turtlebot3_ws/install/nav2_rviz_plugins/share/nav2_rviz_plugins/cmake/ament_cmake_export_targets-extras.cmake
[0.316s] -- Up-to-date: /home/khanh247/software_simulation/turtlebot3_ws/install/nav2_rviz_plugins/share/nav2_rviz_plugins/cmake/ament_cmake_export_dependencies-extras.cmake
[0.316s] -- Up-to-date: /home/khanh247/software_simulation/turtlebot3_ws/install/nav2_rviz_plugins/share/nav2_rviz_plugins/cmake/nav2_rviz_pluginsConfig.cmake
[0.316s] -- Up-to-date: /home/khanh247/software_simulation/turtlebot3_ws/install/nav2_rviz_plugins/share/nav2_rviz_plugins/cmake/nav2_rviz_pluginsConfig-version.cmake
[0.316s] -- Up-to-date: /home/khanh247/software_simulation/turtlebot3_ws/install/nav2_rviz_plugins/share/nav2_rviz_plugins/package.xml
[0.318s] Invoked command in '/home/khanh247/software_simulation/turtlebot3_ws/build/nav2_rviz_plugins' returned '0': AMENT_PREFIX_PATH=/home/khanh247/software_simulation/turtlebot3_ws/install/nav2_lifecycle_manager:/home/khanh247/software_simulation/turtlebot3_ws/install/nav2_util:/home/khanh247/software_simulation/turtlebot3_ws/install/nav2_msgs:/home/khanh247/software_simulation/turtlebot3_ws/install/nav2_common:${AMENT_PREFIX_PATH} CMAKE_PREFIX_PATH=/home/khanh247/software_simulation/turtlebot3_ws/install/nav2_lifecycle_manager:/home/khanh247/software_simulation/turtlebot3_ws/install/nav2_util:/home/khanh247/software_simulation/turtlebot3_ws/install/nav2_msgs:/home/khanh247/software_simulation/turtlebot3_ws/install/nav2_common:/opt/ros/humble LD_LIBRARY_PATH=/home/khanh247/software_simulation/turtlebot3_ws/install/nav2_lifecycle_manager/lib:/home/khanh247/software_simulation/turtlebot3_ws/install/nav2_util/lib:/home/khanh247/software_simulation/turtlebot3_ws/install/nav2_msgs/lib:${LD_LIBRARY_PATH} PYTHONPATH=/home/khanh247/software_simulation/turtlebot3_ws/install/nav2_msgs/local/lib/python3.10/dist-packages:/home/khanh247/software_simulation/turtlebot3_ws/install/nav2_common/local/lib/python3.10/dist-packages:${PYTHONPATH} /usr/bin/cmake --install /home/khanh247/software_simulation/turtlebot3_ws/build/nav2_rviz_plugins
