[0.303s] Invoking command in '/home/khanh247/software_simulation/turtlebot3_ws/build/tutorial_interfaces': CMAKE_PREFIX_PATH=/opt/ros/humble /usr/bin/cmake --build /home/khanh247/software_simulation/turtlebot3_ws/build/tutorial_interfaces -- -j16 -l16
[0.349s] Invoked command in '/home/khanh247/software_simulation/turtlebot3_ws/build/tutorial_interfaces' returned '0': CMAKE_PREFIX_PATH=/opt/ros/humble /usr/bin/cmake --build /home/khanh247/software_simulation/turtlebot3_ws/build/tutorial_interfaces -- -j16 -l16
[0.400s] Invoking command in '/home/khanh247/software_simulation/turtlebot3_ws/build/tutorial_interfaces': CMAKE_PREFIX_PATH=/opt/ros/humble /usr/bin/cmake --install /home/khanh247/software_simulation/turtlebot3_ws/build/tutorial_interfaces
[0.408s] -- Install configuration: ""
[0.408s] -- Up-to-date: /home/khanh247/software_simulation/turtlebot3_ws/install/tutorial_interfaces/share/ament_index/resource_index/package_run_dependencies/tutorial_interfaces
[0.409s] -- Up-to-date: /home/khanh247/software_simulation/turtlebot3_ws/install/tutorial_interfaces/share/ament_index/resource_index/parent_prefix_path/tutorial_interfaces
[0.409s] -- Up-to-date: /home/khanh247/software_simulation/turtlebot3_ws/install/tutorial_interfaces/share/tutorial_interfaces/environment/ament_prefix_path.sh
[0.409s] -- Up-to-date: /home/khanh247/software_simulation/turtlebot3_ws/install/tutorial_interfaces/share/tutorial_interfaces/environment/ament_prefix_path.dsv
[0.409s] -- Up-to-date: /home/khanh247/software_simulation/turtlebot3_ws/install/tutorial_interfaces/share/tutorial_interfaces/environment/path.sh
[0.410s] -- Up-to-date: /home/khanh247/software_simulation/turtlebot3_ws/install/tutorial_interfaces/share/tutorial_interfaces/environment/path.dsv
[0.410s] -- Up-to-date: /home/khanh247/software_simulation/turtlebot3_ws/install/tutorial_interfaces/share/tutorial_interfaces/local_setup.bash
[0.411s] -- Up-to-date: /home/khanh247/software_simulation/turtlebot3_ws/install/tutorial_interfaces/share/tutorial_interfaces/local_setup.sh
[0.411s] -- Up-to-date: /home/khanh247/software_simulation/turtlebot3_ws/install/tutorial_interfaces/share/tutorial_interfaces/local_setup.zsh
[0.411s] -- Up-to-date: /home/khanh247/software_simulation/turtlebot3_ws/install/tutorial_interfaces/share/tutorial_interfaces/local_setup.dsv
[0.411s] -- Installing: /home/khanh247/software_simulation/turtlebot3_ws/install/tutorial_interfaces/share/tutorial_interfaces/package.dsv
[0.412s] -- Up-to-date: /home/khanh247/software_simulation/turtlebot3_ws/install/tutorial_interfaces/share/ament_index/resource_index/packages/tutorial_interfaces
[0.412s] -- Up-to-date: /home/khanh247/software_simulation/turtlebot3_ws/install/tutorial_interfaces/share/tutorial_interfaces/cmake/tutorial_interfacesConfig.cmake
[0.412s] -- Up-to-date: /home/khanh247/software_simulation/turtlebot3_ws/install/tutorial_interfaces/share/tutorial_interfaces/cmake/tutorial_interfacesConfig-version.cmake
[0.412s] -- Up-to-date: /home/khanh247/software_simulation/turtlebot3_ws/install/tutorial_interfaces/share/tutorial_interfaces/package.xml
[0.420s] Invoked command in '/home/khanh247/software_simulation/turtlebot3_ws/build/tutorial_interfaces' returned '0': CMAKE_PREFIX_PATH=/opt/ros/humble /usr/bin/cmake --install /home/khanh247/software_simulation/turtlebot3_ws/build/tutorial_interfaces
