[35m[1mConsolidate compiler generated dependencies of target plu_virtual_wall[0m
[ 25%] [32mBuilding CXX object CMakeFiles/plu_virtual_wall.dir/src/virtual_wall_layer.cpp.o[0m
[01m[K/home/khanh247/software_simulation/turtlebot3_ws/src/plu_virtual_wall/src/virtual_wall_layer.cpp:[m[K In constructor ‘[01m[Kvirtual_wall_ros2::VirtualWallLayer::VirtualWallLayer()[m[K’:
[01m[K/home/khanh247/software_simulation/turtlebot3_ws/src/plu_virtual_wall/src/virtual_wall_layer.cpp:16:24:[m[K [01;31m[Kerror: [m[Kno match for ‘[01m[Koperator*[m[K’ (operand type is ‘[01m[Ktf2_ros::Buffer[m[K’)
   16 |           tf_listener_([01;31m[K*tf_buffer_[m[K), global_frame_("map"), transform_tolerance_(tf2::durationFromSec(0.5)), has_updated_data_(false)  // Tăng thời gian hết hạn TF lên 0.5 giây
      |                        [01;31m[K^~~~~~~~~~~[m[K
In file included from [01m[K/opt/ros/humble/include/tf2/tf2/LinearMath/Matrix3x3.h:19[m[K,
                 from [01m[K/opt/ros/humble/include/tf2/tf2/LinearMath/Transform.h:21[m[K,
                 from [01m[K/opt/ros/humble/include/tf2/tf2/buffer_core.h:47[m[K,
                 from [01m[K/opt/ros/humble/include/tf2_ros/tf2_ros/async_buffer_interface.h:39[m[K,
                 from [01m[K/opt/ros/humble/include/tf2_ros/tf2_ros/buffer.h:41[m[K,
                 from [01m[K/home/khanh247/software_simulation/turtlebot3_ws/install/nav2_costmap_2d/include/nav2_costmap_2d/nav2_costmap_2d/layer.hpp:44[m[K,
                 from [01m[K/home/khanh247/software_simulation/turtlebot3_ws/src/plu_virtual_wall/include/plu_virtual_wall/virtual_wall_layer.hpp:4[m[K,
                 from [01m[K/home/khanh247/software_simulation/turtlebot3_ws/src/plu_virtual_wall/src/virtual_wall_layer.cpp:1[m[K:
[01m[K/opt/ros/humble/include/tf2/tf2/LinearMath/Vector3.h:364:1:[m[K [01;36m[Knote: [m[Kcandidate: ‘[01m[Ktf2::Vector3 tf2::operator*(const tf2::Vector3&, const tf2::Vector3&)[m[K’
  364 | [01;36m[Koperator[m[K*(const Vector3& v1, const Vector3& v2)
      | [01;36m[K^~~~~~~~[m[K
[01m[K/opt/ros/humble/include/tf2/tf2/LinearMath/Vector3.h:364:1:[m[K [01;36m[Knote: [m[K  candidate expects 2 arguments, 1 provided
[01m[K/opt/ros/humble/include/tf2/tf2/LinearMath/Vector3.h:384:1:[m[K [01;36m[Knote: [m[Kcandidate: ‘[01m[Ktf2::Vector3 tf2::operator*(const tf2::Vector3&, const tf2Scalar&)[m[K’
  384 | [01;36m[Koperator[m[K*(const Vector3& v, const tf2Scalar& s)
      | [01;36m[K^~~~~~~~[m[K
[01m[K/opt/ros/humble/include/tf2/tf2/LinearMath/Vector3.h:384:1:[m[K [01;36m[Knote: [m[K  candidate expects 2 arguments, 1 provided
[01m[K/opt/ros/humble/include/tf2/tf2/LinearMath/Vector3.h:391:1:[m[K [01;36m[Knote: [m[Kcandidate: ‘[01m[Ktf2::Vector3 tf2::operator*(const tf2Scalar&, const tf2::Vector3&)[m[K’
  391 | [01;36m[Koperator[m[K*(const tf2Scalar& s, const Vector3& v)
      | [01;36m[K^~~~~~~~[m[K
[01m[K/opt/ros/humble/include/tf2/tf2/LinearMath/Vector3.h:391:1:[m[K [01;36m[Knote: [m[K  candidate expects 2 arguments, 1 provided
In file included from [01m[K/opt/ros/humble/include/tf2/tf2/LinearMath/Matrix3x3.h:20[m[K,
                 from [01m[K/opt/ros/humble/include/tf2/tf2/LinearMath/Transform.h:21[m[K,
                 from [01m[K/opt/ros/humble/include/tf2/tf2/buffer_core.h:47[m[K,
                 from [01m[K/opt/ros/humble/include/tf2_ros/tf2_ros/async_buffer_interface.h:39[m[K,
                 from [01m[K/opt/ros/humble/include/tf2_ros/tf2_ros/buffer.h:41[m[K,
                 from [01m[K/home/khanh247/software_simulation/turtlebot3_ws/install/nav2_costmap_2d/include/nav2_costmap_2d/nav2_costmap_2d/layer.hpp:44[m[K,
                 from [01m[K/home/khanh247/software_simulation/turtlebot3_ws/src/plu_virtual_wall/include/plu_virtual_wall/virtual_wall_layer.hpp:4[m[K,
                 from [01m[K/home/khanh247/software_simulation/turtlebot3_ws/src/plu_virtual_wall/src/virtual_wall_layer.cpp:1[m[K:
[01m[K/opt/ros/humble/include/tf2/tf2/LinearMath/Quaternion.h:368:1:[m[K [01;36m[Knote: [m[Kcandidate: ‘[01m[Ktf2::Quaternion tf2::operator*(const tf2::Quaternion&, const tf2::Quaternion&)[m[K’
  368 | [01;36m[Koperator[m[K*(const Quaternion& q1, const Quaternion& q2) {
      | [01;36m[K^~~~~~~~[m[K
[01m[K/opt/ros/humble/include/tf2/tf2/LinearMath/Quaternion.h:368:1:[m[K [01;36m[Knote: [m[K  candidate expects 2 arguments, 1 provided
[01m[K/opt/ros/humble/include/tf2/tf2/LinearMath/Quaternion.h:376:1:[m[K [01;36m[Knote: [m[Kcandidate: ‘[01m[Ktf2::Quaternion tf2::operator*(const tf2::Quaternion&, const tf2::Vector3&)[m[K’
  376 | [01;36m[Koperator[m[K*(const Quaternion& q, const Vector3& w)
      | [01;36m[K^~~~~~~~[m[K
[01m[K/opt/ros/humble/include/tf2/tf2/LinearMath/Quaternion.h:376:1:[m[K [01;36m[Knote: [m[K  candidate expects 2 arguments, 1 provided
[01m[K/opt/ros/humble/include/tf2/tf2/LinearMath/Quaternion.h:385:1:[m[K [01;36m[Knote: [m[Kcandidate: ‘[01m[Ktf2::Quaternion tf2::operator*(const tf2::Vector3&, const tf2::Quaternion&)[m[K’
  385 | [01;36m[Koperator[m[K*(const Vector3& w, const Quaternion& q)
      | [01;36m[K^~~~~~~~[m[K
[01m[K/opt/ros/humble/include/tf2/tf2/LinearMath/Quaternion.h:385:1:[m[K [01;36m[Knote: [m[K  candidate expects 2 arguments, 1 provided
In file included from [01m[K/opt/ros/humble/include/tf2/tf2/LinearMath/Transform.h:21[m[K,
                 from [01m[K/opt/ros/humble/include/tf2/tf2/buffer_core.h:47[m[K,
                 from [01m[K/opt/ros/humble/include/tf2_ros/tf2_ros/async_buffer_interface.h:39[m[K,
                 from [01m[K/opt/ros/humble/include/tf2_ros/tf2_ros/buffer.h:41[m[K,
                 from [01m[K/home/khanh247/software_simulation/turtlebot3_ws/install/nav2_costmap_2d/include/nav2_costmap_2d/nav2_costmap_2d/layer.hpp:44[m[K,
                 from [01m[K/home/khanh247/software_simulation/turtlebot3_ws/src/plu_virtual_wall/include/plu_virtual_wall/virtual_wall_layer.hpp:4[m[K,
                 from [01m[K/home/khanh247/software_simulation/turtlebot3_ws/src/plu_virtual_wall/src/virtual_wall_layer.cpp:1[m[K:
[01m[K/opt/ros/humble/include/tf2/tf2/LinearMath/Matrix3x3.h:611:1:[m[K [01;36m[Knote: [m[Kcandidate: ‘[01m[Ktf2::Vector3 tf2::operator*(const tf2::Matrix3x3&, const tf2::Vector3&)[m[K’
  611 | [01;36m[Koperator[m[K*(const Matrix3x3& m, const Vector3& v)
      | [01;36m[K^~~~~~~~[m[K
[01m[K/opt/ros/humble/include/tf2/tf2/LinearMath/Matrix3x3.h:611:1:[m[K [01;36m[Knote: [m[K  candidate expects 2 arguments, 1 provided
[01m[K/opt/ros/humble/include/tf2/tf2/LinearMath/Matrix3x3.h:618:1:[m[K [01;36m[Knote: [m[Kcandidate: ‘[01m[Ktf2::Vector3 tf2::operator*(const tf2::Vector3&, const tf2::Matrix3x3&)[m[K’
  618 | [01;36m[Koperator[m[K*(const Vector3& v, const Matrix3x3& m)
      | [01;36m[K^~~~~~~~[m[K
[01m[K/opt/ros/humble/include/tf2/tf2/LinearMath/Matrix3x3.h:618:1:[m[K [01;36m[Knote: [m[K  candidate expects 2 arguments, 1 provided
[01m[K/opt/ros/humble/include/tf2/tf2/LinearMath/Matrix3x3.h:624:1:[m[K [01;36m[Knote: [m[Kcandidate: ‘[01m[Ktf2::Matrix3x3 tf2::operator*(const tf2::Matrix3x3&, const tf2::Matrix3x3&)[m[K’
  624 | [01;36m[Koperator[m[K*(const Matrix3x3& m1, const Matrix3x3& m2)
      | [01;36m[K^~~~~~~~[m[K
[01m[K/opt/ros/humble/include/tf2/tf2/LinearMath/Matrix3x3.h:624:1:[m[K [01;36m[Knote: [m[K  candidate expects 2 arguments, 1 provided
[01m[K/home/khanh247/software_simulation/turtlebot3_ws/src/plu_virtual_wall/src/virtual_wall_layer.cpp:15:11:[m[K [01;31m[Kerror: [m[Kno matching function for call to ‘[01m[Ktf2_ros::Buffer::Buffer(std::shared_ptr<tf2_ros::Buffer>)[m[K’
   15 |         : [01;31m[Ktf_buffer_(std::make_shared<tf2_ros::Buffer>(rclcpp::Clock::make_shared(), tf2::durationFromSec(30.0)))[m[K,  // Tăng kích thước bộ đệm lên 30 giây
      |           [01;31m[K^~~~~~~~~~~~~~~~~~~~~~~~~~~~~~~~~~~~~~~~~~~~~~~~~~~~~~~~~~~~~~~~~~~~~~~~~~~~~~~~~~~~~~~~~~~~~~~~~~~~~~~[m[K
In file included from [01m[K/home/khanh247/software_simulation/turtlebot3_ws/install/nav2_costmap_2d/include/nav2_costmap_2d/nav2_costmap_2d/layer.hpp:44[m[K,
                 from [01m[K/home/khanh247/software_simulation/turtlebot3_ws/src/plu_virtual_wall/include/plu_virtual_wall/virtual_wall_layer.hpp:4[m[K,
                 from [01m[K/home/khanh247/software_simulation/turtlebot3_ws/src/plu_virtual_wall/src/virtual_wall_layer.cpp:1[m[K:
[01m[K/opt/ros/humble/include/tf2_ros/tf2_ros/buffer.h:73:18:[m[K [01;36m[Knote: [m[Kcandidate: ‘[01m[Ktf2_ros::Buffer::Buffer(rclcpp::Clock::SharedPtr, tf2::Duration, rclcpp::Node::SharedPtr)[m[K’
   73 |   TF2_ROS_PUBLIC [01;36m[KBuffer[m[K(
      |                  [01;36m[K^~~~~~[m[K
[01m[K/opt/ros/humble/include/tf2_ros/tf2_ros/buffer.h:74:30:[m[K [01;36m[Knote: [m[K  no known conversion for argument 1 from ‘[01m[Kshared_ptr<[01;32m[Ktf2_ros::Buffer[m[K>[m[K’ to ‘[01m[Kshared_ptr<[01;32m[Krclcpp::Clock[m[K>[m[K’
   74 |     [01;36m[Krclcpp::Clock::SharedPtr clock[m[K,
      |     [01;36m[K~~~~~~~~~~~~~~~~~~~~~~~~~^~~~~[m[K
[01m[K/home/khanh247/software_simulation/turtlebot3_ws/src/plu_virtual_wall/src/virtual_wall_layer.cpp:[m[K In member function ‘[01m[Kvoid virtual_wall_ros2::VirtualWallLayer::incomingMap(nav_msgs::msg::OccupancyGrid_<std::allocator<void> >::SharedPtr)[m[K’:
[01m[K/home/khanh247/software_simulation/turtlebot3_ws/src/plu_virtual_wall/src/virtual_wall_layer.cpp:224:14:[m[K [01;31m[Kerror: [m[K‘[01m[Kmap_received_[m[K’ was not declared in this scope
  224 |         if (![01;31m[Kmap_received_[m[K)
      |              [01;31m[K^~~~~~~~~~~~~[m[K
gmake[2]: *** [CMakeFiles/plu_virtual_wall.dir/build.make:76: CMakeFiles/plu_virtual_wall.dir/src/virtual_wall_layer.cpp.o] Error 1
gmake[1]: *** [CMakeFiles/Makefile2:139: CMakeFiles/plu_virtual_wall.dir/all] Error 2
gmake: *** [Makefile:146: all] Error 2
