[0.031s] Invoking command in '/home/khanh247/software_simulation/turtlebot3_ws/build/turtlebot3_cartographer': CMAKE_PREFIX_PATH=/opt/ros/humble /usr/bin/cmake --build /home/khanh247/software_simulation/turtlebot3_ws/build/turtlebot3_cartographer -- -j16 -l16
[0.330s] Invoked command in '/home/khanh247/software_simulation/turtlebot3_ws/build/turtlebot3_cartographer' returned '0': CMAKE_PREFIX_PATH=/opt/ros/humble /usr/bin/cmake --build /home/khanh247/software_simulation/turtlebot3_ws/build/turtlebot3_cartographer -- -j16 -l16
[0.357s] Invoking command in '/home/khanh247/software_simulation/turtlebot3_ws/build/turtlebot3_cartographer': CMAKE_PREFIX_PATH=/opt/ros/humble /usr/bin/cmake --install /home/khanh247/software_simulation/turtlebot3_ws/build/turtlebot3_cartographer
[0.369s] -- Install configuration: ""
[0.369s] -- Up-to-date: /home/khanh247/software_simulation/turtlebot3_ws/install/turtlebot3_cartographer/share/turtlebot3_cartographer/config
[0.369s] -- Up-to-date: /home/khanh247/software_simulation/turtlebot3_ws/install/turtlebot3_cartographer/share/turtlebot3_cartographer/config/turtlebot3_lds_2d.lua
[0.369s] -- Up-to-date: /home/khanh247/software_simulation/turtlebot3_ws/install/turtlebot3_cartographer/share/turtlebot3_cartographer/launch
[0.369s] -- Up-to-date: /home/khanh247/software_simulation/turtlebot3_ws/install/turtlebot3_cartographer/share/turtlebot3_cartographer/launch/cartographer.launch.py
[0.376s] -- Up-to-date: /home/khanh247/software_simulation/turtlebot3_ws/install/turtlebot3_cartographer/share/turtlebot3_cartographer/launch/occupancy_grid.launch.py
[0.376s] -- Up-to-date: /home/khanh247/software_simulation/turtlebot3_ws/install/turtlebot3_cartographer/share/turtlebot3_cartographer/rviz
[0.376s] -- Up-to-date: /home/khanh247/software_simulation/turtlebot3_ws/install/turtlebot3_cartographer/share/turtlebot3_cartographer/rviz/tb3_cartographer.rviz
[0.377s] -- Up-to-date: /home/khanh247/software_simulation/turtlebot3_ws/install/turtlebot3_cartographer/share/ament_index/resource_index/package_run_dependencies/turtlebot3_cartographer
[0.377s] -- Up-to-date: /home/khanh247/software_simulation/turtlebot3_ws/install/turtlebot3_cartographer/share/ament_index/resource_index/parent_prefix_path/turtlebot3_cartographer
[0.377s] -- Up-to-date: /home/khanh247/software_simulation/turtlebot3_ws/install/turtlebot3_cartographer/share/turtlebot3_cartographer/environment/ament_prefix_path.sh
[0.377s] -- Up-to-date: /home/khanh247/software_simulation/turtlebot3_ws/install/turtlebot3_cartographer/share/turtlebot3_cartographer/environment/ament_prefix_path.dsv
[0.378s] -- Up-to-date: /home/khanh247/software_simulation/turtlebot3_ws/install/turtlebot3_cartographer/share/turtlebot3_cartographer/environment/path.sh
[0.378s] -- Up-to-date: /home/khanh247/software_simulation/turtlebot3_ws/install/turtlebot3_cartographer/share/turtlebot3_cartographer/environment/path.dsv
[0.378s] -- Up-to-date: /home/khanh247/software_simulation/turtlebot3_ws/install/turtlebot3_cartographer/share/turtlebot3_cartographer/local_setup.bash
[0.378s] -- Up-to-date: /home/khanh247/software_simulation/turtlebot3_ws/install/turtlebot3_cartographer/share/turtlebot3_cartographer/local_setup.sh
[0.378s] -- Up-to-date: /home/khanh247/software_simulation/turtlebot3_ws/install/turtlebot3_cartographer/share/turtlebot3_cartographer/local_setup.zsh
[0.378s] -- Up-to-date: /home/khanh247/software_simulation/turtlebot3_ws/install/turtlebot3_cartographer/share/turtlebot3_cartographer/local_setup.dsv
[0.378s] -- Installing: /home/khanh247/software_simulation/turtlebot3_ws/install/turtlebot3_cartographer/share/turtlebot3_cartographer/package.dsv
[0.378s] -- Up-to-date: /home/khanh247/software_simulation/turtlebot3_ws/install/turtlebot3_cartographer/share/ament_index/resource_index/packages/turtlebot3_cartographer
[0.380s] -- Up-to-date: /home/khanh247/software_simulation/turtlebot3_ws/install/turtlebot3_cartographer/share/turtlebot3_cartographer/cmake/turtlebot3_cartographerConfig.cmake
[0.380s] -- Up-to-date: /home/khanh247/software_simulation/turtlebot3_ws/install/turtlebot3_cartographer/share/turtlebot3_cartographer/cmake/turtlebot3_cartographerConfig-version.cmake
[0.381s] -- Up-to-date: /home/khanh247/software_simulation/turtlebot3_ws/install/turtlebot3_cartographer/share/turtlebot3_cartographer/package.xml
[0.390s] Invoked command in '/home/khanh247/software_simulation/turtlebot3_ws/build/turtlebot3_cartographer' returned '0': CMAKE_PREFIX_PATH=/opt/ros/humble /usr/bin/cmake --install /home/khanh247/software_simulation/turtlebot3_ws/build/turtlebot3_cartographer
