[0.107s] Invoking command in '/home/khanh247/software_simulation/turtlebot3_ws/build/nav2_smac_planner': AMENT_PREFIX_PATH=/home/khanh247/software_simulation/turtlebot3_ws/install/nav2_core:/home/khanh247/software_simulation/turtlebot3_ws/install/nav2_costmap_2d:/home/khanh247/software_simulation/turtlebot3_ws/install/nav2_map_server:/home/khanh247/software_simulation/turtlebot3_ws/install/nav2_lifecycle_manager:/home/khanh247/software_simulation/turtlebot3_ws/install/nav2_util:/home/khanh247/software_simulation/turtlebot3_ws/install/nav2_voxel_grid:/home/khanh247/software_simulation/turtlebot3_ws/install/nav2_msgs:/home/khanh247/software_simulation/turtlebot3_ws/install/nav2_common:${AMENT_PREFIX_PATH} CMAKE_PREFIX_PATH=/home/khanh247/software_simulation/turtlebot3_ws/install/nav2_core:/home/khanh247/software_simulation/turtlebot3_ws/install/nav2_costmap_2d:/home/khanh247/software_simulation/turtlebot3_ws/install/nav2_map_server:/home/khanh247/software_simulation/turtlebot3_ws/install/nav2_lifecycle_manager:/home/khanh247/software_simulation/turtlebot3_ws/install/nav2_util:/home/khanh247/software_simulation/turtlebot3_ws/install/nav2_voxel_grid:/home/khanh247/software_simulation/turtlebot3_ws/install/nav2_msgs:/home/khanh247/software_simulation/turtlebot3_ws/install/nav2_common:/opt/ros/humble LD_LIBRARY_PATH=/home/khanh247/software_simulation/turtlebot3_ws/install/nav2_costmap_2d/lib:/home/khanh247/software_simulation/turtlebot3_ws/install/nav2_map_server/lib:/home/khanh247/software_simulation/turtlebot3_ws/install/nav2_lifecycle_manager/lib:/home/khanh247/software_simulation/turtlebot3_ws/install/nav2_util/lib:/home/khanh247/software_simulation/turtlebot3_ws/install/nav2_voxel_grid/lib:/home/khanh247/software_simulation/turtlebot3_ws/install/nav2_msgs/lib:${LD_LIBRARY_PATH} PYTHONPATH=/home/khanh247/software_simulation/turtlebot3_ws/install/nav2_msgs/local/lib/python3.10/dist-packages:/home/khanh247/software_simulation/turtlebot3_ws/install/nav2_common/local/lib/python3.10/dist-packages:${PYTHONPATH} /usr/bin/cmake --build /home/khanh247/software_simulation/turtlebot3_ws/build/nav2_smac_planner -- -j16 -l16
[0.315s] [  3%] Built target gtest_main
[0.347s] [ 22%] Built target nav2_smac_planner
[0.348s] [ 25%] Built target gtest
[0.370s] [ 44%] Built target nav2_smac_planner_2d
[0.470s] [ 62%] Built target nav2_smac_planner_lattice
[0.523s] [ 66%] Built target test_node2d
[0.523s] [ 69%] Built target test_nodehybrid
[0.523s] [ 72%] Built target test_collision_checker
[0.524s] [ 76%] Built target test_costmap_downsampler
[0.528s] [ 79%] Built target test_nodebasic
[0.537s] [ 83%] Built target test_a_star
[0.558s] [ 86%] Built target test_smac_hybrid
[0.585s] [ 89%] Built target test_smac_2d
[0.621s] [ 93%] Built target test_lattice_node
[0.642s] [ 96%] Built target test_smac_lattice
[0.642s] [100%] Built target test_smoother
[0.697s] Invoked command in '/home/khanh247/software_simulation/turtlebot3_ws/build/nav2_smac_planner' returned '0': AMENT_PREFIX_PATH=/home/khanh247/software_simulation/turtlebot3_ws/install/nav2_core:/home/khanh247/software_simulation/turtlebot3_ws/install/nav2_costmap_2d:/home/khanh247/software_simulation/turtlebot3_ws/install/nav2_map_server:/home/khanh247/software_simulation/turtlebot3_ws/install/nav2_lifecycle_manager:/home/khanh247/software_simulation/turtlebot3_ws/install/nav2_util:/home/khanh247/software_simulation/turtlebot3_ws/install/nav2_voxel_grid:/home/khanh247/software_simulation/turtlebot3_ws/install/nav2_msgs:/home/khanh247/software_simulation/turtlebot3_ws/install/nav2_common:${AMENT_PREFIX_PATH} CMAKE_PREFIX_PATH=/home/khanh247/software_simulation/turtlebot3_ws/install/nav2_core:/home/khanh247/software_simulation/turtlebot3_ws/install/nav2_costmap_2d:/home/khanh247/software_simulation/turtlebot3_ws/install/nav2_map_server:/home/khanh247/software_simulation/turtlebot3_ws/install/nav2_lifecycle_manager:/home/khanh247/software_simulation/turtlebot3_ws/install/nav2_util:/home/khanh247/software_simulation/turtlebot3_ws/install/nav2_voxel_grid:/home/khanh247/software_simulation/turtlebot3_ws/install/nav2_msgs:/home/khanh247/software_simulation/turtlebot3_ws/install/nav2_common:/opt/ros/humble LD_LIBRARY_PATH=/home/khanh247/software_simulation/turtlebot3_ws/install/nav2_costmap_2d/lib:/home/khanh247/software_simulation/turtlebot3_ws/install/nav2_map_server/lib:/home/khanh247/software_simulation/turtlebot3_ws/install/nav2_lifecycle_manager/lib:/home/khanh247/software_simulation/turtlebot3_ws/install/nav2_util/lib:/home/khanh247/software_simulation/turtlebot3_ws/install/nav2_voxel_grid/lib:/home/khanh247/software_simulation/turtlebot3_ws/install/nav2_msgs/lib:${LD_LIBRARY_PATH} PYTHONPATH=/home/khanh247/software_simulation/turtlebot3_ws/install/nav2_msgs/local/lib/python3.10/dist-packages:/home/khanh247/software_simulation/turtlebot3_ws/install/nav2_common/local/lib/python3.10/dist-packages:${PYTHONPATH} /usr/bin/cmake --build /home/khanh247/software_simulation/turtlebot3_ws/build/nav2_smac_planner -- -j16 -l16
[0.850s] Invoking command in '/home/khanh247/software_simulation/turtlebot3_ws/build/nav2_smac_planner': AMENT_PREFIX_PATH=/home/khanh247/software_simulation/turtlebot3_ws/install/nav2_core:/home/khanh247/software_simulation/turtlebot3_ws/install/nav2_costmap_2d:/home/khanh247/software_simulation/turtlebot3_ws/install/nav2_map_server:/home/khanh247/software_simulation/turtlebot3_ws/install/nav2_lifecycle_manager:/home/khanh247/software_simulation/turtlebot3_ws/install/nav2_util:/home/khanh247/software_simulation/turtlebot3_ws/install/nav2_voxel_grid:/home/khanh247/software_simulation/turtlebot3_ws/install/nav2_msgs:/home/khanh247/software_simulation/turtlebot3_ws/install/nav2_common:${AMENT_PREFIX_PATH} CMAKE_PREFIX_PATH=/home/khanh247/software_simulation/turtlebot3_ws/install/nav2_core:/home/khanh247/software_simulation/turtlebot3_ws/install/nav2_costmap_2d:/home/khanh247/software_simulation/turtlebot3_ws/install/nav2_map_server:/home/khanh247/software_simulation/turtlebot3_ws/install/nav2_lifecycle_manager:/home/khanh247/software_simulation/turtlebot3_ws/install/nav2_util:/home/khanh247/software_simulation/turtlebot3_ws/install/nav2_voxel_grid:/home/khanh247/software_simulation/turtlebot3_ws/install/nav2_msgs:/home/khanh247/software_simulation/turtlebot3_ws/install/nav2_common:/opt/ros/humble LD_LIBRARY_PATH=/home/khanh247/software_simulation/turtlebot3_ws/install/nav2_costmap_2d/lib:/home/khanh247/software_simulation/turtlebot3_ws/install/nav2_map_server/lib:/home/khanh247/software_simulation/turtlebot3_ws/install/nav2_lifecycle_manager/lib:/home/khanh247/software_simulation/turtlebot3_ws/install/nav2_util/lib:/home/khanh247/software_simulation/turtlebot3_ws/install/nav2_voxel_grid/lib:/home/khanh247/software_simulation/turtlebot3_ws/install/nav2_msgs/lib:${LD_LIBRARY_PATH} PYTHONPATH=/home/khanh247/software_simulation/turtlebot3_ws/install/nav2_msgs/local/lib/python3.10/dist-packages:/home/khanh247/software_simulation/turtlebot3_ws/install/nav2_common/local/lib/python3.10/dist-packages:${PYTHONPATH} /usr/bin/cmake --install /home/khanh247/software_simulation/turtlebot3_ws/build/nav2_smac_planner
[0.861s] -- Install configuration: "Release"
[0.862s] -- Up-to-date: /home/khanh247/software_simulation/turtlebot3_ws/install/nav2_smac_planner/share/nav2_smac_planner/smac_plugin_hybrid.xml
[0.862s] -- Up-to-date: /home/khanh247/software_simulation/turtlebot3_ws/install/nav2_smac_planner/share/nav2_smac_planner/smac_plugin_2d.xml
[0.862s] -- Up-to-date: /home/khanh247/software_simulation/turtlebot3_ws/install/nav2_smac_planner/share/nav2_smac_planner/smac_plugin_lattice.xml
[0.862s] -- Up-to-date: /home/khanh247/software_simulation/turtlebot3_ws/install/nav2_smac_planner/lib/libnav2_smac_planner.so
[0.862s] -- Up-to-date: /home/khanh247/software_simulation/turtlebot3_ws/install/nav2_smac_planner/lib/libnav2_smac_planner_2d.so
[0.862s] -- Up-to-date: /home/khanh247/software_simulation/turtlebot3_ws/install/nav2_smac_planner/lib/libnav2_smac_planner_lattice.so
[0.863s] -- Up-to-date: /home/khanh247/software_simulation/turtlebot3_ws/install/nav2_smac_planner/include/
[0.863s] -- Up-to-date: /home/khanh247/software_simulation/turtlebot3_ws/install/nav2_smac_planner/include//nav2_smac_planner
[0.863s] -- Up-to-date: /home/khanh247/software_simulation/turtlebot3_ws/install/nav2_smac_planner/include//nav2_smac_planner/smac_planner_hybrid.hpp
[0.863s] -- Up-to-date: /home/khanh247/software_simulation/turtlebot3_ws/install/nav2_smac_planner/include//nav2_smac_planner/analytic_expansion.hpp
[0.863s] -- Up-to-date: /home/khanh247/software_simulation/turtlebot3_ws/install/nav2_smac_planner/include//nav2_smac_planner/a_star.hpp
[0.863s] -- Up-to-date: /home/khanh247/software_simulation/turtlebot3_ws/install/nav2_smac_planner/include//nav2_smac_planner/node_2d.hpp
[0.863s] -- Up-to-date: /home/khanh247/software_simulation/turtlebot3_ws/install/nav2_smac_planner/include//nav2_smac_planner/types.hpp
[0.864s] -- Up-to-date: /home/khanh247/software_simulation/turtlebot3_ws/install/nav2_smac_planner/include//nav2_smac_planner/node_basic.hpp
[0.864s] -- Up-to-date: /home/khanh247/software_simulation/turtlebot3_ws/install/nav2_smac_planner/include//nav2_smac_planner/constants.hpp
[0.864s] -- Up-to-date: /home/khanh247/software_simulation/turtlebot3_ws/install/nav2_smac_planner/include//nav2_smac_planner/smac_planner_lattice.hpp
[0.864s] -- Up-to-date: /home/khanh247/software_simulation/turtlebot3_ws/install/nav2_smac_planner/include//nav2_smac_planner/smoother.hpp
[0.864s] -- Up-to-date: /home/khanh247/software_simulation/turtlebot3_ws/install/nav2_smac_planner/include//nav2_smac_planner/thirdparty
[0.864s] -- Up-to-date: /home/khanh247/software_simulation/turtlebot3_ws/install/nav2_smac_planner/include//nav2_smac_planner/thirdparty/robin_hood.h
[0.864s] -- Up-to-date: /home/khanh247/software_simulation/turtlebot3_ws/install/nav2_smac_planner/include//nav2_smac_planner/node_lattice.hpp
[0.865s] -- Up-to-date: /home/khanh247/software_simulation/turtlebot3_ws/install/nav2_smac_planner/include//nav2_smac_planner/costmap_downsampler.hpp
[0.865s] -- Up-to-date: /home/khanh247/software_simulation/turtlebot3_ws/install/nav2_smac_planner/include//nav2_smac_planner/node_hybrid.hpp
[0.865s] -- Up-to-date: /home/khanh247/software_simulation/turtlebot3_ws/install/nav2_smac_planner/include//nav2_smac_planner/smac_planner_2d.hpp
[0.866s] -- Up-to-date: /home/khanh247/software_simulation/turtlebot3_ws/install/nav2_smac_planner/include//nav2_smac_planner/collision_checker.hpp
[0.866s] -- Up-to-date: /home/khanh247/software_simulation/turtlebot3_ws/install/nav2_smac_planner/include//nav2_smac_planner/utils.hpp
[0.866s] -- Up-to-date: /home/khanh247/software_simulation/turtlebot3_ws/install/nav2_smac_planner/share/nav2_smac_planner/sample_primitives
[0.866s] -- Up-to-date: /home/khanh247/software_simulation/turtlebot3_ws/install/nav2_smac_planner/share/nav2_smac_planner/sample_primitives/5cm_resolution
[0.866s] -- Up-to-date: /home/khanh247/software_simulation/turtlebot3_ws/install/nav2_smac_planner/share/nav2_smac_planner/sample_primitives/5cm_resolution/1m_turning_radius
[0.867s] -- Up-to-date: /home/khanh247/software_simulation/turtlebot3_ws/install/nav2_smac_planner/share/nav2_smac_planner/sample_primitives/5cm_resolution/1m_turning_radius/diff
[0.867s] -- Up-to-date: /home/khanh247/software_simulation/turtlebot3_ws/install/nav2_smac_planner/share/nav2_smac_planner/sample_primitives/5cm_resolution/1m_turning_radius/diff/output.json
[0.867s] -- Up-to-date: /home/khanh247/software_simulation/turtlebot3_ws/install/nav2_smac_planner/share/nav2_smac_planner/sample_primitives/5cm_resolution/1m_turning_radius/omni
[0.867s] -- Up-to-date: /home/khanh247/software_simulation/turtlebot3_ws/install/nav2_smac_planner/share/nav2_smac_planner/sample_primitives/5cm_resolution/1m_turning_radius/omni/output.json
[0.867s] -- Up-to-date: /home/khanh247/software_simulation/turtlebot3_ws/install/nav2_smac_planner/share/nav2_smac_planner/sample_primitives/5cm_resolution/1m_turning_radius/ackermann
[0.868s] -- Up-to-date: /home/khanh247/software_simulation/turtlebot3_ws/install/nav2_smac_planner/share/nav2_smac_planner/sample_primitives/5cm_resolution/1m_turning_radius/ackermann/output.json
[0.868s] -- Up-to-date: /home/khanh247/software_simulation/turtlebot3_ws/install/nav2_smac_planner/share/nav2_smac_planner/sample_primitives/5cm_resolution/1m_turning_radius/all_trajectories.png
[0.868s] -- Up-to-date: /home/khanh247/software_simulation/turtlebot3_ws/install/nav2_smac_planner/share/nav2_smac_planner/sample_primitives/5cm_resolution/0.5m_turning_radius
[0.868s] -- Up-to-date: /home/khanh247/software_simulation/turtlebot3_ws/install/nav2_smac_planner/share/nav2_smac_planner/sample_primitives/5cm_resolution/0.5m_turning_radius/diff
[0.868s] -- Up-to-date: /home/khanh247/software_simulation/turtlebot3_ws/install/nav2_smac_planner/share/nav2_smac_planner/sample_primitives/5cm_resolution/0.5m_turning_radius/diff/output.json
[0.869s] -- Up-to-date: /home/khanh247/software_simulation/turtlebot3_ws/install/nav2_smac_planner/share/nav2_smac_planner/sample_primitives/5cm_resolution/0.5m_turning_radius/omni
[0.869s] -- Up-to-date: /home/khanh247/software_simulation/turtlebot3_ws/install/nav2_smac_planner/share/nav2_smac_planner/sample_primitives/5cm_resolution/0.5m_turning_radius/omni/output.json
[0.869s] -- Up-to-date: /home/khanh247/software_simulation/turtlebot3_ws/install/nav2_smac_planner/share/nav2_smac_planner/sample_primitives/5cm_resolution/0.5m_turning_radius/ackermann
[0.869s] -- Up-to-date: /home/khanh247/software_simulation/turtlebot3_ws/install/nav2_smac_planner/share/nav2_smac_planner/sample_primitives/5cm_resolution/0.5m_turning_radius/ackermann/output.json
[0.869s] -- Up-to-date: /home/khanh247/software_simulation/turtlebot3_ws/install/nav2_smac_planner/share/nav2_smac_planner/sample_primitives/5cm_resolution/0.5m_turning_radius/all_trajectories.png
[0.869s] -- Up-to-date: /home/khanh247/software_simulation/turtlebot3_ws/install/nav2_smac_planner/share/nav2_smac_planner/environment/library_path.sh
[0.870s] -- Up-to-date: /home/khanh247/software_simulation/turtlebot3_ws/install/nav2_smac_planner/share/nav2_smac_planner/environment/library_path.dsv
[0.870s] -- Up-to-date: /home/khanh247/software_simulation/turtlebot3_ws/install/nav2_smac_planner/share/ament_index/resource_index/package_run_dependencies/nav2_smac_planner
[0.870s] -- Up-to-date: /home/khanh247/software_simulation/turtlebot3_ws/install/nav2_smac_planner/share/ament_index/resource_index/parent_prefix_path/nav2_smac_planner
[0.870s] -- Up-to-date: /home/khanh247/software_simulation/turtlebot3_ws/install/nav2_smac_planner/share/nav2_smac_planner/environment/ament_prefix_path.sh
[0.871s] -- Up-to-date: /home/khanh247/software_simulation/turtlebot3_ws/install/nav2_smac_planner/share/nav2_smac_planner/environment/ament_prefix_path.dsv
[0.871s] -- Up-to-date: /home/khanh247/software_simulation/turtlebot3_ws/install/nav2_smac_planner/share/nav2_smac_planner/environment/path.sh
[0.871s] -- Up-to-date: /home/khanh247/software_simulation/turtlebot3_ws/install/nav2_smac_planner/share/nav2_smac_planner/environment/path.dsv
[0.871s] -- Up-to-date: /home/khanh247/software_simulation/turtlebot3_ws/install/nav2_smac_planner/share/nav2_smac_planner/local_setup.bash
[0.871s] -- Up-to-date: /home/khanh247/software_simulation/turtlebot3_ws/install/nav2_smac_planner/share/nav2_smac_planner/local_setup.sh
[0.871s] -- Up-to-date: /home/khanh247/software_simulation/turtlebot3_ws/install/nav2_smac_planner/share/nav2_smac_planner/local_setup.zsh
[0.872s] -- Up-to-date: /home/khanh247/software_simulation/turtlebot3_ws/install/nav2_smac_planner/share/nav2_smac_planner/local_setup.dsv
[0.872s] -- Installing: /home/khanh247/software_simulation/turtlebot3_ws/install/nav2_smac_planner/share/nav2_smac_planner/package.dsv
[0.872s] -- Up-to-date: /home/khanh247/software_simulation/turtlebot3_ws/install/nav2_smac_planner/share/ament_index/resource_index/packages/nav2_smac_planner
[0.872s] -- Up-to-date: /home/khanh247/software_simulation/turtlebot3_ws/install/nav2_smac_planner/share/ament_index/resource_index/nav2_core__pluginlib__plugin/nav2_smac_planner
[0.873s] -- Up-to-date: /home/khanh247/software_simulation/turtlebot3_ws/install/nav2_smac_planner/share/nav2_smac_planner/cmake/ament_cmake_export_include_directories-extras.cmake
[0.874s] -- Up-to-date: /home/khanh247/software_simulation/turtlebot3_ws/install/nav2_smac_planner/share/nav2_smac_planner/cmake/ament_cmake_export_libraries-extras.cmake
[0.874s] -- Up-to-date: /home/khanh247/software_simulation/turtlebot3_ws/install/nav2_smac_planner/share/nav2_smac_planner/cmake/ament_cmake_export_dependencies-extras.cmake
[0.874s] -- Up-to-date: /home/khanh247/software_simulation/turtlebot3_ws/install/nav2_smac_planner/share/nav2_smac_planner/cmake/nav2_smac_plannerConfig.cmake
[0.874s] -- Up-to-date: /home/khanh247/software_simulation/turtlebot3_ws/install/nav2_smac_planner/share/nav2_smac_planner/cmake/nav2_smac_plannerConfig-version.cmake
[0.874s] -- Up-to-date: /home/khanh247/software_simulation/turtlebot3_ws/install/nav2_smac_planner/share/nav2_smac_planner/package.xml
[0.933s] Invoked command in '/home/khanh247/software_simulation/turtlebot3_ws/build/nav2_smac_planner' returned '0': AMENT_PREFIX_PATH=/home/khanh247/software_simulation/turtlebot3_ws/install/nav2_core:/home/khanh247/software_simulation/turtlebot3_ws/install/nav2_costmap_2d:/home/khanh247/software_simulation/turtlebot3_ws/install/nav2_map_server:/home/khanh247/software_simulation/turtlebot3_ws/install/nav2_lifecycle_manager:/home/khanh247/software_simulation/turtlebot3_ws/install/nav2_util:/home/khanh247/software_simulation/turtlebot3_ws/install/nav2_voxel_grid:/home/khanh247/software_simulation/turtlebot3_ws/install/nav2_msgs:/home/khanh247/software_simulation/turtlebot3_ws/install/nav2_common:${AMENT_PREFIX_PATH} CMAKE_PREFIX_PATH=/home/khanh247/software_simulation/turtlebot3_ws/install/nav2_core:/home/khanh247/software_simulation/turtlebot3_ws/install/nav2_costmap_2d:/home/khanh247/software_simulation/turtlebot3_ws/install/nav2_map_server:/home/khanh247/software_simulation/turtlebot3_ws/install/nav2_lifecycle_manager:/home/khanh247/software_simulation/turtlebot3_ws/install/nav2_util:/home/khanh247/software_simulation/turtlebot3_ws/install/nav2_voxel_grid:/home/khanh247/software_simulation/turtlebot3_ws/install/nav2_msgs:/home/khanh247/software_simulation/turtlebot3_ws/install/nav2_common:/opt/ros/humble LD_LIBRARY_PATH=/home/khanh247/software_simulation/turtlebot3_ws/install/nav2_costmap_2d/lib:/home/khanh247/software_simulation/turtlebot3_ws/install/nav2_map_server/lib:/home/khanh247/software_simulation/turtlebot3_ws/install/nav2_lifecycle_manager/lib:/home/khanh247/software_simulation/turtlebot3_ws/install/nav2_util/lib:/home/khanh247/software_simulation/turtlebot3_ws/install/nav2_voxel_grid/lib:/home/khanh247/software_simulation/turtlebot3_ws/install/nav2_msgs/lib:${LD_LIBRARY_PATH} PYTHONPATH=/home/khanh247/software_simulation/turtlebot3_ws/install/nav2_msgs/local/lib/python3.10/dist-packages:/home/khanh247/software_simulation/turtlebot3_ws/install/nav2_common/local/lib/python3.10/dist-packages:${PYTHONPATH} /usr/bin/cmake --install /home/khanh247/software_simulation/turtlebot3_ws/build/nav2_smac_planner
