-- Found ament_cmake: 1.3.9 (/opt/ros/humble/share/ament_cmake/cmake)
-- Found rclcpp: 16.0.9 (/opt/ros/humble/share/rclcpp/cmake)
-- Found rosidl_generator_c: 3.1.5 (/opt/ros/humble/share/rosidl_generator_c/cmake)
-- Found rosidl_adapter: 3.1.5 (/opt/ros/humble/share/rosidl_adapter/cmake)
-- Found rosidl_generator_cpp: 3.1.5 (/opt/ros/humble/share/rosidl_generator_cpp/cmake)
-- Using all available rosidl_typesupport_c: rosidl_typesupport_fastrtps_c;rosidl_typesupport_introspection_c
-- Using all available rosidl_typesupport_cpp: rosidl_typesupport_fastrtps_cpp;rosidl_typesupport_introspection_cpp
-- Found rmw_implementation_cmake: 6.1.2 (/opt/ros/humble/share/rmw_implementation_cmake/cmake)
-- Found rmw_fastrtps_cpp: 6.2.6 (/opt/ros/humble/share/rmw_fastrtps_cpp/cmake)
-- Using RMW implementation 'rmw_fastrtps_cpp' as default
-- Found nav2_costmap_2d: 1.1.15 (/opt/ros/humble/share/nav2_costmap_2d/cmake)
-- Ensuring Eigen3 include directory is part of orocos-kdl CMake target
[31mCMake Error at CMakeLists.txt:16 (find_package):
  By not providing "Findpcl_ros.cmake" in CMAKE_MODULE_PATH this project has
  asked CMake to find a package configuration file provided by "pcl_ros", but
  CMake did not find one.

  Could not find a package configuration file provided by "pcl_ros" with any
  of the following names:

    pcl_rosConfig.cmake
    pcl_ros-config.cmake

  Add the installation prefix of "pcl_ros" to CMAKE_PREFIX_PATH or set
  "pcl_ros_DIR" to a directory containing one of the above files.  If
  "pcl_ros" provides a separate development package or SDK, be sure it has
  been installed.

[0m
-- Configuring incomplete, errors occurred!
See also "/home/khanh247/virtual_wall_ros2/software_simulation/turtlebot3_ws/build/plu_virtual_wall/CMakeFiles/CMakeOutput.log".
gmake: *** [Makefile:308: cmake_check_build_system] Error 1
