[0.000000] (-) TimerEvent: {}
[0.000464] (-) JobUnselected: {'identifier': 'costmap_queue'}
[0.000541] (-) JobUnselected: {'identifier': 'dwb_core'}
[0.000558] (-) JobUnselected: {'identifier': 'dwb_critics'}
[0.000586] (-) JobUnselected: {'identifier': 'dwb_msgs'}
[0.000599] (-) JobUnselected: {'identifier': 'dwb_plugins'}
[0.000612] (-) JobUnselected: {'identifier': 'dynamixel_sdk'}
[0.000624] (-) JobUnselected: {'identifier': 'dynamixel_sdk_custom_interfaces'}
[0.000636] (-) JobUnselected: {'identifier': 'dynamixel_sdk_examples'}
[0.000648] (-) JobUnselected: {'identifier': 'nav2_amcl'}
[0.000659] (-) JobUnselected: {'identifier': 'nav2_behavior_tree'}
[0.000671] (-) JobUnselected: {'identifier': 'nav2_behaviors'}
[0.000683] (-) JobUnselected: {'identifier': 'nav2_bringup'}
[0.000695] (-) JobUnselected: {'identifier': 'nav2_bt_navigator'}
[0.000706] (-) JobUnselected: {'identifier': 'nav2_collision_monitor'}
[0.000718] (-) JobUnselected: {'identifier': 'nav2_common'}
[0.000729] (-) JobUnselected: {'identifier': 'nav2_constrained_smoother'}
[0.000741] (-) JobUnselected: {'identifier': 'nav2_controller'}
[0.000752] (-) JobUnselected: {'identifier': 'nav2_core'}
[0.000764] (-) JobUnselected: {'identifier': 'nav2_costmap_2d'}
[0.000776] (-) JobUnselected: {'identifier': 'nav2_dwb_controller'}
[0.000787] (-) JobUnselected: {'identifier': 'nav2_graceful_controller'}
[0.000799] (-) JobUnselected: {'identifier': 'nav2_lifecycle_manager'}
[0.000811] (-) JobUnselected: {'identifier': 'nav2_map_server'}
[0.000822] (-) JobUnselected: {'identifier': 'nav2_mppi_controller'}
[0.000834] (-) JobUnselected: {'identifier': 'nav2_msgs'}
[0.000845] (-) JobUnselected: {'identifier': 'nav2_navfn_planner'}
[0.000857] (-) JobUnselected: {'identifier': 'nav2_planner'}
[0.000868] (-) JobUnselected: {'identifier': 'nav2_regulated_pure_pursuit_controller'}
[0.000880] (-) JobUnselected: {'identifier': 'nav2_rotation_shim_controller'}
[0.000892] (-) JobUnselected: {'identifier': 'nav2_rviz_plugins'}
[0.000903] (-) JobUnselected: {'identifier': 'nav2_simple_commander'}
[0.000915] (-) JobUnselected: {'identifier': 'nav2_smac_planner'}
[0.000926] (-) JobUnselected: {'identifier': 'nav2_smoother'}
[0.000938] (-) JobUnselected: {'identifier': 'nav2_system_tests'}
[0.000949] (-) JobUnselected: {'identifier': 'nav2_theta_star_planner'}
[0.000961] (-) JobUnselected: {'identifier': 'nav2_util'}
[0.000972] (-) JobUnselected: {'identifier': 'nav2_velocity_smoother'}
[0.000984] (-) JobUnselected: {'identifier': 'nav2_voxel_grid'}
[0.000995] (-) JobUnselected: {'identifier': 'nav2_waypoint_follower'}
[0.001007] (-) JobUnselected: {'identifier': 'nav_2d_msgs'}
[0.001018] (-) JobUnselected: {'identifier': 'nav_2d_utils'}
[0.001030] (-) JobUnselected: {'identifier': 'navigation2'}
[0.001041] (-) JobUnselected: {'identifier': 'plu_virtual_wall'}
[0.001053] (-) JobUnselected: {'identifier': 'turtlebot3'}
[0.001064] (-) JobUnselected: {'identifier': 'turtlebot3_bringup'}
[0.001076] (-) JobUnselected: {'identifier': 'turtlebot3_cartographer'}
[0.001088] (-) JobUnselected: {'identifier': 'turtlebot3_description'}
[0.001099] (-) JobUnselected: {'identifier': 'turtlebot3_example'}
[0.001111] (-) JobUnselected: {'identifier': 'turtlebot3_fake_node'}
[0.001122] (-) JobUnselected: {'identifier': 'turtlebot3_gazebo'}
[0.001134] (-) JobUnselected: {'identifier': 'turtlebot3_msgs'}
[0.001145] (-) JobUnselected: {'identifier': 'turtlebot3_navigation2'}
[0.001157] (-) JobUnselected: {'identifier': 'turtlebot3_node'}
[0.001168] (-) JobUnselected: {'identifier': 'turtlebot3_simulations'}
[0.001179] (-) JobUnselected: {'identifier': 'turtlebot3_teleop'}
[0.001191] (-) JobUnselected: {'identifier': 'tutorial_interfaces'}
[0.001203] (-) EventReactorShutdown: {}
