[0.041s] Invoking command in '/home/khanh247/software_simulation/turtlebot3_ws/build/nav2_behavior_tree': CMAKE_PREFIX_PATH=/home/khanh247/software_simulation/turtlebot3_ws/install/nav2_util:/home/khanh247/software_simulation/turtlebot3_ws/install/nav2_msgs:/home/khanh247/software_simulation/turtlebot3_ws/install/nav2_common:/home/khanh247/software_simulation/turtlebot3_ws/install/virtual_wall_ros2:/home/khanh247/software_simulation/turtlebot3_ws/install/virtual_wall:/home/khanh247/software_simulation/turtlebot3_ws/install/tutorial_interfaces:/home/khanh247/software_simulation/turtlebot3_ws/install/turtlebot3:/home/khanh247/software_simulation/turtlebot3_ws/install/turtlebot3_simulations:/home/khanh247/software_simulation/turtlebot3_ws/install/turtlebot3_bringup:/home/khanh247/software_simulation/turtlebot3_ws/install/turtlebot3_node:/home/khanh247/software_simulation/turtlebot3_ws/install/turtlebot3_navigation2:/home/khanh247/software_simulation/turtlebot3_ws/install/turtlebot3_fake_node:/home/khanh247/software_simulation/turtlebot3_ws/install/turtlebot3_msgs:/home/khanh247/software_simulation/turtlebot3_ws/install/turtlebot3_gazebo:/home/khanh247/software_simulation/turtlebot3_ws/install/turtlebot3_description:/home/khanh247/software_simulation/turtlebot3_ws/install/turtlebot3_cartographer:/home/khanh247/software_simulation/turtlebot3_ws/install/plu_virtual_wall:/home/khanh247/software_simulation/turtlebot3_ws/install/nav2_system_tests:/home/khanh247/software_simulation/turtlebot3_ws/install/nav2_bringup:/home/khanh247/software_simulation/turtlebot3_ws/install/navigation2:/home/khanh247/software_simulation/turtlebot3_ws/install/nav2_smoother:/home/khanh247/software_simulation/turtlebot3_ws/install/nav2_graceful_controller:/home/khanh247/software_simulation/turtlebot3_ws/install/nav2_dwb_controller:/home/khanh247/software_simulation/turtlebot3_ws/install/nav2_controller:/home/khanh247/software_simulation/turtlebot3_ws/install/dwb_plugins:/home/khanh247/software_simulation/turtlebot3_ws/install/dwb_critics:/home/khanh247/software_simulation/turtlebot3_ws/install/dwb_core:/home/khanh247/software_simulation/turtlebot3_ws/install/nav_2d_utils:/home/khanh247/software_simulation/turtlebot3_ws/install/dwb_msgs:/home/khanh247/software_simulation/turtlebot3_ws/install/nav_2d_msgs:/home/khanh247/software_simulation/turtlebot3_ws/install/nav2_waypoint_follower:/home/khanh247/software_simulation/turtlebot3_ws/install/nav2_theta_star_planner:/home/khanh247/software_simulation/turtlebot3_ws/install/nav2_smac_planner:/home/khanh247/software_simulation/turtlebot3_ws/install/nav2_rotation_shim_controller:/home/khanh247/software_simulation/turtlebot3_ws/install/nav2_regulated_pure_pursuit_controller:/home/khanh247/software_simulation/turtlebot3_ws/install/nav2_planner:/home/khanh247/software_simulation/turtlebot3_ws/install/nav2_navfn_planner:/home/khanh247/software_simulation/turtlebot3_ws/install/nav2_mppi_controller:/home/khanh247/software_simulation/turtlebot3_ws/install/nav2_constrained_smoother:/home/khanh247/software_simulation/turtlebot3_ws/install/nav2_bt_navigator:/home/khanh247/software_simulation/turtlebot3_ws/install/nav2_behaviors:/home/khanh247/software_simulation/turtlebot3_ws/install/nav2_core:/home/khanh247/software_simulation/turtlebot3_ws/install/nav2_collision_monitor:/home/khanh247/software_simulation/turtlebot3_ws/install/costmap_queue:/home/khanh247/software_simulation/turtlebot3_ws/install/nav2_costmap_2d:/home/khanh247/software_simulation/turtlebot3_ws/install/nav2_voxel_grid:/home/khanh247/software_simulation/turtlebot3_ws/install/nav2_velocity_smoother:/home/khanh247/software_simulation/turtlebot3_ws/install/nav2_rviz_plugins:/home/khanh247/software_simulation/turtlebot3_ws/install/nav2_map_server:/home/khanh247/software_simulation/turtlebot3_ws/install/nav2_lifecycle_manager:/home/khanh247/software_simulation/turtlebot3_ws/install/nav2_behavior_tree:/home/khanh247/software_simulation/turtlebot3_ws/install/nav2_amcl:/home/khanh247/software_simulation/turtlebot3_ws/install/dynamixel_sdk_examples:/home/khanh247/software_simulation/turtlebot3_ws/install/dynamixel_sdk_custom_interfaces:/home/khanh247/software_simulation/turtlebot3_ws/install/dynamixel_sdk:/home/khanh247/software_simulation/turtlebot3_ws/install/turtlebot3_teleop:/home/khanh247/software_simulation/turtlebot3_ws/install/turtlebot3_example:/home/khanh247/software_simulation/turtlebot3_ws/install/nav2_simple_commander:/opt/ros/humble LD_LIBRARY_PATH=/home/khanh247/software_simulation/turtlebot3_ws/install/nav2_util/lib:/home/khanh247/software_simulation/turtlebot3_ws/install/nav2_msgs/lib:/home/khanh247/software_simulation/turtlebot3_ws/install/virtual_wall_ros2/lib:/home/khanh247/software_simulation/turtlebot3_ws/install/virtual_wall/lib:/home/khanh247/software_simulation/turtlebot3_ws/install/turtlebot3_msgs/lib:/home/khanh247/software_simulation/turtlebot3_ws/install/plu_virtual_wall/lib:/home/khanh247/software_simulation/turtlebot3_ws/install/nav2_smoother/lib:/home/khanh247/software_simulation/turtlebot3_ws/install/nav2_graceful_controller/lib:/home/khanh247/software_simulation/turtlebot3_ws/install/nav2_controller/lib:/home/khanh247/software_simulation/turtlebot3_ws/install/dwb_plugins/lib:/home/khanh247/software_simulation/turtlebot3_ws/install/dwb_critics/lib:/home/khanh247/software_simulation/turtlebot3_ws/install/dwb_core/lib:/home/khanh247/software_simulation/turtlebot3_ws/install/nav_2d_utils/lib:/home/khanh247/software_simulation/turtlebot3_ws/install/dwb_msgs/lib:/home/khanh247/software_simulation/turtlebot3_ws/install/nav_2d_msgs/lib:/home/khanh247/software_simulation/turtlebot3_ws/install/nav2_waypoint_follower/lib:/home/khanh247/software_simulation/turtlebot3_ws/install/nav2_theta_star_planner/lib:/home/khanh247/software_simulation/turtlebot3_ws/install/nav2_smac_planner/lib:/home/khanh247/software_simulation/turtlebot3_ws/install/nav2_rotation_shim_controller/lib:/home/khanh247/software_simulation/turtlebot3_ws/install/nav2_regulated_pure_pursuit_controller/lib:/home/khanh247/software_simulation/turtlebot3_ws/install/nav2_planner/lib:/home/khanh247/software_simulation/turtlebot3_ws/install/nav2_navfn_planner/lib:/home/khanh247/software_simulation/turtlebot3_ws/install/nav2_mppi_controller/lib:/home/khanh247/software_simulation/turtlebot3_ws/install/nav2_constrained_smoother/lib:/home/khanh247/software_simulation/turtlebot3_ws/install/nav2_bt_navigator/lib:/home/khanh247/software_simulation/turtlebot3_ws/install/nav2_behaviors/lib:/home/khanh247/software_simulation/turtlebot3_ws/install/nav2_collision_monitor/lib:/home/khanh247/software_simulation/turtlebot3_ws/install/costmap_queue/lib:/home/khanh247/software_simulation/turtlebot3_ws/install/nav2_costmap_2d/lib:/home/khanh247/software_simulation/turtlebot3_ws/install/nav2_voxel_grid/lib:/home/khanh247/software_simulation/turtlebot3_ws/install/nav2_velocity_smoother/lib:/home/khanh247/software_simulation/turtlebot3_ws/install/nav2_rviz_plugins/lib:/home/khanh247/software_simulation/turtlebot3_ws/install/nav2_map_server/lib:/home/khanh247/software_simulation/turtlebot3_ws/install/nav2_lifecycle_manager/lib:/home/khanh247/software_simulation/turtlebot3_ws/install/nav2_behavior_tree/lib:/home/khanh247/software_simulation/turtlebot3_ws/install/nav2_amcl/lib:/home/khanh247/software_simulation/turtlebot3_ws/install/dynamixel_sdk_custom_interfaces/lib:/home/khanh247/software_simulation/turtlebot3_ws/install/dynamixel_sdk/lib:/usr/lib/x86_64-linux-gnu/gazebo-11/plugins:/opt/ros/humble/opt/rviz_ogre_vendor/lib:/opt/ros/humble/lib/x86_64-linux-gnu:/opt/ros/humble/lib /usr/bin/cmake --build /home/khanh247/software_simulation/turtlebot3_ws/build/nav2_behavior_tree -- -j16 -l16
[0.187s] [  1%] Built target nav2_behavior_tree
[0.187s] [  2%] Built target nav2_compute_path_to_pose_action_bt_node
[0.193s] [  3%] Built target nav2_controller_cancel_bt_node
[0.205s] [  4%] Built target nav2_compute_path_through_poses_action_bt_node
[0.205s] [  5%] Built target nav2_wait_cancel_bt_node
[0.206s] [  6%] Built target nav2_back_up_cancel_bt_node
[0.207s] [  8%] Built target nav2_drive_on_heading_cancel_bt_node
[0.209s] [  9%] Built target nav2_assisted_teleop_cancel_bt_node
[0.213s] [  8%] Built target nav2_spin_cancel_bt_node
[0.217s] [  9%] Built target nav2_smooth_path_action_bt_node
[0.261s] [ 10%] Built target nav2_follow_path_action_bt_node
[0.273s] [ 11%] Built target nav2_back_up_action_bt_node
[0.273s] [ 12%] Built target nav2_drive_on_heading_bt_node
[0.309s] [ 13%] Built target nav2_wait_action_bt_node
[0.309s] [ 14%] Built target nav2_spin_action_bt_node
[0.309s] [ 15%] Built target nav2_clear_costmap_service_bt_node
[0.324s] [ 16%] Built target nav2_assisted_teleop_action_bt_node
[0.324s] [ 17%] Built target nav2_is_stuck_condition_bt_node
[0.324s] [ 18%] Built target nav2_transform_available_condition_bt_node
[0.326s] [ 19%] Built target nav2_goal_reached_condition_bt_node
[0.343s] [ 20%] Built target nav2_globally_updated_goal_condition_bt_node
[0.345s] [ 20%] Built target nav2_goal_updated_condition_bt_node
[0.359s] [ 22%] Built target nav2_distance_traveled_condition_bt_node
[0.359s] [ 22%] Built target nav2_is_path_valid_condition_bt_node
[0.361s] [ 23%] Built target nav2_time_expired_condition_bt_node
[0.364s] [ 24%] Built target nav2_path_expiring_timer_condition
[0.365s] [ 25%] Built target nav2_initial_pose_received_condition_bt_node
[0.377s] [ 26%] Built target nav2_is_battery_charging_condition_bt_node
[0.390s] [ 27%] Built target nav2_is_battery_low_condition_bt_node
[0.418s] [ 28%] Built target nav2_reinitialize_global_localization_service_bt_node
[0.418s] [ 29%] Built target nav2_rate_controller_bt_node
[0.432s] [ 31%] Built target nav2_truncate_path_action_bt_node
[0.432s] [ 31%] Built target nav2_speed_controller_bt_node
[0.436s] [ 32%] Built target nav2_goal_updater_node_bt_node
[0.436s] [ 33%] Built target nav2_distance_controller_bt_node
[0.438s] [ 34%] Built target nav2_truncate_path_local_action_bt_node
[0.439s] [ 35%] Built target nav2_recovery_node_bt_node
[0.442s] [ 36%] Built target nav2_navigate_to_pose_action_bt_node
[0.446s] [ 37%] Built target nav2_path_longer_on_approach_bt_node
[0.446s] [ 38%] Built target nav2_remove_passed_goals_action_bt_node
[0.453s] [ 39%] Built target nav2_navigate_through_poses_action_bt_node
[0.483s] [ 40%] Built target nav2_round_robin_node_bt_node
[0.491s] [ 41%] Built target nav2_pipeline_sequence_bt_node
[0.500s] [ 42%] Built target nav2_get_pose_from_path_action_bt_node
[0.502s] [ 45%] Built target nav2_smoother_selector_bt_node
[0.503s] [ 45%] Built target nav2_single_trigger_bt_node
[0.503s] [ 45%] Built target nav2_controller_selector_bt_node
[0.504s] [ 46%] Built target nav2_progress_checker_selector_bt_node
[0.505s] [ 47%] Built target nav2_goal_updated_controller_bt_node
[0.505s] [ 48%] Built target gtest_main
[0.518s] [ 49%] Built target nav2_planner_selector_bt_node
[0.519s] [ 49%] Built target gtest
[0.521s] [ 50%] Built target nav2_goal_checker_selector_bt_node
[0.571s] [ 51%] Built target test_bt_conversions
[0.573s] [ 52%] Built target test_condition_distance_traveled
[0.573s] [ 52%] Built target test_condition_time_expired
[0.593s] [ 56%] Built target test_condition_is_stuck
[0.593s] [ 56%] Built target test_condition_goal_updated
[0.593s] [ 56%] Built target test_condition_transform_available
[0.594s] [ 56%] Built target test_condition_path_expiring_timer
[0.594s] [ 57%] Built target test_condition_goal_reached
[0.594s] [ 58%] Built target test_condition_globally_updated_goal
[0.600s] [ 59%] Built target test_condition_initial_pose_received
[0.607s] [ 60%] Built target test_condition_is_battery_charging
[0.629s] [ 61%] Built target test_condition_is_path_valid
[0.650s] [ 62%] Built target test_goal_updater_node
[0.651s] [ 63%] Built target test_condition_is_battery_low
[0.653s] [ 64%] Built target test_decorator_speed_controller
[0.654s] [ 65%] Built target test_single_trigger_node
[0.654s] [ 66%] Built target test_decorator_distance_controller
[0.657s] [ 67%] Built target test_decorator_rate_controller
[0.660s] [ 68%] Built target test_decorator_path_longer_on_approach
[0.661s] [ 69%] Built target test_control_recovery_node
[0.661s] [ 70%] Built target test_goal_updated_controller
[0.666s] [ 71%] Built target test_action_spin_action
[0.666s] [ 72%] Built target test_control_pipeline_sequence
[0.666s] [ 73%] Built target test_bt_action_node
[0.666s] [ 74%] Built target test_control_round_robin_node
[0.734s] [ 76%] Built target test_action_drive_on_heading
[0.734s] [ 76%] Built target test_action_back_up_action
[0.735s] [ 78%] Built target test_action_wait_action
[0.735s] [ 78%] Built target test_action_assisted_teleop_action
[0.737s] [ 80%] Built target test_action_controller_cancel_action
[0.737s] [ 80%] Built target test_action_spin_cancel_action
[0.739s] [ 81%] Built target test_action_assisted_teleop_cancel_action
[0.750s] [ 82%] Built target test_action_drive_on_heading_cancel_action
[0.750s] [ 83%] Built target test_action_wait_cancel_action
[0.750s] [ 84%] Built target test_action_compute_path_through_poses_action
[0.752s] [ 85%] Built target test_action_compute_path_to_pose_action
[0.753s] [ 86%] Built target test_action_smooth_path_action
[0.753s] [ 87%] Built target test_action_reinitialize_global_localization_service
[0.755s] [ 89%] Built target test_action_clear_costmap_service
[0.755s] [ 89%] Built target test_action_back_up_cancel_action
[0.788s] [ 89%] Built target test_action_follow_path_action
[0.790s] [ 90%] Built target test_action_navigate_to_pose_action
[0.799s] [ 91%] Built target test_action_navigate_through_poses_action
[0.800s] [ 92%] Built target test_remove_passed_goals_action
[0.806s] [ 93%] Built target test_get_pose_from_path_action
[0.811s] [ 94%] Built target test_truncate_path_action
[0.812s] [ 95%] Built target test_truncate_path_local_action
[0.818s] [ 96%] Built target test_planner_selector_node
[0.828s] [ 97%] Built target test_controller_selector_node
[0.841s] [ 98%] Built target test_goal_checker_selector_node
[0.841s] [ 99%] Built target test_smoother_selector_node
[0.852s] [100%] Built target test_progress_checker_selector_node
[0.867s] Invoked command in '/home/khanh247/software_simulation/turtlebot3_ws/build/nav2_behavior_tree' returned '0': CMAKE_PREFIX_PATH=/home/khanh247/software_simulation/turtlebot3_ws/install/nav2_util:/home/khanh247/software_simulation/turtlebot3_ws/install/nav2_msgs:/home/khanh247/software_simulation/turtlebot3_ws/install/nav2_common:/home/khanh247/software_simulation/turtlebot3_ws/install/virtual_wall_ros2:/home/khanh247/software_simulation/turtlebot3_ws/install/virtual_wall:/home/khanh247/software_simulation/turtlebot3_ws/install/tutorial_interfaces:/home/khanh247/software_simulation/turtlebot3_ws/install/turtlebot3:/home/khanh247/software_simulation/turtlebot3_ws/install/turtlebot3_simulations:/home/khanh247/software_simulation/turtlebot3_ws/install/turtlebot3_bringup:/home/khanh247/software_simulation/turtlebot3_ws/install/turtlebot3_node:/home/khanh247/software_simulation/turtlebot3_ws/install/turtlebot3_navigation2:/home/khanh247/software_simulation/turtlebot3_ws/install/turtlebot3_fake_node:/home/khanh247/software_simulation/turtlebot3_ws/install/turtlebot3_msgs:/home/khanh247/software_simulation/turtlebot3_ws/install/turtlebot3_gazebo:/home/khanh247/software_simulation/turtlebot3_ws/install/turtlebot3_description:/home/khanh247/software_simulation/turtlebot3_ws/install/turtlebot3_cartographer:/home/khanh247/software_simulation/turtlebot3_ws/install/plu_virtual_wall:/home/khanh247/software_simulation/turtlebot3_ws/install/nav2_system_tests:/home/khanh247/software_simulation/turtlebot3_ws/install/nav2_bringup:/home/khanh247/software_simulation/turtlebot3_ws/install/navigation2:/home/khanh247/software_simulation/turtlebot3_ws/install/nav2_smoother:/home/khanh247/software_simulation/turtlebot3_ws/install/nav2_graceful_controller:/home/khanh247/software_simulation/turtlebot3_ws/install/nav2_dwb_controller:/home/khanh247/software_simulation/turtlebot3_ws/install/nav2_controller:/home/khanh247/software_simulation/turtlebot3_ws/install/dwb_plugins:/home/khanh247/software_simulation/turtlebot3_ws/install/dwb_critics:/home/khanh247/software_simulation/turtlebot3_ws/install/dwb_core:/home/khanh247/software_simulation/turtlebot3_ws/install/nav_2d_utils:/home/khanh247/software_simulation/turtlebot3_ws/install/dwb_msgs:/home/khanh247/software_simulation/turtlebot3_ws/install/nav_2d_msgs:/home/khanh247/software_simulation/turtlebot3_ws/install/nav2_waypoint_follower:/home/khanh247/software_simulation/turtlebot3_ws/install/nav2_theta_star_planner:/home/khanh247/software_simulation/turtlebot3_ws/install/nav2_smac_planner:/home/khanh247/software_simulation/turtlebot3_ws/install/nav2_rotation_shim_controller:/home/khanh247/software_simulation/turtlebot3_ws/install/nav2_regulated_pure_pursuit_controller:/home/khanh247/software_simulation/turtlebot3_ws/install/nav2_planner:/home/khanh247/software_simulation/turtlebot3_ws/install/nav2_navfn_planner:/home/khanh247/software_simulation/turtlebot3_ws/install/nav2_mppi_controller:/home/khanh247/software_simulation/turtlebot3_ws/install/nav2_constrained_smoother:/home/khanh247/software_simulation/turtlebot3_ws/install/nav2_bt_navigator:/home/khanh247/software_simulation/turtlebot3_ws/install/nav2_behaviors:/home/khanh247/software_simulation/turtlebot3_ws/install/nav2_core:/home/khanh247/software_simulation/turtlebot3_ws/install/nav2_collision_monitor:/home/khanh247/software_simulation/turtlebot3_ws/install/costmap_queue:/home/khanh247/software_simulation/turtlebot3_ws/install/nav2_costmap_2d:/home/khanh247/software_simulation/turtlebot3_ws/install/nav2_voxel_grid:/home/khanh247/software_simulation/turtlebot3_ws/install/nav2_velocity_smoother:/home/khanh247/software_simulation/turtlebot3_ws/install/nav2_rviz_plugins:/home/khanh247/software_simulation/turtlebot3_ws/install/nav2_map_server:/home/khanh247/software_simulation/turtlebot3_ws/install/nav2_lifecycle_manager:/home/khanh247/software_simulation/turtlebot3_ws/install/nav2_behavior_tree:/home/khanh247/software_simulation/turtlebot3_ws/install/nav2_amcl:/home/khanh247/software_simulation/turtlebot3_ws/install/dynamixel_sdk_examples:/home/khanh247/software_simulation/turtlebot3_ws/install/dynamixel_sdk_custom_interfaces:/home/khanh247/software_simulation/turtlebot3_ws/install/dynamixel_sdk:/home/khanh247/software_simulation/turtlebot3_ws/install/turtlebot3_teleop:/home/khanh247/software_simulation/turtlebot3_ws/install/turtlebot3_example:/home/khanh247/software_simulation/turtlebot3_ws/install/nav2_simple_commander:/opt/ros/humble LD_LIBRARY_PATH=/home/khanh247/software_simulation/turtlebot3_ws/install/nav2_util/lib:/home/khanh247/software_simulation/turtlebot3_ws/install/nav2_msgs/lib:/home/khanh247/software_simulation/turtlebot3_ws/install/virtual_wall_ros2/lib:/home/khanh247/software_simulation/turtlebot3_ws/install/virtual_wall/lib:/home/khanh247/software_simulation/turtlebot3_ws/install/turtlebot3_msgs/lib:/home/khanh247/software_simulation/turtlebot3_ws/install/plu_virtual_wall/lib:/home/khanh247/software_simulation/turtlebot3_ws/install/nav2_smoother/lib:/home/khanh247/software_simulation/turtlebot3_ws/install/nav2_graceful_controller/lib:/home/khanh247/software_simulation/turtlebot3_ws/install/nav2_controller/lib:/home/khanh247/software_simulation/turtlebot3_ws/install/dwb_plugins/lib:/home/khanh247/software_simulation/turtlebot3_ws/install/dwb_critics/lib:/home/khanh247/software_simulation/turtlebot3_ws/install/dwb_core/lib:/home/khanh247/software_simulation/turtlebot3_ws/install/nav_2d_utils/lib:/home/khanh247/software_simulation/turtlebot3_ws/install/dwb_msgs/lib:/home/khanh247/software_simulation/turtlebot3_ws/install/nav_2d_msgs/lib:/home/khanh247/software_simulation/turtlebot3_ws/install/nav2_waypoint_follower/lib:/home/khanh247/software_simulation/turtlebot3_ws/install/nav2_theta_star_planner/lib:/home/khanh247/software_simulation/turtlebot3_ws/install/nav2_smac_planner/lib:/home/khanh247/software_simulation/turtlebot3_ws/install/nav2_rotation_shim_controller/lib:/home/khanh247/software_simulation/turtlebot3_ws/install/nav2_regulated_pure_pursuit_controller/lib:/home/khanh247/software_simulation/turtlebot3_ws/install/nav2_planner/lib:/home/khanh247/software_simulation/turtlebot3_ws/install/nav2_navfn_planner/lib:/home/khanh247/software_simulation/turtlebot3_ws/install/nav2_mppi_controller/lib:/home/khanh247/software_simulation/turtlebot3_ws/install/nav2_constrained_smoother/lib:/home/khanh247/software_simulation/turtlebot3_ws/install/nav2_bt_navigator/lib:/home/khanh247/software_simulation/turtlebot3_ws/install/nav2_behaviors/lib:/home/khanh247/software_simulation/turtlebot3_ws/install/nav2_collision_monitor/lib:/home/khanh247/software_simulation/turtlebot3_ws/install/costmap_queue/lib:/home/khanh247/software_simulation/turtlebot3_ws/install/nav2_costmap_2d/lib:/home/khanh247/software_simulation/turtlebot3_ws/install/nav2_voxel_grid/lib:/home/khanh247/software_simulation/turtlebot3_ws/install/nav2_velocity_smoother/lib:/home/khanh247/software_simulation/turtlebot3_ws/install/nav2_rviz_plugins/lib:/home/khanh247/software_simulation/turtlebot3_ws/install/nav2_map_server/lib:/home/khanh247/software_simulation/turtlebot3_ws/install/nav2_lifecycle_manager/lib:/home/khanh247/software_simulation/turtlebot3_ws/install/nav2_behavior_tree/lib:/home/khanh247/software_simulation/turtlebot3_ws/install/nav2_amcl/lib:/home/khanh247/software_simulation/turtlebot3_ws/install/dynamixel_sdk_custom_interfaces/lib:/home/khanh247/software_simulation/turtlebot3_ws/install/dynamixel_sdk/lib:/usr/lib/x86_64-linux-gnu/gazebo-11/plugins:/opt/ros/humble/opt/rviz_ogre_vendor/lib:/opt/ros/humble/lib/x86_64-linux-gnu:/opt/ros/humble/lib /usr/bin/cmake --build /home/khanh247/software_simulation/turtlebot3_ws/build/nav2_behavior_tree -- -j16 -l16
[1.269s] Invoking command in '/home/khanh247/software_simulation/turtlebot3_ws/build/nav2_behavior_tree': CMAKE_PREFIX_PATH=/home/khanh247/software_simulation/turtlebot3_ws/install/nav2_util:/home/khanh247/software_simulation/turtlebot3_ws/install/nav2_msgs:/home/khanh247/software_simulation/turtlebot3_ws/install/nav2_common:/home/khanh247/software_simulation/turtlebot3_ws/install/virtual_wall_ros2:/home/khanh247/software_simulation/turtlebot3_ws/install/virtual_wall:/home/khanh247/software_simulation/turtlebot3_ws/install/tutorial_interfaces:/home/khanh247/software_simulation/turtlebot3_ws/install/turtlebot3:/home/khanh247/software_simulation/turtlebot3_ws/install/turtlebot3_simulations:/home/khanh247/software_simulation/turtlebot3_ws/install/turtlebot3_bringup:/home/khanh247/software_simulation/turtlebot3_ws/install/turtlebot3_node:/home/khanh247/software_simulation/turtlebot3_ws/install/turtlebot3_navigation2:/home/khanh247/software_simulation/turtlebot3_ws/install/turtlebot3_fake_node:/home/khanh247/software_simulation/turtlebot3_ws/install/turtlebot3_msgs:/home/khanh247/software_simulation/turtlebot3_ws/install/turtlebot3_gazebo:/home/khanh247/software_simulation/turtlebot3_ws/install/turtlebot3_description:/home/khanh247/software_simulation/turtlebot3_ws/install/turtlebot3_cartographer:/home/khanh247/software_simulation/turtlebot3_ws/install/plu_virtual_wall:/home/khanh247/software_simulation/turtlebot3_ws/install/nav2_system_tests:/home/khanh247/software_simulation/turtlebot3_ws/install/nav2_bringup:/home/khanh247/software_simulation/turtlebot3_ws/install/navigation2:/home/khanh247/software_simulation/turtlebot3_ws/install/nav2_smoother:/home/khanh247/software_simulation/turtlebot3_ws/install/nav2_graceful_controller:/home/khanh247/software_simulation/turtlebot3_ws/install/nav2_dwb_controller:/home/khanh247/software_simulation/turtlebot3_ws/install/nav2_controller:/home/khanh247/software_simulation/turtlebot3_ws/install/dwb_plugins:/home/khanh247/software_simulation/turtlebot3_ws/install/dwb_critics:/home/khanh247/software_simulation/turtlebot3_ws/install/dwb_core:/home/khanh247/software_simulation/turtlebot3_ws/install/nav_2d_utils:/home/khanh247/software_simulation/turtlebot3_ws/install/dwb_msgs:/home/khanh247/software_simulation/turtlebot3_ws/install/nav_2d_msgs:/home/khanh247/software_simulation/turtlebot3_ws/install/nav2_waypoint_follower:/home/khanh247/software_simulation/turtlebot3_ws/install/nav2_theta_star_planner:/home/khanh247/software_simulation/turtlebot3_ws/install/nav2_smac_planner:/home/khanh247/software_simulation/turtlebot3_ws/install/nav2_rotation_shim_controller:/home/khanh247/software_simulation/turtlebot3_ws/install/nav2_regulated_pure_pursuit_controller:/home/khanh247/software_simulation/turtlebot3_ws/install/nav2_planner:/home/khanh247/software_simulation/turtlebot3_ws/install/nav2_navfn_planner:/home/khanh247/software_simulation/turtlebot3_ws/install/nav2_mppi_controller:/home/khanh247/software_simulation/turtlebot3_ws/install/nav2_constrained_smoother:/home/khanh247/software_simulation/turtlebot3_ws/install/nav2_bt_navigator:/home/khanh247/software_simulation/turtlebot3_ws/install/nav2_behaviors:/home/khanh247/software_simulation/turtlebot3_ws/install/nav2_core:/home/khanh247/software_simulation/turtlebot3_ws/install/nav2_collision_monitor:/home/khanh247/software_simulation/turtlebot3_ws/install/costmap_queue:/home/khanh247/software_simulation/turtlebot3_ws/install/nav2_costmap_2d:/home/khanh247/software_simulation/turtlebot3_ws/install/nav2_voxel_grid:/home/khanh247/software_simulation/turtlebot3_ws/install/nav2_velocity_smoother:/home/khanh247/software_simulation/turtlebot3_ws/install/nav2_rviz_plugins:/home/khanh247/software_simulation/turtlebot3_ws/install/nav2_map_server:/home/khanh247/software_simulation/turtlebot3_ws/install/nav2_lifecycle_manager:/home/khanh247/software_simulation/turtlebot3_ws/install/nav2_behavior_tree:/home/khanh247/software_simulation/turtlebot3_ws/install/nav2_amcl:/home/khanh247/software_simulation/turtlebot3_ws/install/dynamixel_sdk_examples:/home/khanh247/software_simulation/turtlebot3_ws/install/dynamixel_sdk_custom_interfaces:/home/khanh247/software_simulation/turtlebot3_ws/install/dynamixel_sdk:/home/khanh247/software_simulation/turtlebot3_ws/install/turtlebot3_teleop:/home/khanh247/software_simulation/turtlebot3_ws/install/turtlebot3_example:/home/khanh247/software_simulation/turtlebot3_ws/install/nav2_simple_commander:/opt/ros/humble LD_LIBRARY_PATH=/home/khanh247/software_simulation/turtlebot3_ws/install/nav2_util/lib:/home/khanh247/software_simulation/turtlebot3_ws/install/nav2_msgs/lib:/home/khanh247/software_simulation/turtlebot3_ws/install/virtual_wall_ros2/lib:/home/khanh247/software_simulation/turtlebot3_ws/install/virtual_wall/lib:/home/khanh247/software_simulation/turtlebot3_ws/install/turtlebot3_msgs/lib:/home/khanh247/software_simulation/turtlebot3_ws/install/plu_virtual_wall/lib:/home/khanh247/software_simulation/turtlebot3_ws/install/nav2_smoother/lib:/home/khanh247/software_simulation/turtlebot3_ws/install/nav2_graceful_controller/lib:/home/khanh247/software_simulation/turtlebot3_ws/install/nav2_controller/lib:/home/khanh247/software_simulation/turtlebot3_ws/install/dwb_plugins/lib:/home/khanh247/software_simulation/turtlebot3_ws/install/dwb_critics/lib:/home/khanh247/software_simulation/turtlebot3_ws/install/dwb_core/lib:/home/khanh247/software_simulation/turtlebot3_ws/install/nav_2d_utils/lib:/home/khanh247/software_simulation/turtlebot3_ws/install/dwb_msgs/lib:/home/khanh247/software_simulation/turtlebot3_ws/install/nav_2d_msgs/lib:/home/khanh247/software_simulation/turtlebot3_ws/install/nav2_waypoint_follower/lib:/home/khanh247/software_simulation/turtlebot3_ws/install/nav2_theta_star_planner/lib:/home/khanh247/software_simulation/turtlebot3_ws/install/nav2_smac_planner/lib:/home/khanh247/software_simulation/turtlebot3_ws/install/nav2_rotation_shim_controller/lib:/home/khanh247/software_simulation/turtlebot3_ws/install/nav2_regulated_pure_pursuit_controller/lib:/home/khanh247/software_simulation/turtlebot3_ws/install/nav2_planner/lib:/home/khanh247/software_simulation/turtlebot3_ws/install/nav2_navfn_planner/lib:/home/khanh247/software_simulation/turtlebot3_ws/install/nav2_mppi_controller/lib:/home/khanh247/software_simulation/turtlebot3_ws/install/nav2_constrained_smoother/lib:/home/khanh247/software_simulation/turtlebot3_ws/install/nav2_bt_navigator/lib:/home/khanh247/software_simulation/turtlebot3_ws/install/nav2_behaviors/lib:/home/khanh247/software_simulation/turtlebot3_ws/install/nav2_collision_monitor/lib:/home/khanh247/software_simulation/turtlebot3_ws/install/costmap_queue/lib:/home/khanh247/software_simulation/turtlebot3_ws/install/nav2_costmap_2d/lib:/home/khanh247/software_simulation/turtlebot3_ws/install/nav2_voxel_grid/lib:/home/khanh247/software_simulation/turtlebot3_ws/install/nav2_velocity_smoother/lib:/home/khanh247/software_simulation/turtlebot3_ws/install/nav2_rviz_plugins/lib:/home/khanh247/software_simulation/turtlebot3_ws/install/nav2_map_server/lib:/home/khanh247/software_simulation/turtlebot3_ws/install/nav2_lifecycle_manager/lib:/home/khanh247/software_simulation/turtlebot3_ws/install/nav2_behavior_tree/lib:/home/khanh247/software_simulation/turtlebot3_ws/install/nav2_amcl/lib:/home/khanh247/software_simulation/turtlebot3_ws/install/dynamixel_sdk_custom_interfaces/lib:/home/khanh247/software_simulation/turtlebot3_ws/install/dynamixel_sdk/lib:/usr/lib/x86_64-linux-gnu/gazebo-11/plugins:/opt/ros/humble/opt/rviz_ogre_vendor/lib:/opt/ros/humble/lib/x86_64-linux-gnu:/opt/ros/humble/lib /usr/bin/cmake --install /home/khanh247/software_simulation/turtlebot3_ws/build/nav2_behavior_tree
[1.278s] -- Install configuration: "Release"
[1.278s] -- Up-to-date: /home/khanh247/software_simulation/turtlebot3_ws/install/nav2_behavior_tree/lib/libnav2_behavior_tree.so
[1.279s] -- Up-to-date: /home/khanh247/software_simulation/turtlebot3_ws/install/nav2_behavior_tree/lib/libnav2_compute_path_to_pose_action_bt_node.so
[1.279s] -- Up-to-date: /home/khanh247/software_simulation/turtlebot3_ws/install/nav2_behavior_tree/lib/libnav2_compute_path_through_poses_action_bt_node.so
[1.280s] -- Up-to-date: /home/khanh247/software_simulation/turtlebot3_ws/install/nav2_behavior_tree/lib/libnav2_controller_cancel_bt_node.so
[1.280s] -- Up-to-date: /home/khanh247/software_simulation/turtlebot3_ws/install/nav2_behavior_tree/lib/libnav2_wait_cancel_bt_node.so
[1.280s] -- Up-to-date: /home/khanh247/software_simulation/turtlebot3_ws/install/nav2_behavior_tree/lib/libnav2_spin_cancel_bt_node.so
[1.280s] -- Up-to-date: /home/khanh247/software_simulation/turtlebot3_ws/install/nav2_behavior_tree/lib/libnav2_back_up_cancel_bt_node.so
[1.281s] -- Up-to-date: /home/khanh247/software_simulation/turtlebot3_ws/install/nav2_behavior_tree/lib/libnav2_assisted_teleop_cancel_bt_node.so
[1.281s] -- Up-to-date: /home/khanh247/software_simulation/turtlebot3_ws/install/nav2_behavior_tree/lib/libnav2_drive_on_heading_cancel_bt_node.so
[1.281s] -- Up-to-date: /home/khanh247/software_simulation/turtlebot3_ws/install/nav2_behavior_tree/lib/libnav2_smooth_path_action_bt_node.so
[1.281s] -- Up-to-date: /home/khanh247/software_simulation/turtlebot3_ws/install/nav2_behavior_tree/lib/libnav2_follow_path_action_bt_node.so
[1.281s] -- Up-to-date: /home/khanh247/software_simulation/turtlebot3_ws/install/nav2_behavior_tree/lib/libnav2_back_up_action_bt_node.so
[1.281s] -- Up-to-date: /home/khanh247/software_simulation/turtlebot3_ws/install/nav2_behavior_tree/lib/libnav2_drive_on_heading_bt_node.so
[1.282s] -- Up-to-date: /home/khanh247/software_simulation/turtlebot3_ws/install/nav2_behavior_tree/lib/libnav2_spin_action_bt_node.so
[1.283s] -- Up-to-date: /home/khanh247/software_simulation/turtlebot3_ws/install/nav2_behavior_tree/lib/libnav2_wait_action_bt_node.so
[1.283s] -- Up-to-date: /home/khanh247/software_simulation/turtlebot3_ws/install/nav2_behavior_tree/lib/libnav2_assisted_teleop_action_bt_node.so
[1.283s] -- Up-to-date: /home/khanh247/software_simulation/turtlebot3_ws/install/nav2_behavior_tree/lib/libnav2_clear_costmap_service_bt_node.so
[1.283s] -- Up-to-date: /home/khanh247/software_simulation/turtlebot3_ws/install/nav2_behavior_tree/lib/libnav2_is_stuck_condition_bt_node.so
[1.283s] -- Up-to-date: /home/khanh247/software_simulation/turtlebot3_ws/install/nav2_behavior_tree/lib/libnav2_transform_available_condition_bt_node.so
[1.283s] -- Up-to-date: /home/khanh247/software_simulation/turtlebot3_ws/install/nav2_behavior_tree/lib/libnav2_goal_reached_condition_bt_node.so
[1.283s] -- Up-to-date: /home/khanh247/software_simulation/turtlebot3_ws/install/nav2_behavior_tree/lib/libnav2_globally_updated_goal_condition_bt_node.so
[1.284s] -- Up-to-date: /home/khanh247/software_simulation/turtlebot3_ws/install/nav2_behavior_tree/lib/libnav2_goal_updated_condition_bt_node.so
[1.284s] -- Up-to-date: /home/khanh247/software_simulation/turtlebot3_ws/install/nav2_behavior_tree/lib/libnav2_is_path_valid_condition_bt_node.so
[1.284s] -- Up-to-date: /home/khanh247/software_simulation/turtlebot3_ws/install/nav2_behavior_tree/lib/libnav2_time_expired_condition_bt_node.so
[1.284s] -- Up-to-date: /home/khanh247/software_simulation/turtlebot3_ws/install/nav2_behavior_tree/lib/libnav2_path_expiring_timer_condition.so
[1.284s] -- Up-to-date: /home/khanh247/software_simulation/turtlebot3_ws/install/nav2_behavior_tree/lib/libnav2_distance_traveled_condition_bt_node.so
[1.285s] -- Up-to-date: /home/khanh247/software_simulation/turtlebot3_ws/install/nav2_behavior_tree/lib/libnav2_initial_pose_received_condition_bt_node.so
[1.285s] -- Up-to-date: /home/khanh247/software_simulation/turtlebot3_ws/install/nav2_behavior_tree/lib/libnav2_is_battery_charging_condition_bt_node.so
[1.285s] -- Up-to-date: /home/khanh247/software_simulation/turtlebot3_ws/install/nav2_behavior_tree/lib/libnav2_is_battery_low_condition_bt_node.so
[1.285s] -- Up-to-date: /home/khanh247/software_simulation/turtlebot3_ws/install/nav2_behavior_tree/lib/libnav2_reinitialize_global_localization_service_bt_node.so
[1.285s] -- Up-to-date: /home/khanh247/software_simulation/turtlebot3_ws/install/nav2_behavior_tree/lib/libnav2_rate_controller_bt_node.so
[1.286s] -- Up-to-date: /home/khanh247/software_simulation/turtlebot3_ws/install/nav2_behavior_tree/lib/libnav2_distance_controller_bt_node.so
[1.286s] -- Up-to-date: /home/khanh247/software_simulation/turtlebot3_ws/install/nav2_behavior_tree/lib/libnav2_speed_controller_bt_node.so
[1.286s] -- Up-to-date: /home/khanh247/software_simulation/turtlebot3_ws/install/nav2_behavior_tree/lib/libnav2_truncate_path_action_bt_node.so
[1.286s] -- Up-to-date: /home/khanh247/software_simulation/turtlebot3_ws/install/nav2_behavior_tree/lib/libnav2_truncate_path_local_action_bt_node.so
[1.286s] -- Up-to-date: /home/khanh247/software_simulation/turtlebot3_ws/install/nav2_behavior_tree/lib/libnav2_goal_updater_node_bt_node.so
[1.286s] -- Up-to-date: /home/khanh247/software_simulation/turtlebot3_ws/install/nav2_behavior_tree/lib/libnav2_path_longer_on_approach_bt_node.so
[1.286s] -- Up-to-date: /home/khanh247/software_simulation/turtlebot3_ws/install/nav2_behavior_tree/lib/libnav2_recovery_node_bt_node.so
[1.287s] -- Up-to-date: /home/khanh247/software_simulation/turtlebot3_ws/install/nav2_behavior_tree/lib/libnav2_navigate_to_pose_action_bt_node.so
[1.287s] -- Up-to-date: /home/khanh247/software_simulation/turtlebot3_ws/install/nav2_behavior_tree/lib/libnav2_navigate_through_poses_action_bt_node.so
[1.287s] -- Up-to-date: /home/khanh247/software_simulation/turtlebot3_ws/install/nav2_behavior_tree/lib/libnav2_remove_passed_goals_action_bt_node.so
[1.287s] -- Up-to-date: /home/khanh247/software_simulation/turtlebot3_ws/install/nav2_behavior_tree/lib/libnav2_get_pose_from_path_action_bt_node.so
[1.287s] -- Up-to-date: /home/khanh247/software_simulation/turtlebot3_ws/install/nav2_behavior_tree/lib/libnav2_pipeline_sequence_bt_node.so
[1.287s] -- Up-to-date: /home/khanh247/software_simulation/turtlebot3_ws/install/nav2_behavior_tree/lib/libnav2_round_robin_node_bt_node.so
[1.288s] -- Up-to-date: /home/khanh247/software_simulation/turtlebot3_ws/install/nav2_behavior_tree/lib/libnav2_single_trigger_bt_node.so
[1.288s] -- Up-to-date: /home/khanh247/software_simulation/turtlebot3_ws/install/nav2_behavior_tree/lib/libnav2_planner_selector_bt_node.so
[1.288s] -- Up-to-date: /home/khanh247/software_simulation/turtlebot3_ws/install/nav2_behavior_tree/lib/libnav2_controller_selector_bt_node.so
[1.288s] -- Up-to-date: /home/khanh247/software_simulation/turtlebot3_ws/install/nav2_behavior_tree/lib/libnav2_smoother_selector_bt_node.so
[1.288s] -- Up-to-date: /home/khanh247/software_simulation/turtlebot3_ws/install/nav2_behavior_tree/lib/libnav2_goal_checker_selector_bt_node.so
[1.288s] -- Up-to-date: /home/khanh247/software_simulation/turtlebot3_ws/install/nav2_behavior_tree/lib/libnav2_progress_checker_selector_bt_node.so
[1.289s] -- Up-to-date: /home/khanh247/software_simulation/turtlebot3_ws/install/nav2_behavior_tree/lib/libnav2_goal_updated_controller_bt_node.so
[1.289s] -- Up-to-date: /home/khanh247/software_simulation/turtlebot3_ws/install/nav2_behavior_tree/include/
[1.289s] -- Up-to-date: /home/khanh247/software_simulation/turtlebot3_ws/install/nav2_behavior_tree/include//nav2_behavior_tree
[1.289s] -- Up-to-date: /home/khanh247/software_simulation/turtlebot3_ws/install/nav2_behavior_tree/include//nav2_behavior_tree/bt_service_node.hpp
[1.289s] -- Up-to-date: /home/khanh247/software_simulation/turtlebot3_ws/install/nav2_behavior_tree/include//nav2_behavior_tree/bt_action_server.hpp
[1.290s] -- Up-to-date: /home/khanh247/software_simulation/turtlebot3_ws/install/nav2_behavior_tree/include//nav2_behavior_tree/plugins
[1.290s] -- Up-to-date: /home/khanh247/software_simulation/turtlebot3_ws/install/nav2_behavior_tree/include//nav2_behavior_tree/plugins/control
[1.290s] -- Up-to-date: /home/khanh247/software_simulation/turtlebot3_ws/install/nav2_behavior_tree/include//nav2_behavior_tree/plugins/control/pipeline_sequence.hpp
[1.290s] -- Up-to-date: /home/khanh247/software_simulation/turtlebot3_ws/install/nav2_behavior_tree/include//nav2_behavior_tree/plugins/control/recovery_node.hpp
[1.290s] -- Up-to-date: /home/khanh247/software_simulation/turtlebot3_ws/install/nav2_behavior_tree/include//nav2_behavior_tree/plugins/control/round_robin_node.hpp
[1.290s] -- Up-to-date: /home/khanh247/software_simulation/turtlebot3_ws/install/nav2_behavior_tree/include//nav2_behavior_tree/plugins/condition
[1.290s] -- Up-to-date: /home/khanh247/software_simulation/turtlebot3_ws/install/nav2_behavior_tree/include//nav2_behavior_tree/plugins/condition/globally_updated_goal_condition.hpp
[1.290s] -- Up-to-date: /home/khanh247/software_simulation/turtlebot3_ws/install/nav2_behavior_tree/include//nav2_behavior_tree/plugins/condition/time_expired_condition.hpp
[1.290s] -- Up-to-date: /home/khanh247/software_simulation/turtlebot3_ws/install/nav2_behavior_tree/include//nav2_behavior_tree/plugins/condition/transform_available_condition.hpp
[1.290s] -- Up-to-date: /home/khanh247/software_simulation/turtlebot3_ws/install/nav2_behavior_tree/include//nav2_behavior_tree/plugins/condition/initial_pose_received_condition.hpp
[1.290s] -- Up-to-date: /home/khanh247/software_simulation/turtlebot3_ws/install/nav2_behavior_tree/include//nav2_behavior_tree/plugins/condition/goal_reached_condition.hpp
[1.290s] -- Up-to-date: /home/khanh247/software_simulation/turtlebot3_ws/install/nav2_behavior_tree/include//nav2_behavior_tree/plugins/condition/is_path_valid_condition.hpp
[1.290s] -- Up-to-date: /home/khanh247/software_simulation/turtlebot3_ws/install/nav2_behavior_tree/include//nav2_behavior_tree/plugins/condition/distance_traveled_condition.hpp
[1.290s] -- Up-to-date: /home/khanh247/software_simulation/turtlebot3_ws/install/nav2_behavior_tree/include//nav2_behavior_tree/plugins/condition/path_expiring_timer_condition.hpp
[1.290s] -- Up-to-date: /home/khanh247/software_simulation/turtlebot3_ws/install/nav2_behavior_tree/include//nav2_behavior_tree/plugins/condition/is_battery_low_condition.hpp
[1.290s] -- Up-to-date: /home/khanh247/software_simulation/turtlebot3_ws/install/nav2_behavior_tree/include//nav2_behavior_tree/plugins/condition/is_stuck_condition.hpp
[1.291s] -- Up-to-date: /home/khanh247/software_simulation/turtlebot3_ws/install/nav2_behavior_tree/include//nav2_behavior_tree/plugins/condition/goal_updated_condition.hpp
[1.291s] -- Up-to-date: /home/khanh247/software_simulation/turtlebot3_ws/install/nav2_behavior_tree/include//nav2_behavior_tree/plugins/condition/is_battery_charging_condition.hpp
[1.291s] -- Up-to-date: /home/khanh247/software_simulation/turtlebot3_ws/install/nav2_behavior_tree/include//nav2_behavior_tree/plugins/decorator
[1.291s] -- Up-to-date: /home/khanh247/software_simulation/turtlebot3_ws/install/nav2_behavior_tree/include//nav2_behavior_tree/plugins/decorator/distance_controller.hpp
[1.291s] -- Up-to-date: /home/khanh247/software_simulation/turtlebot3_ws/install/nav2_behavior_tree/include//nav2_behavior_tree/plugins/decorator/goal_updater_node.hpp
[1.291s] -- Up-to-date: /home/khanh247/software_simulation/turtlebot3_ws/install/nav2_behavior_tree/include//nav2_behavior_tree/plugins/decorator/single_trigger_node.hpp
[1.291s] -- Up-to-date: /home/khanh247/software_simulation/turtlebot3_ws/install/nav2_behavior_tree/include//nav2_behavior_tree/plugins/decorator/speed_controller.hpp
[1.291s] -- Up-to-date: /home/khanh247/software_simulation/turtlebot3_ws/install/nav2_behavior_tree/include//nav2_behavior_tree/plugins/decorator/path_longer_on_approach.hpp
[1.291s] -- Up-to-date: /home/khanh247/software_simulation/turtlebot3_ws/install/nav2_behavior_tree/include//nav2_behavior_tree/plugins/decorator/goal_updated_controller.hpp
[1.291s] -- Up-to-date: /home/khanh247/software_simulation/turtlebot3_ws/install/nav2_behavior_tree/include//nav2_behavior_tree/plugins/decorator/rate_controller.hpp
[1.291s] -- Up-to-date: /home/khanh247/software_simulation/turtlebot3_ws/install/nav2_behavior_tree/include//nav2_behavior_tree/plugins/action
[1.291s] -- Up-to-date: /home/khanh247/software_simulation/turtlebot3_ws/install/nav2_behavior_tree/include//nav2_behavior_tree/plugins/action/back_up_cancel_node.hpp
[1.291s] -- Up-to-date: /home/khanh247/software_simulation/turtlebot3_ws/install/nav2_behavior_tree/include//nav2_behavior_tree/plugins/action/controller_selector_node.hpp
[1.291s] -- Up-to-date: /home/khanh247/software_simulation/turtlebot3_ws/install/nav2_behavior_tree/include//nav2_behavior_tree/plugins/action/wait_cancel_node.hpp
[1.291s] -- Up-to-date: /home/khanh247/software_simulation/turtlebot3_ws/install/nav2_behavior_tree/include//nav2_behavior_tree/plugins/action/get_pose_from_path_action.hpp
[1.291s] -- Up-to-date: /home/khanh247/software_simulation/turtlebot3_ws/install/nav2_behavior_tree/include//nav2_behavior_tree/plugins/action/smoother_selector_node.hpp
[1.291s] -- Up-to-date: /home/khanh247/software_simulation/turtlebot3_ws/install/nav2_behavior_tree/include//nav2_behavior_tree/plugins/action/back_up_action.hpp
[1.291s] -- Up-to-date: /home/khanh247/software_simulation/turtlebot3_ws/install/nav2_behavior_tree/include//nav2_behavior_tree/plugins/action/compute_path_to_pose_action.hpp
[1.291s] -- Up-to-date: /home/khanh247/software_simulation/turtlebot3_ws/install/nav2_behavior_tree/include//nav2_behavior_tree/plugins/action/goal_checker_selector_node.hpp
[1.292s] -- Up-to-date: /home/khanh247/software_simulation/turtlebot3_ws/install/nav2_behavior_tree/include//nav2_behavior_tree/plugins/action/drive_on_heading_cancel_node.hpp
[1.292s] -- Up-to-date: /home/khanh247/software_simulation/turtlebot3_ws/install/nav2_behavior_tree/include//nav2_behavior_tree/plugins/action/compute_path_through_poses_action.hpp
[1.292s] -- Up-to-date: /home/khanh247/software_simulation/turtlebot3_ws/install/nav2_behavior_tree/include//nav2_behavior_tree/plugins/action/navigate_to_pose_action.hpp
[1.292s] -- Up-to-date: /home/khanh247/software_simulation/turtlebot3_ws/install/nav2_behavior_tree/include//nav2_behavior_tree/plugins/action/truncate_path_action.hpp
[1.292s] -- Up-to-date: /home/khanh247/software_simulation/turtlebot3_ws/install/nav2_behavior_tree/include//nav2_behavior_tree/plugins/action/spin_action.hpp
[1.293s] -- Up-to-date: /home/khanh247/software_simulation/turtlebot3_ws/install/nav2_behavior_tree/include//nav2_behavior_tree/plugins/action/smooth_path_action.hpp
[1.293s] -- Up-to-date: /home/khanh247/software_simulation/turtlebot3_ws/install/nav2_behavior_tree/include//nav2_behavior_tree/plugins/action/spin_cancel_node.hpp
[1.293s] -- Up-to-date: /home/khanh247/software_simulation/turtlebot3_ws/install/nav2_behavior_tree/include//nav2_behavior_tree/plugins/action/remove_passed_goals_action.hpp
[1.293s] -- Up-to-date: /home/khanh247/software_simulation/turtlebot3_ws/install/nav2_behavior_tree/include//nav2_behavior_tree/plugins/action/truncate_path_local_action.hpp
[1.293s] -- Up-to-date: /home/khanh247/software_simulation/turtlebot3_ws/install/nav2_behavior_tree/include//nav2_behavior_tree/plugins/action/follow_path_action.hpp
[1.293s] -- Up-to-date: /home/khanh247/software_simulation/turtlebot3_ws/install/nav2_behavior_tree/include//nav2_behavior_tree/plugins/action/drive_on_heading_action.hpp
[1.293s] -- Up-to-date: /home/khanh247/software_simulation/turtlebot3_ws/install/nav2_behavior_tree/include//nav2_behavior_tree/plugins/action/assisted_teleop_action.hpp
[1.293s] -- Up-to-date: /home/khanh247/software_simulation/turtlebot3_ws/install/nav2_behavior_tree/include//nav2_behavior_tree/plugins/action/reinitialize_global_localization_service.hpp
[1.294s] -- Up-to-date: /home/khanh247/software_simulation/turtlebot3_ws/install/nav2_behavior_tree/include//nav2_behavior_tree/plugins/action/assisted_teleop_cancel_node.hpp
[1.294s] -- Up-to-date: /home/khanh247/software_simulation/turtlebot3_ws/install/nav2_behavior_tree/include//nav2_behavior_tree/plugins/action/progress_checker_selector_node.hpp
[1.294s] -- Up-to-date: /home/khanh247/software_simulation/turtlebot3_ws/install/nav2_behavior_tree/include//nav2_behavior_tree/plugins/action/wait_action.hpp
[1.294s] -- Up-to-date: /home/khanh247/software_simulation/turtlebot3_ws/install/nav2_behavior_tree/include//nav2_behavior_tree/plugins/action/clear_costmap_service.hpp
[1.294s] -- Up-to-date: /home/khanh247/software_simulation/turtlebot3_ws/install/nav2_behavior_tree/include//nav2_behavior_tree/plugins/action/navigate_through_poses_action.hpp
[1.294s] -- Up-to-date: /home/khanh247/software_simulation/turtlebot3_ws/install/nav2_behavior_tree/include//nav2_behavior_tree/plugins/action/planner_selector_node.hpp
[1.294s] -- Up-to-date: /home/khanh247/software_simulation/turtlebot3_ws/install/nav2_behavior_tree/include//nav2_behavior_tree/plugins/action/controller_cancel_node.hpp
[1.295s] -- Up-to-date: /home/khanh247/software_simulation/turtlebot3_ws/install/nav2_behavior_tree/include//nav2_behavior_tree/ros_topic_logger.hpp
[1.295s] -- Up-to-date: /home/khanh247/software_simulation/turtlebot3_ws/install/nav2_behavior_tree/include//nav2_behavior_tree/bt_conversions.hpp
[1.295s] -- Up-to-date: /home/khanh247/software_simulation/turtlebot3_ws/install/nav2_behavior_tree/include//nav2_behavior_tree/bt_action_server_impl.hpp
[1.295s] -- Up-to-date: /home/khanh247/software_simulation/turtlebot3_ws/install/nav2_behavior_tree/include//nav2_behavior_tree/bt_cancel_action_node.hpp
[1.295s] -- Up-to-date: /home/khanh247/software_simulation/turtlebot3_ws/install/nav2_behavior_tree/include//nav2_behavior_tree/bt_action_node.hpp
[1.295s] -- Up-to-date: /home/khanh247/software_simulation/turtlebot3_ws/install/nav2_behavior_tree/include//nav2_behavior_tree/behavior_tree_engine.hpp
[1.295s] -- Up-to-date: /home/khanh247/software_simulation/turtlebot3_ws/install/nav2_behavior_tree/share/nav2_behavior_tree/nav2_tree_nodes.xml
[1.295s] -- Up-to-date: /home/khanh247/software_simulation/turtlebot3_ws/install/nav2_behavior_tree/share/nav2_behavior_tree/environment/library_path.sh
[1.295s] -- Up-to-date: /home/khanh247/software_simulation/turtlebot3_ws/install/nav2_behavior_tree/share/nav2_behavior_tree/environment/library_path.dsv
[1.295s] -- Up-to-date: /home/khanh247/software_simulation/turtlebot3_ws/install/nav2_behavior_tree/share/ament_index/resource_index/package_run_dependencies/nav2_behavior_tree
[1.296s] -- Up-to-date: /home/khanh247/software_simulation/turtlebot3_ws/install/nav2_behavior_tree/share/ament_index/resource_index/parent_prefix_path/nav2_behavior_tree
[1.296s] -- Up-to-date: /home/khanh247/software_simulation/turtlebot3_ws/install/nav2_behavior_tree/share/nav2_behavior_tree/environment/ament_prefix_path.sh
[1.296s] -- Up-to-date: /home/khanh247/software_simulation/turtlebot3_ws/install/nav2_behavior_tree/share/nav2_behavior_tree/environment/ament_prefix_path.dsv
[1.296s] -- Up-to-date: /home/khanh247/software_simulation/turtlebot3_ws/install/nav2_behavior_tree/share/nav2_behavior_tree/environment/path.sh
[1.296s] -- Up-to-date: /home/khanh247/software_simulation/turtlebot3_ws/install/nav2_behavior_tree/share/nav2_behavior_tree/environment/path.dsv
[1.296s] -- Up-to-date: /home/khanh247/software_simulation/turtlebot3_ws/install/nav2_behavior_tree/share/nav2_behavior_tree/local_setup.bash
[1.296s] -- Up-to-date: /home/khanh247/software_simulation/turtlebot3_ws/install/nav2_behavior_tree/share/nav2_behavior_tree/local_setup.sh
[1.296s] -- Up-to-date: /home/khanh247/software_simulation/turtlebot3_ws/install/nav2_behavior_tree/share/nav2_behavior_tree/local_setup.zsh
[1.296s] -- Up-to-date: /home/khanh247/software_simulation/turtlebot3_ws/install/nav2_behavior_tree/share/nav2_behavior_tree/local_setup.dsv
[1.296s] -- Installing: /home/khanh247/software_simulation/turtlebot3_ws/install/nav2_behavior_tree/share/nav2_behavior_tree/package.dsv
[1.296s] -- Up-to-date: /home/khanh247/software_simulation/turtlebot3_ws/install/nav2_behavior_tree/share/ament_index/resource_index/packages/nav2_behavior_tree
[1.296s] -- Up-to-date: /home/khanh247/software_simulation/turtlebot3_ws/install/nav2_behavior_tree/share/nav2_behavior_tree/cmake/ament_cmake_export_include_directories-extras.cmake
[1.296s] -- Up-to-date: /home/khanh247/software_simulation/turtlebot3_ws/install/nav2_behavior_tree/share/nav2_behavior_tree/cmake/ament_cmake_export_libraries-extras.cmake
[1.296s] -- Up-to-date: /home/khanh247/software_simulation/turtlebot3_ws/install/nav2_behavior_tree/share/nav2_behavior_tree/cmake/ament_cmake_export_dependencies-extras.cmake
[1.296s] -- Up-to-date: /home/khanh247/software_simulation/turtlebot3_ws/install/nav2_behavior_tree/share/nav2_behavior_tree/cmake/nav2_behavior_treeConfig.cmake
[1.296s] -- Up-to-date: /home/khanh247/software_simulation/turtlebot3_ws/install/nav2_behavior_tree/share/nav2_behavior_tree/cmake/nav2_behavior_treeConfig-version.cmake
[1.297s] -- Up-to-date: /home/khanh247/software_simulation/turtlebot3_ws/install/nav2_behavior_tree/share/nav2_behavior_tree/package.xml
[1.297s] Invoked command in '/home/khanh247/software_simulation/turtlebot3_ws/build/nav2_behavior_tree' returned '0': CMAKE_PREFIX_PATH=/home/khanh247/software_simulation/turtlebot3_ws/install/nav2_util:/home/khanh247/software_simulation/turtlebot3_ws/install/nav2_msgs:/home/khanh247/software_simulation/turtlebot3_ws/install/nav2_common:/home/khanh247/software_simulation/turtlebot3_ws/install/virtual_wall_ros2:/home/khanh247/software_simulation/turtlebot3_ws/install/virtual_wall:/home/khanh247/software_simulation/turtlebot3_ws/install/tutorial_interfaces:/home/khanh247/software_simulation/turtlebot3_ws/install/turtlebot3:/home/khanh247/software_simulation/turtlebot3_ws/install/turtlebot3_simulations:/home/khanh247/software_simulation/turtlebot3_ws/install/turtlebot3_bringup:/home/khanh247/software_simulation/turtlebot3_ws/install/turtlebot3_node:/home/khanh247/software_simulation/turtlebot3_ws/install/turtlebot3_navigation2:/home/khanh247/software_simulation/turtlebot3_ws/install/turtlebot3_fake_node:/home/khanh247/software_simulation/turtlebot3_ws/install/turtlebot3_msgs:/home/khanh247/software_simulation/turtlebot3_ws/install/turtlebot3_gazebo:/home/khanh247/software_simulation/turtlebot3_ws/install/turtlebot3_description:/home/khanh247/software_simulation/turtlebot3_ws/install/turtlebot3_cartographer:/home/khanh247/software_simulation/turtlebot3_ws/install/plu_virtual_wall:/home/khanh247/software_simulation/turtlebot3_ws/install/nav2_system_tests:/home/khanh247/software_simulation/turtlebot3_ws/install/nav2_bringup:/home/khanh247/software_simulation/turtlebot3_ws/install/navigation2:/home/khanh247/software_simulation/turtlebot3_ws/install/nav2_smoother:/home/khanh247/software_simulation/turtlebot3_ws/install/nav2_graceful_controller:/home/khanh247/software_simulation/turtlebot3_ws/install/nav2_dwb_controller:/home/khanh247/software_simulation/turtlebot3_ws/install/nav2_controller:/home/khanh247/software_simulation/turtlebot3_ws/install/dwb_plugins:/home/khanh247/software_simulation/turtlebot3_ws/install/dwb_critics:/home/khanh247/software_simulation/turtlebot3_ws/install/dwb_core:/home/khanh247/software_simulation/turtlebot3_ws/install/nav_2d_utils:/home/khanh247/software_simulation/turtlebot3_ws/install/dwb_msgs:/home/khanh247/software_simulation/turtlebot3_ws/install/nav_2d_msgs:/home/khanh247/software_simulation/turtlebot3_ws/install/nav2_waypoint_follower:/home/khanh247/software_simulation/turtlebot3_ws/install/nav2_theta_star_planner:/home/khanh247/software_simulation/turtlebot3_ws/install/nav2_smac_planner:/home/khanh247/software_simulation/turtlebot3_ws/install/nav2_rotation_shim_controller:/home/khanh247/software_simulation/turtlebot3_ws/install/nav2_regulated_pure_pursuit_controller:/home/khanh247/software_simulation/turtlebot3_ws/install/nav2_planner:/home/khanh247/software_simulation/turtlebot3_ws/install/nav2_navfn_planner:/home/khanh247/software_simulation/turtlebot3_ws/install/nav2_mppi_controller:/home/khanh247/software_simulation/turtlebot3_ws/install/nav2_constrained_smoother:/home/khanh247/software_simulation/turtlebot3_ws/install/nav2_bt_navigator:/home/khanh247/software_simulation/turtlebot3_ws/install/nav2_behaviors:/home/khanh247/software_simulation/turtlebot3_ws/install/nav2_core:/home/khanh247/software_simulation/turtlebot3_ws/install/nav2_collision_monitor:/home/khanh247/software_simulation/turtlebot3_ws/install/costmap_queue:/home/khanh247/software_simulation/turtlebot3_ws/install/nav2_costmap_2d:/home/khanh247/software_simulation/turtlebot3_ws/install/nav2_voxel_grid:/home/khanh247/software_simulation/turtlebot3_ws/install/nav2_velocity_smoother:/home/khanh247/software_simulation/turtlebot3_ws/install/nav2_rviz_plugins:/home/khanh247/software_simulation/turtlebot3_ws/install/nav2_map_server:/home/khanh247/software_simulation/turtlebot3_ws/install/nav2_lifecycle_manager:/home/khanh247/software_simulation/turtlebot3_ws/install/nav2_behavior_tree:/home/khanh247/software_simulation/turtlebot3_ws/install/nav2_amcl:/home/khanh247/software_simulation/turtlebot3_ws/install/dynamixel_sdk_examples:/home/khanh247/software_simulation/turtlebot3_ws/install/dynamixel_sdk_custom_interfaces:/home/khanh247/software_simulation/turtlebot3_ws/install/dynamixel_sdk:/home/khanh247/software_simulation/turtlebot3_ws/install/turtlebot3_teleop:/home/khanh247/software_simulation/turtlebot3_ws/install/turtlebot3_example:/home/khanh247/software_simulation/turtlebot3_ws/install/nav2_simple_commander:/opt/ros/humble LD_LIBRARY_PATH=/home/khanh247/software_simulation/turtlebot3_ws/install/nav2_util/lib:/home/khanh247/software_simulation/turtlebot3_ws/install/nav2_msgs/lib:/home/khanh247/software_simulation/turtlebot3_ws/install/virtual_wall_ros2/lib:/home/khanh247/software_simulation/turtlebot3_ws/install/virtual_wall/lib:/home/khanh247/software_simulation/turtlebot3_ws/install/turtlebot3_msgs/lib:/home/khanh247/software_simulation/turtlebot3_ws/install/plu_virtual_wall/lib:/home/khanh247/software_simulation/turtlebot3_ws/install/nav2_smoother/lib:/home/khanh247/software_simulation/turtlebot3_ws/install/nav2_graceful_controller/lib:/home/khanh247/software_simulation/turtlebot3_ws/install/nav2_controller/lib:/home/khanh247/software_simulation/turtlebot3_ws/install/dwb_plugins/lib:/home/khanh247/software_simulation/turtlebot3_ws/install/dwb_critics/lib:/home/khanh247/software_simulation/turtlebot3_ws/install/dwb_core/lib:/home/khanh247/software_simulation/turtlebot3_ws/install/nav_2d_utils/lib:/home/khanh247/software_simulation/turtlebot3_ws/install/dwb_msgs/lib:/home/khanh247/software_simulation/turtlebot3_ws/install/nav_2d_msgs/lib:/home/khanh247/software_simulation/turtlebot3_ws/install/nav2_waypoint_follower/lib:/home/khanh247/software_simulation/turtlebot3_ws/install/nav2_theta_star_planner/lib:/home/khanh247/software_simulation/turtlebot3_ws/install/nav2_smac_planner/lib:/home/khanh247/software_simulation/turtlebot3_ws/install/nav2_rotation_shim_controller/lib:/home/khanh247/software_simulation/turtlebot3_ws/install/nav2_regulated_pure_pursuit_controller/lib:/home/khanh247/software_simulation/turtlebot3_ws/install/nav2_planner/lib:/home/khanh247/software_simulation/turtlebot3_ws/install/nav2_navfn_planner/lib:/home/khanh247/software_simulation/turtlebot3_ws/install/nav2_mppi_controller/lib:/home/khanh247/software_simulation/turtlebot3_ws/install/nav2_constrained_smoother/lib:/home/khanh247/software_simulation/turtlebot3_ws/install/nav2_bt_navigator/lib:/home/khanh247/software_simulation/turtlebot3_ws/install/nav2_behaviors/lib:/home/khanh247/software_simulation/turtlebot3_ws/install/nav2_collision_monitor/lib:/home/khanh247/software_simulation/turtlebot3_ws/install/costmap_queue/lib:/home/khanh247/software_simulation/turtlebot3_ws/install/nav2_costmap_2d/lib:/home/khanh247/software_simulation/turtlebot3_ws/install/nav2_voxel_grid/lib:/home/khanh247/software_simulation/turtlebot3_ws/install/nav2_velocity_smoother/lib:/home/khanh247/software_simulation/turtlebot3_ws/install/nav2_rviz_plugins/lib:/home/khanh247/software_simulation/turtlebot3_ws/install/nav2_map_server/lib:/home/khanh247/software_simulation/turtlebot3_ws/install/nav2_lifecycle_manager/lib:/home/khanh247/software_simulation/turtlebot3_ws/install/nav2_behavior_tree/lib:/home/khanh247/software_simulation/turtlebot3_ws/install/nav2_amcl/lib:/home/khanh247/software_simulation/turtlebot3_ws/install/dynamixel_sdk_custom_interfaces/lib:/home/khanh247/software_simulation/turtlebot3_ws/install/dynamixel_sdk/lib:/usr/lib/x86_64-linux-gnu/gazebo-11/plugins:/opt/ros/humble/opt/rviz_ogre_vendor/lib:/opt/ros/humble/lib/x86_64-linux-gnu:/opt/ros/humble/lib /usr/bin/cmake --install /home/khanh247/software_simulation/turtlebot3_ws/build/nav2_behavior_tree
