[0.029s] Invoking command in '/home/khanh247/software_simulation/turtlebot3_ws/build/nav2_common': CMAKE_PREFIX_PATH=/opt/ros/humble /usr/bin/cmake --build /home/khanh247/software_simulation/turtlebot3_ws/build/nav2_common -- -j16 -l16
[0.307s] Built target ament_cmake_python_copy_nav2_common
[0.403s] running egg_info
[0.415s] writing nav2_common.egg-info/PKG-INFO
[0.416s] writing dependency_links to nav2_common.egg-info/dependency_links.txt
[0.417s] writing top-level names to nav2_common.egg-info/top_level.txt
[0.490s] reading manifest file 'nav2_common.egg-info/SOURCES.txt'
[0.491s] writing manifest file 'nav2_common.egg-info/SOURCES.txt'
[0.542s] Built target ament_cmake_python_build_nav2_common_egg
[0.553s] Invoked command in '/home/khanh247/software_simulation/turtlebot3_ws/build/nav2_common' returned '0': CMAKE_PREFIX_PATH=/opt/ros/humble /usr/bin/cmake --build /home/khanh247/software_simulation/turtlebot3_ws/build/nav2_common -- -j16 -l16
[0.571s] Invoking command in '/home/khanh247/software_simulation/turtlebot3_ws/build/nav2_common': CMAKE_PREFIX_PATH=/opt/ros/humble /usr/bin/cmake --install /home/khanh247/software_simulation/turtlebot3_ws/build/nav2_common
[0.577s] -- Install configuration: ""
[0.577s] -- Up-to-date: /home/khanh247/software_simulation/turtlebot3_ws/install/nav2_common/share/nav2_common/environment/pythonpath.sh
[0.578s] -- Up-to-date: /home/khanh247/software_simulation/turtlebot3_ws/install/nav2_common/share/nav2_common/environment/pythonpath.dsv
[0.578s] -- Up-to-date: /home/khanh247/software_simulation/turtlebot3_ws/install/nav2_common/local/lib/python3.10/dist-packages/nav2_common-1.1.15-py3.10.egg-info
[0.578s] -- Installing: /home/khanh247/software_simulation/turtlebot3_ws/install/nav2_common/local/lib/python3.10/dist-packages/nav2_common-1.1.15-py3.10.egg-info/SOURCES.txt
[0.578s] -- Installing: /home/khanh247/software_simulation/turtlebot3_ws/install/nav2_common/local/lib/python3.10/dist-packages/nav2_common-1.1.15-py3.10.egg-info/top_level.txt
[0.578s] -- Installing: /home/khanh247/software_simulation/turtlebot3_ws/install/nav2_common/local/lib/python3.10/dist-packages/nav2_common-1.1.15-py3.10.egg-info/dependency_links.txt
[0.578s] -- Installing: /home/khanh247/software_simulation/turtlebot3_ws/install/nav2_common/local/lib/python3.10/dist-packages/nav2_common-1.1.15-py3.10.egg-info/PKG-INFO
[0.578s] -- Up-to-date: /home/khanh247/software_simulation/turtlebot3_ws/install/nav2_common/local/lib/python3.10/dist-packages/nav2_common
[0.578s] -- Up-to-date: /home/khanh247/software_simulation/turtlebot3_ws/install/nav2_common/local/lib/python3.10/dist-packages/nav2_common/__init__.py
[0.578s] -- Up-to-date: /home/khanh247/software_simulation/turtlebot3_ws/install/nav2_common/local/lib/python3.10/dist-packages/nav2_common/launch
[0.578s] -- Up-to-date: /home/khanh247/software_simulation/turtlebot3_ws/install/nav2_common/local/lib/python3.10/dist-packages/nav2_common/launch/rewritten_yaml.py
[0.579s] -- Up-to-date: /home/khanh247/software_simulation/turtlebot3_ws/install/nav2_common/local/lib/python3.10/dist-packages/nav2_common/launch/replace_string.py
[0.579s] -- Up-to-date: /home/khanh247/software_simulation/turtlebot3_ws/install/nav2_common/local/lib/python3.10/dist-packages/nav2_common/launch/__init__.py
[0.579s] -- Up-to-date: /home/khanh247/software_simulation/turtlebot3_ws/install/nav2_common/local/lib/python3.10/dist-packages/nav2_common/launch/has_node_params.py
[0.579s] -- Up-to-date: /home/khanh247/software_simulation/turtlebot3_ws/install/nav2_common/local/lib/python3.10/dist-packages/nav2_common/launch/parse_multirobot_pose.py
[0.602s] Listing '/home/khanh247/software_simulation/turtlebot3_ws/install/nav2_common/local/lib/python3.10/dist-packages/nav2_common'...
[0.602s] Listing '/home/khanh247/software_simulation/turtlebot3_ws/install/nav2_common/local/lib/python3.10/dist-packages/nav2_common/launch'...
[0.606s] -- Up-to-date: /home/khanh247/software_simulation/turtlebot3_ws/install/nav2_common/share/ament_index/resource_index/package_run_dependencies/nav2_common
[0.606s] -- Up-to-date: /home/khanh247/software_simulation/turtlebot3_ws/install/nav2_common/share/ament_index/resource_index/parent_prefix_path/nav2_common
[0.606s] -- Up-to-date: /home/khanh247/software_simulation/turtlebot3_ws/install/nav2_common/share/nav2_common/environment/ament_prefix_path.sh
[0.606s] -- Up-to-date: /home/khanh247/software_simulation/turtlebot3_ws/install/nav2_common/share/nav2_common/environment/ament_prefix_path.dsv
[0.607s] -- Up-to-date: /home/khanh247/software_simulation/turtlebot3_ws/install/nav2_common/share/nav2_common/environment/path.sh
[0.607s] -- Up-to-date: /home/khanh247/software_simulation/turtlebot3_ws/install/nav2_common/share/nav2_common/environment/path.dsv
[0.607s] -- Up-to-date: /home/khanh247/software_simulation/turtlebot3_ws/install/nav2_common/share/nav2_common/local_setup.bash
[0.607s] -- Up-to-date: /home/khanh247/software_simulation/turtlebot3_ws/install/nav2_common/share/nav2_common/local_setup.sh
[0.607s] -- Up-to-date: /home/khanh247/software_simulation/turtlebot3_ws/install/nav2_common/share/nav2_common/local_setup.zsh
[0.607s] -- Up-to-date: /home/khanh247/software_simulation/turtlebot3_ws/install/nav2_common/share/nav2_common/local_setup.dsv
[0.607s] -- Installing: /home/khanh247/software_simulation/turtlebot3_ws/install/nav2_common/share/nav2_common/package.dsv
[0.607s] -- Up-to-date: /home/khanh247/software_simulation/turtlebot3_ws/install/nav2_common/share/ament_index/resource_index/packages/nav2_common
[0.607s] -- Up-to-date: /home/khanh247/software_simulation/turtlebot3_ws/install/nav2_common/share/nav2_common/cmake/nav2_common-extras.cmake
[0.608s] -- Up-to-date: /home/khanh247/software_simulation/turtlebot3_ws/install/nav2_common/share/nav2_common/cmake/nav2_commonConfig.cmake
[0.608s] -- Up-to-date: /home/khanh247/software_simulation/turtlebot3_ws/install/nav2_common/share/nav2_common/cmake/nav2_commonConfig-version.cmake
[0.608s] -- Up-to-date: /home/khanh247/software_simulation/turtlebot3_ws/install/nav2_common/share/nav2_common/package.xml
[0.608s] -- Up-to-date: /home/khanh247/software_simulation/turtlebot3_ws/install/nav2_common/share/nav2_common/cmake
[0.609s] -- Up-to-date: /home/khanh247/software_simulation/turtlebot3_ws/install/nav2_common/share/nav2_common/cmake/nav2_package.cmake
[0.609s] Invoked command in '/home/khanh247/software_simulation/turtlebot3_ws/build/nav2_common' returned '0': CMAKE_PREFIX_PATH=/opt/ros/humble /usr/bin/cmake --install /home/khanh247/software_simulation/turtlebot3_ws/build/nav2_common
