[01m[K/home/khanh247/software_simulation/turtlebot3_ws/src/plu_virtual_wall/src/virtual_wall_layer.cpp:[m[K In constructor ‘[01m[Kvirtual_wall_ros2::VirtualWallLayer::VirtualWallLayer()[m[K’:
[01m[K/home/khanh247/software_simulation/turtlebot3_ws/src/plu_virtual_wall/src/virtual_wall_layer.cpp:12:48:[m[K [01;31m[Kerror: [m[Kno matching function for call to ‘[01m[Ktf2_ros::Buffer::Buffer()[m[K’
   12 | buffer_), global_frame_("map"[01;31m[K)[m[K
      |                              [01;31m[K^[m[K

In file included from [01m[K/home/khanh247/software_simulation/turtlebot3_ws/install/nav2_costmap_2d/include/nav2_costmap_2d/nav2_costmap_2d/layer.hpp:44[m[K,
                 from [01m[K/home/khanh247/software_simulation/turtlebot3_ws/src/plu_virtual_wall/include/plu_virtual_wall/virtual_wall_layer.hpp:4[m[K,
                 from [01m[K/home/khanh247/software_simulation/turtlebot3_ws/src/plu_virtual_wall/src/virtual_wall_layer.cpp:1[m[K:
[01m[K/opt/ros/humble/include/tf2_ros/tf2_ros/buffer.h:73:18:[m[K [01;36m[Knote: [m[Kcandidate: ‘[01m[Ktf2_ros::Buffer::Buffer(rclcpp::Clock::SharedPtr, tf2::Duration, rclcpp::Node::SharedPtr)[m[K’
   73 |   TF2_ROS_PUBLIC [01;36m[KBuffer[m[K(
      |                  [01;36m[K^~~~~~[m[K
[01m[K/opt/ros/humble/include/tf2_ros/tf2_ros/buffer.h:73:18:[m[K [01;36m[Knote: [m[K  candidate expects 3 arguments, 0 provided
[01m[K/home/khanh247/software_simulation/turtlebot3_ws/src/plu_virtual_wall/src/virtual_wall_layer.cpp:[m[K At global scope:
[01m[K/home/khanh247/software_simulation/turtlebot3_ws/src/plu_virtual_wall/src/virtual_wall_layer.cpp:143:6:[m[K [01;31m[Kerror: [m[Kno declaration matches ‘[01m[Kvoid virtual_wall_ros2::VirtualWallLayer::reset()[m[K’
  143 | void [01;31m[KVirtualWallLayer[m[K::reset()
      |      [01;31m[K^~~~~~~~~~~~~~~~[m[K
[01m[K/home/khanh247/software_simulation/turtlebot3_ws/src/plu_virtual_wall/src/virtual_wall_layer.cpp:143:6:[m[K [01;36m[Knote: [m[Kno functions named ‘[01m[Kvoid virtual_wall_ros2::VirtualWallLayer::reset()[m[K’
In file included from [01m[K/home/khanh247/software_simulation/turtlebot3_ws/src/plu_virtual_wall/src/virtual_wall_layer.cpp:1[m[K:
[01m[K/home/khanh247/software_simulation/turtlebot3_ws/src/plu_virtual_wall/include/plu_virtual_wall/virtual_wall_layer.hpp:13:7:[m[K [01;36m[Knote: [m[K‘[01m[Kclass virtual_wall_ros2::VirtualWallLayer[m[K’ defined here
   13 | class [01;36m[KVirtualWallLayer[m[K : public nav2_costmap_2d::Layer
      |       [01;36m[K^~~~~~~~~~~~~~~~[m[K
[01m[K/home/khanh247/software_simulation/turtlebot3_ws/src/plu_virtual_wall/src/virtual_wall_layer.cpp:148:6:[m[K [01;31m[Kerror: [m[Kno declaration matches ‘[01m[Kbool virtual_wall_ros2::VirtualWallLayer::isClearable()[m[K’
  148 | bool [01;31m[KVirtualWallLayer[m[K::isClearable()
      |      [01;31m[K^~~~~~~~~~~~~~~~[m[K
[01m[K/home/khanh247/software_simulation/turtlebot3_ws/src/plu_virtual_wall/src/virtual_wall_layer.cpp:148:6:[m[K [01;36m[Knote: [m[Kno functions named ‘[01m[Kbool virtual_wall_ros2::VirtualWallLayer::isClearable()[m[K’
In file included from [01m[K/home/khanh247/software_simulation/turtlebot3_ws/src/plu_virtual_wall/src/virtual_wall_layer.cpp:1[m[K:
[01m[K/home/khanh247/software_simulation/turtlebot3_ws/src/plu_virtual_wall/include/plu_virtual_wall/virtual_wall_layer.hpp:13:7:[m[K [01;36m[Knote: [m[K‘[01m[Kclass virtual_wall_ros2::VirtualWallLayer[m[K’ defined here
   13 | class [01;36m[KVirtualWallLayer[m[K : public nav2_costmap_2d::Layer
      |       [01;36m[K^~~~~~~~~~~~~~~~[m[K
[01m[K/home/khanh247/software_simulation/turtlebot3_ws/src/plu_virtual_wall/src/virtual_wall_layer.cpp:155:84:[m[K [01;31m[Kerror: [m[Kexpected constructor, destructor, or type conversion at end of input
  155 | PLUGINLIB_EXPORT_CLASS(virtual_wall_ros2::VirtualWallLayer, nav2_costmap_2d::Layer)
      |                                                                                    [01;31m[K^[m[K
gmake[2]: *** [CMakeFiles/plu_virtual_wall.dir/build.make:76: CMakeFiles/plu_virtual_wall.dir/src/virtual_wall_layer.cpp.o] Error 1
gmake[1]: *** [CMakeFiles/Makefile2:139: CMakeFiles/plu_virtual_wall.dir/all] Error 2
gmake: *** [Makefile:146: all] Error 2
