-- The C compiler identification is GNU 11.4.0
-- The CXX compiler identification is GNU 11.4.0
-- Detecting C compiler ABI info
-- Detecting C compiler ABI info - done
-- Check for working C compiler: /usr/bin/cc - skipped
-- Detecting C compile features
-- Detecting C compile features - done
-- Detecting CXX compiler ABI info
-- Detecting CXX compiler ABI info - done
-- Check for working CXX compiler: /usr/bin/c++ - skipped
-- Detecting CXX compile features
-- Detecting CXX compile features - done
-- Found ament_cmake: 1.3.9 (/opt/ros/humble/share/ament_cmake/cmake)
-- Found Python3: /usr/bin/python3 (found version "3.10.12") found components: Interpreter 
-- Found rclcpp: 16.0.9 (/opt/ros/humble/share/rclcpp/cmake)
-- Found rosidl_generator_c: 3.1.5 (/opt/ros/humble/share/rosidl_generator_c/cmake)
-- Found rosidl_adapter: 3.1.5 (/opt/ros/humble/share/rosidl_adapter/cmake)
-- Found rosidl_generator_cpp: 3.1.5 (/opt/ros/humble/share/rosidl_generator_cpp/cmake)
-- Using all available rosidl_typesupport_c: rosidl_typesupport_fastrtps_c;rosidl_typesupport_introspection_c
-- Using all available rosidl_typesupport_cpp: rosidl_typesupport_fastrtps_cpp;rosidl_typesupport_introspection_cpp
-- Found rmw_implementation_cmake: 6.1.2 (/opt/ros/humble/share/rmw_implementation_cmake/cmake)
-- Found rmw_fastrtps_cpp: 6.2.6 (/opt/ros/humble/share/rmw_fastrtps_cpp/cmake)
-- Found OpenSSL: /usr/lib/x86_64-linux-gnu/libcrypto.so (found version "3.0.2")  
-- Found FastRTPS: /opt/ros/humble/include  
-- Using RMW implementation 'rmw_fastrtps_cpp' as default
-- Looking for pthread.h
-- Looking for pthread.h - found
-- Performing Test CMAKE_HAVE_LIBC_PTHREAD
-- Performing Test CMAKE_HAVE_LIBC_PTHREAD - Success
-- Found Threads: TRUE  
-- Found nav2_costmap_2d: 1.1.15 (/home/khanh247/software_simulation/turtlebot3_ws/install/nav2_costmap_2d/share/nav2_costmap_2d/cmake)
-- Found Eigen3: TRUE (found version "3.4.0") 
-- Ensuring Eigen3 include directory is part of orocos-kdl CMake target
-- Configuring done
-- Generating done
-- Build files have been written to: /home/khanh247/software_simulation/turtlebot3_ws/build/plu_virtual_wall
[ 25%] [32mBuilding CXX object CMakeFiles/plu_virtual_wall.dir/src/virtual_wall_layer.cpp.o[0m
[ 50%] [32m[1mLinking CXX shared library libplu_virtual_wall.so[0m
[ 50%] Built target plu_virtual_wall
[ 75%] [32mBuilding CXX object CMakeFiles/virtual_wall_node.dir/src/virtual_wall_node.cpp.o[0m
[100%] [32m[1mLinking CXX executable virtual_wall_node[0m
[100%] Built target virtual_wall_node
-- Install configuration: ""
-- Up-to-date: /home/khanh247/software_simulation/turtlebot3_ws/install/plu_virtual_wall/share/plu_virtual_wall/virtual_wall_ros2_plugin.xml
-- Installing: /home/khanh247/software_simulation/turtlebot3_ws/install/plu_virtual_wall/lib/plu_virtual_wall/virtual_wall_node
-- Set runtime path of "/home/khanh247/software_simulation/turtlebot3_ws/install/plu_virtual_wall/lib/plu_virtual_wall/virtual_wall_node" to ""
-- Installing: /home/khanh247/software_simulation/turtlebot3_ws/install/plu_virtual_wall/lib/libplu_virtual_wall.so
-- Set runtime path of "/home/khanh247/software_simulation/turtlebot3_ws/install/plu_virtual_wall/lib/libplu_virtual_wall.so" to ""
-- Up-to-date: /home/khanh247/software_simulation/turtlebot3_ws/install/plu_virtual_wall/include
-- Up-to-date: /home/khanh247/software_simulation/turtlebot3_ws/install/plu_virtual_wall/include/plu_virtual_wall
-- Installing: /home/khanh247/software_simulation/turtlebot3_ws/install/plu_virtual_wall/include/plu_virtual_wall/virtual_wall_layer.hpp
-- Up-to-date: /home/khanh247/software_simulation/turtlebot3_ws/install/plu_virtual_wall/share/plu_virtual_wall//params
-- Up-to-date: /home/khanh247/software_simulation/turtlebot3_ws/install/plu_virtual_wall/share/plu_virtual_wall//params/test_params.yaml
-- Up-to-date: /home/khanh247/software_simulation/turtlebot3_ws/install/plu_virtual_wall/share/plu_virtual_wall//launch
-- Installing: /home/khanh247/software_simulation/turtlebot3_ws/install/plu_virtual_wall/share/plu_virtual_wall//launch/test.launch.py
-- Installing: /home/khanh247/software_simulation/turtlebot3_ws/install/plu_virtual_wall/share/ament_index/resource_index/package_run_dependencies/plu_virtual_wall
-- Installing: /home/khanh247/software_simulation/turtlebot3_ws/install/plu_virtual_wall/share/ament_index/resource_index/parent_prefix_path/plu_virtual_wall
-- Up-to-date: /home/khanh247/software_simulation/turtlebot3_ws/install/plu_virtual_wall/share/plu_virtual_wall/environment/ament_prefix_path.sh
-- Installing: /home/khanh247/software_simulation/turtlebot3_ws/install/plu_virtual_wall/share/plu_virtual_wall/environment/ament_prefix_path.dsv
-- Up-to-date: /home/khanh247/software_simulation/turtlebot3_ws/install/plu_virtual_wall/share/plu_virtual_wall/environment/path.sh
-- Installing: /home/khanh247/software_simulation/turtlebot3_ws/install/plu_virtual_wall/share/plu_virtual_wall/environment/path.dsv
-- Installing: /home/khanh247/software_simulation/turtlebot3_ws/install/plu_virtual_wall/share/plu_virtual_wall/local_setup.bash
-- Installing: /home/khanh247/software_simulation/turtlebot3_ws/install/plu_virtual_wall/share/plu_virtual_wall/local_setup.sh
-- Installing: /home/khanh247/software_simulation/turtlebot3_ws/install/plu_virtual_wall/share/plu_virtual_wall/local_setup.zsh
-- Installing: /home/khanh247/software_simulation/turtlebot3_ws/install/plu_virtual_wall/share/plu_virtual_wall/local_setup.dsv
-- Installing: /home/khanh247/software_simulation/turtlebot3_ws/install/plu_virtual_wall/share/plu_virtual_wall/package.dsv
-- Installing: /home/khanh247/software_simulation/turtlebot3_ws/install/plu_virtual_wall/share/ament_index/resource_index/packages/plu_virtual_wall
-- Installing: /home/khanh247/software_simulation/turtlebot3_ws/install/plu_virtual_wall/share/ament_index/resource_index/nav2_costmap_2d__pluginlib__plugin/plu_virtual_wall
-- Installing: /home/khanh247/software_simulation/turtlebot3_ws/install/plu_virtual_wall/share/plu_virtual_wall/cmake/plu_virtual_wallConfig.cmake
-- Installing: /home/khanh247/software_simulation/turtlebot3_ws/install/plu_virtual_wall/share/plu_virtual_wall/cmake/plu_virtual_wallConfig-version.cmake
-- Up-to-date: /home/khanh247/software_simulation/turtlebot3_ws/install/plu_virtual_wall/share/plu_virtual_wall/package.xml
