[0.984s] Invoking command in '/home/khanh247/software_simulation/turtlebot3_ws/src/navigation2/nav2_simple_commander': AMENT_PREFIX_PATH=/home/khanh247/software_simulation/turtlebot3_ws/install/nav2_msgs:/home/khanh247/software_simulation/turtlebot3_ws/install/nav2_common:${AMENT_PREFIX_PATH} CMAKE_PREFIX_PATH=/home/khanh247/software_simulation/turtlebot3_ws/install/nav2_msgs:/home/khanh247/software_simulation/turtlebot3_ws/install/nav2_common LD_LIBRARY_PATH=/home/khanh247/software_simulation/turtlebot3_ws/install/nav2_msgs/lib:/usr/lib/x86_64-linux-gnu/gazebo-11/plugins:/opt/ros/humble/opt/rviz_ogre_vendor/lib:/opt/ros/humble/lib/x86_64-linux-gnu:/opt/ros/humble/lib:/usr/lib/x86_64-linux-gnu/gazebo-11/plugins PYTHONPATH=/home/khanh247/software_simulation/turtlebot3_ws/build/nav2_simple_commander/prefix_override:/usr/lib/python3/dist-packages/colcon_core/task/python/colcon_distutils_commands:/home/khanh247/software_simulation/turtlebot3_ws/install/nav2_simple_commander/lib/python3.10/site-packages:/home/khanh247/software_simulation/turtlebot3_ws/install/nav2_msgs/local/lib/python3.10/dist-packages:/home/khanh247/software_simulation/turtlebot3_ws/install/nav2_common/local/lib/python3.10/dist-packages:${PYTHONPATH} /usr/bin/python3 -W ignore:setup.py install is deprecated setup.py egg_info --egg-base ../../../build/nav2_simple_commander build --build-base /home/khanh247/software_simulation/turtlebot3_ws/build/nav2_simple_commander/build install --record /home/khanh247/software_simulation/turtlebot3_ws/build/nav2_simple_commander/install.log --single-version-externally-managed install_data
[1.249s] running egg_info
[1.271s] writing ../../../build/nav2_simple_commander/nav2_simple_commander.egg-info/PKG-INFO
[1.272s] writing dependency_links to ../../../build/nav2_simple_commander/nav2_simple_commander.egg-info/dependency_links.txt
[1.273s] writing entry points to ../../../build/nav2_simple_commander/nav2_simple_commander.egg-info/entry_points.txt
[1.273s] writing requirements to ../../../build/nav2_simple_commander/nav2_simple_commander.egg-info/requires.txt
[1.274s] writing top-level names to ../../../build/nav2_simple_commander/nav2_simple_commander.egg-info/top_level.txt
[1.329s] reading manifest file '../../../build/nav2_simple_commander/nav2_simple_commander.egg-info/SOURCES.txt'
[1.329s] writing manifest file '../../../build/nav2_simple_commander/nav2_simple_commander.egg-info/SOURCES.txt'
[1.329s] running build
[1.330s] running build_py
[1.330s] copying nav2_simple_commander/example_nav_to_pose.py -> /home/khanh247/software_simulation/turtlebot3_ws/build/nav2_simple_commander/build/lib/nav2_simple_commander
[1.330s] copying nav2_simple_commander/demo_recoveries.py -> /home/khanh247/software_simulation/turtlebot3_ws/build/nav2_simple_commander/build/lib/nav2_simple_commander
[1.330s] copying nav2_simple_commander/robot_navigator.py -> /home/khanh247/software_simulation/turtlebot3_ws/build/nav2_simple_commander/build/lib/nav2_simple_commander
[1.330s] copying nav2_simple_commander/__init__.py -> /home/khanh247/software_simulation/turtlebot3_ws/build/nav2_simple_commander/build/lib/nav2_simple_commander
[1.330s] copying nav2_simple_commander/demo_picking.py -> /home/khanh247/software_simulation/turtlebot3_ws/build/nav2_simple_commander/build/lib/nav2_simple_commander
[1.330s] copying nav2_simple_commander/example_follow_path.py -> /home/khanh247/software_simulation/turtlebot3_ws/build/nav2_simple_commander/build/lib/nav2_simple_commander
[1.330s] copying nav2_simple_commander/line_iterator.py -> /home/khanh247/software_simulation/turtlebot3_ws/build/nav2_simple_commander/build/lib/nav2_simple_commander
[1.330s] copying nav2_simple_commander/example_assisted_teleop.py -> /home/khanh247/software_simulation/turtlebot3_ws/build/nav2_simple_commander/build/lib/nav2_simple_commander
[1.330s] copying nav2_simple_commander/demo_security.py -> /home/khanh247/software_simulation/turtlebot3_ws/build/nav2_simple_commander/build/lib/nav2_simple_commander
[1.330s] copying nav2_simple_commander/demo_inspection.py -> /home/khanh247/software_simulation/turtlebot3_ws/build/nav2_simple_commander/build/lib/nav2_simple_commander
[1.330s] copying nav2_simple_commander/example_nav_through_poses.py -> /home/khanh247/software_simulation/turtlebot3_ws/build/nav2_simple_commander/build/lib/nav2_simple_commander
[1.330s] copying nav2_simple_commander/costmap_2d.py -> /home/khanh247/software_simulation/turtlebot3_ws/build/nav2_simple_commander/build/lib/nav2_simple_commander
[1.331s] copying nav2_simple_commander/example_waypoint_follower.py -> /home/khanh247/software_simulation/turtlebot3_ws/build/nav2_simple_commander/build/lib/nav2_simple_commander
[1.331s] running install
[1.342s] running install_lib
[1.386s] running install_data
[1.387s] copying resource/nav2_simple_commander -> /home/khanh247/software_simulation/turtlebot3_ws/install/nav2_simple_commander/share/ament_index/resource_index/packages
[1.387s] copying package.xml -> /home/khanh247/software_simulation/turtlebot3_ws/install/nav2_simple_commander/share/nav2_simple_commander
[1.387s] copying launch/follow_path_example_launch.py -> /home/khanh247/software_simulation/turtlebot3_ws/install/nav2_simple_commander/share/nav2_simple_commander
[1.387s] copying launch/assisted_teleop_example_launch.py -> /home/khanh247/software_simulation/turtlebot3_ws/install/nav2_simple_commander/share/nav2_simple_commander
[1.387s] copying launch/warehouse.world -> /home/khanh247/software_simulation/turtlebot3_ws/install/nav2_simple_commander/share/nav2_simple_commander
[1.387s] copying launch/recoveries_example_launch.py -> /home/khanh247/software_simulation/turtlebot3_ws/install/nav2_simple_commander/share/nav2_simple_commander
[1.387s] copying launch/security_demo_launch.py -> /home/khanh247/software_simulation/turtlebot3_ws/install/nav2_simple_commander/share/nav2_simple_commander
[1.387s] copying launch/nav_to_pose_example_launch.py -> /home/khanh247/software_simulation/turtlebot3_ws/install/nav2_simple_commander/share/nav2_simple_commander
[1.387s] copying launch/inspection_demo_launch.py -> /home/khanh247/software_simulation/turtlebot3_ws/install/nav2_simple_commander/share/nav2_simple_commander
[1.387s] copying launch/waypoint_follower_example_launch.py -> /home/khanh247/software_simulation/turtlebot3_ws/install/nav2_simple_commander/share/nav2_simple_commander
[1.388s] copying launch/picking_demo_launch.py -> /home/khanh247/software_simulation/turtlebot3_ws/install/nav2_simple_commander/share/nav2_simple_commander
[1.388s] copying launch/nav_through_poses_example_launch.py -> /home/khanh247/software_simulation/turtlebot3_ws/install/nav2_simple_commander/share/nav2_simple_commander
[1.388s] running install_egg_info
[1.405s] removing '/home/khanh247/software_simulation/turtlebot3_ws/install/nav2_simple_commander/lib/python3.10/site-packages/nav2_simple_commander-1.0.0-py3.10.egg-info' (and everything under it)
[1.406s] Copying ../../../build/nav2_simple_commander/nav2_simple_commander.egg-info to /home/khanh247/software_simulation/turtlebot3_ws/install/nav2_simple_commander/lib/python3.10/site-packages/nav2_simple_commander-1.0.0-py3.10.egg-info
[1.407s] running install_scripts
[1.635s] Installing demo_inspection script to /home/khanh247/software_simulation/turtlebot3_ws/install/nav2_simple_commander/lib/nav2_simple_commander
[1.635s] Installing demo_picking script to /home/khanh247/software_simulation/turtlebot3_ws/install/nav2_simple_commander/lib/nav2_simple_commander
[1.635s] Installing demo_recoveries script to /home/khanh247/software_simulation/turtlebot3_ws/install/nav2_simple_commander/lib/nav2_simple_commander
[1.635s] Installing demo_security script to /home/khanh247/software_simulation/turtlebot3_ws/install/nav2_simple_commander/lib/nav2_simple_commander
[1.635s] Installing example_assisted_teleop script to /home/khanh247/software_simulation/turtlebot3_ws/install/nav2_simple_commander/lib/nav2_simple_commander
[1.635s] Installing example_follow_path script to /home/khanh247/software_simulation/turtlebot3_ws/install/nav2_simple_commander/lib/nav2_simple_commander
[1.636s] Installing example_nav_through_poses script to /home/khanh247/software_simulation/turtlebot3_ws/install/nav2_simple_commander/lib/nav2_simple_commander
[1.637s] Installing example_nav_to_pose script to /home/khanh247/software_simulation/turtlebot3_ws/install/nav2_simple_commander/lib/nav2_simple_commander
[1.637s] Installing example_waypoint_follower script to /home/khanh247/software_simulation/turtlebot3_ws/install/nav2_simple_commander/lib/nav2_simple_commander
[1.643s] writing list of installed files to '/home/khanh247/software_simulation/turtlebot3_ws/build/nav2_simple_commander/install.log'
[1.751s] Invoked command in '/home/khanh247/software_simulation/turtlebot3_ws/src/navigation2/nav2_simple_commander' returned '0': AMENT_PREFIX_PATH=/home/khanh247/software_simulation/turtlebot3_ws/install/nav2_msgs:/home/khanh247/software_simulation/turtlebot3_ws/install/nav2_common:${AMENT_PREFIX_PATH} CMAKE_PREFIX_PATH=/home/khanh247/software_simulation/turtlebot3_ws/install/nav2_msgs:/home/khanh247/software_simulation/turtlebot3_ws/install/nav2_common LD_LIBRARY_PATH=/home/khanh247/software_simulation/turtlebot3_ws/install/nav2_msgs/lib:/usr/lib/x86_64-linux-gnu/gazebo-11/plugins:/opt/ros/humble/opt/rviz_ogre_vendor/lib:/opt/ros/humble/lib/x86_64-linux-gnu:/opt/ros/humble/lib:/usr/lib/x86_64-linux-gnu/gazebo-11/plugins PYTHONPATH=/home/khanh247/software_simulation/turtlebot3_ws/build/nav2_simple_commander/prefix_override:/usr/lib/python3/dist-packages/colcon_core/task/python/colcon_distutils_commands:/home/khanh247/software_simulation/turtlebot3_ws/install/nav2_simple_commander/lib/python3.10/site-packages:/home/khanh247/software_simulation/turtlebot3_ws/install/nav2_msgs/local/lib/python3.10/dist-packages:/home/khanh247/software_simulation/turtlebot3_ws/install/nav2_common/local/lib/python3.10/dist-packages:${PYTHONPATH} /usr/bin/python3 -W ignore:setup.py install is deprecated setup.py egg_info --egg-base ../../../build/nav2_simple_commander build --build-base /home/khanh247/software_simulation/turtlebot3_ws/build/nav2_simple_commander/build install --record /home/khanh247/software_simulation/turtlebot3_ws/build/nav2_simple_commander/install.log --single-version-externally-managed install_data
