[0.237s] Invoking command in '/home/khanh247/software_simulation/turtlebot3_ws/build/nav2_smoother': AMENT_PREFIX_PATH=/home/khanh247/software_simulation/turtlebot3_ws/install/nav2_core:/home/khanh247/software_simulation/turtlebot3_ws/install/nav2_costmap_2d:/home/khanh247/software_simulation/turtlebot3_ws/install/nav_2d_utils:/home/khanh247/software_simulation/turtlebot3_ws/install/nav2_map_server:/home/khanh247/software_simulation/turtlebot3_ws/install/nav2_lifecycle_manager:/home/khanh247/software_simulation/turtlebot3_ws/install/nav2_util:/home/khanh247/software_simulation/turtlebot3_ws/install/nav2_voxel_grid:/home/khanh247/software_simulation/turtlebot3_ws/install/nav2_msgs:/home/khanh247/software_simulation/turtlebot3_ws/install/nav_2d_msgs:/home/khanh247/software_simulation/turtlebot3_ws/install/nav2_common:${AMENT_PREFIX_PATH} CMAKE_PREFIX_PATH=/home/khanh247/software_simulation/turtlebot3_ws/install/nav2_core:/home/khanh247/software_simulation/turtlebot3_ws/install/nav2_costmap_2d:/home/khanh247/software_simulation/turtlebot3_ws/install/nav_2d_utils:/home/khanh247/software_simulation/turtlebot3_ws/install/nav2_map_server:/home/khanh247/software_simulation/turtlebot3_ws/install/nav2_lifecycle_manager:/home/khanh247/software_simulation/turtlebot3_ws/install/nav2_util:/home/khanh247/software_simulation/turtlebot3_ws/install/nav2_voxel_grid:/home/khanh247/software_simulation/turtlebot3_ws/install/nav2_msgs:/home/khanh247/software_simulation/turtlebot3_ws/install/nav_2d_msgs:/home/khanh247/software_simulation/turtlebot3_ws/install/nav2_common:/opt/ros/humble LD_LIBRARY_PATH=/home/khanh247/software_simulation/turtlebot3_ws/install/nav2_costmap_2d/lib:/home/khanh247/software_simulation/turtlebot3_ws/install/nav_2d_utils/lib:/home/khanh247/software_simulation/turtlebot3_ws/install/nav2_map_server/lib:/home/khanh247/software_simulation/turtlebot3_ws/install/nav2_lifecycle_manager/lib:/home/khanh247/software_simulation/turtlebot3_ws/install/nav2_util/lib:/home/khanh247/software_simulation/turtlebot3_ws/install/nav2_voxel_grid/lib:/home/khanh247/software_simulation/turtlebot3_ws/install/nav2_msgs/lib:/home/khanh247/software_simulation/turtlebot3_ws/install/nav_2d_msgs/lib:${LD_LIBRARY_PATH} PYTHONPATH=/home/khanh247/software_simulation/turtlebot3_ws/install/nav2_msgs/local/lib/python3.10/dist-packages:/home/khanh247/software_simulation/turtlebot3_ws/install/nav_2d_msgs/local/lib/python3.10/dist-packages:/home/khanh247/software_simulation/turtlebot3_ws/install/nav2_common/local/lib/python3.10/dist-packages:${PYTHONPATH} /usr/bin/cmake --build /home/khanh247/software_simulation/turtlebot3_ws/build/nav2_smoother -- -j16 -l16
[8.339s] [  5%] [32m[1mLinking CXX shared library libsimple_smoother.so[0m
[8.340s] [ 16%] Built target gtest
[8.340s] [ 22%] [32m[1mLinking CXX shared library libsavitzky_golay_smoother.so[0m
[8.340s] [ 38%] [32m[1mLinking CXX shared library libsmoother_server_core.so[0m
[8.340s] [ 38%] Built target gtest_main
[8.340s] [ 44%] Built target savitzky_golay_smoother
[8.340s] [ 50%] [32m[1mLinking CXX executable test_savitzky_golay_smoother[0m
[8.340s] [ 55%] Built target smoother_server_core
[8.340s] [ 61%] [32m[1mLinking CXX executable test_smoother_server[0m
[8.340s] [ 66%] [32m[1mLinking CXX executable smoother_server[0m
[8.340s] [ 72%] Built target simple_smoother
[8.341s] [ 77%] [32m[1mLinking CXX executable test_simple_smoother[0m
[8.341s] [ 83%] Built target test_savitzky_golay_smoother
[8.341s] [ 88%] Built target smoother_server
[8.341s] [ 94%] Built target test_simple_smoother
[9.616s] [100%] Built target test_smoother_server
[9.747s] Invoked command in '/home/khanh247/software_simulation/turtlebot3_ws/build/nav2_smoother' returned '0': AMENT_PREFIX_PATH=/home/khanh247/software_simulation/turtlebot3_ws/install/nav2_core:/home/khanh247/software_simulation/turtlebot3_ws/install/nav2_costmap_2d:/home/khanh247/software_simulation/turtlebot3_ws/install/nav_2d_utils:/home/khanh247/software_simulation/turtlebot3_ws/install/nav2_map_server:/home/khanh247/software_simulation/turtlebot3_ws/install/nav2_lifecycle_manager:/home/khanh247/software_simulation/turtlebot3_ws/install/nav2_util:/home/khanh247/software_simulation/turtlebot3_ws/install/nav2_voxel_grid:/home/khanh247/software_simulation/turtlebot3_ws/install/nav2_msgs:/home/khanh247/software_simulation/turtlebot3_ws/install/nav_2d_msgs:/home/khanh247/software_simulation/turtlebot3_ws/install/nav2_common:${AMENT_PREFIX_PATH} CMAKE_PREFIX_PATH=/home/khanh247/software_simulation/turtlebot3_ws/install/nav2_core:/home/khanh247/software_simulation/turtlebot3_ws/install/nav2_costmap_2d:/home/khanh247/software_simulation/turtlebot3_ws/install/nav_2d_utils:/home/khanh247/software_simulation/turtlebot3_ws/install/nav2_map_server:/home/khanh247/software_simulation/turtlebot3_ws/install/nav2_lifecycle_manager:/home/khanh247/software_simulation/turtlebot3_ws/install/nav2_util:/home/khanh247/software_simulation/turtlebot3_ws/install/nav2_voxel_grid:/home/khanh247/software_simulation/turtlebot3_ws/install/nav2_msgs:/home/khanh247/software_simulation/turtlebot3_ws/install/nav_2d_msgs:/home/khanh247/software_simulation/turtlebot3_ws/install/nav2_common:/opt/ros/humble LD_LIBRARY_PATH=/home/khanh247/software_simulation/turtlebot3_ws/install/nav2_costmap_2d/lib:/home/khanh247/software_simulation/turtlebot3_ws/install/nav_2d_utils/lib:/home/khanh247/software_simulation/turtlebot3_ws/install/nav2_map_server/lib:/home/khanh247/software_simulation/turtlebot3_ws/install/nav2_lifecycle_manager/lib:/home/khanh247/software_simulation/turtlebot3_ws/install/nav2_util/lib:/home/khanh247/software_simulation/turtlebot3_ws/install/nav2_voxel_grid/lib:/home/khanh247/software_simulation/turtlebot3_ws/install/nav2_msgs/lib:/home/khanh247/software_simulation/turtlebot3_ws/install/nav_2d_msgs/lib:${LD_LIBRARY_PATH} PYTHONPATH=/home/khanh247/software_simulation/turtlebot3_ws/install/nav2_msgs/local/lib/python3.10/dist-packages:/home/khanh247/software_simulation/turtlebot3_ws/install/nav_2d_msgs/local/lib/python3.10/dist-packages:/home/khanh247/software_simulation/turtlebot3_ws/install/nav2_common/local/lib/python3.10/dist-packages:${PYTHONPATH} /usr/bin/cmake --build /home/khanh247/software_simulation/turtlebot3_ws/build/nav2_smoother -- -j16 -l16
[10.069s] Invoking command in '/home/khanh247/software_simulation/turtlebot3_ws/build/nav2_smoother': AMENT_PREFIX_PATH=/home/khanh247/software_simulation/turtlebot3_ws/install/nav2_core:/home/khanh247/software_simulation/turtlebot3_ws/install/nav2_costmap_2d:/home/khanh247/software_simulation/turtlebot3_ws/install/nav_2d_utils:/home/khanh247/software_simulation/turtlebot3_ws/install/nav2_map_server:/home/khanh247/software_simulation/turtlebot3_ws/install/nav2_lifecycle_manager:/home/khanh247/software_simulation/turtlebot3_ws/install/nav2_util:/home/khanh247/software_simulation/turtlebot3_ws/install/nav2_voxel_grid:/home/khanh247/software_simulation/turtlebot3_ws/install/nav2_msgs:/home/khanh247/software_simulation/turtlebot3_ws/install/nav_2d_msgs:/home/khanh247/software_simulation/turtlebot3_ws/install/nav2_common:${AMENT_PREFIX_PATH} CMAKE_PREFIX_PATH=/home/khanh247/software_simulation/turtlebot3_ws/install/nav2_core:/home/khanh247/software_simulation/turtlebot3_ws/install/nav2_costmap_2d:/home/khanh247/software_simulation/turtlebot3_ws/install/nav_2d_utils:/home/khanh247/software_simulation/turtlebot3_ws/install/nav2_map_server:/home/khanh247/software_simulation/turtlebot3_ws/install/nav2_lifecycle_manager:/home/khanh247/software_simulation/turtlebot3_ws/install/nav2_util:/home/khanh247/software_simulation/turtlebot3_ws/install/nav2_voxel_grid:/home/khanh247/software_simulation/turtlebot3_ws/install/nav2_msgs:/home/khanh247/software_simulation/turtlebot3_ws/install/nav_2d_msgs:/home/khanh247/software_simulation/turtlebot3_ws/install/nav2_common:/opt/ros/humble LD_LIBRARY_PATH=/home/khanh247/software_simulation/turtlebot3_ws/install/nav2_costmap_2d/lib:/home/khanh247/software_simulation/turtlebot3_ws/install/nav_2d_utils/lib:/home/khanh247/software_simulation/turtlebot3_ws/install/nav2_map_server/lib:/home/khanh247/software_simulation/turtlebot3_ws/install/nav2_lifecycle_manager/lib:/home/khanh247/software_simulation/turtlebot3_ws/install/nav2_util/lib:/home/khanh247/software_simulation/turtlebot3_ws/install/nav2_voxel_grid/lib:/home/khanh247/software_simulation/turtlebot3_ws/install/nav2_msgs/lib:/home/khanh247/software_simulation/turtlebot3_ws/install/nav_2d_msgs/lib:${LD_LIBRARY_PATH} PYTHONPATH=/home/khanh247/software_simulation/turtlebot3_ws/install/nav2_msgs/local/lib/python3.10/dist-packages:/home/khanh247/software_simulation/turtlebot3_ws/install/nav_2d_msgs/local/lib/python3.10/dist-packages:/home/khanh247/software_simulation/turtlebot3_ws/install/nav2_common/local/lib/python3.10/dist-packages:${PYTHONPATH} /usr/bin/cmake --install /home/khanh247/software_simulation/turtlebot3_ws/build/nav2_smoother
[10.096s] -- Install configuration: "Release"
[10.096s] -- Up-to-date: /home/khanh247/software_simulation/turtlebot3_ws/install/nav2_smoother/share/nav2_smoother/plugins.xml
[10.096s] -- Installing: /home/khanh247/software_simulation/turtlebot3_ws/install/nav2_smoother/lib/libsmoother_server_core.so
[10.097s] -- Set runtime path of "/home/khanh247/software_simulation/turtlebot3_ws/install/nav2_smoother/lib/libsmoother_server_core.so" to ""
[10.097s] -- Installing: /home/khanh247/software_simulation/turtlebot3_ws/install/nav2_smoother/lib/libsimple_smoother.so
[10.097s] -- Set runtime path of "/home/khanh247/software_simulation/turtlebot3_ws/install/nav2_smoother/lib/libsimple_smoother.so" to ""
[10.097s] -- Installing: /home/khanh247/software_simulation/turtlebot3_ws/install/nav2_smoother/lib/libsavitzky_golay_smoother.so
[10.097s] -- Set runtime path of "/home/khanh247/software_simulation/turtlebot3_ws/install/nav2_smoother/lib/libsavitzky_golay_smoother.so" to ""
[10.097s] -- Installing: /home/khanh247/software_simulation/turtlebot3_ws/install/nav2_smoother/lib/nav2_smoother/smoother_server
[10.097s] -- Set runtime path of "/home/khanh247/software_simulation/turtlebot3_ws/install/nav2_smoother/lib/nav2_smoother/smoother_server" to ""
[10.097s] -- Up-to-date: /home/khanh247/software_simulation/turtlebot3_ws/install/nav2_smoother/include/
[10.097s] -- Up-to-date: /home/khanh247/software_simulation/turtlebot3_ws/install/nav2_smoother/include//nav2_smoother
[10.097s] -- Up-to-date: /home/khanh247/software_simulation/turtlebot3_ws/install/nav2_smoother/include//nav2_smoother/simple_smoother.hpp
[10.097s] -- Up-to-date: /home/khanh247/software_simulation/turtlebot3_ws/install/nav2_smoother/include//nav2_smoother/savitzky_golay_smoother.hpp
[10.097s] -- Up-to-date: /home/khanh247/software_simulation/turtlebot3_ws/install/nav2_smoother/include//nav2_smoother/nav2_smoother.hpp
[10.097s] -- Up-to-date: /home/khanh247/software_simulation/turtlebot3_ws/install/nav2_smoother/include//nav2_smoother/smoother_utils.hpp
[10.097s] -- Up-to-date: /home/khanh247/software_simulation/turtlebot3_ws/install/nav2_smoother/share/nav2_smoother/environment/library_path.sh
[10.098s] -- Up-to-date: /home/khanh247/software_simulation/turtlebot3_ws/install/nav2_smoother/share/nav2_smoother/environment/library_path.dsv
[10.098s] -- Up-to-date: /home/khanh247/software_simulation/turtlebot3_ws/install/nav2_smoother/share/ament_index/resource_index/package_run_dependencies/nav2_smoother
[10.098s] -- Up-to-date: /home/khanh247/software_simulation/turtlebot3_ws/install/nav2_smoother/share/ament_index/resource_index/parent_prefix_path/nav2_smoother
[10.098s] -- Up-to-date: /home/khanh247/software_simulation/turtlebot3_ws/install/nav2_smoother/share/nav2_smoother/environment/ament_prefix_path.sh
[10.098s] -- Up-to-date: /home/khanh247/software_simulation/turtlebot3_ws/install/nav2_smoother/share/nav2_smoother/environment/ament_prefix_path.dsv
[10.098s] -- Up-to-date: /home/khanh247/software_simulation/turtlebot3_ws/install/nav2_smoother/share/nav2_smoother/environment/path.sh
[10.098s] -- Up-to-date: /home/khanh247/software_simulation/turtlebot3_ws/install/nav2_smoother/share/nav2_smoother/environment/path.dsv
[10.098s] -- Up-to-date: /home/khanh247/software_simulation/turtlebot3_ws/install/nav2_smoother/share/nav2_smoother/local_setup.bash
[10.098s] -- Up-to-date: /home/khanh247/software_simulation/turtlebot3_ws/install/nav2_smoother/share/nav2_smoother/local_setup.sh
[10.098s] -- Up-to-date: /home/khanh247/software_simulation/turtlebot3_ws/install/nav2_smoother/share/nav2_smoother/local_setup.zsh
[10.098s] -- Up-to-date: /home/khanh247/software_simulation/turtlebot3_ws/install/nav2_smoother/share/nav2_smoother/local_setup.dsv
[10.099s] -- Installing: /home/khanh247/software_simulation/turtlebot3_ws/install/nav2_smoother/share/nav2_smoother/package.dsv
[10.099s] -- Up-to-date: /home/khanh247/software_simulation/turtlebot3_ws/install/nav2_smoother/share/ament_index/resource_index/packages/nav2_smoother
[10.099s] -- Up-to-date: /home/khanh247/software_simulation/turtlebot3_ws/install/nav2_smoother/share/ament_index/resource_index/nav2_core__pluginlib__plugin/nav2_smoother
[10.099s] -- Up-to-date: /home/khanh247/software_simulation/turtlebot3_ws/install/nav2_smoother/share/ament_index/resource_index/rclcpp_components/nav2_smoother
[10.099s] -- Up-to-date: /home/khanh247/software_simulation/turtlebot3_ws/install/nav2_smoother/share/nav2_smoother/cmake/ament_cmake_export_include_directories-extras.cmake
[10.099s] -- Up-to-date: /home/khanh247/software_simulation/turtlebot3_ws/install/nav2_smoother/share/nav2_smoother/cmake/ament_cmake_export_libraries-extras.cmake
[10.099s] -- Up-to-date: /home/khanh247/software_simulation/turtlebot3_ws/install/nav2_smoother/share/nav2_smoother/cmake/ament_cmake_export_dependencies-extras.cmake
[10.099s] -- Up-to-date: /home/khanh247/software_simulation/turtlebot3_ws/install/nav2_smoother/share/nav2_smoother/cmake/nav2_smootherConfig.cmake
[10.099s] -- Up-to-date: /home/khanh247/software_simulation/turtlebot3_ws/install/nav2_smoother/share/nav2_smoother/cmake/nav2_smootherConfig-version.cmake
[10.099s] -- Up-to-date: /home/khanh247/software_simulation/turtlebot3_ws/install/nav2_smoother/share/nav2_smoother/package.xml
[10.112s] Invoked command in '/home/khanh247/software_simulation/turtlebot3_ws/build/nav2_smoother' returned '0': AMENT_PREFIX_PATH=/home/khanh247/software_simulation/turtlebot3_ws/install/nav2_core:/home/khanh247/software_simulation/turtlebot3_ws/install/nav2_costmap_2d:/home/khanh247/software_simulation/turtlebot3_ws/install/nav_2d_utils:/home/khanh247/software_simulation/turtlebot3_ws/install/nav2_map_server:/home/khanh247/software_simulation/turtlebot3_ws/install/nav2_lifecycle_manager:/home/khanh247/software_simulation/turtlebot3_ws/install/nav2_util:/home/khanh247/software_simulation/turtlebot3_ws/install/nav2_voxel_grid:/home/khanh247/software_simulation/turtlebot3_ws/install/nav2_msgs:/home/khanh247/software_simulation/turtlebot3_ws/install/nav_2d_msgs:/home/khanh247/software_simulation/turtlebot3_ws/install/nav2_common:${AMENT_PREFIX_PATH} CMAKE_PREFIX_PATH=/home/khanh247/software_simulation/turtlebot3_ws/install/nav2_core:/home/khanh247/software_simulation/turtlebot3_ws/install/nav2_costmap_2d:/home/khanh247/software_simulation/turtlebot3_ws/install/nav_2d_utils:/home/khanh247/software_simulation/turtlebot3_ws/install/nav2_map_server:/home/khanh247/software_simulation/turtlebot3_ws/install/nav2_lifecycle_manager:/home/khanh247/software_simulation/turtlebot3_ws/install/nav2_util:/home/khanh247/software_simulation/turtlebot3_ws/install/nav2_voxel_grid:/home/khanh247/software_simulation/turtlebot3_ws/install/nav2_msgs:/home/khanh247/software_simulation/turtlebot3_ws/install/nav_2d_msgs:/home/khanh247/software_simulation/turtlebot3_ws/install/nav2_common:/opt/ros/humble LD_LIBRARY_PATH=/home/khanh247/software_simulation/turtlebot3_ws/install/nav2_costmap_2d/lib:/home/khanh247/software_simulation/turtlebot3_ws/install/nav_2d_utils/lib:/home/khanh247/software_simulation/turtlebot3_ws/install/nav2_map_server/lib:/home/khanh247/software_simulation/turtlebot3_ws/install/nav2_lifecycle_manager/lib:/home/khanh247/software_simulation/turtlebot3_ws/install/nav2_util/lib:/home/khanh247/software_simulation/turtlebot3_ws/install/nav2_voxel_grid/lib:/home/khanh247/software_simulation/turtlebot3_ws/install/nav2_msgs/lib:/home/khanh247/software_simulation/turtlebot3_ws/install/nav_2d_msgs/lib:${LD_LIBRARY_PATH} PYTHONPATH=/home/khanh247/software_simulation/turtlebot3_ws/install/nav2_msgs/local/lib/python3.10/dist-packages:/home/khanh247/software_simulation/turtlebot3_ws/install/nav_2d_msgs/local/lib/python3.10/dist-packages:/home/khanh247/software_simulation/turtlebot3_ws/install/nav2_common/local/lib/python3.10/dist-packages:${PYTHONPATH} /usr/bin/cmake --install /home/khanh247/software_simulation/turtlebot3_ws/build/nav2_smoother
