[0.021s] Invoking command in '/home/khanh247/software_simulation/turtlebot3_ws/build/nav2_collision_monitor': AMENT_PREFIX_PATH=/home/khanh247/software_simulation/turtlebot3_ws/install/nav2_costmap_2d:/home/khanh247/software_simulation/turtlebot3_ws/install/nav2_map_server:/home/khanh247/software_simulation/turtlebot3_ws/install/nav2_lifecycle_manager:/home/khanh247/software_simulation/turtlebot3_ws/install/nav2_util:/home/khanh247/software_simulation/turtlebot3_ws/install/nav2_voxel_grid:/home/khanh247/software_simulation/turtlebot3_ws/install/nav2_msgs:/home/khanh247/software_simulation/turtlebot3_ws/install/nav2_common:${AMENT_PREFIX_PATH} CMAKE_PREFIX_PATH=/home/khanh247/software_simulation/turtlebot3_ws/install/nav2_costmap_2d:/home/khanh247/software_simulation/turtlebot3_ws/install/nav2_map_server:/home/khanh247/software_simulation/turtlebot3_ws/install/nav2_lifecycle_manager:/home/khanh247/software_simulation/turtlebot3_ws/install/nav2_util:/home/khanh247/software_simulation/turtlebot3_ws/install/nav2_voxel_grid:/home/khanh247/software_simulation/turtlebot3_ws/install/nav2_msgs:/home/khanh247/software_simulation/turtlebot3_ws/install/nav2_common:/opt/ros/humble LD_LIBRARY_PATH=/home/khanh247/software_simulation/turtlebot3_ws/install/nav2_costmap_2d/lib:/home/khanh247/software_simulation/turtlebot3_ws/install/nav2_map_server/lib:/home/khanh247/software_simulation/turtlebot3_ws/install/nav2_lifecycle_manager/lib:/home/khanh247/software_simulation/turtlebot3_ws/install/nav2_util/lib:/home/khanh247/software_simulation/turtlebot3_ws/install/nav2_voxel_grid/lib:/home/khanh247/software_simulation/turtlebot3_ws/install/nav2_msgs/lib:/usr/lib/x86_64-linux-gnu/gazebo-11/plugins:/opt/ros/humble/opt/rviz_ogre_vendor/lib:/opt/ros/humble/lib/x86_64-linux-gnu:/opt/ros/humble/lib:/usr/lib/x86_64-linux-gnu/gazebo-11/plugins PYTHONPATH=/home/khanh247/software_simulation/turtlebot3_ws/install/nav2_msgs/local/lib/python3.10/dist-packages:/home/khanh247/software_simulation/turtlebot3_ws/install/nav2_common/local/lib/python3.10/dist-packages:${PYTHONPATH} /usr/bin/cmake --build /home/khanh247/software_simulation/turtlebot3_ws/build/nav2_collision_monitor -- -j16 -l16
[0.067s] [  8%] Built target gtest_main
[0.068s] [ 17%] Built target gtest
[0.084s] [ 56%] Built target collision_monitor_core
[0.113s] [ 82%] Built target collision_monitor
[0.113s] [ 82%] Built target kinematics_test
[0.113s] [ 82%] Built target collision_monitor_node_test
[0.119s] [ 91%] Built target polygons_test
[0.120s] [100%] Built target sources_test
[0.181s] Invoked command in '/home/khanh247/software_simulation/turtlebot3_ws/build/nav2_collision_monitor' returned '0': AMENT_PREFIX_PATH=/home/khanh247/software_simulation/turtlebot3_ws/install/nav2_costmap_2d:/home/khanh247/software_simulation/turtlebot3_ws/install/nav2_map_server:/home/khanh247/software_simulation/turtlebot3_ws/install/nav2_lifecycle_manager:/home/khanh247/software_simulation/turtlebot3_ws/install/nav2_util:/home/khanh247/software_simulation/turtlebot3_ws/install/nav2_voxel_grid:/home/khanh247/software_simulation/turtlebot3_ws/install/nav2_msgs:/home/khanh247/software_simulation/turtlebot3_ws/install/nav2_common:${AMENT_PREFIX_PATH} CMAKE_PREFIX_PATH=/home/khanh247/software_simulation/turtlebot3_ws/install/nav2_costmap_2d:/home/khanh247/software_simulation/turtlebot3_ws/install/nav2_map_server:/home/khanh247/software_simulation/turtlebot3_ws/install/nav2_lifecycle_manager:/home/khanh247/software_simulation/turtlebot3_ws/install/nav2_util:/home/khanh247/software_simulation/turtlebot3_ws/install/nav2_voxel_grid:/home/khanh247/software_simulation/turtlebot3_ws/install/nav2_msgs:/home/khanh247/software_simulation/turtlebot3_ws/install/nav2_common:/opt/ros/humble LD_LIBRARY_PATH=/home/khanh247/software_simulation/turtlebot3_ws/install/nav2_costmap_2d/lib:/home/khanh247/software_simulation/turtlebot3_ws/install/nav2_map_server/lib:/home/khanh247/software_simulation/turtlebot3_ws/install/nav2_lifecycle_manager/lib:/home/khanh247/software_simulation/turtlebot3_ws/install/nav2_util/lib:/home/khanh247/software_simulation/turtlebot3_ws/install/nav2_voxel_grid/lib:/home/khanh247/software_simulation/turtlebot3_ws/install/nav2_msgs/lib:/usr/lib/x86_64-linux-gnu/gazebo-11/plugins:/opt/ros/humble/opt/rviz_ogre_vendor/lib:/opt/ros/humble/lib/x86_64-linux-gnu:/opt/ros/humble/lib:/usr/lib/x86_64-linux-gnu/gazebo-11/plugins PYTHONPATH=/home/khanh247/software_simulation/turtlebot3_ws/install/nav2_msgs/local/lib/python3.10/dist-packages:/home/khanh247/software_simulation/turtlebot3_ws/install/nav2_common/local/lib/python3.10/dist-packages:${PYTHONPATH} /usr/bin/cmake --build /home/khanh247/software_simulation/turtlebot3_ws/build/nav2_collision_monitor -- -j16 -l16
[0.340s] Invoking command in '/home/khanh247/software_simulation/turtlebot3_ws/build/nav2_collision_monitor': AMENT_PREFIX_PATH=/home/khanh247/software_simulation/turtlebot3_ws/install/nav2_costmap_2d:/home/khanh247/software_simulation/turtlebot3_ws/install/nav2_map_server:/home/khanh247/software_simulation/turtlebot3_ws/install/nav2_lifecycle_manager:/home/khanh247/software_simulation/turtlebot3_ws/install/nav2_util:/home/khanh247/software_simulation/turtlebot3_ws/install/nav2_voxel_grid:/home/khanh247/software_simulation/turtlebot3_ws/install/nav2_msgs:/home/khanh247/software_simulation/turtlebot3_ws/install/nav2_common:${AMENT_PREFIX_PATH} CMAKE_PREFIX_PATH=/home/khanh247/software_simulation/turtlebot3_ws/install/nav2_costmap_2d:/home/khanh247/software_simulation/turtlebot3_ws/install/nav2_map_server:/home/khanh247/software_simulation/turtlebot3_ws/install/nav2_lifecycle_manager:/home/khanh247/software_simulation/turtlebot3_ws/install/nav2_util:/home/khanh247/software_simulation/turtlebot3_ws/install/nav2_voxel_grid:/home/khanh247/software_simulation/turtlebot3_ws/install/nav2_msgs:/home/khanh247/software_simulation/turtlebot3_ws/install/nav2_common:/opt/ros/humble LD_LIBRARY_PATH=/home/khanh247/software_simulation/turtlebot3_ws/install/nav2_costmap_2d/lib:/home/khanh247/software_simulation/turtlebot3_ws/install/nav2_map_server/lib:/home/khanh247/software_simulation/turtlebot3_ws/install/nav2_lifecycle_manager/lib:/home/khanh247/software_simulation/turtlebot3_ws/install/nav2_util/lib:/home/khanh247/software_simulation/turtlebot3_ws/install/nav2_voxel_grid/lib:/home/khanh247/software_simulation/turtlebot3_ws/install/nav2_msgs/lib:/usr/lib/x86_64-linux-gnu/gazebo-11/plugins:/opt/ros/humble/opt/rviz_ogre_vendor/lib:/opt/ros/humble/lib/x86_64-linux-gnu:/opt/ros/humble/lib:/usr/lib/x86_64-linux-gnu/gazebo-11/plugins PYTHONPATH=/home/khanh247/software_simulation/turtlebot3_ws/install/nav2_msgs/local/lib/python3.10/dist-packages:/home/khanh247/software_simulation/turtlebot3_ws/install/nav2_common/local/lib/python3.10/dist-packages:${PYTHONPATH} /usr/bin/cmake --install /home/khanh247/software_simulation/turtlebot3_ws/build/nav2_collision_monitor
[0.485s] -- Install configuration: "Release"
[0.485s] -- Up-to-date: /home/khanh247/software_simulation/turtlebot3_ws/install/nav2_collision_monitor/lib/libcollision_monitor_core.so
[0.485s] -- Up-to-date: /home/khanh247/software_simulation/turtlebot3_ws/install/nav2_collision_monitor/lib/nav2_collision_monitor/collision_monitor
[0.487s] -- Up-to-date: /home/khanh247/software_simulation/turtlebot3_ws/install/nav2_collision_monitor/include/
[0.487s] -- Up-to-date: /home/khanh247/software_simulation/turtlebot3_ws/install/nav2_collision_monitor/include//nav2_collision_monitor
[0.487s] -- Up-to-date: /home/khanh247/software_simulation/turtlebot3_ws/install/nav2_collision_monitor/include//nav2_collision_monitor/types.hpp
[0.487s] -- Up-to-date: /home/khanh247/software_simulation/turtlebot3_ws/install/nav2_collision_monitor/include//nav2_collision_monitor/source.hpp
[0.487s] -- Up-to-date: /home/khanh247/software_simulation/turtlebot3_ws/install/nav2_collision_monitor/include//nav2_collision_monitor/pointcloud.hpp
[0.488s] -- Up-to-date: /home/khanh247/software_simulation/turtlebot3_ws/install/nav2_collision_monitor/include//nav2_collision_monitor/scan.hpp
[0.488s] -- Up-to-date: /home/khanh247/software_simulation/turtlebot3_ws/install/nav2_collision_monitor/include//nav2_collision_monitor/polygon.hpp
[0.488s] -- Up-to-date: /home/khanh247/software_simulation/turtlebot3_ws/install/nav2_collision_monitor/include//nav2_collision_monitor/kinematics.hpp
[0.488s] -- Up-to-date: /home/khanh247/software_simulation/turtlebot3_ws/install/nav2_collision_monitor/include//nav2_collision_monitor/circle.hpp
[0.488s] -- Up-to-date: /home/khanh247/software_simulation/turtlebot3_ws/install/nav2_collision_monitor/include//nav2_collision_monitor/collision_monitor_node.hpp
[0.488s] -- Up-to-date: /home/khanh247/software_simulation/turtlebot3_ws/install/nav2_collision_monitor/include//nav2_collision_monitor/range.hpp
[0.488s] -- Up-to-date: /home/khanh247/software_simulation/turtlebot3_ws/install/nav2_collision_monitor/share/nav2_collision_monitor/launch
[0.488s] -- Up-to-date: /home/khanh247/software_simulation/turtlebot3_ws/install/nav2_collision_monitor/share/nav2_collision_monitor/launch/collision_monitor_node.launch.py
[0.488s] -- Up-to-date: /home/khanh247/software_simulation/turtlebot3_ws/install/nav2_collision_monitor/share/nav2_collision_monitor/params
[0.488s] -- Up-to-date: /home/khanh247/software_simulation/turtlebot3_ws/install/nav2_collision_monitor/share/nav2_collision_monitor/params/collision_monitor_params.yaml
[0.488s] -- Up-to-date: /home/khanh247/software_simulation/turtlebot3_ws/install/nav2_collision_monitor/share/nav2_collision_monitor/environment/library_path.sh
[0.488s] -- Up-to-date: /home/khanh247/software_simulation/turtlebot3_ws/install/nav2_collision_monitor/share/nav2_collision_monitor/environment/library_path.dsv
[0.488s] -- Up-to-date: /home/khanh247/software_simulation/turtlebot3_ws/install/nav2_collision_monitor/share/ament_index/resource_index/package_run_dependencies/nav2_collision_monitor
[0.489s] -- Up-to-date: /home/khanh247/software_simulation/turtlebot3_ws/install/nav2_collision_monitor/share/ament_index/resource_index/parent_prefix_path/nav2_collision_monitor
[0.489s] -- Up-to-date: /home/khanh247/software_simulation/turtlebot3_ws/install/nav2_collision_monitor/share/nav2_collision_monitor/environment/ament_prefix_path.sh
[0.489s] -- Up-to-date: /home/khanh247/software_simulation/turtlebot3_ws/install/nav2_collision_monitor/share/nav2_collision_monitor/environment/ament_prefix_path.dsv
[0.489s] -- Up-to-date: /home/khanh247/software_simulation/turtlebot3_ws/install/nav2_collision_monitor/share/nav2_collision_monitor/environment/path.sh
[0.489s] -- Up-to-date: /home/khanh247/software_simulation/turtlebot3_ws/install/nav2_collision_monitor/share/nav2_collision_monitor/environment/path.dsv
[0.489s] -- Up-to-date: /home/khanh247/software_simulation/turtlebot3_ws/install/nav2_collision_monitor/share/nav2_collision_monitor/local_setup.bash
[0.489s] -- Up-to-date: /home/khanh247/software_simulation/turtlebot3_ws/install/nav2_collision_monitor/share/nav2_collision_monitor/local_setup.sh
[0.489s] -- Up-to-date: /home/khanh247/software_simulation/turtlebot3_ws/install/nav2_collision_monitor/share/nav2_collision_monitor/local_setup.zsh
[0.489s] -- Up-to-date: /home/khanh247/software_simulation/turtlebot3_ws/install/nav2_collision_monitor/share/nav2_collision_monitor/local_setup.dsv
[0.489s] -- Installing: /home/khanh247/software_simulation/turtlebot3_ws/install/nav2_collision_monitor/share/nav2_collision_monitor/package.dsv
[0.489s] -- Up-to-date: /home/khanh247/software_simulation/turtlebot3_ws/install/nav2_collision_monitor/share/ament_index/resource_index/packages/nav2_collision_monitor
[0.489s] -- Up-to-date: /home/khanh247/software_simulation/turtlebot3_ws/install/nav2_collision_monitor/share/ament_index/resource_index/rclcpp_components/nav2_collision_monitor
[0.489s] -- Up-to-date: /home/khanh247/software_simulation/turtlebot3_ws/install/nav2_collision_monitor/share/nav2_collision_monitor/cmake/ament_cmake_export_include_directories-extras.cmake
[0.489s] -- Up-to-date: /home/khanh247/software_simulation/turtlebot3_ws/install/nav2_collision_monitor/share/nav2_collision_monitor/cmake/ament_cmake_export_libraries-extras.cmake
[0.489s] -- Up-to-date: /home/khanh247/software_simulation/turtlebot3_ws/install/nav2_collision_monitor/share/nav2_collision_monitor/cmake/ament_cmake_export_dependencies-extras.cmake
[0.490s] -- Up-to-date: /home/khanh247/software_simulation/turtlebot3_ws/install/nav2_collision_monitor/share/nav2_collision_monitor/cmake/nav2_collision_monitorConfig.cmake
[0.490s] -- Up-to-date: /home/khanh247/software_simulation/turtlebot3_ws/install/nav2_collision_monitor/share/nav2_collision_monitor/cmake/nav2_collision_monitorConfig-version.cmake
[0.490s] -- Up-to-date: /home/khanh247/software_simulation/turtlebot3_ws/install/nav2_collision_monitor/share/nav2_collision_monitor/package.xml
[0.507s] Invoked command in '/home/khanh247/software_simulation/turtlebot3_ws/build/nav2_collision_monitor' returned '0': AMENT_PREFIX_PATH=/home/khanh247/software_simulation/turtlebot3_ws/install/nav2_costmap_2d:/home/khanh247/software_simulation/turtlebot3_ws/install/nav2_map_server:/home/khanh247/software_simulation/turtlebot3_ws/install/nav2_lifecycle_manager:/home/khanh247/software_simulation/turtlebot3_ws/install/nav2_util:/home/khanh247/software_simulation/turtlebot3_ws/install/nav2_voxel_grid:/home/khanh247/software_simulation/turtlebot3_ws/install/nav2_msgs:/home/khanh247/software_simulation/turtlebot3_ws/install/nav2_common:${AMENT_PREFIX_PATH} CMAKE_PREFIX_PATH=/home/khanh247/software_simulation/turtlebot3_ws/install/nav2_costmap_2d:/home/khanh247/software_simulation/turtlebot3_ws/install/nav2_map_server:/home/khanh247/software_simulation/turtlebot3_ws/install/nav2_lifecycle_manager:/home/khanh247/software_simulation/turtlebot3_ws/install/nav2_util:/home/khanh247/software_simulation/turtlebot3_ws/install/nav2_voxel_grid:/home/khanh247/software_simulation/turtlebot3_ws/install/nav2_msgs:/home/khanh247/software_simulation/turtlebot3_ws/install/nav2_common:/opt/ros/humble LD_LIBRARY_PATH=/home/khanh247/software_simulation/turtlebot3_ws/install/nav2_costmap_2d/lib:/home/khanh247/software_simulation/turtlebot3_ws/install/nav2_map_server/lib:/home/khanh247/software_simulation/turtlebot3_ws/install/nav2_lifecycle_manager/lib:/home/khanh247/software_simulation/turtlebot3_ws/install/nav2_util/lib:/home/khanh247/software_simulation/turtlebot3_ws/install/nav2_voxel_grid/lib:/home/khanh247/software_simulation/turtlebot3_ws/install/nav2_msgs/lib:/usr/lib/x86_64-linux-gnu/gazebo-11/plugins:/opt/ros/humble/opt/rviz_ogre_vendor/lib:/opt/ros/humble/lib/x86_64-linux-gnu:/opt/ros/humble/lib:/usr/lib/x86_64-linux-gnu/gazebo-11/plugins PYTHONPATH=/home/khanh247/software_simulation/turtlebot3_ws/install/nav2_msgs/local/lib/python3.10/dist-packages:/home/khanh247/software_simulation/turtlebot3_ws/install/nav2_common/local/lib/python3.10/dist-packages:${PYTHONPATH} /usr/bin/cmake --install /home/khanh247/software_simulation/turtlebot3_ws/build/nav2_collision_monitor
