[1.065s] Invoking command in '/home/khanh247/software_simulation/turtlebot3_ws/src/turtlebot3/turtlebot3_teleop': PYTHONPATH=/home/khanh247/software_simulation/turtlebot3_ws/build/turtlebot3_teleop/prefix_override:/usr/lib/python3/dist-packages/colcon_core/task/python/colcon_distutils_commands:/home/khanh247/software_simulation/turtlebot3_ws/install/turtlebot3_teleop/lib/python3.10/site-packages:${PYTHONPATH} /usr/bin/python3 -W ignore:setup.py install is deprecated setup.py egg_info --egg-base ../../../build/turtlebot3_teleop build --build-base /home/khanh247/software_simulation/turtlebot3_ws/build/turtlebot3_teleop/build install --record /home/khanh247/software_simulation/turtlebot3_ws/build/turtlebot3_teleop/install.log --single-version-externally-managed install_data
[1.341s] running egg_info
[1.356s] writing ../../../build/turtlebot3_teleop/turtlebot3_teleop.egg-info/PKG-INFO
[1.357s] writing dependency_links to ../../../build/turtlebot3_teleop/turtlebot3_teleop.egg-info/dependency_links.txt
[1.357s] writing entry points to ../../../build/turtlebot3_teleop/turtlebot3_teleop.egg-info/entry_points.txt
[1.357s] writing requirements to ../../../build/turtlebot3_teleop/turtlebot3_teleop.egg-info/requires.txt
[1.357s] writing top-level names to ../../../build/turtlebot3_teleop/turtlebot3_teleop.egg-info/top_level.txt
[1.398s] reading manifest file '../../../build/turtlebot3_teleop/turtlebot3_teleop.egg-info/SOURCES.txt'
[1.399s] writing manifest file '../../../build/turtlebot3_teleop/turtlebot3_teleop.egg-info/SOURCES.txt'
[1.400s] running build
[1.400s] running build_py
[1.400s] copying turtlebot3_teleop/__init__.py -> /home/khanh247/software_simulation/turtlebot3_ws/build/turtlebot3_teleop/build/lib/turtlebot3_teleop
[1.400s] copying turtlebot3_teleop/script/__init__.py -> /home/khanh247/software_simulation/turtlebot3_ws/build/turtlebot3_teleop/build/lib/turtlebot3_teleop/script
[1.400s] copying turtlebot3_teleop/script/teleop_keyboard.py -> /home/khanh247/software_simulation/turtlebot3_ws/build/turtlebot3_teleop/build/lib/turtlebot3_teleop/script
[1.401s] running install
[1.409s] running install_lib
[1.435s] running install_data
[1.436s] copying resource/turtlebot3_teleop -> /home/khanh247/software_simulation/turtlebot3_ws/install/turtlebot3_teleop/share/ament_index/resource_index/packages
[1.436s] copying package.xml -> /home/khanh247/software_simulation/turtlebot3_ws/install/turtlebot3_teleop/share/turtlebot3_teleop
[1.436s] running install_egg_info
[1.455s] removing '/home/khanh247/software_simulation/turtlebot3_ws/install/turtlebot3_teleop/lib/python3.10/site-packages/turtlebot3_teleop-2.1.5-py3.10.egg-info' (and everything under it)
[1.455s] Copying ../../../build/turtlebot3_teleop/turtlebot3_teleop.egg-info to /home/khanh247/software_simulation/turtlebot3_ws/install/turtlebot3_teleop/lib/python3.10/site-packages/turtlebot3_teleop-2.1.5-py3.10.egg-info
[1.455s] running install_scripts
[1.626s] Installing teleop_keyboard script to /home/khanh247/software_simulation/turtlebot3_ws/install/turtlebot3_teleop/lib/turtlebot3_teleop
[1.627s] writing list of installed files to '/home/khanh247/software_simulation/turtlebot3_ws/build/turtlebot3_teleop/install.log'
[1.665s] Invoked command in '/home/khanh247/software_simulation/turtlebot3_ws/src/turtlebot3/turtlebot3_teleop' returned '0': PYTHONPATH=/home/khanh247/software_simulation/turtlebot3_ws/build/turtlebot3_teleop/prefix_override:/usr/lib/python3/dist-packages/colcon_core/task/python/colcon_distutils_commands:/home/khanh247/software_simulation/turtlebot3_ws/install/turtlebot3_teleop/lib/python3.10/site-packages:${PYTHONPATH} /usr/bin/python3 -W ignore:setup.py install is deprecated setup.py egg_info --egg-base ../../../build/turtlebot3_teleop build --build-base /home/khanh247/software_simulation/turtlebot3_ws/build/turtlebot3_teleop/build install --record /home/khanh247/software_simulation/turtlebot3_ws/build/turtlebot3_teleop/install.log --single-version-externally-managed install_data
