[0.012s] Invoking command in '/home/khanh247/software_simulation/turtlebot3_ws/build/dynamixel_sdk_examples': AMENT_PREFIX_PATH=/home/khanh247/software_simulation/turtlebot3_ws/install/dynamixel_sdk_custom_interfaces:/home/khanh247/software_simulation/turtlebot3_ws/install/dynamixel_sdk:${AMENT_PREFIX_PATH} CMAKE_PREFIX_PATH=/home/khanh247/software_simulation/turtlebot3_ws/install/dynamixel_sdk_custom_interfaces:/home/khanh247/software_simulation/turtlebot3_ws/install/dynamixel_sdk:/opt/ros/humble LD_LIBRARY_PATH=/home/khanh247/software_simulation/turtlebot3_ws/install/dynamixel_sdk_custom_interfaces/lib:/home/khanh247/software_simulation/turtlebot3_ws/install/dynamixel_sdk/lib:${LD_LIBRARY_PATH} PYTHONPATH=/home/khanh247/software_simulation/turtlebot3_ws/install/dynamixel_sdk_custom_interfaces/local/lib/python3.10/dist-packages:${PYTHONPATH} /usr/bin/cmake --build /home/khanh247/software_simulation/turtlebot3_ws/build/dynamixel_sdk_examples -- -j16 -l16
[0.061s] [100%] Built target read_write_node
[0.088s] Invoked command in '/home/khanh247/software_simulation/turtlebot3_ws/build/dynamixel_sdk_examples' returned '0': AMENT_PREFIX_PATH=/home/khanh247/software_simulation/turtlebot3_ws/install/dynamixel_sdk_custom_interfaces:/home/khanh247/software_simulation/turtlebot3_ws/install/dynamixel_sdk:${AMENT_PREFIX_PATH} CMAKE_PREFIX_PATH=/home/khanh247/software_simulation/turtlebot3_ws/install/dynamixel_sdk_custom_interfaces:/home/khanh247/software_simulation/turtlebot3_ws/install/dynamixel_sdk:/opt/ros/humble LD_LIBRARY_PATH=/home/khanh247/software_simulation/turtlebot3_ws/install/dynamixel_sdk_custom_interfaces/lib:/home/khanh247/software_simulation/turtlebot3_ws/install/dynamixel_sdk/lib:${LD_LIBRARY_PATH} PYTHONPATH=/home/khanh247/software_simulation/turtlebot3_ws/install/dynamixel_sdk_custom_interfaces/local/lib/python3.10/dist-packages:${PYTHONPATH} /usr/bin/cmake --build /home/khanh247/software_simulation/turtlebot3_ws/build/dynamixel_sdk_examples -- -j16 -l16
[0.312s] Invoking command in '/home/khanh247/software_simulation/turtlebot3_ws/build/dynamixel_sdk_examples': AMENT_PREFIX_PATH=/home/khanh247/software_simulation/turtlebot3_ws/install/dynamixel_sdk_custom_interfaces:/home/khanh247/software_simulation/turtlebot3_ws/install/dynamixel_sdk:${AMENT_PREFIX_PATH} CMAKE_PREFIX_PATH=/home/khanh247/software_simulation/turtlebot3_ws/install/dynamixel_sdk_custom_interfaces:/home/khanh247/software_simulation/turtlebot3_ws/install/dynamixel_sdk:/opt/ros/humble LD_LIBRARY_PATH=/home/khanh247/software_simulation/turtlebot3_ws/install/dynamixel_sdk_custom_interfaces/lib:/home/khanh247/software_simulation/turtlebot3_ws/install/dynamixel_sdk/lib:${LD_LIBRARY_PATH} PYTHONPATH=/home/khanh247/software_simulation/turtlebot3_ws/install/dynamixel_sdk_custom_interfaces/local/lib/python3.10/dist-packages:${PYTHONPATH} /usr/bin/cmake --install /home/khanh247/software_simulation/turtlebot3_ws/build/dynamixel_sdk_examples
[0.321s] -- Install configuration: ""
[0.321s] -- Up-to-date: /home/khanh247/software_simulation/turtlebot3_ws/install/dynamixel_sdk_examples/lib/dynamixel_sdk_examples/read_write_node
[0.321s] -- Up-to-date: /home/khanh247/software_simulation/turtlebot3_ws/install/dynamixel_sdk_examples/share/ament_index/resource_index/package_run_dependencies/dynamixel_sdk_examples
[0.322s] -- Up-to-date: /home/khanh247/software_simulation/turtlebot3_ws/install/dynamixel_sdk_examples/share/ament_index/resource_index/parent_prefix_path/dynamixel_sdk_examples
[0.322s] -- Up-to-date: /home/khanh247/software_simulation/turtlebot3_ws/install/dynamixel_sdk_examples/share/dynamixel_sdk_examples/environment/ament_prefix_path.sh
[0.322s] -- Up-to-date: /home/khanh247/software_simulation/turtlebot3_ws/install/dynamixel_sdk_examples/share/dynamixel_sdk_examples/environment/ament_prefix_path.dsv
[0.323s] -- Up-to-date: /home/khanh247/software_simulation/turtlebot3_ws/install/dynamixel_sdk_examples/share/dynamixel_sdk_examples/environment/path.sh
[0.323s] -- Up-to-date: /home/khanh247/software_simulation/turtlebot3_ws/install/dynamixel_sdk_examples/share/dynamixel_sdk_examples/environment/path.dsv
[0.323s] -- Up-to-date: /home/khanh247/software_simulation/turtlebot3_ws/install/dynamixel_sdk_examples/share/dynamixel_sdk_examples/local_setup.bash
[0.323s] -- Up-to-date: /home/khanh247/software_simulation/turtlebot3_ws/install/dynamixel_sdk_examples/share/dynamixel_sdk_examples/local_setup.sh
[0.323s] -- Up-to-date: /home/khanh247/software_simulation/turtlebot3_ws/install/dynamixel_sdk_examples/share/dynamixel_sdk_examples/local_setup.zsh
[0.323s] -- Up-to-date: /home/khanh247/software_simulation/turtlebot3_ws/install/dynamixel_sdk_examples/share/dynamixel_sdk_examples/local_setup.dsv
[0.323s] -- Installing: /home/khanh247/software_simulation/turtlebot3_ws/install/dynamixel_sdk_examples/share/dynamixel_sdk_examples/package.dsv
[0.323s] -- Up-to-date: /home/khanh247/software_simulation/turtlebot3_ws/install/dynamixel_sdk_examples/share/ament_index/resource_index/packages/dynamixel_sdk_examples
[0.323s] -- Up-to-date: /home/khanh247/software_simulation/turtlebot3_ws/install/dynamixel_sdk_examples/share/dynamixel_sdk_examples/cmake/dynamixel_sdk_examplesConfig.cmake
[0.323s] -- Up-to-date: /home/khanh247/software_simulation/turtlebot3_ws/install/dynamixel_sdk_examples/share/dynamixel_sdk_examples/cmake/dynamixel_sdk_examplesConfig-version.cmake
[0.323s] -- Up-to-date: /home/khanh247/software_simulation/turtlebot3_ws/install/dynamixel_sdk_examples/share/dynamixel_sdk_examples/package.xml
[0.325s] Invoked command in '/home/khanh247/software_simulation/turtlebot3_ws/build/dynamixel_sdk_examples' returned '0': AMENT_PREFIX_PATH=/home/khanh247/software_simulation/turtlebot3_ws/install/dynamixel_sdk_custom_interfaces:/home/khanh247/software_simulation/turtlebot3_ws/install/dynamixel_sdk:${AMENT_PREFIX_PATH} CMAKE_PREFIX_PATH=/home/khanh247/software_simulation/turtlebot3_ws/install/dynamixel_sdk_custom_interfaces:/home/khanh247/software_simulation/turtlebot3_ws/install/dynamixel_sdk:/opt/ros/humble LD_LIBRARY_PATH=/home/khanh247/software_simulation/turtlebot3_ws/install/dynamixel_sdk_custom_interfaces/lib:/home/khanh247/software_simulation/turtlebot3_ws/install/dynamixel_sdk/lib:${LD_LIBRARY_PATH} PYTHONPATH=/home/khanh247/software_simulation/turtlebot3_ws/install/dynamixel_sdk_custom_interfaces/local/lib/python3.10/dist-packages:${PYTHONPATH} /usr/bin/cmake --install /home/khanh247/software_simulation/turtlebot3_ws/build/dynamixel_sdk_examples
