[0.858s] Invoking command in '/home/khanh247/software_simulation/turtlebot3_ws/src/turtlebot3/turtlebot3_example': AMENT_PREFIX_PATH=/home/khanh247/software_simulation/turtlebot3_ws/install/turtlebot3_msgs:${AMENT_PREFIX_PATH} CMAKE_PREFIX_PATH=/home/khanh247/software_simulation/turtlebot3_ws/install/turtlebot3_msgs LD_LIBRARY_PATH=/home/khanh247/software_simulation/turtlebot3_ws/install/turtlebot3_msgs/lib:${LD_LIBRARY_PATH} PYTHONPATH=/home/khanh247/software_simulation/turtlebot3_ws/build/turtlebot3_example/prefix_override:/usr/lib/python3/dist-packages/colcon_core/task/python/colcon_distutils_commands:/home/khanh247/software_simulation/turtlebot3_ws/install/turtlebot3_example/lib/python3.10/site-packages:/home/khanh247/software_simulation/turtlebot3_ws/install/turtlebot3_msgs/local/lib/python3.10/dist-packages:${PYTHONPATH} /usr/bin/python3 -W ignore:setup.py install is deprecated setup.py egg_info --egg-base ../../../build/turtlebot3_example build --build-base /home/khanh247/software_simulation/turtlebot3_ws/build/turtlebot3_example/build install --record /home/khanh247/software_simulation/turtlebot3_ws/build/turtlebot3_example/install.log --single-version-externally-managed install_data
[1.078s] running egg_info
[1.095s] writing ../../../build/turtlebot3_example/turtlebot3_example.egg-info/PKG-INFO
[1.095s] writing dependency_links to ../../../build/turtlebot3_example/turtlebot3_example.egg-info/dependency_links.txt
[1.095s] writing entry points to ../../../build/turtlebot3_example/turtlebot3_example.egg-info/entry_points.txt
[1.095s] writing requirements to ../../../build/turtlebot3_example/turtlebot3_example.egg-info/requires.txt
[1.096s] writing top-level names to ../../../build/turtlebot3_example/turtlebot3_example.egg-info/top_level.txt
[1.128s] reading manifest file '../../../build/turtlebot3_example/turtlebot3_example.egg-info/SOURCES.txt'
[1.129s] writing manifest file '../../../build/turtlebot3_example/turtlebot3_example.egg-info/SOURCES.txt'
[1.129s] running build
[1.130s] running build_py
[1.130s] copying turtlebot3_example/__init__.py -> /home/khanh247/software_simulation/turtlebot3_ws/build/turtlebot3_example/build/lib/turtlebot3_example
[1.130s] copying turtlebot3_example/turtlebot3_patrol_client/__init__.py -> /home/khanh247/software_simulation/turtlebot3_ws/build/turtlebot3_example/build/lib/turtlebot3_example/turtlebot3_patrol_client
[1.131s] copying turtlebot3_example/turtlebot3_patrol_client/turtlebot3_patrol_client.py -> /home/khanh247/software_simulation/turtlebot3_ws/build/turtlebot3_example/build/lib/turtlebot3_example/turtlebot3_patrol_client
[1.131s] copying turtlebot3_example/turtlebot3_patrol_client/main.py -> /home/khanh247/software_simulation/turtlebot3_ws/build/turtlebot3_example/build/lib/turtlebot3_example/turtlebot3_patrol_client
[1.132s] copying turtlebot3_example/turtlebot3_patrol_server/__init__.py -> /home/khanh247/software_simulation/turtlebot3_ws/build/turtlebot3_example/build/lib/turtlebot3_example/turtlebot3_patrol_server
[1.132s] copying turtlebot3_example/turtlebot3_patrol_server/turtlebot3_patrol_server.py -> /home/khanh247/software_simulation/turtlebot3_ws/build/turtlebot3_example/build/lib/turtlebot3_example/turtlebot3_patrol_server
[1.133s] copying turtlebot3_example/turtlebot3_patrol_server/turtlebot3_path.py -> /home/khanh247/software_simulation/turtlebot3_ws/build/turtlebot3_example/build/lib/turtlebot3_example/turtlebot3_patrol_server
[1.133s] copying turtlebot3_example/turtlebot3_patrol_server/main.py -> /home/khanh247/software_simulation/turtlebot3_ws/build/turtlebot3_example/build/lib/turtlebot3_example/turtlebot3_patrol_server
[1.133s] copying turtlebot3_example/turtlebot3_obstacle_detection/__init__.py -> /home/khanh247/software_simulation/turtlebot3_ws/build/turtlebot3_example/build/lib/turtlebot3_example/turtlebot3_obstacle_detection
[1.133s] copying turtlebot3_example/turtlebot3_obstacle_detection/turtlebot3_obstacle_detection.py -> /home/khanh247/software_simulation/turtlebot3_ws/build/turtlebot3_example/build/lib/turtlebot3_example/turtlebot3_obstacle_detection
[1.134s] copying turtlebot3_example/turtlebot3_obstacle_detection/main.py -> /home/khanh247/software_simulation/turtlebot3_ws/build/turtlebot3_example/build/lib/turtlebot3_example/turtlebot3_obstacle_detection
[1.134s] copying turtlebot3_example/turtlebot3_position_control/turtlebot3_position_control.py -> /home/khanh247/software_simulation/turtlebot3_ws/build/turtlebot3_example/build/lib/turtlebot3_example/turtlebot3_position_control
[1.134s] copying turtlebot3_example/turtlebot3_position_control/__init__.py -> /home/khanh247/software_simulation/turtlebot3_ws/build/turtlebot3_example/build/lib/turtlebot3_example/turtlebot3_position_control
[1.135s] copying turtlebot3_example/turtlebot3_position_control/turtlebot3_path.py -> /home/khanh247/software_simulation/turtlebot3_ws/build/turtlebot3_example/build/lib/turtlebot3_example/turtlebot3_position_control
[1.135s] copying turtlebot3_example/turtlebot3_position_control/main.py -> /home/khanh247/software_simulation/turtlebot3_ws/build/turtlebot3_example/build/lib/turtlebot3_example/turtlebot3_position_control
[1.135s] running install
[1.136s] running install_lib
[1.153s] running install_data
[1.153s] copying resource/turtlebot3_example -> /home/khanh247/software_simulation/turtlebot3_ws/install/turtlebot3_example/share/ament_index/resource_index/packages
[1.153s] copying package.xml -> /home/khanh247/software_simulation/turtlebot3_ws/install/turtlebot3_example/share/turtlebot3_example
[1.153s] running install_egg_info
[1.173s] removing '/home/khanh247/software_simulation/turtlebot3_ws/install/turtlebot3_example/lib/python3.10/site-packages/turtlebot3_example-2.1.5-py3.10.egg-info' (and everything under it)
[1.174s] Copying ../../../build/turtlebot3_example/turtlebot3_example.egg-info to /home/khanh247/software_simulation/turtlebot3_ws/install/turtlebot3_example/lib/python3.10/site-packages/turtlebot3_example-2.1.5-py3.10.egg-info
[1.174s] running install_scripts
[1.315s] Installing turtlebot3_obstacle_detection script to /home/khanh247/software_simulation/turtlebot3_ws/install/turtlebot3_example/lib/turtlebot3_example
[1.315s] Installing turtlebot3_patrol_client script to /home/khanh247/software_simulation/turtlebot3_ws/install/turtlebot3_example/lib/turtlebot3_example
[1.315s] Installing turtlebot3_patrol_server script to /home/khanh247/software_simulation/turtlebot3_ws/install/turtlebot3_example/lib/turtlebot3_example
[1.315s] Installing turtlebot3_position_control script to /home/khanh247/software_simulation/turtlebot3_ws/install/turtlebot3_example/lib/turtlebot3_example
[1.316s] writing list of installed files to '/home/khanh247/software_simulation/turtlebot3_ws/build/turtlebot3_example/install.log'
[1.344s] Invoked command in '/home/khanh247/software_simulation/turtlebot3_ws/src/turtlebot3/turtlebot3_example' returned '0': AMENT_PREFIX_PATH=/home/khanh247/software_simulation/turtlebot3_ws/install/turtlebot3_msgs:${AMENT_PREFIX_PATH} CMAKE_PREFIX_PATH=/home/khanh247/software_simulation/turtlebot3_ws/install/turtlebot3_msgs LD_LIBRARY_PATH=/home/khanh247/software_simulation/turtlebot3_ws/install/turtlebot3_msgs/lib:${LD_LIBRARY_PATH} PYTHONPATH=/home/khanh247/software_simulation/turtlebot3_ws/build/turtlebot3_example/prefix_override:/usr/lib/python3/dist-packages/colcon_core/task/python/colcon_distutils_commands:/home/khanh247/software_simulation/turtlebot3_ws/install/turtlebot3_example/lib/python3.10/site-packages:/home/khanh247/software_simulation/turtlebot3_ws/install/turtlebot3_msgs/local/lib/python3.10/dist-packages:${PYTHONPATH} /usr/bin/python3 -W ignore:setup.py install is deprecated setup.py egg_info --egg-base ../../../build/turtlebot3_example build --build-base /home/khanh247/software_simulation/turtlebot3_ws/build/turtlebot3_example/build install --record /home/khanh247/software_simulation/turtlebot3_ws/build/turtlebot3_example/install.log --single-version-externally-managed install_data
