[0.027s] Invoking command in '/home/khanh247/software_simulation/turtlebot3_ws/build/nav2_map_server': AMENT_PREFIX_PATH=/home/khanh247/software_simulation/turtlebot3_ws/install/nav2_util:/home/khanh247/software_simulation/turtlebot3_ws/install/nav2_msgs:/home/khanh247/software_simulation/turtlebot3_ws/install/nav2_common:${AMENT_PREFIX_PATH} CMAKE_PREFIX_PATH=/home/khanh247/software_simulation/turtlebot3_ws/install/nav2_util:/home/khanh247/software_simulation/turtlebot3_ws/install/nav2_msgs:/home/khanh247/software_simulation/turtlebot3_ws/install/nav2_common:/opt/ros/humble LD_LIBRARY_PATH=/home/khanh247/software_simulation/turtlebot3_ws/install/nav2_util/lib:/home/khanh247/software_simulation/turtlebot3_ws/install/nav2_msgs/lib:${LD_LIBRARY_PATH} PYTHONPATH=/home/khanh247/software_simulation/turtlebot3_ws/install/nav2_msgs/local/lib/python3.10/dist-packages:/home/khanh247/software_simulation/turtlebot3_ws/install/nav2_common/local/lib/python3.10/dist-packages:${PYTHONPATH} /usr/bin/cmake --build /home/khanh247/software_simulation/turtlebot3_ws/build/nav2_map_server -- -j16 -l16
[0.085s] [  8%] Built target map_io
[0.087s] [ 13%] Built target gtest_main
[0.096s] [ 19%] Built target gtest
[0.124s] [ 30%] Built target map_server_core
[0.134s] [ 38%] Built target test_map_saver_publisher
[0.149s] [ 47%] Built target test_map_io
[0.151s] [ 55%] Built target test_map_saver_cli
[0.171s] [ 61%] Built target map_server
[0.188s] [ 66%] Built target map_saver_server
[0.189s] [ 88%] Built target test_map_server_node
[0.190s] [ 72%] Built target map_saver_cli
[0.190s] [ 80%] Built target test_map_saver_node
[0.200s] [ 94%] Built target test_costmap_filter_info_server
[0.211s] [100%] Built target costmap_filter_info_server
[0.227s] Invoked command in '/home/khanh247/software_simulation/turtlebot3_ws/build/nav2_map_server' returned '0': AMENT_PREFIX_PATH=/home/khanh247/software_simulation/turtlebot3_ws/install/nav2_util:/home/khanh247/software_simulation/turtlebot3_ws/install/nav2_msgs:/home/khanh247/software_simulation/turtlebot3_ws/install/nav2_common:${AMENT_PREFIX_PATH} CMAKE_PREFIX_PATH=/home/khanh247/software_simulation/turtlebot3_ws/install/nav2_util:/home/khanh247/software_simulation/turtlebot3_ws/install/nav2_msgs:/home/khanh247/software_simulation/turtlebot3_ws/install/nav2_common:/opt/ros/humble LD_LIBRARY_PATH=/home/khanh247/software_simulation/turtlebot3_ws/install/nav2_util/lib:/home/khanh247/software_simulation/turtlebot3_ws/install/nav2_msgs/lib:${LD_LIBRARY_PATH} PYTHONPATH=/home/khanh247/software_simulation/turtlebot3_ws/install/nav2_msgs/local/lib/python3.10/dist-packages:/home/khanh247/software_simulation/turtlebot3_ws/install/nav2_common/local/lib/python3.10/dist-packages:${PYTHONPATH} /usr/bin/cmake --build /home/khanh247/software_simulation/turtlebot3_ws/build/nav2_map_server -- -j16 -l16
[0.314s] Invoking command in '/home/khanh247/software_simulation/turtlebot3_ws/build/nav2_map_server': AMENT_PREFIX_PATH=/home/khanh247/software_simulation/turtlebot3_ws/install/nav2_util:/home/khanh247/software_simulation/turtlebot3_ws/install/nav2_msgs:/home/khanh247/software_simulation/turtlebot3_ws/install/nav2_common:${AMENT_PREFIX_PATH} CMAKE_PREFIX_PATH=/home/khanh247/software_simulation/turtlebot3_ws/install/nav2_util:/home/khanh247/software_simulation/turtlebot3_ws/install/nav2_msgs:/home/khanh247/software_simulation/turtlebot3_ws/install/nav2_common:/opt/ros/humble LD_LIBRARY_PATH=/home/khanh247/software_simulation/turtlebot3_ws/install/nav2_util/lib:/home/khanh247/software_simulation/turtlebot3_ws/install/nav2_msgs/lib:${LD_LIBRARY_PATH} PYTHONPATH=/home/khanh247/software_simulation/turtlebot3_ws/install/nav2_msgs/local/lib/python3.10/dist-packages:/home/khanh247/software_simulation/turtlebot3_ws/install/nav2_common/local/lib/python3.10/dist-packages:${PYTHONPATH} /usr/bin/cmake --install /home/khanh247/software_simulation/turtlebot3_ws/build/nav2_map_server
[0.325s] -- Install configuration: "Release"
[0.325s] -- Up-to-date: /home/khanh247/software_simulation/turtlebot3_ws/install/nav2_map_server/lib/libmap_server_core.so
[0.325s] -- Up-to-date: /home/khanh247/software_simulation/turtlebot3_ws/install/nav2_map_server/lib/libmap_io.so
[0.326s] -- Up-to-date: /home/khanh247/software_simulation/turtlebot3_ws/install/nav2_map_server/lib/nav2_map_server/map_server
[0.326s] -- Up-to-date: /home/khanh247/software_simulation/turtlebot3_ws/install/nav2_map_server/lib/nav2_map_server/map_saver_cli
[0.326s] -- Up-to-date: /home/khanh247/software_simulation/turtlebot3_ws/install/nav2_map_server/lib/nav2_map_server/map_saver_server
[0.326s] -- Up-to-date: /home/khanh247/software_simulation/turtlebot3_ws/install/nav2_map_server/lib/nav2_map_server/costmap_filter_info_server
[0.327s] -- Up-to-date: /home/khanh247/software_simulation/turtlebot3_ws/install/nav2_map_server/include/
[0.327s] -- Up-to-date: /home/khanh247/software_simulation/turtlebot3_ws/install/nav2_map_server/include//nav2_map_server
[0.327s] -- Up-to-date: /home/khanh247/software_simulation/turtlebot3_ws/install/nav2_map_server/include//nav2_map_server/map_saver.hpp
[0.327s] -- Up-to-date: /home/khanh247/software_simulation/turtlebot3_ws/install/nav2_map_server/include//nav2_map_server/map_mode.hpp
[0.327s] -- Up-to-date: /home/khanh247/software_simulation/turtlebot3_ws/install/nav2_map_server/include//nav2_map_server/map_io.hpp
[0.327s] -- Up-to-date: /home/khanh247/software_simulation/turtlebot3_ws/install/nav2_map_server/include//nav2_map_server/costmap_filter_info_server.hpp
[0.327s] -- Up-to-date: /home/khanh247/software_simulation/turtlebot3_ws/install/nav2_map_server/include//nav2_map_server/map_server.hpp
[0.327s] -- Up-to-date: /home/khanh247/software_simulation/turtlebot3_ws/install/nav2_map_server/share/nav2_map_server/launch
[0.328s] -- Up-to-date: /home/khanh247/software_simulation/turtlebot3_ws/install/nav2_map_server/share/nav2_map_server/launch/map_saver_server.launch.py
[0.328s] -- Up-to-date: /home/khanh247/software_simulation/turtlebot3_ws/install/nav2_map_server/share/nav2_map_server/environment/library_path.sh
[0.328s] -- Up-to-date: /home/khanh247/software_simulation/turtlebot3_ws/install/nav2_map_server/share/nav2_map_server/environment/library_path.dsv
[0.328s] -- Up-to-date: /home/khanh247/software_simulation/turtlebot3_ws/install/nav2_map_server/share/ament_index/resource_index/package_run_dependencies/nav2_map_server
[0.328s] -- Up-to-date: /home/khanh247/software_simulation/turtlebot3_ws/install/nav2_map_server/share/ament_index/resource_index/parent_prefix_path/nav2_map_server
[0.328s] -- Up-to-date: /home/khanh247/software_simulation/turtlebot3_ws/install/nav2_map_server/share/nav2_map_server/environment/ament_prefix_path.sh
[0.328s] -- Up-to-date: /home/khanh247/software_simulation/turtlebot3_ws/install/nav2_map_server/share/nav2_map_server/environment/ament_prefix_path.dsv
[0.328s] -- Up-to-date: /home/khanh247/software_simulation/turtlebot3_ws/install/nav2_map_server/share/nav2_map_server/environment/path.sh
[0.328s] -- Up-to-date: /home/khanh247/software_simulation/turtlebot3_ws/install/nav2_map_server/share/nav2_map_server/environment/path.dsv
[0.329s] -- Up-to-date: /home/khanh247/software_simulation/turtlebot3_ws/install/nav2_map_server/share/nav2_map_server/local_setup.bash
[0.329s] -- Up-to-date: /home/khanh247/software_simulation/turtlebot3_ws/install/nav2_map_server/share/nav2_map_server/local_setup.sh
[0.329s] -- Up-to-date: /home/khanh247/software_simulation/turtlebot3_ws/install/nav2_map_server/share/nav2_map_server/local_setup.zsh
[0.329s] -- Up-to-date: /home/khanh247/software_simulation/turtlebot3_ws/install/nav2_map_server/share/nav2_map_server/local_setup.dsv
[0.329s] -- Installing: /home/khanh247/software_simulation/turtlebot3_ws/install/nav2_map_server/share/nav2_map_server/package.dsv
[0.329s] -- Up-to-date: /home/khanh247/software_simulation/turtlebot3_ws/install/nav2_map_server/share/ament_index/resource_index/packages/nav2_map_server
[0.329s] -- Up-to-date: /home/khanh247/software_simulation/turtlebot3_ws/install/nav2_map_server/share/ament_index/resource_index/rclcpp_components/nav2_map_server
[0.329s] -- Up-to-date: /home/khanh247/software_simulation/turtlebot3_ws/install/nav2_map_server/share/nav2_map_server/cmake/ament_cmake_export_include_directories-extras.cmake
[0.330s] -- Up-to-date: /home/khanh247/software_simulation/turtlebot3_ws/install/nav2_map_server/share/nav2_map_server/cmake/ament_cmake_export_libraries-extras.cmake
[0.330s] -- Up-to-date: /home/khanh247/software_simulation/turtlebot3_ws/install/nav2_map_server/share/nav2_map_server/cmake/ament_cmake_export_dependencies-extras.cmake
[0.330s] -- Up-to-date: /home/khanh247/software_simulation/turtlebot3_ws/install/nav2_map_server/share/nav2_map_server/cmake/nav2_map_serverConfig.cmake
[0.330s] -- Up-to-date: /home/khanh247/software_simulation/turtlebot3_ws/install/nav2_map_server/share/nav2_map_server/cmake/nav2_map_serverConfig-version.cmake
[0.330s] -- Up-to-date: /home/khanh247/software_simulation/turtlebot3_ws/install/nav2_map_server/share/nav2_map_server/package.xml
[0.339s] Invoked command in '/home/khanh247/software_simulation/turtlebot3_ws/build/nav2_map_server' returned '0': AMENT_PREFIX_PATH=/home/khanh247/software_simulation/turtlebot3_ws/install/nav2_util:/home/khanh247/software_simulation/turtlebot3_ws/install/nav2_msgs:/home/khanh247/software_simulation/turtlebot3_ws/install/nav2_common:${AMENT_PREFIX_PATH} CMAKE_PREFIX_PATH=/home/khanh247/software_simulation/turtlebot3_ws/install/nav2_util:/home/khanh247/software_simulation/turtlebot3_ws/install/nav2_msgs:/home/khanh247/software_simulation/turtlebot3_ws/install/nav2_common:/opt/ros/humble LD_LIBRARY_PATH=/home/khanh247/software_simulation/turtlebot3_ws/install/nav2_util/lib:/home/khanh247/software_simulation/turtlebot3_ws/install/nav2_msgs/lib:${LD_LIBRARY_PATH} PYTHONPATH=/home/khanh247/software_simulation/turtlebot3_ws/install/nav2_msgs/local/lib/python3.10/dist-packages:/home/khanh247/software_simulation/turtlebot3_ws/install/nav2_common/local/lib/python3.10/dist-packages:${PYTHONPATH} /usr/bin/cmake --install /home/khanh247/software_simulation/turtlebot3_ws/build/nav2_map_server
