[01m[K/home/khanh247/software_simulation/turtlebot3_ws/src/plu_virtual_wall/src/virtual_wall_layer.cpp:143:6:[m[K [01;31m[Kerror: [m[Kno declaration matches ‘[01m[Kvoid virtual_wall_ros2::VirtualWallLayer::reset()[m[K’
  143 | void [01;31m[KVirtualWallLayer[m[K::reset()
      |      [01;31m[K^~~~~~~~~~~~~~~~[m[K
[01m[K/home/khanh247/software_simulation/turtlebot3_ws/src/plu_virtual_wall/src/virtual_wall_layer.cpp:143:6:[m[K [01;36m[Knote: [m[Kno functions named ‘[01m[Kvoid virtual_wall_ros2::VirtualWallLayer::reset()[m[K’
In file included from [01m[K/home/khanh247/software_simulation/turtlebot3_ws/src/plu_virtual_wall/src/virtual_wall_layer.cpp:1[m[K:
[01m[K/home/khanh247/software_simulation/turtlebot3_ws/src/plu_virtual_wall/include/plu_virtual_wall/virtual_wall_layer.hpp:15:7:[m[K [01;36m[Knote: [m[K‘[01m[Kclass virtual_wall_ros2::VirtualWallLayer[m[K’ defined here
   15 | class [01;36m[KVirtualWallLayer[m[K : public nav2_costmap_2d::CostmapLayer
      |       [01;36m[K^~~~~~~~~~~~~~~~[m[K
[01m[K/home/khanh247/software_simulation/turtlebot3_ws/src/plu_virtual_wall/src/virtual_wall_layer.cpp:148:6:[m[K [01;31m[Kerror: [m[Kredefinition of ‘[01m[Kbool virtual_wall_ros2::VirtualWallLayer::isClearable() const[m[K’
  148 | bool [01;31m[KVirtualWallLayer[m[K::isClearable() const
      |      [01;31m[K^~~~~~~~~~~~~~~~[m[K
In file included from [01m[K/home/khanh247/software_simulation/turtlebot3_ws/src/plu_virtual_wall/src/virtual_wall_layer.cpp:1[m[K:
[01m[K/home/khanh247/software_simulation/turtlebot3_ws/src/plu_virtual_wall/include/plu_virtual_wall/virtual_wall_layer.hpp:23:18:[m[K [01;36m[Knote: [m[K‘[01m[Kvirtual bool virtual_wall_ros2::VirtualWallLayer::isClearable() const[m[K’ previously defined here
   23 |     virtual bool [01;36m[KisClearable[m[K() const { return false; }
      |                  [01;36m[K^~~~~~~~~~~[m[K
[01m[K/home/khanh247/software_simulation/turtlebot3_ws/src/plu_virtual_wall/src/virtual_wall_layer.cpp:155:84:[m[K [01;31m[Kerror: [m[Kexpected constructor, destructor, or type conversion at end of input
  155 | PLUGINLIB_EXPORT_CLASS(virtual_wall_ros2::VirtualWallLayer, nav2_costmap_2d::Layer)
      |                                                                                    [01;31m[K^[m[K
gmake[2]: *** [CMakeFiles/plu_virtual_wall.dir/build.make:76: CMakeFiles/plu_virtual_wall.dir/src/virtual_wall_layer.cpp.o] Error 1
gmake[1]: *** [CMakeFiles/Makefile2:139: CMakeFiles/plu_virtual_wall.dir/all] Error 2
gmake: *** [Makefile:146: all] Error 2
