[0.060s] Invoking command in '/home/khanh247/virtual_wall_ros2/software_simulation/turtlebot3_ws/src/build/nav2_common': CMAKE_PREFIX_PATH=${CMAKE_PREFIX_PATH}:/home/khanh247/virtual_wall_ros2/software_simulation/turtlebot3_ws/install/turtlebot3_teleop:/home/khanh247/virtual_wall_ros2/software_simulation/turtlebot3_ws/install/turtlebot3_example:/home/khanh247/virtual_wall_ros2/software_simulation/turtlebot3_ws/install/nav2_simple_commander:/opt/ros/humble /usr/bin/cmake /home/khanh247/virtual_wall_ros2/software_simulation/turtlebot3_ws/src/navigation2/nav2_common -DCMAKE_INSTALL_PREFIX=/home/khanh247/virtual_wall_ros2/software_simulation/turtlebot3_ws/src/install/nav2_common
[0.335s] -- Found ament_cmake_core: 1.3.9 (/opt/ros/humble/share/ament_cmake_core/cmake)
[0.573s] -- Found Python3: /usr/bin/python3 (found version "3.10.12") found components: Interpreter 
[0.655s] -- Found ament_cmake_python: 1.3.9 (/opt/ros/humble/share/ament_cmake_python/cmake)
[0.866s] -- Configuring done
[0.869s] -- Generating done
[0.870s] -- Build files have been written to: /home/khanh247/virtual_wall_ros2/software_simulation/turtlebot3_ws/src/build/nav2_common
[0.874s] Invoked command in '/home/khanh247/virtual_wall_ros2/software_simulation/turtlebot3_ws/src/build/nav2_common' returned '0': CMAKE_PREFIX_PATH=${CMAKE_PREFIX_PATH}:/home/khanh247/virtual_wall_ros2/software_simulation/turtlebot3_ws/install/turtlebot3_teleop:/home/khanh247/virtual_wall_ros2/software_simulation/turtlebot3_ws/install/turtlebot3_example:/home/khanh247/virtual_wall_ros2/software_simulation/turtlebot3_ws/install/nav2_simple_commander:/opt/ros/humble /usr/bin/cmake /home/khanh247/virtual_wall_ros2/software_simulation/turtlebot3_ws/src/navigation2/nav2_common -DCMAKE_INSTALL_PREFIX=/home/khanh247/virtual_wall_ros2/software_simulation/turtlebot3_ws/src/install/nav2_common
[0.876s] Invoking command in '/home/khanh247/virtual_wall_ros2/software_simulation/turtlebot3_ws/src/build/nav2_common': CMAKE_PREFIX_PATH=${CMAKE_PREFIX_PATH}:/home/khanh247/virtual_wall_ros2/software_simulation/turtlebot3_ws/install/turtlebot3_teleop:/home/khanh247/virtual_wall_ros2/software_simulation/turtlebot3_ws/install/turtlebot3_example:/home/khanh247/virtual_wall_ros2/software_simulation/turtlebot3_ws/install/nav2_simple_commander:/opt/ros/humble /usr/bin/cmake --build /home/khanh247/virtual_wall_ros2/software_simulation/turtlebot3_ws/src/build/nav2_common -- -j16 -l16
[0.980s] Built target ament_cmake_python_copy_nav2_common
[1.275s] running egg_info
[1.276s] creating nav2_common.egg-info
[1.301s] writing nav2_common.egg-info/PKG-INFO
[1.302s] writing dependency_links to nav2_common.egg-info/dependency_links.txt
[1.302s] writing top-level names to nav2_common.egg-info/top_level.txt
[1.302s] writing manifest file 'nav2_common.egg-info/SOURCES.txt'
[1.382s] reading manifest file 'nav2_common.egg-info/SOURCES.txt'
[1.383s] writing manifest file 'nav2_common.egg-info/SOURCES.txt'
[1.436s] Built target ament_cmake_python_build_nav2_common_egg
[1.466s] Invoked command in '/home/khanh247/virtual_wall_ros2/software_simulation/turtlebot3_ws/src/build/nav2_common' returned '0': CMAKE_PREFIX_PATH=${CMAKE_PREFIX_PATH}:/home/khanh247/virtual_wall_ros2/software_simulation/turtlebot3_ws/install/turtlebot3_teleop:/home/khanh247/virtual_wall_ros2/software_simulation/turtlebot3_ws/install/turtlebot3_example:/home/khanh247/virtual_wall_ros2/software_simulation/turtlebot3_ws/install/nav2_simple_commander:/opt/ros/humble /usr/bin/cmake --build /home/khanh247/virtual_wall_ros2/software_simulation/turtlebot3_ws/src/build/nav2_common -- -j16 -l16
[1.590s] Invoking command in '/home/khanh247/virtual_wall_ros2/software_simulation/turtlebot3_ws/src/build/nav2_common': CMAKE_PREFIX_PATH=${CMAKE_PREFIX_PATH}:/home/khanh247/virtual_wall_ros2/software_simulation/turtlebot3_ws/install/turtlebot3_teleop:/home/khanh247/virtual_wall_ros2/software_simulation/turtlebot3_ws/install/turtlebot3_example:/home/khanh247/virtual_wall_ros2/software_simulation/turtlebot3_ws/install/nav2_simple_commander:/opt/ros/humble /usr/bin/cmake --install /home/khanh247/virtual_wall_ros2/software_simulation/turtlebot3_ws/src/build/nav2_common
[1.609s] -- Install configuration: ""
[1.609s] -- Installing: /home/khanh247/virtual_wall_ros2/software_simulation/turtlebot3_ws/src/install/nav2_common/share/nav2_common/environment/pythonpath.sh
[1.609s] -- Installing: /home/khanh247/virtual_wall_ros2/software_simulation/turtlebot3_ws/src/install/nav2_common/share/nav2_common/environment/pythonpath.dsv
[1.609s] -- Installing: /home/khanh247/virtual_wall_ros2/software_simulation/turtlebot3_ws/src/install/nav2_common/local/lib/python3.10/dist-packages/nav2_common-1.1.15-py3.10.egg-info
[1.609s] -- Installing: /home/khanh247/virtual_wall_ros2/software_simulation/turtlebot3_ws/src/install/nav2_common/local/lib/python3.10/dist-packages/nav2_common-1.1.15-py3.10.egg-info/SOURCES.txt
[1.610s] -- Installing: /home/khanh247/virtual_wall_ros2/software_simulation/turtlebot3_ws/src/install/nav2_common/local/lib/python3.10/dist-packages/nav2_common-1.1.15-py3.10.egg-info/top_level.txt
[1.610s] -- Installing: /home/khanh247/virtual_wall_ros2/software_simulation/turtlebot3_ws/src/install/nav2_common/local/lib/python3.10/dist-packages/nav2_common-1.1.15-py3.10.egg-info/dependency_links.txt
[1.610s] -- Installing: /home/khanh247/virtual_wall_ros2/software_simulation/turtlebot3_ws/src/install/nav2_common/local/lib/python3.10/dist-packages/nav2_common-1.1.15-py3.10.egg-info/PKG-INFO
[1.610s] -- Installing: /home/khanh247/virtual_wall_ros2/software_simulation/turtlebot3_ws/src/install/nav2_common/local/lib/python3.10/dist-packages/nav2_common
[1.610s] -- Installing: /home/khanh247/virtual_wall_ros2/software_simulation/turtlebot3_ws/src/install/nav2_common/local/lib/python3.10/dist-packages/nav2_common/__init__.py
[1.610s] -- Installing: /home/khanh247/virtual_wall_ros2/software_simulation/turtlebot3_ws/src/install/nav2_common/local/lib/python3.10/dist-packages/nav2_common/launch
[1.610s] -- Installing: /home/khanh247/virtual_wall_ros2/software_simulation/turtlebot3_ws/src/install/nav2_common/local/lib/python3.10/dist-packages/nav2_common/launch/rewritten_yaml.py
[1.611s] -- Installing: /home/khanh247/virtual_wall_ros2/software_simulation/turtlebot3_ws/src/install/nav2_common/local/lib/python3.10/dist-packages/nav2_common/launch/replace_string.py
[1.611s] -- Installing: /home/khanh247/virtual_wall_ros2/software_simulation/turtlebot3_ws/src/install/nav2_common/local/lib/python3.10/dist-packages/nav2_common/launch/__init__.py
[1.611s] -- Installing: /home/khanh247/virtual_wall_ros2/software_simulation/turtlebot3_ws/src/install/nav2_common/local/lib/python3.10/dist-packages/nav2_common/launch/has_node_params.py
[1.611s] -- Installing: /home/khanh247/virtual_wall_ros2/software_simulation/turtlebot3_ws/src/install/nav2_common/local/lib/python3.10/dist-packages/nav2_common/launch/parse_multirobot_pose.py
[1.668s] Listing '/home/khanh247/virtual_wall_ros2/software_simulation/turtlebot3_ws/src/install/nav2_common/local/lib/python3.10/dist-packages/nav2_common'...
[1.668s] Compiling '/home/khanh247/virtual_wall_ros2/software_simulation/turtlebot3_ws/src/install/nav2_common/local/lib/python3.10/dist-packages/nav2_common/__init__.py'...
[1.668s] Listing '/home/khanh247/virtual_wall_ros2/software_simulation/turtlebot3_ws/src/install/nav2_common/local/lib/python3.10/dist-packages/nav2_common/launch'...
[1.668s] Compiling '/home/khanh247/virtual_wall_ros2/software_simulation/turtlebot3_ws/src/install/nav2_common/local/lib/python3.10/dist-packages/nav2_common/launch/__init__.py'...
[1.668s] Compiling '/home/khanh247/virtual_wall_ros2/software_simulation/turtlebot3_ws/src/install/nav2_common/local/lib/python3.10/dist-packages/nav2_common/launch/has_node_params.py'...
[1.668s] Compiling '/home/khanh247/virtual_wall_ros2/software_simulation/turtlebot3_ws/src/install/nav2_common/local/lib/python3.10/dist-packages/nav2_common/launch/parse_multirobot_pose.py'...
[1.668s] Compiling '/home/khanh247/virtual_wall_ros2/software_simulation/turtlebot3_ws/src/install/nav2_common/local/lib/python3.10/dist-packages/nav2_common/launch/replace_string.py'...
[1.668s] Compiling '/home/khanh247/virtual_wall_ros2/software_simulation/turtlebot3_ws/src/install/nav2_common/local/lib/python3.10/dist-packages/nav2_common/launch/rewritten_yaml.py'...
[1.675s] -- Installing: /home/khanh247/virtual_wall_ros2/software_simulation/turtlebot3_ws/src/install/nav2_common/share/ament_index/resource_index/package_run_dependencies/nav2_common
[1.675s] -- Installing: /home/khanh247/virtual_wall_ros2/software_simulation/turtlebot3_ws/src/install/nav2_common/share/ament_index/resource_index/parent_prefix_path/nav2_common
[1.676s] -- Installing: /home/khanh247/virtual_wall_ros2/software_simulation/turtlebot3_ws/src/install/nav2_common/share/nav2_common/environment/ament_prefix_path.sh
[1.676s] -- Installing: /home/khanh247/virtual_wall_ros2/software_simulation/turtlebot3_ws/src/install/nav2_common/share/nav2_common/environment/ament_prefix_path.dsv
[1.676s] -- Installing: /home/khanh247/virtual_wall_ros2/software_simulation/turtlebot3_ws/src/install/nav2_common/share/nav2_common/environment/path.sh
[1.677s] -- Installing: /home/khanh247/virtual_wall_ros2/software_simulation/turtlebot3_ws/src/install/nav2_common/share/nav2_common/environment/path.dsv
[1.677s] -- Installing: /home/khanh247/virtual_wall_ros2/software_simulation/turtlebot3_ws/src/install/nav2_common/share/nav2_common/local_setup.bash
[1.677s] -- Installing: /home/khanh247/virtual_wall_ros2/software_simulation/turtlebot3_ws/src/install/nav2_common/share/nav2_common/local_setup.sh
[1.678s] -- Installing: /home/khanh247/virtual_wall_ros2/software_simulation/turtlebot3_ws/src/install/nav2_common/share/nav2_common/local_setup.zsh
[1.678s] -- Installing: /home/khanh247/virtual_wall_ros2/software_simulation/turtlebot3_ws/src/install/nav2_common/share/nav2_common/local_setup.dsv
[1.678s] -- Installing: /home/khanh247/virtual_wall_ros2/software_simulation/turtlebot3_ws/src/install/nav2_common/share/nav2_common/package.dsv
[1.679s] -- Installing: /home/khanh247/virtual_wall_ros2/software_simulation/turtlebot3_ws/src/install/nav2_common/share/ament_index/resource_index/packages/nav2_common
[1.679s] -- Installing: /home/khanh247/virtual_wall_ros2/software_simulation/turtlebot3_ws/src/install/nav2_common/share/nav2_common/cmake/nav2_common-extras.cmake
[1.680s] -- Installing: /home/khanh247/virtual_wall_ros2/software_simulation/turtlebot3_ws/src/install/nav2_common/share/nav2_common/cmake/nav2_commonConfig.cmake
[1.680s] -- Installing: /home/khanh247/virtual_wall_ros2/software_simulation/turtlebot3_ws/src/install/nav2_common/share/nav2_common/cmake/nav2_commonConfig-version.cmake
[1.680s] -- Installing: /home/khanh247/virtual_wall_ros2/software_simulation/turtlebot3_ws/src/install/nav2_common/share/nav2_common/package.xml
[1.680s] -- Up-to-date: /home/khanh247/virtual_wall_ros2/software_simulation/turtlebot3_ws/src/install/nav2_common/share/nav2_common/cmake
[1.681s] -- Installing: /home/khanh247/virtual_wall_ros2/software_simulation/turtlebot3_ws/src/install/nav2_common/share/nav2_common/cmake/nav2_package.cmake
[1.690s] Invoked command in '/home/khanh247/virtual_wall_ros2/software_simulation/turtlebot3_ws/src/build/nav2_common' returned '0': CMAKE_PREFIX_PATH=${CMAKE_PREFIX_PATH}:/home/khanh247/virtual_wall_ros2/software_simulation/turtlebot3_ws/install/turtlebot3_teleop:/home/khanh247/virtual_wall_ros2/software_simulation/turtlebot3_ws/install/turtlebot3_example:/home/khanh247/virtual_wall_ros2/software_simulation/turtlebot3_ws/install/nav2_simple_commander:/opt/ros/humble /usr/bin/cmake --install /home/khanh247/virtual_wall_ros2/software_simulation/turtlebot3_ws/src/build/nav2_common
