[0.023s] Invoking command in '/home/khanh247/software_simulation/turtlebot3_ws/build/nav_2d_utils': AMENT_PREFIX_PATH=/home/khanh247/software_simulation/turtlebot3_ws/install/nav2_util:/home/khanh247/software_simulation/turtlebot3_ws/install/nav2_msgs:/home/khanh247/software_simulation/turtlebot3_ws/install/nav_2d_msgs:/home/khanh247/software_simulation/turtlebot3_ws/install/nav2_common:${AMENT_PREFIX_PATH} CMAKE_PREFIX_PATH=/home/khanh247/software_simulation/turtlebot3_ws/install/nav2_util:/home/khanh247/software_simulation/turtlebot3_ws/install/nav2_msgs:/home/khanh247/software_simulation/turtlebot3_ws/install/nav_2d_msgs:/home/khanh247/software_simulation/turtlebot3_ws/install/nav2_common:/opt/ros/humble LD_LIBRARY_PATH=/home/khanh247/software_simulation/turtlebot3_ws/install/nav2_util/lib:/home/khanh247/software_simulation/turtlebot3_ws/install/nav2_msgs/lib:/home/khanh247/software_simulation/turtlebot3_ws/install/nav_2d_msgs/lib:/usr/lib/x86_64-linux-gnu/gazebo-11/plugins:/opt/ros/humble/opt/rviz_ogre_vendor/lib:/opt/ros/humble/lib/x86_64-linux-gnu:/opt/ros/humble/lib:/usr/lib/x86_64-linux-gnu/gazebo-11/plugins PYTHONPATH=/home/khanh247/software_simulation/turtlebot3_ws/install/nav2_msgs/local/lib/python3.10/dist-packages:/home/khanh247/software_simulation/turtlebot3_ws/install/nav_2d_msgs/local/lib/python3.10/dist-packages:/home/khanh247/software_simulation/turtlebot3_ws/install/nav2_common/local/lib/python3.10/dist-packages:${PYTHONPATH} /usr/bin/cmake --build /home/khanh247/software_simulation/turtlebot3_ws/build/nav_2d_utils -- -j16 -l16
[0.087s] [ 12%] Built target gtest_main
[0.090s] [ 25%] Built target gtest
[0.092s] [ 37%] Built target path_ops
[0.095s] [ 50%] Built target conversions
[0.134s] [ 62%] Built target path_ops_tests
[0.135s] [ 75%] Built target tf_help
[0.139s] [ 87%] Built target 2d_utils_tests
[0.181s] [100%] Built target tf_help_tests
[0.215s] Invoked command in '/home/khanh247/software_simulation/turtlebot3_ws/build/nav_2d_utils' returned '0': AMENT_PREFIX_PATH=/home/khanh247/software_simulation/turtlebot3_ws/install/nav2_util:/home/khanh247/software_simulation/turtlebot3_ws/install/nav2_msgs:/home/khanh247/software_simulation/turtlebot3_ws/install/nav_2d_msgs:/home/khanh247/software_simulation/turtlebot3_ws/install/nav2_common:${AMENT_PREFIX_PATH} CMAKE_PREFIX_PATH=/home/khanh247/software_simulation/turtlebot3_ws/install/nav2_util:/home/khanh247/software_simulation/turtlebot3_ws/install/nav2_msgs:/home/khanh247/software_simulation/turtlebot3_ws/install/nav_2d_msgs:/home/khanh247/software_simulation/turtlebot3_ws/install/nav2_common:/opt/ros/humble LD_LIBRARY_PATH=/home/khanh247/software_simulation/turtlebot3_ws/install/nav2_util/lib:/home/khanh247/software_simulation/turtlebot3_ws/install/nav2_msgs/lib:/home/khanh247/software_simulation/turtlebot3_ws/install/nav_2d_msgs/lib:/usr/lib/x86_64-linux-gnu/gazebo-11/plugins:/opt/ros/humble/opt/rviz_ogre_vendor/lib:/opt/ros/humble/lib/x86_64-linux-gnu:/opt/ros/humble/lib:/usr/lib/x86_64-linux-gnu/gazebo-11/plugins PYTHONPATH=/home/khanh247/software_simulation/turtlebot3_ws/install/nav2_msgs/local/lib/python3.10/dist-packages:/home/khanh247/software_simulation/turtlebot3_ws/install/nav_2d_msgs/local/lib/python3.10/dist-packages:/home/khanh247/software_simulation/turtlebot3_ws/install/nav2_common/local/lib/python3.10/dist-packages:${PYTHONPATH} /usr/bin/cmake --build /home/khanh247/software_simulation/turtlebot3_ws/build/nav_2d_utils -- -j16 -l16
[0.256s] Invoking command in '/home/khanh247/software_simulation/turtlebot3_ws/build/nav_2d_utils': AMENT_PREFIX_PATH=/home/khanh247/software_simulation/turtlebot3_ws/install/nav2_util:/home/khanh247/software_simulation/turtlebot3_ws/install/nav2_msgs:/home/khanh247/software_simulation/turtlebot3_ws/install/nav_2d_msgs:/home/khanh247/software_simulation/turtlebot3_ws/install/nav2_common:${AMENT_PREFIX_PATH} CMAKE_PREFIX_PATH=/home/khanh247/software_simulation/turtlebot3_ws/install/nav2_util:/home/khanh247/software_simulation/turtlebot3_ws/install/nav2_msgs:/home/khanh247/software_simulation/turtlebot3_ws/install/nav_2d_msgs:/home/khanh247/software_simulation/turtlebot3_ws/install/nav2_common:/opt/ros/humble LD_LIBRARY_PATH=/home/khanh247/software_simulation/turtlebot3_ws/install/nav2_util/lib:/home/khanh247/software_simulation/turtlebot3_ws/install/nav2_msgs/lib:/home/khanh247/software_simulation/turtlebot3_ws/install/nav_2d_msgs/lib:/usr/lib/x86_64-linux-gnu/gazebo-11/plugins:/opt/ros/humble/opt/rviz_ogre_vendor/lib:/opt/ros/humble/lib/x86_64-linux-gnu:/opt/ros/humble/lib:/usr/lib/x86_64-linux-gnu/gazebo-11/plugins PYTHONPATH=/home/khanh247/software_simulation/turtlebot3_ws/install/nav2_msgs/local/lib/python3.10/dist-packages:/home/khanh247/software_simulation/turtlebot3_ws/install/nav_2d_msgs/local/lib/python3.10/dist-packages:/home/khanh247/software_simulation/turtlebot3_ws/install/nav2_common/local/lib/python3.10/dist-packages:${PYTHONPATH} /usr/bin/cmake --install /home/khanh247/software_simulation/turtlebot3_ws/build/nav_2d_utils
[0.266s] -- Install configuration: "Release"
[0.267s] -- Up-to-date: /home/khanh247/software_simulation/turtlebot3_ws/install/nav_2d_utils/lib/libconversions.so
[0.267s] -- Up-to-date: /home/khanh247/software_simulation/turtlebot3_ws/install/nav_2d_utils/lib/libpath_ops.so
[0.267s] -- Up-to-date: /home/khanh247/software_simulation/turtlebot3_ws/install/nav_2d_utils/lib/libtf_help.so
[0.268s] -- Up-to-date: /home/khanh247/software_simulation/turtlebot3_ws/install/nav_2d_utils/include/
[0.268s] -- Up-to-date: /home/khanh247/software_simulation/turtlebot3_ws/install/nav_2d_utils/include//nav_2d_utils
[0.268s] -- Up-to-date: /home/khanh247/software_simulation/turtlebot3_ws/install/nav_2d_utils/include//nav_2d_utils/tf_help.hpp
[0.268s] -- Up-to-date: /home/khanh247/software_simulation/turtlebot3_ws/install/nav_2d_utils/include//nav_2d_utils/parameters.hpp
[0.268s] -- Up-to-date: /home/khanh247/software_simulation/turtlebot3_ws/install/nav_2d_utils/include//nav_2d_utils/path_ops.hpp
[0.268s] -- Up-to-date: /home/khanh247/software_simulation/turtlebot3_ws/install/nav_2d_utils/include//nav_2d_utils/conversions.hpp
[0.269s] -- Up-to-date: /home/khanh247/software_simulation/turtlebot3_ws/install/nav_2d_utils/include//nav_2d_utils/odom_subscriber.hpp
[0.269s] -- Up-to-date: /home/khanh247/software_simulation/turtlebot3_ws/install/nav_2d_utils/share/nav_2d_utils/environment/library_path.sh
[0.269s] -- Up-to-date: /home/khanh247/software_simulation/turtlebot3_ws/install/nav_2d_utils/share/nav_2d_utils/environment/library_path.dsv
[0.269s] -- Up-to-date: /home/khanh247/software_simulation/turtlebot3_ws/install/nav_2d_utils/share/ament_index/resource_index/package_run_dependencies/nav_2d_utils
[0.269s] -- Up-to-date: /home/khanh247/software_simulation/turtlebot3_ws/install/nav_2d_utils/share/ament_index/resource_index/parent_prefix_path/nav_2d_utils
[0.270s] -- Up-to-date: /home/khanh247/software_simulation/turtlebot3_ws/install/nav_2d_utils/share/nav_2d_utils/environment/ament_prefix_path.sh
[0.270s] -- Up-to-date: /home/khanh247/software_simulation/turtlebot3_ws/install/nav_2d_utils/share/nav_2d_utils/environment/ament_prefix_path.dsv
[0.271s] -- Up-to-date: /home/khanh247/software_simulation/turtlebot3_ws/install/nav_2d_utils/share/nav_2d_utils/environment/path.sh
[0.271s] -- Up-to-date: /home/khanh247/software_simulation/turtlebot3_ws/install/nav_2d_utils/share/nav_2d_utils/environment/path.dsv
[0.271s] -- Up-to-date: /home/khanh247/software_simulation/turtlebot3_ws/install/nav_2d_utils/share/nav_2d_utils/local_setup.bash
[0.271s] -- Up-to-date: /home/khanh247/software_simulation/turtlebot3_ws/install/nav_2d_utils/share/nav_2d_utils/local_setup.sh
[0.271s] -- Up-to-date: /home/khanh247/software_simulation/turtlebot3_ws/install/nav_2d_utils/share/nav_2d_utils/local_setup.zsh
[0.271s] -- Up-to-date: /home/khanh247/software_simulation/turtlebot3_ws/install/nav_2d_utils/share/nav_2d_utils/local_setup.dsv
[0.271s] -- Installing: /home/khanh247/software_simulation/turtlebot3_ws/install/nav_2d_utils/share/nav_2d_utils/package.dsv
[0.271s] -- Up-to-date: /home/khanh247/software_simulation/turtlebot3_ws/install/nav_2d_utils/share/ament_index/resource_index/packages/nav_2d_utils
[0.271s] -- Up-to-date: /home/khanh247/software_simulation/turtlebot3_ws/install/nav_2d_utils/share/nav_2d_utils/cmake/ament_cmake_export_include_directories-extras.cmake
[0.272s] -- Up-to-date: /home/khanh247/software_simulation/turtlebot3_ws/install/nav_2d_utils/share/nav_2d_utils/cmake/ament_cmake_export_libraries-extras.cmake
[0.272s] -- Up-to-date: /home/khanh247/software_simulation/turtlebot3_ws/install/nav_2d_utils/share/nav_2d_utils/cmake/ament_cmake_export_dependencies-extras.cmake
[0.272s] -- Up-to-date: /home/khanh247/software_simulation/turtlebot3_ws/install/nav_2d_utils/share/nav_2d_utils/cmake/nav_2d_utilsConfig.cmake
[0.272s] -- Up-to-date: /home/khanh247/software_simulation/turtlebot3_ws/install/nav_2d_utils/share/nav_2d_utils/cmake/nav_2d_utilsConfig-version.cmake
[0.272s] -- Up-to-date: /home/khanh247/software_simulation/turtlebot3_ws/install/nav_2d_utils/share/nav_2d_utils/package.xml
[0.306s] Invoked command in '/home/khanh247/software_simulation/turtlebot3_ws/build/nav_2d_utils' returned '0': AMENT_PREFIX_PATH=/home/khanh247/software_simulation/turtlebot3_ws/install/nav2_util:/home/khanh247/software_simulation/turtlebot3_ws/install/nav2_msgs:/home/khanh247/software_simulation/turtlebot3_ws/install/nav_2d_msgs:/home/khanh247/software_simulation/turtlebot3_ws/install/nav2_common:${AMENT_PREFIX_PATH} CMAKE_PREFIX_PATH=/home/khanh247/software_simulation/turtlebot3_ws/install/nav2_util:/home/khanh247/software_simulation/turtlebot3_ws/install/nav2_msgs:/home/khanh247/software_simulation/turtlebot3_ws/install/nav_2d_msgs:/home/khanh247/software_simulation/turtlebot3_ws/install/nav2_common:/opt/ros/humble LD_LIBRARY_PATH=/home/khanh247/software_simulation/turtlebot3_ws/install/nav2_util/lib:/home/khanh247/software_simulation/turtlebot3_ws/install/nav2_msgs/lib:/home/khanh247/software_simulation/turtlebot3_ws/install/nav_2d_msgs/lib:/usr/lib/x86_64-linux-gnu/gazebo-11/plugins:/opt/ros/humble/opt/rviz_ogre_vendor/lib:/opt/ros/humble/lib/x86_64-linux-gnu:/opt/ros/humble/lib:/usr/lib/x86_64-linux-gnu/gazebo-11/plugins PYTHONPATH=/home/khanh247/software_simulation/turtlebot3_ws/install/nav2_msgs/local/lib/python3.10/dist-packages:/home/khanh247/software_simulation/turtlebot3_ws/install/nav_2d_msgs/local/lib/python3.10/dist-packages:/home/khanh247/software_simulation/turtlebot3_ws/install/nav2_common/local/lib/python3.10/dist-packages:${PYTHONPATH} /usr/bin/cmake --install /home/khanh247/software_simulation/turtlebot3_ws/build/nav_2d_utils
