[0.000000] (-) TimerEvent: {}
[0.000086] (-) JobUnselected: {'identifier': 'costmap_queue'}
[0.000107] (-) JobUnselected: {'identifier': 'dwb_core'}
[0.000122] (-) JobUnselected: {'identifier': 'dwb_critics'}
[0.000139] (-) JobUnselected: {'identifier': 'dwb_msgs'}
[0.000153] (-) JobUnselected: {'identifier': 'dwb_plugins'}
[0.000167] (-) JobUnselected: {'identifier': 'dynamixel_sdk'}
[0.000181] (-) JobUnselected: {'identifier': 'dynamixel_sdk_custom_interfaces'}
[0.000194] (-) JobUnselected: {'identifier': 'dynamixel_sdk_examples'}
[0.000208] (-) JobUnselected: {'identifier': 'nav2_amcl'}
[0.000221] (-) JobUnselected: {'identifier': 'nav2_behavior_tree'}
[0.000234] (-) JobUnselected: {'identifier': 'nav2_behaviors'}
[0.000248] (-) JobUnselected: {'identifier': 'nav2_bringup'}
[0.000261] (-) JobUnselected: {'identifier': 'nav2_bt_navigator'}
[0.000274] (-) JobUnselected: {'identifier': 'nav2_collision_monitor'}
[0.000287] (-) JobUnselected: {'identifier': 'nav2_common'}
[0.000301] (-) JobUnselected: {'identifier': 'nav2_constrained_smoother'}
[0.000314] (-) JobUnselected: {'identifier': 'nav2_controller'}
[0.000326] (-) JobUnselected: {'identifier': 'nav2_core'}
[0.000339] (-) JobUnselected: {'identifier': 'nav2_costmap_2d'}
[0.000352] (-) JobUnselected: {'identifier': 'nav2_dwb_controller'}
[0.000366] (-) JobUnselected: {'identifier': 'nav2_graceful_controller'}
[0.000379] (-) JobUnselected: {'identifier': 'nav2_lifecycle_manager'}
[0.000391] (-) JobUnselected: {'identifier': 'nav2_map_server'}
[0.000404] (-) JobUnselected: {'identifier': 'nav2_mppi_controller'}
[0.000417] (-) JobUnselected: {'identifier': 'nav2_msgs'}
[0.000430] (-) JobUnselected: {'identifier': 'nav2_navfn_planner'}
[0.000443] (-) JobUnselected: {'identifier': 'nav2_planner'}
[0.000455] (-) JobUnselected: {'identifier': 'nav2_regulated_pure_pursuit_controller'}
[0.000469] (-) JobUnselected: {'identifier': 'nav2_rotation_shim_controller'}
[0.000481] (-) JobUnselected: {'identifier': 'nav2_rviz_plugins'}
[0.000494] (-) JobUnselected: {'identifier': 'nav2_simple_commander'}
[0.000507] (-) JobUnselected: {'identifier': 'nav2_smac_planner'}
[0.000520] (-) JobUnselected: {'identifier': 'nav2_smoother'}
[0.000532] (-) JobUnselected: {'identifier': 'nav2_system_tests'}
[0.000545] (-) JobUnselected: {'identifier': 'nav2_theta_star_planner'}
[0.000557] (-) JobUnselected: {'identifier': 'nav2_util'}
[0.000570] (-) JobUnselected: {'identifier': 'nav2_velocity_smoother'}
[0.000583] (-) JobUnselected: {'identifier': 'nav2_voxel_grid'}
[0.000596] (-) JobUnselected: {'identifier': 'nav2_waypoint_follower'}
[0.000608] (-) JobUnselected: {'identifier': 'nav_2d_msgs'}
[0.000621] (-) JobUnselected: {'identifier': 'nav_2d_utils'}
[0.000635] (-) JobUnselected: {'identifier': 'navigation2'}
[0.000648] (-) JobUnselected: {'identifier': 'plu_virtual_wall'}
[0.000660] (-) JobUnselected: {'identifier': 'turtlebot3'}
[0.000673] (-) JobUnselected: {'identifier': 'turtlebot3_bringup'}
[0.000687] (-) JobUnselected: {'identifier': 'turtlebot3_cartographer'}
[0.000699] (-) JobUnselected: {'identifier': 'turtlebot3_description'}
[0.000712] (-) JobUnselected: {'identifier': 'turtlebot3_example'}
[0.000725] (-) JobUnselected: {'identifier': 'turtlebot3_fake_node'}
[0.000738] (-) JobUnselected: {'identifier': 'turtlebot3_gazebo'}
[0.000751] (-) JobUnselected: {'identifier': 'turtlebot3_msgs'}
[0.000763] (-) JobUnselected: {'identifier': 'turtlebot3_navigation2'}
[0.000776] (-) JobUnselected: {'identifier': 'turtlebot3_node'}
[0.000789] (-) JobUnselected: {'identifier': 'turtlebot3_simulations'}
[0.000802] (-) JobUnselected: {'identifier': 'turtlebot3_teleop'}
[0.000814] (-) JobUnselected: {'identifier': 'tutorial_interfaces'}
[0.000828] (-) EventReactorShutdown: {}
