[0.178s] Invoking command in '/home/khanh247/software_simulation/turtlebot3_ws/build/nav2_mppi_controller': AMENT_PREFIX_PATH=/home/khanh247/software_simulation/turtlebot3_ws/install/nav2_core:/home/khanh247/software_simulation/turtlebot3_ws/install/nav2_costmap_2d:/home/khanh247/software_simulation/turtlebot3_ws/install/nav2_map_server:/home/khanh247/software_simulation/turtlebot3_ws/install/nav2_lifecycle_manager:/home/khanh247/software_simulation/turtlebot3_ws/install/nav2_util:/home/khanh247/software_simulation/turtlebot3_ws/install/nav2_voxel_grid:/home/khanh247/software_simulation/turtlebot3_ws/install/nav2_msgs:/home/khanh247/software_simulation/turtlebot3_ws/install/nav2_common:${AMENT_PREFIX_PATH} CMAKE_PREFIX_PATH=/home/khanh247/software_simulation/turtlebot3_ws/install/nav2_core:/home/khanh247/software_simulation/turtlebot3_ws/install/nav2_costmap_2d:/home/khanh247/software_simulation/turtlebot3_ws/install/nav2_map_server:/home/khanh247/software_simulation/turtlebot3_ws/install/nav2_lifecycle_manager:/home/khanh247/software_simulation/turtlebot3_ws/install/nav2_util:/home/khanh247/software_simulation/turtlebot3_ws/install/nav2_voxel_grid:/home/khanh247/software_simulation/turtlebot3_ws/install/nav2_msgs:/home/khanh247/software_simulation/turtlebot3_ws/install/nav2_common:/opt/ros/humble LD_LIBRARY_PATH=/home/khanh247/software_simulation/turtlebot3_ws/install/nav2_costmap_2d/lib:/home/khanh247/software_simulation/turtlebot3_ws/install/nav2_map_server/lib:/home/khanh247/software_simulation/turtlebot3_ws/install/nav2_lifecycle_manager/lib:/home/khanh247/software_simulation/turtlebot3_ws/install/nav2_util/lib:/home/khanh247/software_simulation/turtlebot3_ws/install/nav2_voxel_grid/lib:/home/khanh247/software_simulation/turtlebot3_ws/install/nav2_msgs/lib:${LD_LIBRARY_PATH} PYTHONPATH=/home/khanh247/software_simulation/turtlebot3_ws/install/nav2_msgs/local/lib/python3.10/dist-packages:/home/khanh247/software_simulation/turtlebot3_ws/install/nav2_common/local/lib/python3.10/dist-packages:${PYTHONPATH} /usr/bin/cmake --build /home/khanh247/software_simulation/turtlebot3_ws/build/nav2_mppi_controller -- -j16 -l16
[3.754s] [  4%] Built target gtest
[3.754s] [  8%] Built target gtest_main
[3.754s] [ 10%] [32m[1mLinking CXX shared library libmppi_controller.so[0m
[3.754s] [ 12%] [32m[1mLinking CXX shared library libmppi_critics.so[0m
[4.915s] [ 26%] Built target mppi_controller
[5.110s] [ 28%] [32m[1mLinking CXX executable optimizer_smoke_test[0m
[5.127s] [ 30%] [32m[1mLinking CXX executable controller_state_transition_test[0m
[5.267s] [ 34%] [32m[1mLinking CXX executable parameter_handler_test[0m
[5.267s] [ 34%] [32m[1mLinking CXX executable models_test[0m
[5.274s] [ 36%] [32m[1mLinking CXX executable noise_generator_test[0m
[5.282s] [ 38%] [32m[1mLinking CXX executable motion_model_tests[0m
[5.371s] [ 40%] [32m[1mLinking CXX executable trajectory_visualizer_tests[0m
[5.408s] [ 42%] [32m[1mLinking CXX executable path_handler_test[0m
[5.432s] [ 44%] [32m[1mLinking CXX executable utils_test[0m
[5.513s] [ 46%] [32m[1mLinking CXX executable critic_manager_test[0m
[5.610s] [ 48%] [32m[1mLinking CXX executable optimizer_unit_tests[0m
[6.233s] [ 73%] Built target mppi_critics
[6.425s] [ 75%] [32m[1mLinking CXX executable critics_tests[0m
[7.135s] [ 77%] Built target models_test
[8.108s] [ 79%] Built target parameter_handler_test
[8.967s] [ 81%] Built target noise_generator_test
[9.009s] [ 83%] Built target motion_model_tests
[9.054s] [ 85%] Built target critic_manager_test
[9.501s] [ 87%] Built target trajectory_visualizer_tests
[9.572s] [ 89%] Built target controller_state_transition_test
[9.596s] [ 91%] Built target utils_test
[9.893s] [ 93%] Built target critics_tests
[10.159s] [ 95%] Built target optimizer_unit_tests
[10.174s] [ 97%] Built target optimizer_smoke_test
[10.256s] [100%] Built target path_handler_test
[10.298s] Invoked command in '/home/khanh247/software_simulation/turtlebot3_ws/build/nav2_mppi_controller' returned '0': AMENT_PREFIX_PATH=/home/khanh247/software_simulation/turtlebot3_ws/install/nav2_core:/home/khanh247/software_simulation/turtlebot3_ws/install/nav2_costmap_2d:/home/khanh247/software_simulation/turtlebot3_ws/install/nav2_map_server:/home/khanh247/software_simulation/turtlebot3_ws/install/nav2_lifecycle_manager:/home/khanh247/software_simulation/turtlebot3_ws/install/nav2_util:/home/khanh247/software_simulation/turtlebot3_ws/install/nav2_voxel_grid:/home/khanh247/software_simulation/turtlebot3_ws/install/nav2_msgs:/home/khanh247/software_simulation/turtlebot3_ws/install/nav2_common:${AMENT_PREFIX_PATH} CMAKE_PREFIX_PATH=/home/khanh247/software_simulation/turtlebot3_ws/install/nav2_core:/home/khanh247/software_simulation/turtlebot3_ws/install/nav2_costmap_2d:/home/khanh247/software_simulation/turtlebot3_ws/install/nav2_map_server:/home/khanh247/software_simulation/turtlebot3_ws/install/nav2_lifecycle_manager:/home/khanh247/software_simulation/turtlebot3_ws/install/nav2_util:/home/khanh247/software_simulation/turtlebot3_ws/install/nav2_voxel_grid:/home/khanh247/software_simulation/turtlebot3_ws/install/nav2_msgs:/home/khanh247/software_simulation/turtlebot3_ws/install/nav2_common:/opt/ros/humble LD_LIBRARY_PATH=/home/khanh247/software_simulation/turtlebot3_ws/install/nav2_costmap_2d/lib:/home/khanh247/software_simulation/turtlebot3_ws/install/nav2_map_server/lib:/home/khanh247/software_simulation/turtlebot3_ws/install/nav2_lifecycle_manager/lib:/home/khanh247/software_simulation/turtlebot3_ws/install/nav2_util/lib:/home/khanh247/software_simulation/turtlebot3_ws/install/nav2_voxel_grid/lib:/home/khanh247/software_simulation/turtlebot3_ws/install/nav2_msgs/lib:${LD_LIBRARY_PATH} PYTHONPATH=/home/khanh247/software_simulation/turtlebot3_ws/install/nav2_msgs/local/lib/python3.10/dist-packages:/home/khanh247/software_simulation/turtlebot3_ws/install/nav2_common/local/lib/python3.10/dist-packages:${PYTHONPATH} /usr/bin/cmake --build /home/khanh247/software_simulation/turtlebot3_ws/build/nav2_mppi_controller -- -j16 -l16
[11.051s] Invoking command in '/home/khanh247/software_simulation/turtlebot3_ws/build/nav2_mppi_controller': AMENT_PREFIX_PATH=/home/khanh247/software_simulation/turtlebot3_ws/install/nav2_core:/home/khanh247/software_simulation/turtlebot3_ws/install/nav2_costmap_2d:/home/khanh247/software_simulation/turtlebot3_ws/install/nav2_map_server:/home/khanh247/software_simulation/turtlebot3_ws/install/nav2_lifecycle_manager:/home/khanh247/software_simulation/turtlebot3_ws/install/nav2_util:/home/khanh247/software_simulation/turtlebot3_ws/install/nav2_voxel_grid:/home/khanh247/software_simulation/turtlebot3_ws/install/nav2_msgs:/home/khanh247/software_simulation/turtlebot3_ws/install/nav2_common:${AMENT_PREFIX_PATH} CMAKE_PREFIX_PATH=/home/khanh247/software_simulation/turtlebot3_ws/install/nav2_core:/home/khanh247/software_simulation/turtlebot3_ws/install/nav2_costmap_2d:/home/khanh247/software_simulation/turtlebot3_ws/install/nav2_map_server:/home/khanh247/software_simulation/turtlebot3_ws/install/nav2_lifecycle_manager:/home/khanh247/software_simulation/turtlebot3_ws/install/nav2_util:/home/khanh247/software_simulation/turtlebot3_ws/install/nav2_voxel_grid:/home/khanh247/software_simulation/turtlebot3_ws/install/nav2_msgs:/home/khanh247/software_simulation/turtlebot3_ws/install/nav2_common:/opt/ros/humble LD_LIBRARY_PATH=/home/khanh247/software_simulation/turtlebot3_ws/install/nav2_costmap_2d/lib:/home/khanh247/software_simulation/turtlebot3_ws/install/nav2_map_server/lib:/home/khanh247/software_simulation/turtlebot3_ws/install/nav2_lifecycle_manager/lib:/home/khanh247/software_simulation/turtlebot3_ws/install/nav2_util/lib:/home/khanh247/software_simulation/turtlebot3_ws/install/nav2_voxel_grid/lib:/home/khanh247/software_simulation/turtlebot3_ws/install/nav2_msgs/lib:${LD_LIBRARY_PATH} PYTHONPATH=/home/khanh247/software_simulation/turtlebot3_ws/install/nav2_msgs/local/lib/python3.10/dist-packages:/home/khanh247/software_simulation/turtlebot3_ws/install/nav2_common/local/lib/python3.10/dist-packages:${PYTHONPATH} /usr/bin/cmake --install /home/khanh247/software_simulation/turtlebot3_ws/build/nav2_mppi_controller
[11.072s] -- Install configuration: "Release"
[11.072s] -- Installing: /home/khanh247/software_simulation/turtlebot3_ws/install/nav2_mppi_controller/lib/libmppi_controller.so
[11.074s] -- Set runtime path of "/home/khanh247/software_simulation/turtlebot3_ws/install/nav2_mppi_controller/lib/libmppi_controller.so" to ""
[11.074s] -- Installing: /home/khanh247/software_simulation/turtlebot3_ws/install/nav2_mppi_controller/lib/libmppi_critics.so
[11.079s] -- Set runtime path of "/home/khanh247/software_simulation/turtlebot3_ws/install/nav2_mppi_controller/lib/libmppi_critics.so" to ""
[11.081s] -- Up-to-date: /home/khanh247/software_simulation/turtlebot3_ws/install/nav2_mppi_controller/include/
[11.081s] -- Up-to-date: /home/khanh247/software_simulation/turtlebot3_ws/install/nav2_mppi_controller/include//nav2_mppi_controller
[11.081s] -- Up-to-date: /home/khanh247/software_simulation/turtlebot3_ws/install/nav2_mppi_controller/include//nav2_mppi_controller/models
[11.081s] -- Up-to-date: /home/khanh247/software_simulation/turtlebot3_ws/install/nav2_mppi_controller/include//nav2_mppi_controller/models/constraints.hpp
[11.081s] -- Up-to-date: /home/khanh247/software_simulation/turtlebot3_ws/install/nav2_mppi_controller/include//nav2_mppi_controller/models/state.hpp
[11.081s] -- Up-to-date: /home/khanh247/software_simulation/turtlebot3_ws/install/nav2_mppi_controller/include//nav2_mppi_controller/models/control_sequence.hpp
[11.081s] -- Up-to-date: /home/khanh247/software_simulation/turtlebot3_ws/install/nav2_mppi_controller/include//nav2_mppi_controller/models/path.hpp
[11.081s] -- Up-to-date: /home/khanh247/software_simulation/turtlebot3_ws/install/nav2_mppi_controller/include//nav2_mppi_controller/models/optimizer_settings.hpp
[11.081s] -- Up-to-date: /home/khanh247/software_simulation/turtlebot3_ws/install/nav2_mppi_controller/include//nav2_mppi_controller/models/trajectories.hpp
[11.082s] -- Up-to-date: /home/khanh247/software_simulation/turtlebot3_ws/install/nav2_mppi_controller/include//nav2_mppi_controller/tools
[11.082s] -- Up-to-date: /home/khanh247/software_simulation/turtlebot3_ws/install/nav2_mppi_controller/include//nav2_mppi_controller/tools/trajectory_visualizer.hpp
[11.082s] -- Up-to-date: /home/khanh247/software_simulation/turtlebot3_ws/install/nav2_mppi_controller/include//nav2_mppi_controller/tools/parameters_handler.hpp
[11.082s] -- Up-to-date: /home/khanh247/software_simulation/turtlebot3_ws/install/nav2_mppi_controller/include//nav2_mppi_controller/tools/noise_generator.hpp
[11.082s] -- Up-to-date: /home/khanh247/software_simulation/turtlebot3_ws/install/nav2_mppi_controller/include//nav2_mppi_controller/tools/utils.hpp
[11.082s] -- Up-to-date: /home/khanh247/software_simulation/turtlebot3_ws/install/nav2_mppi_controller/include//nav2_mppi_controller/tools/path_handler.hpp
[11.082s] -- Up-to-date: /home/khanh247/software_simulation/turtlebot3_ws/install/nav2_mppi_controller/include//nav2_mppi_controller/critic_manager.hpp
[11.082s] -- Up-to-date: /home/khanh247/software_simulation/turtlebot3_ws/install/nav2_mppi_controller/include//nav2_mppi_controller/critic_function.hpp
[11.082s] -- Up-to-date: /home/khanh247/software_simulation/turtlebot3_ws/install/nav2_mppi_controller/include//nav2_mppi_controller/critic_data.hpp
[11.082s] -- Up-to-date: /home/khanh247/software_simulation/turtlebot3_ws/install/nav2_mppi_controller/include//nav2_mppi_controller/motion_models.hpp
[11.082s] -- Up-to-date: /home/khanh247/software_simulation/turtlebot3_ws/install/nav2_mppi_controller/include//nav2_mppi_controller/optimizer.hpp
[11.082s] -- Up-to-date: /home/khanh247/software_simulation/turtlebot3_ws/install/nav2_mppi_controller/include//nav2_mppi_controller/critics
[11.083s] -- Up-to-date: /home/khanh247/software_simulation/turtlebot3_ws/install/nav2_mppi_controller/include//nav2_mppi_controller/critics/path_align_critic.hpp
[11.083s] -- Up-to-date: /home/khanh247/software_simulation/turtlebot3_ws/install/nav2_mppi_controller/include//nav2_mppi_controller/critics/cost_critic.hpp
[11.083s] -- Up-to-date: /home/khanh247/software_simulation/turtlebot3_ws/install/nav2_mppi_controller/include//nav2_mppi_controller/critics/constraint_critic.hpp
[11.083s] -- Up-to-date: /home/khanh247/software_simulation/turtlebot3_ws/install/nav2_mppi_controller/include//nav2_mppi_controller/critics/path_align_legacy_critic.hpp
[11.083s] -- Up-to-date: /home/khanh247/software_simulation/turtlebot3_ws/install/nav2_mppi_controller/include//nav2_mppi_controller/critics/goal_critic.hpp
[11.083s] -- Up-to-date: /home/khanh247/software_simulation/turtlebot3_ws/install/nav2_mppi_controller/include//nav2_mppi_controller/critics/velocity_deadband_critic.hpp
[11.083s] -- Up-to-date: /home/khanh247/software_simulation/turtlebot3_ws/install/nav2_mppi_controller/include//nav2_mppi_controller/critics/goal_angle_critic.hpp
[11.083s] -- Up-to-date: /home/khanh247/software_simulation/turtlebot3_ws/install/nav2_mppi_controller/include//nav2_mppi_controller/critics/path_follow_critic.hpp
[11.083s] -- Up-to-date: /home/khanh247/software_simulation/turtlebot3_ws/install/nav2_mppi_controller/include//nav2_mppi_controller/critics/obstacles_critic.hpp
[11.083s] -- Up-to-date: /home/khanh247/software_simulation/turtlebot3_ws/install/nav2_mppi_controller/include//nav2_mppi_controller/critics/path_angle_critic.hpp
[11.083s] -- Up-to-date: /home/khanh247/software_simulation/turtlebot3_ws/install/nav2_mppi_controller/include//nav2_mppi_controller/critics/prefer_forward_critic.hpp
[11.083s] -- Up-to-date: /home/khanh247/software_simulation/turtlebot3_ws/install/nav2_mppi_controller/include//nav2_mppi_controller/critics/twirling_critic.hpp
[11.084s] -- Up-to-date: /home/khanh247/software_simulation/turtlebot3_ws/install/nav2_mppi_controller/include//nav2_mppi_controller/controller.hpp
[11.084s] -- Up-to-date: /home/khanh247/software_simulation/turtlebot3_ws/install/nav2_mppi_controller/share/nav2_mppi_controller/environment/library_path.sh
[11.084s] -- Up-to-date: /home/khanh247/software_simulation/turtlebot3_ws/install/nav2_mppi_controller/share/nav2_mppi_controller/environment/library_path.dsv
[11.084s] -- Up-to-date: /home/khanh247/software_simulation/turtlebot3_ws/install/nav2_mppi_controller/share/nav2_mppi_controller/mppic.xml
[11.084s] -- Up-to-date: /home/khanh247/software_simulation/turtlebot3_ws/install/nav2_mppi_controller/share/nav2_mppi_controller/critics.xml
[11.084s] -- Up-to-date: /home/khanh247/software_simulation/turtlebot3_ws/install/nav2_mppi_controller/share/ament_index/resource_index/package_run_dependencies/nav2_mppi_controller
[11.084s] -- Up-to-date: /home/khanh247/software_simulation/turtlebot3_ws/install/nav2_mppi_controller/share/ament_index/resource_index/parent_prefix_path/nav2_mppi_controller
[11.084s] -- Up-to-date: /home/khanh247/software_simulation/turtlebot3_ws/install/nav2_mppi_controller/share/nav2_mppi_controller/environment/ament_prefix_path.sh
[11.084s] -- Up-to-date: /home/khanh247/software_simulation/turtlebot3_ws/install/nav2_mppi_controller/share/nav2_mppi_controller/environment/ament_prefix_path.dsv
[11.085s] -- Up-to-date: /home/khanh247/software_simulation/turtlebot3_ws/install/nav2_mppi_controller/share/nav2_mppi_controller/environment/path.sh
[11.085s] -- Up-to-date: /home/khanh247/software_simulation/turtlebot3_ws/install/nav2_mppi_controller/share/nav2_mppi_controller/environment/path.dsv
[11.085s] -- Up-to-date: /home/khanh247/software_simulation/turtlebot3_ws/install/nav2_mppi_controller/share/nav2_mppi_controller/local_setup.bash
[11.085s] -- Up-to-date: /home/khanh247/software_simulation/turtlebot3_ws/install/nav2_mppi_controller/share/nav2_mppi_controller/local_setup.sh
[11.085s] -- Up-to-date: /home/khanh247/software_simulation/turtlebot3_ws/install/nav2_mppi_controller/share/nav2_mppi_controller/local_setup.zsh
[11.085s] -- Up-to-date: /home/khanh247/software_simulation/turtlebot3_ws/install/nav2_mppi_controller/share/nav2_mppi_controller/local_setup.dsv
[11.085s] -- Installing: /home/khanh247/software_simulation/turtlebot3_ws/install/nav2_mppi_controller/share/nav2_mppi_controller/package.dsv
[11.085s] -- Up-to-date: /home/khanh247/software_simulation/turtlebot3_ws/install/nav2_mppi_controller/share/ament_index/resource_index/packages/nav2_mppi_controller
[11.085s] -- Up-to-date: /home/khanh247/software_simulation/turtlebot3_ws/install/nav2_mppi_controller/share/ament_index/resource_index/nav2_core__pluginlib__plugin/nav2_mppi_controller
[11.085s] -- Up-to-date: /home/khanh247/software_simulation/turtlebot3_ws/install/nav2_mppi_controller/share/ament_index/resource_index/nav2_mppi_controller__pluginlib__plugin/nav2_mppi_controller
[11.085s] -- Up-to-date: /home/khanh247/software_simulation/turtlebot3_ws/install/nav2_mppi_controller/share/nav2_mppi_controller/cmake/ament_cmake_export_libraries-extras.cmake
[11.086s] -- Up-to-date: /home/khanh247/software_simulation/turtlebot3_ws/install/nav2_mppi_controller/share/nav2_mppi_controller/cmake/ament_cmake_export_dependencies-extras.cmake
[11.086s] -- Up-to-date: /home/khanh247/software_simulation/turtlebot3_ws/install/nav2_mppi_controller/share/nav2_mppi_controller/cmake/ament_cmake_export_include_directories-extras.cmake
[11.086s] -- Up-to-date: /home/khanh247/software_simulation/turtlebot3_ws/install/nav2_mppi_controller/share/nav2_mppi_controller/cmake/nav2_mppi_controllerConfig.cmake
[11.086s] -- Up-to-date: /home/khanh247/software_simulation/turtlebot3_ws/install/nav2_mppi_controller/share/nav2_mppi_controller/cmake/nav2_mppi_controllerConfig-version.cmake
[11.086s] -- Up-to-date: /home/khanh247/software_simulation/turtlebot3_ws/install/nav2_mppi_controller/share/nav2_mppi_controller/package.xml
[11.322s] Invoked command in '/home/khanh247/software_simulation/turtlebot3_ws/build/nav2_mppi_controller' returned '0': AMENT_PREFIX_PATH=/home/khanh247/software_simulation/turtlebot3_ws/install/nav2_core:/home/khanh247/software_simulation/turtlebot3_ws/install/nav2_costmap_2d:/home/khanh247/software_simulation/turtlebot3_ws/install/nav2_map_server:/home/khanh247/software_simulation/turtlebot3_ws/install/nav2_lifecycle_manager:/home/khanh247/software_simulation/turtlebot3_ws/install/nav2_util:/home/khanh247/software_simulation/turtlebot3_ws/install/nav2_voxel_grid:/home/khanh247/software_simulation/turtlebot3_ws/install/nav2_msgs:/home/khanh247/software_simulation/turtlebot3_ws/install/nav2_common:${AMENT_PREFIX_PATH} CMAKE_PREFIX_PATH=/home/khanh247/software_simulation/turtlebot3_ws/install/nav2_core:/home/khanh247/software_simulation/turtlebot3_ws/install/nav2_costmap_2d:/home/khanh247/software_simulation/turtlebot3_ws/install/nav2_map_server:/home/khanh247/software_simulation/turtlebot3_ws/install/nav2_lifecycle_manager:/home/khanh247/software_simulation/turtlebot3_ws/install/nav2_util:/home/khanh247/software_simulation/turtlebot3_ws/install/nav2_voxel_grid:/home/khanh247/software_simulation/turtlebot3_ws/install/nav2_msgs:/home/khanh247/software_simulation/turtlebot3_ws/install/nav2_common:/opt/ros/humble LD_LIBRARY_PATH=/home/khanh247/software_simulation/turtlebot3_ws/install/nav2_costmap_2d/lib:/home/khanh247/software_simulation/turtlebot3_ws/install/nav2_map_server/lib:/home/khanh247/software_simulation/turtlebot3_ws/install/nav2_lifecycle_manager/lib:/home/khanh247/software_simulation/turtlebot3_ws/install/nav2_util/lib:/home/khanh247/software_simulation/turtlebot3_ws/install/nav2_voxel_grid/lib:/home/khanh247/software_simulation/turtlebot3_ws/install/nav2_msgs/lib:${LD_LIBRARY_PATH} PYTHONPATH=/home/khanh247/software_simulation/turtlebot3_ws/install/nav2_msgs/local/lib/python3.10/dist-packages:/home/khanh247/software_simulation/turtlebot3_ws/install/nav2_common/local/lib/python3.10/dist-packages:${PYTHONPATH} /usr/bin/cmake --install /home/khanh247/software_simulation/turtlebot3_ws/build/nav2_mppi_controller
