[01m[K/home/khanh247/software_simulation/turtlebot3_ws/src/plu_virtual_wall/src/virtual_wall_layer.cpp:[m[K In member function ‘[01m[Kvirtual void virtual_wall_ros2::VirtualWallLayer::onInitialize()[m[K’:
[01m[K/home/khanh247/software_simulation/turtlebot3_ws/src/plu_virtual_wall/src/virtual_wall_layer.cpp:26:60:[m[K [01;31m[Kerror: [m[Kno matching function for call to ‘[01m[Kdynamic_pointer_cast<rclcpp::Node>(rclcpp_lifecycle::LifecycleNode::WeakPtr&)[m[K’
   26 |         auto node = [01;31m[Kstd::dynamic_pointer_cast<rclcpp::Node>(node_)[m[K;
      |                     [01;31m[K~~~~~~~~~~~~~~~~~~~~~~~~~~~~~~~~~~~~~~~^~~~~~~[m[K
In file included from [01m[K/usr/include/c++/11/bits/shared_ptr.h:53[m[K,
                 from [01m[K/usr/include/c++/11/condition_variable:43[m[K,
                 from [01m[K/usr/include/c++/11/future:39[m[K,
                 from [01m[K/opt/ros/humble/include/tf2_ros/tf2_ros/buffer.h:35[m[K,
                 from [01m[K/home/khanh247/software_simulation/turtlebot3_ws/install/nav2_costmap_2d/include/nav2_costmap_2d/nav2_costmap_2d/layer.hpp:44[m[K,
                 from [01m[K/home/khanh247/software_simulation/turtlebot3_ws/src/plu_virtual_wall/include/plu_virtual_wall/virtual_wall_layer.hpp:4[m[K,
                 from [01m[K/home/khanh247/software_simulation/turtlebot3_ws/src/plu_virtual_wall/src/virtual_wall_layer.cpp:1[m[K:
[01m[K/usr/include/c++/11/bits/shared_ptr_base.h:1572:5:[m[K [01;36m[Knote: [m[Kcandidate: ‘[01m[Ktemplate<class _Tp, class _Tp1, __gnu_cxx::_Lock_policy _Lp> std::__shared_ptr<_Tp1, _Lp> std::dynamic_pointer_cast(const std::__shared_ptr<_Tp2, _Lp>&)[m[K’
 1572 |     [01;36m[Kdynamic_pointer_cast[m[K(const __shared_ptr<_Tp1, _Lp>& __r) noexcept
      |     [01;36m[K^~~~~~~~~~~~~~~~~~~~[m[K
[01m[K/usr/include/c++/11/bits/shared_ptr_base.h:1572:5:[m[K [01;36m[Knote: [m[K  template argument deduction/substitution failed:
[01m[K/home/khanh247/software_simulation/turtlebot3_ws/src/plu_virtual_wall/src/virtual_wall_layer.cpp:26:60:[m[K [01;36m[Knote: [m[K  ‘[01m[Krclcpp_lifecycle::LifecycleNode::WeakPtr[m[K’ {aka ‘[01m[Kstd::weak_ptr<rclcpp_lifecycle::LifecycleNode>[m[K’} is not derived from ‘[01m[Kconst std::__shared_ptr<_Tp2, _Lp>[m[K’
   26 |         auto node = [01;36m[Kstd::dynamic_pointer_cast<rclcpp::Node>(node_)[m[K;
      |                     [01;36m[K~~~~~~~~~~~~~~~~~~~~~~~~~~~~~~~~~~~~~~~^~~~~~~[m[K
In file included from [01m[K/usr/include/c++/11/condition_variable:43[m[K,
                 from [01m[K/usr/include/c++/11/future:39[m[K,
                 from [01m[K/opt/ros/humble/include/tf2_ros/tf2_ros/buffer.h:35[m[K,
                 from [01m[K/home/khanh247/software_simulation/turtlebot3_ws/install/nav2_costmap_2d/include/nav2_costmap_2d/nav2_costmap_2d/layer.hpp:44[m[K,
                 from [01m[K/home/khanh247/software_simulation/turtlebot3_ws/src/plu_virtual_wall/include/plu_virtual_wall/virtual_wall_layer.hpp:4[m[K,
                 from [01m[K/home/khanh247/software_simulation/turtlebot3_ws/src/plu_virtual_wall/src/virtual_wall_layer.cpp:1[m[K:
[01m[K/usr/include/c++/11/bits/shared_ptr.h:600:5:[m[K [01;36m[Knote: [m[Kcandidate: ‘[01m[Ktemplate<class _Tp, class _Up> std::shared_ptr<_Tp> std::dynamic_pointer_cast(const std::shared_ptr<_Tp>&)[m[K’
  600 |     [01;36m[Kdynamic_pointer_cast[m[K(const shared_ptr<_Up>& __r) noexcept
      |     [01;36m[K^~~~~~~~~~~~~~~~~~~~[m[K
[01m[K/usr/include/c++/11/bits/shared_ptr.h:600:5:[m[K [01;36m[Knote: [m[K  template argument deduction/substitution failed:
[01m[K/home/khanh247/software_simulation/turtlebot3_ws/src/plu_virtual_wall/src/virtual_wall_layer.cpp:26:60:[m[K [01;36m[Knote: [m[K  ‘[01m[Krclcpp_lifecycle::LifecycleNode::WeakPtr[m[K’ {aka ‘[01m[Kstd::weak_ptr<rclcpp_lifecycle::LifecycleNode>[m[K’} is not derived from ‘[01m[Kconst std::shared_ptr<_Tp>[m[K’
   26 |         auto node = [01;36m[Kstd::dynamic_pointer_cast<rclcpp::Node>(node_)[m[K;
      |                     [01;36m[K~~~~~~~~~~~~~~~~~~~~~~~~~~~~~~~~~~~~~~~^~~~~~~[m[K
[01m[K/home/khanh247/software_simulation/turtlebot3_ws/src/plu_virtual_wall/src/virtual_wall_layer.cpp:33:9:[m[K [01;31m[Kerror: [m[K‘[01m[KgetParameters[m[K’ was not declared in this scope; did you mean ‘[01m[KhasParameter[m[K’?
   33 |         [01;31m[KgetParameters[m[K();
      |         [01;31m[K^~~~~~~~~~~~~[m[K
      |         [32m[KhasParameter[m[K
[01m[K/home/khanh247/software_simulation/turtlebot3_ws/src/plu_virtual_wall/src/virtual_wall_layer.cpp:44:9:[m[K [01;31m[Kerror: [m[K‘[01m[Kmap_sub_[m[K’ was not declared in this scope
   44 |         [01;31m[Kmap_sub_[m[K = node->create_subscription<nav_msgs::msg::OccupancyGrid>(
      |         [01;31m[K^~~~~~~~[m[K
[01m[K/home/khanh247/software_simulation/turtlebot3_ws/src/plu_virtual_wall/src/virtual_wall_layer.cpp:44:74:[m[K [01;31m[Kerror: [m[Kexpected primary-expression before ‘[01m[K>[m[K’ token
   44 |       map_sub_ = node->create_subscription<nav_msgs::msg::OccupancyGrid[01;31m[K>[m[K(
      |                                                                        [01;31m[K^[m[K

[01m[K/home/khanh247/software_simulation/turtlebot3_ws/src/plu_virtual_wall/src/virtual_wall_layer.cpp:45:13:[m[K [01;35m[Kwarning: [m[Kleft operand of comma operator has no effect [[01;35m[K]8;;https://gcc.gnu.org/onlinedocs/gcc/Warning-Options.html#index-Wunused-value-Wunused-value]8;;[m[K]
   45 |             [01;35m[K"map"[m[K, map_qos,
      |             [01;35m[K^~~~~[m[K
[01m[K/home/khanh247/software_simulation/turtlebot3_ws/src/plu_virtual_wall/src/virtual_wall_layer.cpp:46:42:[m[K [01;31m[Kerror: [m[K‘[01m[KincomingMap[m[K’ is not a member of ‘[01m[Kvirtual_wall_ros2::VirtualWallLayer[m[K’
   46 |             std::bind(&VirtualWallLayer::[01;31m[KincomingMap[m[K, this, std::placeholders::_1));
      |                                          [01;31m[K^~~~~~~~~~~[m[K
[01m[K/home/khanh247/software_simulation/turtlebot3_ws/src/plu_virtual_wall/src/virtual_wall_layer.cpp:[m[K At global scope:
[01m[K/home/khanh247/software_simulation/turtlebot3_ws/src/plu_virtual_wall/src/virtual_wall_layer.cpp:49:10:[m[K [01;31m[Kerror: [m[Kno declaration matches ‘[01m[Kvoid virtual_wall_ros2::VirtualWallLayer::getParameters()[m[K’
   49 |     void [01;31m[KVirtualWallLayer[m[K::getParameters()
      |          [01;31m[K^~~~~~~~~~~~~~~~[m[K
[01m[K/home/khanh247/software_simulation/turtlebot3_ws/src/plu_virtual_wall/src/virtual_wall_layer.cpp:49:10:[m[K [01;36m[Knote: [m[Kno functions named ‘[01m[Kvoid virtual_wall_ros2::VirtualWallLayer::getParameters()[m[K’
In file included from [01m[K/home/khanh247/software_simulation/turtlebot3_ws/src/plu_virtual_wall/src/virtual_wall_layer.cpp:1[m[K:
[01m[K/home/khanh247/software_simulation/turtlebot3_ws/src/plu_virtual_wall/include/plu_virtual_wall/virtual_wall_layer.hpp:16:11:[m[K [01;36m[Knote: [m[K‘[01m[Kclass virtual_wall_ros2::VirtualWallLayer[m[K’ defined here
   16 |     class [01;36m[KVirtualWallLayer[m[K : public nav2_costmap_2d::Layer
      |           [01;36m[K^~~~~~~~~~~~~~~~[m[K
[01m[K/home/khanh247/software_simulation/turtlebot3_ws/src/plu_virtual_wall/src/virtual_wall_layer.cpp:99:10:[m[K [01;31m[Kerror: [m[Kno declaration matches ‘[01m[Kvoid virtual_wall_ros2::VirtualWallLayer::processMap(const OccupancyGrid&)[m[K’
   99 |     void [01;31m[KVirtualWallLayer[m[K::processMap(const nav_msgs::msg::OccupancyGrid &map)
      |          [01;31m[K^~~~~~~~~~~~~~~~[m[K
[01m[K/home/khanh247/software_simulation/turtlebot3_ws/src/plu_virtual_wall/src/virtual_wall_layer.cpp:99:10:[m[K [01;36m[Knote: [m[Kno functions named ‘[01m[Kvoid virtual_wall_ros2::VirtualWallLayer::processMap(const OccupancyGrid&)[m[K’
In file included from [01m[K/home/khanh247/software_simulation/turtlebot3_ws/src/plu_virtual_wall/src/virtual_wall_layer.cpp:1[m[K:
[01m[K/home/khanh247/software_simulation/turtlebot3_ws/src/plu_virtual_wall/include/plu_virtual_wall/virtual_wall_layer.hpp:16:11:[m[K [01;36m[Knote: [m[K‘[01m[Kclass virtual_wall_ros2::VirtualWallLayer[m[K’ defined here
   16 |     class [01;36m[KVirtualWallLayer[m[K : public nav2_costmap_2d::Layer
      |           [01;36m[K^~~~~~~~~~~~~~~~[m[K
[01m[K/home/khanh247/software_simulation/turtlebot3_ws/src/plu_virtual_wall/src/virtual_wall_layer.cpp:197:10:[m[K [01;31m[Kerror: [m[Kno declaration matches ‘[01m[Kvoid virtual_wall_ros2::VirtualWallLayer::incomingMap(nav_msgs::msg::OccupancyGrid_<std::allocator<void> >::SharedPtr)[m[K’
  197 |     void [01;31m[KVirtualWallLayer[m[K::incomingMap(const nav_msgs::msg::OccupancyGrid::SharedPtr new_map)
      |          [01;31m[K^~~~~~~~~~~~~~~~[m[K
[01m[K/home/khanh247/software_simulation/turtlebot3_ws/src/plu_virtual_wall/src/virtual_wall_layer.cpp:197:10:[m[K [01;36m[Knote: [m[Kno functions named ‘[01m[Kvoid virtual_wall_ros2::VirtualWallLayer::incomingMap(nav_msgs::msg::OccupancyGrid_<std::allocator<void> >::SharedPtr)[m[K’
In file included from [01m[K/home/khanh247/software_simulation/turtlebot3_ws/src/plu_virtual_wall/src/virtual_wall_layer.cpp:1[m[K:
[01m[K/home/khanh247/software_simulation/turtlebot3_ws/src/plu_virtual_wall/include/plu_virtual_wall/virtual_wall_layer.hpp:16:11:[m[K [01;36m[Knote: [m[K‘[01m[Kclass virtual_wall_ros2::VirtualWallLayer[m[K’ defined here
   16 |     class [01;36m[KVirtualWallLayer[m[K : public nav2_costmap_2d::Layer
      |           [01;36m[K^~~~~~~~~~~~~~~~[m[K
[01m[K/home/khanh247/software_simulation/turtlebot3_ws/src/plu_virtual_wall/src/virtual_wall_layer.cpp:[m[K In member function ‘[01m[Kvirtual void virtual_wall_ros2::VirtualWallLayer::reset()[m[K’:
[01m[K/home/khanh247/software_simulation/turtlebot3_ws/src/plu_virtual_wall/src/virtual_wall_layer.cpp:209:9:[m[K [01;31m[Kerror: [m[K‘[01m[Khas_updated_data_[m[K’ was not declared in this scope
  209 |         [01;31m[Khas_updated_data_[m[K = true;
      |         [01;31m[K^~~~~~~~~~~~~~~~~[m[K
[01m[K/home/khanh247/software_simulation/turtlebot3_ws/src/plu_virtual_wall/src/virtual_wall_layer.cpp:[m[K At global scope:
[01m[K/home/khanh247/software_simulation/turtlebot3_ws/src/plu_virtual_wall/src/virtual_wall_layer.cpp:213:10:[m[K [01;31m[Kerror: [m[Kno declaration matches ‘[01m[Kvoid virtual_wall_ros2::VirtualWallLayer::matchSize()[m[K’
  213 |     void [01;31m[KVirtualWallLayer[m[K::matchSize()
      |          [01;31m[K^~~~~~~~~~~~~~~~[m[K
[01m[K/home/khanh247/software_simulation/turtlebot3_ws/src/plu_virtual_wall/src/virtual_wall_layer.cpp:213:10:[m[K [01;36m[Knote: [m[Kno functions named ‘[01m[Kvoid virtual_wall_ros2::VirtualWallLayer::matchSize()[m[K’
In file included from [01m[K/home/khanh247/software_simulation/turtlebot3_ws/src/plu_virtual_wall/src/virtual_wall_layer.cpp:1[m[K:
[01m[K/home/khanh247/software_simulation/turtlebot3_ws/src/plu_virtual_wall/include/plu_virtual_wall/virtual_wall_layer.hpp:16:11:[m[K [01;36m[Knote: [m[K‘[01m[Kclass virtual_wall_ros2::VirtualWallLayer[m[K’ defined here
   16 |     class [01;36m[KVirtualWallLayer[m[K : public nav2_costmap_2d::Layer
      |           [01;36m[K^~~~~~~~~~~~~~~~[m[K
gmake[2]: *** [CMakeFiles/plu_virtual_wall.dir/build.make:76: CMakeFiles/plu_virtual_wall.dir/src/virtual_wall_layer.cpp.o] Error 1
gmake[1]: *** [CMakeFiles/Makefile2:139: CMakeFiles/plu_virtual_wall.dir/all] Error 2
gmake: *** [Makefile:146: all] Error 2
