[0.029s] Invoking command in '/home/khanh247/software_simulation/turtlebot3_ws/build/nav2_velocity_smoother': AMENT_PREFIX_PATH=/home/khanh247/software_simulation/turtlebot3_ws/install/nav2_util:/home/khanh247/software_simulation/turtlebot3_ws/install/nav2_msgs:/home/khanh247/software_simulation/turtlebot3_ws/install/nav2_common:${AMENT_PREFIX_PATH} CMAKE_PREFIX_PATH=/home/khanh247/software_simulation/turtlebot3_ws/install/nav2_util:/home/khanh247/software_simulation/turtlebot3_ws/install/nav2_msgs:/home/khanh247/software_simulation/turtlebot3_ws/install/nav2_common:/opt/ros/humble LD_LIBRARY_PATH=/home/khanh247/software_simulation/turtlebot3_ws/install/nav2_util/lib:/home/khanh247/software_simulation/turtlebot3_ws/install/nav2_msgs/lib:/usr/lib/x86_64-linux-gnu/gazebo-11/plugins:/opt/ros/humble/opt/rviz_ogre_vendor/lib:/opt/ros/humble/lib/x86_64-linux-gnu:/opt/ros/humble/lib:/usr/lib/x86_64-linux-gnu/gazebo-11/plugins PYTHONPATH=/home/khanh247/software_simulation/turtlebot3_ws/install/nav2_msgs/local/lib/python3.10/dist-packages:/home/khanh247/software_simulation/turtlebot3_ws/install/nav2_common/local/lib/python3.10/dist-packages:${PYTHONPATH} /usr/bin/cmake --build /home/khanh247/software_simulation/turtlebot3_ws/build/nav2_velocity_smoother -- -j16 -l16
[0.093s] [ 20%] Built target gtest_main
[0.101s] [ 40%] Built target velocity_smoother_core
[0.101s] [ 60%] Built target gtest
[0.131s] [ 80%] Built target velocity_smoother
[0.133s] [100%] Built target velocity_smoother_tests
[0.147s] Invoked command in '/home/khanh247/software_simulation/turtlebot3_ws/build/nav2_velocity_smoother' returned '0': AMENT_PREFIX_PATH=/home/khanh247/software_simulation/turtlebot3_ws/install/nav2_util:/home/khanh247/software_simulation/turtlebot3_ws/install/nav2_msgs:/home/khanh247/software_simulation/turtlebot3_ws/install/nav2_common:${AMENT_PREFIX_PATH} CMAKE_PREFIX_PATH=/home/khanh247/software_simulation/turtlebot3_ws/install/nav2_util:/home/khanh247/software_simulation/turtlebot3_ws/install/nav2_msgs:/home/khanh247/software_simulation/turtlebot3_ws/install/nav2_common:/opt/ros/humble LD_LIBRARY_PATH=/home/khanh247/software_simulation/turtlebot3_ws/install/nav2_util/lib:/home/khanh247/software_simulation/turtlebot3_ws/install/nav2_msgs/lib:/usr/lib/x86_64-linux-gnu/gazebo-11/plugins:/opt/ros/humble/opt/rviz_ogre_vendor/lib:/opt/ros/humble/lib/x86_64-linux-gnu:/opt/ros/humble/lib:/usr/lib/x86_64-linux-gnu/gazebo-11/plugins PYTHONPATH=/home/khanh247/software_simulation/turtlebot3_ws/install/nav2_msgs/local/lib/python3.10/dist-packages:/home/khanh247/software_simulation/turtlebot3_ws/install/nav2_common/local/lib/python3.10/dist-packages:${PYTHONPATH} /usr/bin/cmake --build /home/khanh247/software_simulation/turtlebot3_ws/build/nav2_velocity_smoother -- -j16 -l16
[0.199s] Invoking command in '/home/khanh247/software_simulation/turtlebot3_ws/build/nav2_velocity_smoother': AMENT_PREFIX_PATH=/home/khanh247/software_simulation/turtlebot3_ws/install/nav2_util:/home/khanh247/software_simulation/turtlebot3_ws/install/nav2_msgs:/home/khanh247/software_simulation/turtlebot3_ws/install/nav2_common:${AMENT_PREFIX_PATH} CMAKE_PREFIX_PATH=/home/khanh247/software_simulation/turtlebot3_ws/install/nav2_util:/home/khanh247/software_simulation/turtlebot3_ws/install/nav2_msgs:/home/khanh247/software_simulation/turtlebot3_ws/install/nav2_common:/opt/ros/humble LD_LIBRARY_PATH=/home/khanh247/software_simulation/turtlebot3_ws/install/nav2_util/lib:/home/khanh247/software_simulation/turtlebot3_ws/install/nav2_msgs/lib:/usr/lib/x86_64-linux-gnu/gazebo-11/plugins:/opt/ros/humble/opt/rviz_ogre_vendor/lib:/opt/ros/humble/lib/x86_64-linux-gnu:/opt/ros/humble/lib:/usr/lib/x86_64-linux-gnu/gazebo-11/plugins PYTHONPATH=/home/khanh247/software_simulation/turtlebot3_ws/install/nav2_msgs/local/lib/python3.10/dist-packages:/home/khanh247/software_simulation/turtlebot3_ws/install/nav2_common/local/lib/python3.10/dist-packages:${PYTHONPATH} /usr/bin/cmake --install /home/khanh247/software_simulation/turtlebot3_ws/build/nav2_velocity_smoother
[0.211s] -- Install configuration: "Release"
[0.212s] -- Up-to-date: /home/khanh247/software_simulation/turtlebot3_ws/install/nav2_velocity_smoother/lib/libvelocity_smoother_core.so
[0.212s] -- Up-to-date: /home/khanh247/software_simulation/turtlebot3_ws/install/nav2_velocity_smoother/lib/nav2_velocity_smoother/velocity_smoother
[0.212s] -- Up-to-date: /home/khanh247/software_simulation/turtlebot3_ws/install/nav2_velocity_smoother/include/
[0.212s] -- Up-to-date: /home/khanh247/software_simulation/turtlebot3_ws/install/nav2_velocity_smoother/include//nav2_velocity_smoother
[0.212s] -- Up-to-date: /home/khanh247/software_simulation/turtlebot3_ws/install/nav2_velocity_smoother/include//nav2_velocity_smoother/velocity_smoother.hpp
[0.212s] -- Up-to-date: /home/khanh247/software_simulation/turtlebot3_ws/install/nav2_velocity_smoother/share/nav2_velocity_smoother/environment/library_path.sh
[0.212s] -- Up-to-date: /home/khanh247/software_simulation/turtlebot3_ws/install/nav2_velocity_smoother/share/nav2_velocity_smoother/environment/library_path.dsv
[0.212s] -- Up-to-date: /home/khanh247/software_simulation/turtlebot3_ws/install/nav2_velocity_smoother/share/ament_index/resource_index/package_run_dependencies/nav2_velocity_smoother
[0.212s] -- Up-to-date: /home/khanh247/software_simulation/turtlebot3_ws/install/nav2_velocity_smoother/share/ament_index/resource_index/parent_prefix_path/nav2_velocity_smoother
[0.212s] -- Up-to-date: /home/khanh247/software_simulation/turtlebot3_ws/install/nav2_velocity_smoother/share/nav2_velocity_smoother/environment/ament_prefix_path.sh
[0.213s] -- Up-to-date: /home/khanh247/software_simulation/turtlebot3_ws/install/nav2_velocity_smoother/share/nav2_velocity_smoother/environment/ament_prefix_path.dsv
[0.213s] -- Up-to-date: /home/khanh247/software_simulation/turtlebot3_ws/install/nav2_velocity_smoother/share/nav2_velocity_smoother/environment/path.sh
[0.213s] -- Up-to-date: /home/khanh247/software_simulation/turtlebot3_ws/install/nav2_velocity_smoother/share/nav2_velocity_smoother/environment/path.dsv
[0.213s] -- Up-to-date: /home/khanh247/software_simulation/turtlebot3_ws/install/nav2_velocity_smoother/share/nav2_velocity_smoother/local_setup.bash
[0.213s] -- Up-to-date: /home/khanh247/software_simulation/turtlebot3_ws/install/nav2_velocity_smoother/share/nav2_velocity_smoother/local_setup.sh
[0.213s] -- Up-to-date: /home/khanh247/software_simulation/turtlebot3_ws/install/nav2_velocity_smoother/share/nav2_velocity_smoother/local_setup.zsh
[0.213s] -- Up-to-date: /home/khanh247/software_simulation/turtlebot3_ws/install/nav2_velocity_smoother/share/nav2_velocity_smoother/local_setup.dsv
[0.213s] -- Installing: /home/khanh247/software_simulation/turtlebot3_ws/install/nav2_velocity_smoother/share/nav2_velocity_smoother/package.dsv
[0.213s] -- Up-to-date: /home/khanh247/software_simulation/turtlebot3_ws/install/nav2_velocity_smoother/share/ament_index/resource_index/packages/nav2_velocity_smoother
[0.213s] -- Up-to-date: /home/khanh247/software_simulation/turtlebot3_ws/install/nav2_velocity_smoother/share/ament_index/resource_index/rclcpp_components/nav2_velocity_smoother
[0.213s] -- Up-to-date: /home/khanh247/software_simulation/turtlebot3_ws/install/nav2_velocity_smoother/share/nav2_velocity_smoother/cmake/ament_cmake_export_include_directories-extras.cmake
[0.213s] -- Up-to-date: /home/khanh247/software_simulation/turtlebot3_ws/install/nav2_velocity_smoother/share/nav2_velocity_smoother/cmake/ament_cmake_export_libraries-extras.cmake
[0.214s] -- Up-to-date: /home/khanh247/software_simulation/turtlebot3_ws/install/nav2_velocity_smoother/share/nav2_velocity_smoother/cmake/ament_cmake_export_dependencies-extras.cmake
[0.214s] -- Up-to-date: /home/khanh247/software_simulation/turtlebot3_ws/install/nav2_velocity_smoother/share/nav2_velocity_smoother/cmake/nav2_velocity_smootherConfig.cmake
[0.214s] -- Up-to-date: /home/khanh247/software_simulation/turtlebot3_ws/install/nav2_velocity_smoother/share/nav2_velocity_smoother/cmake/nav2_velocity_smootherConfig-version.cmake
[0.214s] -- Up-to-date: /home/khanh247/software_simulation/turtlebot3_ws/install/nav2_velocity_smoother/share/nav2_velocity_smoother/package.xml
[0.226s] Invoked command in '/home/khanh247/software_simulation/turtlebot3_ws/build/nav2_velocity_smoother' returned '0': AMENT_PREFIX_PATH=/home/khanh247/software_simulation/turtlebot3_ws/install/nav2_util:/home/khanh247/software_simulation/turtlebot3_ws/install/nav2_msgs:/home/khanh247/software_simulation/turtlebot3_ws/install/nav2_common:${AMENT_PREFIX_PATH} CMAKE_PREFIX_PATH=/home/khanh247/software_simulation/turtlebot3_ws/install/nav2_util:/home/khanh247/software_simulation/turtlebot3_ws/install/nav2_msgs:/home/khanh247/software_simulation/turtlebot3_ws/install/nav2_common:/opt/ros/humble LD_LIBRARY_PATH=/home/khanh247/software_simulation/turtlebot3_ws/install/nav2_util/lib:/home/khanh247/software_simulation/turtlebot3_ws/install/nav2_msgs/lib:/usr/lib/x86_64-linux-gnu/gazebo-11/plugins:/opt/ros/humble/opt/rviz_ogre_vendor/lib:/opt/ros/humble/lib/x86_64-linux-gnu:/opt/ros/humble/lib:/usr/lib/x86_64-linux-gnu/gazebo-11/plugins PYTHONPATH=/home/khanh247/software_simulation/turtlebot3_ws/install/nav2_msgs/local/lib/python3.10/dist-packages:/home/khanh247/software_simulation/turtlebot3_ws/install/nav2_common/local/lib/python3.10/dist-packages:${PYTHONPATH} /usr/bin/cmake --install /home/khanh247/software_simulation/turtlebot3_ws/build/nav2_velocity_smoother
