[0.020s] Invoking command in '/home/khanh247/software_simulation/turtlebot3_ws/build/nav2_map_server': AMENT_PREFIX_PATH=/home/khanh247/software_simulation/turtlebot3_ws/install/nav2_util:/home/khanh247/software_simulation/turtlebot3_ws/install/nav2_msgs:/home/khanh247/software_simulation/turtlebot3_ws/install/nav2_common:${AMENT_PREFIX_PATH} CMAKE_PREFIX_PATH=/home/khanh247/software_simulation/turtlebot3_ws/install/nav2_util:/home/khanh247/software_simulation/turtlebot3_ws/install/nav2_msgs:/home/khanh247/software_simulation/turtlebot3_ws/install/nav2_common:/opt/ros/humble LD_LIBRARY_PATH=/home/khanh247/software_simulation/turtlebot3_ws/install/nav2_util/lib:/home/khanh247/software_simulation/turtlebot3_ws/install/nav2_msgs/lib:${LD_LIBRARY_PATH} PYTHONPATH=/home/khanh247/software_simulation/turtlebot3_ws/install/nav2_msgs/local/lib/python3.10/dist-packages:/home/khanh247/software_simulation/turtlebot3_ws/install/nav2_common/local/lib/python3.10/dist-packages:${PYTHONPATH} /usr/bin/cmake --build /home/khanh247/software_simulation/turtlebot3_ws/build/nav2_map_server -- -j16 -l16
[0.076s] [  5%] Built target gtest_main
[0.076s] [ 11%] Built target gtest
[0.079s] [ 19%] Built target map_io
[0.127s] [ 27%] Built target test_map_saver_cli
[0.141s] [ 36%] Built target test_map_io
[0.142s] [ 47%] Built target map_server_core
[0.143s] [ 55%] Built target test_map_saver_publisher
[0.201s] [ 61%] Built target test_costmap_filter_info_server
[0.204s] [ 69%] Built target test_map_server_node
[0.206s] [ 75%] Built target map_server
[0.213s] [ 80%] Built target map_saver_cli
[0.217s] [ 88%] Built target test_map_saver_node
[0.220s] [ 94%] Built target costmap_filter_info_server
[0.225s] [100%] Built target map_saver_server
[0.237s] Invoked command in '/home/khanh247/software_simulation/turtlebot3_ws/build/nav2_map_server' returned '0': AMENT_PREFIX_PATH=/home/khanh247/software_simulation/turtlebot3_ws/install/nav2_util:/home/khanh247/software_simulation/turtlebot3_ws/install/nav2_msgs:/home/khanh247/software_simulation/turtlebot3_ws/install/nav2_common:${AMENT_PREFIX_PATH} CMAKE_PREFIX_PATH=/home/khanh247/software_simulation/turtlebot3_ws/install/nav2_util:/home/khanh247/software_simulation/turtlebot3_ws/install/nav2_msgs:/home/khanh247/software_simulation/turtlebot3_ws/install/nav2_common:/opt/ros/humble LD_LIBRARY_PATH=/home/khanh247/software_simulation/turtlebot3_ws/install/nav2_util/lib:/home/khanh247/software_simulation/turtlebot3_ws/install/nav2_msgs/lib:${LD_LIBRARY_PATH} PYTHONPATH=/home/khanh247/software_simulation/turtlebot3_ws/install/nav2_msgs/local/lib/python3.10/dist-packages:/home/khanh247/software_simulation/turtlebot3_ws/install/nav2_common/local/lib/python3.10/dist-packages:${PYTHONPATH} /usr/bin/cmake --build /home/khanh247/software_simulation/turtlebot3_ws/build/nav2_map_server -- -j16 -l16
[0.319s] Invoking command in '/home/khanh247/software_simulation/turtlebot3_ws/build/nav2_map_server': AMENT_PREFIX_PATH=/home/khanh247/software_simulation/turtlebot3_ws/install/nav2_util:/home/khanh247/software_simulation/turtlebot3_ws/install/nav2_msgs:/home/khanh247/software_simulation/turtlebot3_ws/install/nav2_common:${AMENT_PREFIX_PATH} CMAKE_PREFIX_PATH=/home/khanh247/software_simulation/turtlebot3_ws/install/nav2_util:/home/khanh247/software_simulation/turtlebot3_ws/install/nav2_msgs:/home/khanh247/software_simulation/turtlebot3_ws/install/nav2_common:/opt/ros/humble LD_LIBRARY_PATH=/home/khanh247/software_simulation/turtlebot3_ws/install/nav2_util/lib:/home/khanh247/software_simulation/turtlebot3_ws/install/nav2_msgs/lib:${LD_LIBRARY_PATH} PYTHONPATH=/home/khanh247/software_simulation/turtlebot3_ws/install/nav2_msgs/local/lib/python3.10/dist-packages:/home/khanh247/software_simulation/turtlebot3_ws/install/nav2_common/local/lib/python3.10/dist-packages:${PYTHONPATH} /usr/bin/cmake --install /home/khanh247/software_simulation/turtlebot3_ws/build/nav2_map_server
[0.346s] -- Install configuration: "Release"
[0.346s] -- Up-to-date: /home/khanh247/software_simulation/turtlebot3_ws/install/nav2_map_server/lib/libmap_server_core.so
[0.347s] -- Up-to-date: /home/khanh247/software_simulation/turtlebot3_ws/install/nav2_map_server/lib/libmap_io.so
[0.347s] -- Up-to-date: /home/khanh247/software_simulation/turtlebot3_ws/install/nav2_map_server/lib/nav2_map_server/map_server
[0.347s] -- Up-to-date: /home/khanh247/software_simulation/turtlebot3_ws/install/nav2_map_server/lib/nav2_map_server/map_saver_cli
[0.347s] -- Up-to-date: /home/khanh247/software_simulation/turtlebot3_ws/install/nav2_map_server/lib/nav2_map_server/map_saver_server
[0.353s] -- Up-to-date: /home/khanh247/software_simulation/turtlebot3_ws/install/nav2_map_server/lib/nav2_map_server/costmap_filter_info_server
[0.353s] -- Up-to-date: /home/khanh247/software_simulation/turtlebot3_ws/install/nav2_map_server/include/
[0.353s] -- Up-to-date: /home/khanh247/software_simulation/turtlebot3_ws/install/nav2_map_server/include//nav2_map_server
[0.353s] -- Up-to-date: /home/khanh247/software_simulation/turtlebot3_ws/install/nav2_map_server/include//nav2_map_server/map_saver.hpp
[0.353s] -- Up-to-date: /home/khanh247/software_simulation/turtlebot3_ws/install/nav2_map_server/include//nav2_map_server/map_mode.hpp
[0.354s] -- Up-to-date: /home/khanh247/software_simulation/turtlebot3_ws/install/nav2_map_server/include//nav2_map_server/map_io.hpp
[0.354s] -- Up-to-date: /home/khanh247/software_simulation/turtlebot3_ws/install/nav2_map_server/include//nav2_map_server/costmap_filter_info_server.hpp
[0.356s] -- Up-to-date: /home/khanh247/software_simulation/turtlebot3_ws/install/nav2_map_server/include//nav2_map_server/map_server.hpp
[0.357s] -- Up-to-date: /home/khanh247/software_simulation/turtlebot3_ws/install/nav2_map_server/share/nav2_map_server/launch
[0.357s] -- Up-to-date: /home/khanh247/software_simulation/turtlebot3_ws/install/nav2_map_server/share/nav2_map_server/launch/map_saver_server.launch.py
[0.357s] -- Up-to-date: /home/khanh247/software_simulation/turtlebot3_ws/install/nav2_map_server/share/nav2_map_server/environment/library_path.sh
[0.357s] -- Up-to-date: /home/khanh247/software_simulation/turtlebot3_ws/install/nav2_map_server/share/nav2_map_server/environment/library_path.dsv
[0.357s] -- Up-to-date: /home/khanh247/software_simulation/turtlebot3_ws/install/nav2_map_server/share/ament_index/resource_index/package_run_dependencies/nav2_map_server
[0.357s] -- Up-to-date: /home/khanh247/software_simulation/turtlebot3_ws/install/nav2_map_server/share/ament_index/resource_index/parent_prefix_path/nav2_map_server
[0.357s] -- Up-to-date: /home/khanh247/software_simulation/turtlebot3_ws/install/nav2_map_server/share/nav2_map_server/environment/ament_prefix_path.sh
[0.357s] -- Up-to-date: /home/khanh247/software_simulation/turtlebot3_ws/install/nav2_map_server/share/nav2_map_server/environment/ament_prefix_path.dsv
[0.358s] -- Up-to-date: /home/khanh247/software_simulation/turtlebot3_ws/install/nav2_map_server/share/nav2_map_server/environment/path.sh
[0.358s] -- Up-to-date: /home/khanh247/software_simulation/turtlebot3_ws/install/nav2_map_server/share/nav2_map_server/environment/path.dsv
[0.358s] -- Up-to-date: /home/khanh247/software_simulation/turtlebot3_ws/install/nav2_map_server/share/nav2_map_server/local_setup.bash
[0.358s] -- Up-to-date: /home/khanh247/software_simulation/turtlebot3_ws/install/nav2_map_server/share/nav2_map_server/local_setup.sh
[0.358s] -- Up-to-date: /home/khanh247/software_simulation/turtlebot3_ws/install/nav2_map_server/share/nav2_map_server/local_setup.zsh
[0.358s] -- Up-to-date: /home/khanh247/software_simulation/turtlebot3_ws/install/nav2_map_server/share/nav2_map_server/local_setup.dsv
[0.358s] -- Installing: /home/khanh247/software_simulation/turtlebot3_ws/install/nav2_map_server/share/nav2_map_server/package.dsv
[0.358s] -- Up-to-date: /home/khanh247/software_simulation/turtlebot3_ws/install/nav2_map_server/share/ament_index/resource_index/packages/nav2_map_server
[0.358s] -- Up-to-date: /home/khanh247/software_simulation/turtlebot3_ws/install/nav2_map_server/share/ament_index/resource_index/rclcpp_components/nav2_map_server
[0.358s] -- Up-to-date: /home/khanh247/software_simulation/turtlebot3_ws/install/nav2_map_server/share/nav2_map_server/cmake/ament_cmake_export_include_directories-extras.cmake
[0.358s] -- Up-to-date: /home/khanh247/software_simulation/turtlebot3_ws/install/nav2_map_server/share/nav2_map_server/cmake/ament_cmake_export_libraries-extras.cmake
[0.358s] -- Up-to-date: /home/khanh247/software_simulation/turtlebot3_ws/install/nav2_map_server/share/nav2_map_server/cmake/ament_cmake_export_dependencies-extras.cmake
[0.358s] -- Up-to-date: /home/khanh247/software_simulation/turtlebot3_ws/install/nav2_map_server/share/nav2_map_server/cmake/nav2_map_serverConfig.cmake
[0.359s] -- Up-to-date: /home/khanh247/software_simulation/turtlebot3_ws/install/nav2_map_server/share/nav2_map_server/cmake/nav2_map_serverConfig-version.cmake
[0.359s] -- Up-to-date: /home/khanh247/software_simulation/turtlebot3_ws/install/nav2_map_server/share/nav2_map_server/package.xml
[0.371s] Invoked command in '/home/khanh247/software_simulation/turtlebot3_ws/build/nav2_map_server' returned '0': AMENT_PREFIX_PATH=/home/khanh247/software_simulation/turtlebot3_ws/install/nav2_util:/home/khanh247/software_simulation/turtlebot3_ws/install/nav2_msgs:/home/khanh247/software_simulation/turtlebot3_ws/install/nav2_common:${AMENT_PREFIX_PATH} CMAKE_PREFIX_PATH=/home/khanh247/software_simulation/turtlebot3_ws/install/nav2_util:/home/khanh247/software_simulation/turtlebot3_ws/install/nav2_msgs:/home/khanh247/software_simulation/turtlebot3_ws/install/nav2_common:/opt/ros/humble LD_LIBRARY_PATH=/home/khanh247/software_simulation/turtlebot3_ws/install/nav2_util/lib:/home/khanh247/software_simulation/turtlebot3_ws/install/nav2_msgs/lib:${LD_LIBRARY_PATH} PYTHONPATH=/home/khanh247/software_simulation/turtlebot3_ws/install/nav2_msgs/local/lib/python3.10/dist-packages:/home/khanh247/software_simulation/turtlebot3_ws/install/nav2_common/local/lib/python3.10/dist-packages:${PYTHONPATH} /usr/bin/cmake --install /home/khanh247/software_simulation/turtlebot3_ws/build/nav2_map_server
