[0.119s] Invoking command in '/home/khanh247/software_simulation/turtlebot3_ws/build/nav2_behaviors': AMENT_PREFIX_PATH=/home/khanh247/software_simulation/turtlebot3_ws/install/nav2_core:/home/khanh247/software_simulation/turtlebot3_ws/install/nav2_costmap_2d:/home/khanh247/software_simulation/turtlebot3_ws/install/nav2_map_server:/home/khanh247/software_simulation/turtlebot3_ws/install/nav2_lifecycle_manager:/home/khanh247/software_simulation/turtlebot3_ws/install/nav2_behavior_tree:/home/khanh247/software_simulation/turtlebot3_ws/install/nav2_util:/home/khanh247/software_simulation/turtlebot3_ws/install/nav2_voxel_grid:/home/khanh247/software_simulation/turtlebot3_ws/install/nav2_msgs:/home/khanh247/software_simulation/turtlebot3_ws/install/nav2_common:${AMENT_PREFIX_PATH} CMAKE_PREFIX_PATH=/home/khanh247/software_simulation/turtlebot3_ws/install/nav2_core:/home/khanh247/software_simulation/turtlebot3_ws/install/nav2_costmap_2d:/home/khanh247/software_simulation/turtlebot3_ws/install/nav2_map_server:/home/khanh247/software_simulation/turtlebot3_ws/install/nav2_lifecycle_manager:/home/khanh247/software_simulation/turtlebot3_ws/install/nav2_behavior_tree:/home/khanh247/software_simulation/turtlebot3_ws/install/nav2_util:/home/khanh247/software_simulation/turtlebot3_ws/install/nav2_voxel_grid:/home/khanh247/software_simulation/turtlebot3_ws/install/nav2_msgs:/home/khanh247/software_simulation/turtlebot3_ws/install/nav2_common:/opt/ros/humble LD_LIBRARY_PATH=/home/khanh247/software_simulation/turtlebot3_ws/install/nav2_costmap_2d/lib:/home/khanh247/software_simulation/turtlebot3_ws/install/nav2_map_server/lib:/home/khanh247/software_simulation/turtlebot3_ws/install/nav2_lifecycle_manager/lib:/home/khanh247/software_simulation/turtlebot3_ws/install/nav2_behavior_tree/lib:/home/khanh247/software_simulation/turtlebot3_ws/install/nav2_util/lib:/home/khanh247/software_simulation/turtlebot3_ws/install/nav2_voxel_grid/lib:/home/khanh247/software_simulation/turtlebot3_ws/install/nav2_msgs/lib:${LD_LIBRARY_PATH} PYTHONPATH=/home/khanh247/software_simulation/turtlebot3_ws/install/nav2_msgs/local/lib/python3.10/dist-packages:/home/khanh247/software_simulation/turtlebot3_ws/install/nav2_common/local/lib/python3.10/dist-packages:${PYTHONPATH} /usr/bin/cmake --build /home/khanh247/software_simulation/turtlebot3_ws/build/nav2_behaviors -- -j16 -l16
[0.297s] [ 10%] Built target nav2_wait_behavior
[0.316s] [ 20%] Built target nav2_spin_behavior
[0.319s] [ 30%] Built target nav2_back_up_behavior
[0.321s] [ 40%] Built target nav2_drive_on_heading_behavior
[0.323s] [ 50%] Built target nav2_assisted_teleop_behavior
[0.344s] [ 60%] Built target gtest_main
[0.376s] [ 70%] Built target gtest
[0.379s] [ 80%] Built target behavior_server_core
[0.498s] [ 90%] Built target behavior_server
[0.498s] [100%] Built target test_behaviors
[0.571s] Invoked command in '/home/khanh247/software_simulation/turtlebot3_ws/build/nav2_behaviors' returned '0': AMENT_PREFIX_PATH=/home/khanh247/software_simulation/turtlebot3_ws/install/nav2_core:/home/khanh247/software_simulation/turtlebot3_ws/install/nav2_costmap_2d:/home/khanh247/software_simulation/turtlebot3_ws/install/nav2_map_server:/home/khanh247/software_simulation/turtlebot3_ws/install/nav2_lifecycle_manager:/home/khanh247/software_simulation/turtlebot3_ws/install/nav2_behavior_tree:/home/khanh247/software_simulation/turtlebot3_ws/install/nav2_util:/home/khanh247/software_simulation/turtlebot3_ws/install/nav2_voxel_grid:/home/khanh247/software_simulation/turtlebot3_ws/install/nav2_msgs:/home/khanh247/software_simulation/turtlebot3_ws/install/nav2_common:${AMENT_PREFIX_PATH} CMAKE_PREFIX_PATH=/home/khanh247/software_simulation/turtlebot3_ws/install/nav2_core:/home/khanh247/software_simulation/turtlebot3_ws/install/nav2_costmap_2d:/home/khanh247/software_simulation/turtlebot3_ws/install/nav2_map_server:/home/khanh247/software_simulation/turtlebot3_ws/install/nav2_lifecycle_manager:/home/khanh247/software_simulation/turtlebot3_ws/install/nav2_behavior_tree:/home/khanh247/software_simulation/turtlebot3_ws/install/nav2_util:/home/khanh247/software_simulation/turtlebot3_ws/install/nav2_voxel_grid:/home/khanh247/software_simulation/turtlebot3_ws/install/nav2_msgs:/home/khanh247/software_simulation/turtlebot3_ws/install/nav2_common:/opt/ros/humble LD_LIBRARY_PATH=/home/khanh247/software_simulation/turtlebot3_ws/install/nav2_costmap_2d/lib:/home/khanh247/software_simulation/turtlebot3_ws/install/nav2_map_server/lib:/home/khanh247/software_simulation/turtlebot3_ws/install/nav2_lifecycle_manager/lib:/home/khanh247/software_simulation/turtlebot3_ws/install/nav2_behavior_tree/lib:/home/khanh247/software_simulation/turtlebot3_ws/install/nav2_util/lib:/home/khanh247/software_simulation/turtlebot3_ws/install/nav2_voxel_grid/lib:/home/khanh247/software_simulation/turtlebot3_ws/install/nav2_msgs/lib:${LD_LIBRARY_PATH} PYTHONPATH=/home/khanh247/software_simulation/turtlebot3_ws/install/nav2_msgs/local/lib/python3.10/dist-packages:/home/khanh247/software_simulation/turtlebot3_ws/install/nav2_common/local/lib/python3.10/dist-packages:${PYTHONPATH} /usr/bin/cmake --build /home/khanh247/software_simulation/turtlebot3_ws/build/nav2_behaviors -- -j16 -l16
[0.789s] Invoking command in '/home/khanh247/software_simulation/turtlebot3_ws/build/nav2_behaviors': AMENT_PREFIX_PATH=/home/khanh247/software_simulation/turtlebot3_ws/install/nav2_core:/home/khanh247/software_simulation/turtlebot3_ws/install/nav2_costmap_2d:/home/khanh247/software_simulation/turtlebot3_ws/install/nav2_map_server:/home/khanh247/software_simulation/turtlebot3_ws/install/nav2_lifecycle_manager:/home/khanh247/software_simulation/turtlebot3_ws/install/nav2_behavior_tree:/home/khanh247/software_simulation/turtlebot3_ws/install/nav2_util:/home/khanh247/software_simulation/turtlebot3_ws/install/nav2_voxel_grid:/home/khanh247/software_simulation/turtlebot3_ws/install/nav2_msgs:/home/khanh247/software_simulation/turtlebot3_ws/install/nav2_common:${AMENT_PREFIX_PATH} CMAKE_PREFIX_PATH=/home/khanh247/software_simulation/turtlebot3_ws/install/nav2_core:/home/khanh247/software_simulation/turtlebot3_ws/install/nav2_costmap_2d:/home/khanh247/software_simulation/turtlebot3_ws/install/nav2_map_server:/home/khanh247/software_simulation/turtlebot3_ws/install/nav2_lifecycle_manager:/home/khanh247/software_simulation/turtlebot3_ws/install/nav2_behavior_tree:/home/khanh247/software_simulation/turtlebot3_ws/install/nav2_util:/home/khanh247/software_simulation/turtlebot3_ws/install/nav2_voxel_grid:/home/khanh247/software_simulation/turtlebot3_ws/install/nav2_msgs:/home/khanh247/software_simulation/turtlebot3_ws/install/nav2_common:/opt/ros/humble LD_LIBRARY_PATH=/home/khanh247/software_simulation/turtlebot3_ws/install/nav2_costmap_2d/lib:/home/khanh247/software_simulation/turtlebot3_ws/install/nav2_map_server/lib:/home/khanh247/software_simulation/turtlebot3_ws/install/nav2_lifecycle_manager/lib:/home/khanh247/software_simulation/turtlebot3_ws/install/nav2_behavior_tree/lib:/home/khanh247/software_simulation/turtlebot3_ws/install/nav2_util/lib:/home/khanh247/software_simulation/turtlebot3_ws/install/nav2_voxel_grid/lib:/home/khanh247/software_simulation/turtlebot3_ws/install/nav2_msgs/lib:${LD_LIBRARY_PATH} PYTHONPATH=/home/khanh247/software_simulation/turtlebot3_ws/install/nav2_msgs/local/lib/python3.10/dist-packages:/home/khanh247/software_simulation/turtlebot3_ws/install/nav2_common/local/lib/python3.10/dist-packages:${PYTHONPATH} /usr/bin/cmake --install /home/khanh247/software_simulation/turtlebot3_ws/build/nav2_behaviors
[0.838s] -- Install configuration: "Release"
[0.838s] -- Up-to-date: /home/khanh247/software_simulation/turtlebot3_ws/install/nav2_behaviors/share/nav2_behaviors/behavior_plugin.xml
[0.839s] -- Up-to-date: /home/khanh247/software_simulation/turtlebot3_ws/install/nav2_behaviors/lib/libbehavior_server_core.so
[0.839s] -- Up-to-date: /home/khanh247/software_simulation/turtlebot3_ws/install/nav2_behaviors/lib/libnav2_spin_behavior.so
[0.839s] -- Up-to-date: /home/khanh247/software_simulation/turtlebot3_ws/install/nav2_behaviors/lib/libnav2_wait_behavior.so
[0.839s] -- Up-to-date: /home/khanh247/software_simulation/turtlebot3_ws/install/nav2_behaviors/lib/libnav2_assisted_teleop_behavior.so
[0.839s] -- Up-to-date: /home/khanh247/software_simulation/turtlebot3_ws/install/nav2_behaviors/lib/libnav2_drive_on_heading_behavior.so
[0.839s] -- Up-to-date: /home/khanh247/software_simulation/turtlebot3_ws/install/nav2_behaviors/lib/libnav2_back_up_behavior.so
[0.839s] -- Up-to-date: /home/khanh247/software_simulation/turtlebot3_ws/install/nav2_behaviors/lib/nav2_behaviors/behavior_server
[0.839s] -- Up-to-date: /home/khanh247/software_simulation/turtlebot3_ws/install/nav2_behaviors/include/
[0.839s] -- Up-to-date: /home/khanh247/software_simulation/turtlebot3_ws/install/nav2_behaviors/include//nav2_behaviors
[0.839s] -- Up-to-date: /home/khanh247/software_simulation/turtlebot3_ws/install/nav2_behaviors/include//nav2_behaviors/timed_behavior.hpp
[0.840s] -- Up-to-date: /home/khanh247/software_simulation/turtlebot3_ws/install/nav2_behaviors/include//nav2_behaviors/plugins
[0.840s] -- Up-to-date: /home/khanh247/software_simulation/turtlebot3_ws/install/nav2_behaviors/include//nav2_behaviors/plugins/spin.hpp
[0.840s] -- Up-to-date: /home/khanh247/software_simulation/turtlebot3_ws/install/nav2_behaviors/include//nav2_behaviors/plugins/back_up.hpp
[0.840s] -- Up-to-date: /home/khanh247/software_simulation/turtlebot3_ws/install/nav2_behaviors/include//nav2_behaviors/plugins/assisted_teleop.hpp
[0.840s] -- Up-to-date: /home/khanh247/software_simulation/turtlebot3_ws/install/nav2_behaviors/include//nav2_behaviors/plugins/drive_on_heading.hpp
[0.840s] -- Up-to-date: /home/khanh247/software_simulation/turtlebot3_ws/install/nav2_behaviors/include//nav2_behaviors/plugins/wait.hpp
[0.840s] -- Up-to-date: /home/khanh247/software_simulation/turtlebot3_ws/install/nav2_behaviors/include//nav2_behaviors/behavior_server.hpp
[0.840s] -- Up-to-date: /home/khanh247/software_simulation/turtlebot3_ws/install/nav2_behaviors/share/nav2_behaviors/behavior_plugin.xml
[0.840s] -- Up-to-date: /home/khanh247/software_simulation/turtlebot3_ws/install/nav2_behaviors/share/nav2_behaviors/plugins/
[0.840s] -- Up-to-date: /home/khanh247/software_simulation/turtlebot3_ws/install/nav2_behaviors/share/nav2_behaviors/plugins//spin.cpp
[0.840s] -- Up-to-date: /home/khanh247/software_simulation/turtlebot3_ws/install/nav2_behaviors/share/nav2_behaviors/plugins//drive_on_heading.cpp
[0.840s] -- Up-to-date: /home/khanh247/software_simulation/turtlebot3_ws/install/nav2_behaviors/share/nav2_behaviors/plugins//wait.cpp
[0.840s] -- Up-to-date: /home/khanh247/software_simulation/turtlebot3_ws/install/nav2_behaviors/share/nav2_behaviors/plugins//back_up.cpp
[0.841s] -- Up-to-date: /home/khanh247/software_simulation/turtlebot3_ws/install/nav2_behaviors/share/nav2_behaviors/plugins//assisted_teleop.cpp
[0.841s] -- Up-to-date: /home/khanh247/software_simulation/turtlebot3_ws/install/nav2_behaviors/share/nav2_behaviors/environment/library_path.sh
[0.841s] -- Up-to-date: /home/khanh247/software_simulation/turtlebot3_ws/install/nav2_behaviors/share/nav2_behaviors/environment/library_path.dsv
[0.841s] -- Up-to-date: /home/khanh247/software_simulation/turtlebot3_ws/install/nav2_behaviors/share/ament_index/resource_index/package_run_dependencies/nav2_behaviors
[0.841s] -- Up-to-date: /home/khanh247/software_simulation/turtlebot3_ws/install/nav2_behaviors/share/ament_index/resource_index/parent_prefix_path/nav2_behaviors
[0.841s] -- Up-to-date: /home/khanh247/software_simulation/turtlebot3_ws/install/nav2_behaviors/share/nav2_behaviors/environment/ament_prefix_path.sh
[0.841s] -- Up-to-date: /home/khanh247/software_simulation/turtlebot3_ws/install/nav2_behaviors/share/nav2_behaviors/environment/ament_prefix_path.dsv
[0.841s] -- Up-to-date: /home/khanh247/software_simulation/turtlebot3_ws/install/nav2_behaviors/share/nav2_behaviors/environment/path.sh
[0.841s] -- Up-to-date: /home/khanh247/software_simulation/turtlebot3_ws/install/nav2_behaviors/share/nav2_behaviors/environment/path.dsv
[0.841s] -- Up-to-date: /home/khanh247/software_simulation/turtlebot3_ws/install/nav2_behaviors/share/nav2_behaviors/local_setup.bash
[0.841s] -- Up-to-date: /home/khanh247/software_simulation/turtlebot3_ws/install/nav2_behaviors/share/nav2_behaviors/local_setup.sh
[0.841s] -- Up-to-date: /home/khanh247/software_simulation/turtlebot3_ws/install/nav2_behaviors/share/nav2_behaviors/local_setup.zsh
[0.841s] -- Up-to-date: /home/khanh247/software_simulation/turtlebot3_ws/install/nav2_behaviors/share/nav2_behaviors/local_setup.dsv
[0.841s] -- Installing: /home/khanh247/software_simulation/turtlebot3_ws/install/nav2_behaviors/share/nav2_behaviors/package.dsv
[0.842s] -- Up-to-date: /home/khanh247/software_simulation/turtlebot3_ws/install/nav2_behaviors/share/ament_index/resource_index/packages/nav2_behaviors
[0.842s] -- Up-to-date: /home/khanh247/software_simulation/turtlebot3_ws/install/nav2_behaviors/share/ament_index/resource_index/nav2_core__pluginlib__plugin/nav2_behaviors
[0.842s] -- Up-to-date: /home/khanh247/software_simulation/turtlebot3_ws/install/nav2_behaviors/share/ament_index/resource_index/rclcpp_components/nav2_behaviors
[0.842s] -- Up-to-date: /home/khanh247/software_simulation/turtlebot3_ws/install/nav2_behaviors/share/nav2_behaviors/cmake/ament_cmake_export_include_directories-extras.cmake
[0.842s] -- Up-to-date: /home/khanh247/software_simulation/turtlebot3_ws/install/nav2_behaviors/share/nav2_behaviors/cmake/ament_cmake_export_libraries-extras.cmake
[0.842s] -- Up-to-date: /home/khanh247/software_simulation/turtlebot3_ws/install/nav2_behaviors/share/nav2_behaviors/cmake/ament_cmake_export_dependencies-extras.cmake
[0.842s] -- Up-to-date: /home/khanh247/software_simulation/turtlebot3_ws/install/nav2_behaviors/share/nav2_behaviors/cmake/nav2_behaviorsConfig.cmake
[0.842s] -- Up-to-date: /home/khanh247/software_simulation/turtlebot3_ws/install/nav2_behaviors/share/nav2_behaviors/cmake/nav2_behaviorsConfig-version.cmake
[0.842s] -- Up-to-date: /home/khanh247/software_simulation/turtlebot3_ws/install/nav2_behaviors/share/nav2_behaviors/package.xml
[0.868s] Invoked command in '/home/khanh247/software_simulation/turtlebot3_ws/build/nav2_behaviors' returned '0': AMENT_PREFIX_PATH=/home/khanh247/software_simulation/turtlebot3_ws/install/nav2_core:/home/khanh247/software_simulation/turtlebot3_ws/install/nav2_costmap_2d:/home/khanh247/software_simulation/turtlebot3_ws/install/nav2_map_server:/home/khanh247/software_simulation/turtlebot3_ws/install/nav2_lifecycle_manager:/home/khanh247/software_simulation/turtlebot3_ws/install/nav2_behavior_tree:/home/khanh247/software_simulation/turtlebot3_ws/install/nav2_util:/home/khanh247/software_simulation/turtlebot3_ws/install/nav2_voxel_grid:/home/khanh247/software_simulation/turtlebot3_ws/install/nav2_msgs:/home/khanh247/software_simulation/turtlebot3_ws/install/nav2_common:${AMENT_PREFIX_PATH} CMAKE_PREFIX_PATH=/home/khanh247/software_simulation/turtlebot3_ws/install/nav2_core:/home/khanh247/software_simulation/turtlebot3_ws/install/nav2_costmap_2d:/home/khanh247/software_simulation/turtlebot3_ws/install/nav2_map_server:/home/khanh247/software_simulation/turtlebot3_ws/install/nav2_lifecycle_manager:/home/khanh247/software_simulation/turtlebot3_ws/install/nav2_behavior_tree:/home/khanh247/software_simulation/turtlebot3_ws/install/nav2_util:/home/khanh247/software_simulation/turtlebot3_ws/install/nav2_voxel_grid:/home/khanh247/software_simulation/turtlebot3_ws/install/nav2_msgs:/home/khanh247/software_simulation/turtlebot3_ws/install/nav2_common:/opt/ros/humble LD_LIBRARY_PATH=/home/khanh247/software_simulation/turtlebot3_ws/install/nav2_costmap_2d/lib:/home/khanh247/software_simulation/turtlebot3_ws/install/nav2_map_server/lib:/home/khanh247/software_simulation/turtlebot3_ws/install/nav2_lifecycle_manager/lib:/home/khanh247/software_simulation/turtlebot3_ws/install/nav2_behavior_tree/lib:/home/khanh247/software_simulation/turtlebot3_ws/install/nav2_util/lib:/home/khanh247/software_simulation/turtlebot3_ws/install/nav2_voxel_grid/lib:/home/khanh247/software_simulation/turtlebot3_ws/install/nav2_msgs/lib:${LD_LIBRARY_PATH} PYTHONPATH=/home/khanh247/software_simulation/turtlebot3_ws/install/nav2_msgs/local/lib/python3.10/dist-packages:/home/khanh247/software_simulation/turtlebot3_ws/install/nav2_common/local/lib/python3.10/dist-packages:${PYTHONPATH} /usr/bin/cmake --install /home/khanh247/software_simulation/turtlebot3_ws/build/nav2_behaviors
