[0.024s] Invoking command in '/home/khanh247/software_simulation/turtlebot3_ws/build/nav2_collision_monitor': AMENT_PREFIX_PATH=/home/khanh247/software_simulation/turtlebot3_ws/install/nav2_costmap_2d:/home/khanh247/software_simulation/turtlebot3_ws/install/nav2_map_server:/home/khanh247/software_simulation/turtlebot3_ws/install/nav2_lifecycle_manager:/home/khanh247/software_simulation/turtlebot3_ws/install/nav2_util:/home/khanh247/software_simulation/turtlebot3_ws/install/nav2_voxel_grid:/home/khanh247/software_simulation/turtlebot3_ws/install/nav2_msgs:/home/khanh247/software_simulation/turtlebot3_ws/install/nav2_common:${AMENT_PREFIX_PATH} CMAKE_PREFIX_PATH=/home/khanh247/software_simulation/turtlebot3_ws/install/nav2_costmap_2d:/home/khanh247/software_simulation/turtlebot3_ws/install/nav2_map_server:/home/khanh247/software_simulation/turtlebot3_ws/install/nav2_lifecycle_manager:/home/khanh247/software_simulation/turtlebot3_ws/install/nav2_util:/home/khanh247/software_simulation/turtlebot3_ws/install/nav2_voxel_grid:/home/khanh247/software_simulation/turtlebot3_ws/install/nav2_msgs:/home/khanh247/software_simulation/turtlebot3_ws/install/nav2_common:/opt/ros/humble LD_LIBRARY_PATH=/home/khanh247/software_simulation/turtlebot3_ws/install/nav2_costmap_2d/lib:/home/khanh247/software_simulation/turtlebot3_ws/install/nav2_map_server/lib:/home/khanh247/software_simulation/turtlebot3_ws/install/nav2_lifecycle_manager/lib:/home/khanh247/software_simulation/turtlebot3_ws/install/nav2_util/lib:/home/khanh247/software_simulation/turtlebot3_ws/install/nav2_voxel_grid/lib:/home/khanh247/software_simulation/turtlebot3_ws/install/nav2_msgs/lib:${LD_LIBRARY_PATH} PYTHONPATH=/home/khanh247/software_simulation/turtlebot3_ws/install/nav2_msgs/local/lib/python3.10/dist-packages:/home/khanh247/software_simulation/turtlebot3_ws/install/nav2_common/local/lib/python3.10/dist-packages:${PYTHONPATH} /usr/bin/cmake --build /home/khanh247/software_simulation/turtlebot3_ws/build/nav2_collision_monitor -- -j16 -l16
[0.069s] [  8%] Built target gtest_main
[0.071s] [ 17%] Built target gtest
[0.087s] [ 21%] [32m[1mLinking CXX shared library libcollision_monitor_core.so[0m
[3.661s] [ 56%] Built target collision_monitor_core
[3.890s] [ 60%] [32m[1mLinking CXX executable kinematics_test[0m
[3.898s] [ 65%] [32m[1mLinking CXX executable collision_monitor[0m
[3.916s] [ 69%] [32m[1mLinking CXX executable collision_monitor_node_test[0m
[3.950s] [ 73%] [32m[1mLinking CXX executable polygons_test[0m
[3.951s] [ 78%] [32m[1mLinking CXX executable sources_test[0m
[7.335s] [ 82%] Built target collision_monitor
[7.919s] [ 86%] Built target kinematics_test
[9.248s] [ 91%] Built target collision_monitor_node_test
[9.264s] [ 95%] Built target sources_test
[9.382s] [100%] Built target polygons_test
[9.473s] Invoked command in '/home/khanh247/software_simulation/turtlebot3_ws/build/nav2_collision_monitor' returned '0': AMENT_PREFIX_PATH=/home/khanh247/software_simulation/turtlebot3_ws/install/nav2_costmap_2d:/home/khanh247/software_simulation/turtlebot3_ws/install/nav2_map_server:/home/khanh247/software_simulation/turtlebot3_ws/install/nav2_lifecycle_manager:/home/khanh247/software_simulation/turtlebot3_ws/install/nav2_util:/home/khanh247/software_simulation/turtlebot3_ws/install/nav2_voxel_grid:/home/khanh247/software_simulation/turtlebot3_ws/install/nav2_msgs:/home/khanh247/software_simulation/turtlebot3_ws/install/nav2_common:${AMENT_PREFIX_PATH} CMAKE_PREFIX_PATH=/home/khanh247/software_simulation/turtlebot3_ws/install/nav2_costmap_2d:/home/khanh247/software_simulation/turtlebot3_ws/install/nav2_map_server:/home/khanh247/software_simulation/turtlebot3_ws/install/nav2_lifecycle_manager:/home/khanh247/software_simulation/turtlebot3_ws/install/nav2_util:/home/khanh247/software_simulation/turtlebot3_ws/install/nav2_voxel_grid:/home/khanh247/software_simulation/turtlebot3_ws/install/nav2_msgs:/home/khanh247/software_simulation/turtlebot3_ws/install/nav2_common:/opt/ros/humble LD_LIBRARY_PATH=/home/khanh247/software_simulation/turtlebot3_ws/install/nav2_costmap_2d/lib:/home/khanh247/software_simulation/turtlebot3_ws/install/nav2_map_server/lib:/home/khanh247/software_simulation/turtlebot3_ws/install/nav2_lifecycle_manager/lib:/home/khanh247/software_simulation/turtlebot3_ws/install/nav2_util/lib:/home/khanh247/software_simulation/turtlebot3_ws/install/nav2_voxel_grid/lib:/home/khanh247/software_simulation/turtlebot3_ws/install/nav2_msgs/lib:${LD_LIBRARY_PATH} PYTHONPATH=/home/khanh247/software_simulation/turtlebot3_ws/install/nav2_msgs/local/lib/python3.10/dist-packages:/home/khanh247/software_simulation/turtlebot3_ws/install/nav2_common/local/lib/python3.10/dist-packages:${PYTHONPATH} /usr/bin/cmake --build /home/khanh247/software_simulation/turtlebot3_ws/build/nav2_collision_monitor -- -j16 -l16
[10.178s] Invoking command in '/home/khanh247/software_simulation/turtlebot3_ws/build/nav2_collision_monitor': AMENT_PREFIX_PATH=/home/khanh247/software_simulation/turtlebot3_ws/install/nav2_costmap_2d:/home/khanh247/software_simulation/turtlebot3_ws/install/nav2_map_server:/home/khanh247/software_simulation/turtlebot3_ws/install/nav2_lifecycle_manager:/home/khanh247/software_simulation/turtlebot3_ws/install/nav2_util:/home/khanh247/software_simulation/turtlebot3_ws/install/nav2_voxel_grid:/home/khanh247/software_simulation/turtlebot3_ws/install/nav2_msgs:/home/khanh247/software_simulation/turtlebot3_ws/install/nav2_common:${AMENT_PREFIX_PATH} CMAKE_PREFIX_PATH=/home/khanh247/software_simulation/turtlebot3_ws/install/nav2_costmap_2d:/home/khanh247/software_simulation/turtlebot3_ws/install/nav2_map_server:/home/khanh247/software_simulation/turtlebot3_ws/install/nav2_lifecycle_manager:/home/khanh247/software_simulation/turtlebot3_ws/install/nav2_util:/home/khanh247/software_simulation/turtlebot3_ws/install/nav2_voxel_grid:/home/khanh247/software_simulation/turtlebot3_ws/install/nav2_msgs:/home/khanh247/software_simulation/turtlebot3_ws/install/nav2_common:/opt/ros/humble LD_LIBRARY_PATH=/home/khanh247/software_simulation/turtlebot3_ws/install/nav2_costmap_2d/lib:/home/khanh247/software_simulation/turtlebot3_ws/install/nav2_map_server/lib:/home/khanh247/software_simulation/turtlebot3_ws/install/nav2_lifecycle_manager/lib:/home/khanh247/software_simulation/turtlebot3_ws/install/nav2_util/lib:/home/khanh247/software_simulation/turtlebot3_ws/install/nav2_voxel_grid/lib:/home/khanh247/software_simulation/turtlebot3_ws/install/nav2_msgs/lib:${LD_LIBRARY_PATH} PYTHONPATH=/home/khanh247/software_simulation/turtlebot3_ws/install/nav2_msgs/local/lib/python3.10/dist-packages:/home/khanh247/software_simulation/turtlebot3_ws/install/nav2_common/local/lib/python3.10/dist-packages:${PYTHONPATH} /usr/bin/cmake --install /home/khanh247/software_simulation/turtlebot3_ws/build/nav2_collision_monitor
[10.196s] -- Install configuration: "Release"
[10.196s] -- Installing: /home/khanh247/software_simulation/turtlebot3_ws/install/nav2_collision_monitor/lib/libcollision_monitor_core.so
[10.209s] -- Set runtime path of "/home/khanh247/software_simulation/turtlebot3_ws/install/nav2_collision_monitor/lib/libcollision_monitor_core.so" to ""
[10.209s] -- Installing: /home/khanh247/software_simulation/turtlebot3_ws/install/nav2_collision_monitor/lib/nav2_collision_monitor/collision_monitor
[10.209s] -- Set runtime path of "/home/khanh247/software_simulation/turtlebot3_ws/install/nav2_collision_monitor/lib/nav2_collision_monitor/collision_monitor" to ""
[10.209s] -- Up-to-date: /home/khanh247/software_simulation/turtlebot3_ws/install/nav2_collision_monitor/include/
[10.209s] -- Up-to-date: /home/khanh247/software_simulation/turtlebot3_ws/install/nav2_collision_monitor/include//nav2_collision_monitor
[10.209s] -- Up-to-date: /home/khanh247/software_simulation/turtlebot3_ws/install/nav2_collision_monitor/include//nav2_collision_monitor/types.hpp
[10.209s] -- Up-to-date: /home/khanh247/software_simulation/turtlebot3_ws/install/nav2_collision_monitor/include//nav2_collision_monitor/source.hpp
[10.210s] -- Up-to-date: /home/khanh247/software_simulation/turtlebot3_ws/install/nav2_collision_monitor/include//nav2_collision_monitor/pointcloud.hpp
[10.211s] -- Up-to-date: /home/khanh247/software_simulation/turtlebot3_ws/install/nav2_collision_monitor/include//nav2_collision_monitor/scan.hpp
[10.211s] -- Up-to-date: /home/khanh247/software_simulation/turtlebot3_ws/install/nav2_collision_monitor/include//nav2_collision_monitor/polygon.hpp
[10.211s] -- Up-to-date: /home/khanh247/software_simulation/turtlebot3_ws/install/nav2_collision_monitor/include//nav2_collision_monitor/kinematics.hpp
[10.211s] -- Up-to-date: /home/khanh247/software_simulation/turtlebot3_ws/install/nav2_collision_monitor/include//nav2_collision_monitor/circle.hpp
[10.211s] -- Up-to-date: /home/khanh247/software_simulation/turtlebot3_ws/install/nav2_collision_monitor/include//nav2_collision_monitor/collision_monitor_node.hpp
[10.211s] -- Up-to-date: /home/khanh247/software_simulation/turtlebot3_ws/install/nav2_collision_monitor/include//nav2_collision_monitor/range.hpp
[10.211s] -- Up-to-date: /home/khanh247/software_simulation/turtlebot3_ws/install/nav2_collision_monitor/share/nav2_collision_monitor/launch
[10.211s] -- Up-to-date: /home/khanh247/software_simulation/turtlebot3_ws/install/nav2_collision_monitor/share/nav2_collision_monitor/launch/collision_monitor_node.launch.py
[10.211s] -- Up-to-date: /home/khanh247/software_simulation/turtlebot3_ws/install/nav2_collision_monitor/share/nav2_collision_monitor/params
[10.211s] -- Up-to-date: /home/khanh247/software_simulation/turtlebot3_ws/install/nav2_collision_monitor/share/nav2_collision_monitor/params/collision_monitor_params.yaml
[10.211s] -- Up-to-date: /home/khanh247/software_simulation/turtlebot3_ws/install/nav2_collision_monitor/share/nav2_collision_monitor/environment/library_path.sh
[10.211s] -- Up-to-date: /home/khanh247/software_simulation/turtlebot3_ws/install/nav2_collision_monitor/share/nav2_collision_monitor/environment/library_path.dsv
[10.212s] -- Up-to-date: /home/khanh247/software_simulation/turtlebot3_ws/install/nav2_collision_monitor/share/ament_index/resource_index/package_run_dependencies/nav2_collision_monitor
[10.212s] -- Up-to-date: /home/khanh247/software_simulation/turtlebot3_ws/install/nav2_collision_monitor/share/ament_index/resource_index/parent_prefix_path/nav2_collision_monitor
[10.212s] -- Up-to-date: /home/khanh247/software_simulation/turtlebot3_ws/install/nav2_collision_monitor/share/nav2_collision_monitor/environment/ament_prefix_path.sh
[10.212s] -- Up-to-date: /home/khanh247/software_simulation/turtlebot3_ws/install/nav2_collision_monitor/share/nav2_collision_monitor/environment/ament_prefix_path.dsv
[10.212s] -- Up-to-date: /home/khanh247/software_simulation/turtlebot3_ws/install/nav2_collision_monitor/share/nav2_collision_monitor/environment/path.sh
[10.212s] -- Up-to-date: /home/khanh247/software_simulation/turtlebot3_ws/install/nav2_collision_monitor/share/nav2_collision_monitor/environment/path.dsv
[10.212s] -- Up-to-date: /home/khanh247/software_simulation/turtlebot3_ws/install/nav2_collision_monitor/share/nav2_collision_monitor/local_setup.bash
[10.212s] -- Up-to-date: /home/khanh247/software_simulation/turtlebot3_ws/install/nav2_collision_monitor/share/nav2_collision_monitor/local_setup.sh
[10.212s] -- Up-to-date: /home/khanh247/software_simulation/turtlebot3_ws/install/nav2_collision_monitor/share/nav2_collision_monitor/local_setup.zsh
[10.212s] -- Up-to-date: /home/khanh247/software_simulation/turtlebot3_ws/install/nav2_collision_monitor/share/nav2_collision_monitor/local_setup.dsv
[10.212s] -- Installing: /home/khanh247/software_simulation/turtlebot3_ws/install/nav2_collision_monitor/share/nav2_collision_monitor/package.dsv
[10.212s] -- Up-to-date: /home/khanh247/software_simulation/turtlebot3_ws/install/nav2_collision_monitor/share/ament_index/resource_index/packages/nav2_collision_monitor
[10.212s] -- Up-to-date: /home/khanh247/software_simulation/turtlebot3_ws/install/nav2_collision_monitor/share/ament_index/resource_index/rclcpp_components/nav2_collision_monitor
[10.212s] -- Up-to-date: /home/khanh247/software_simulation/turtlebot3_ws/install/nav2_collision_monitor/share/nav2_collision_monitor/cmake/ament_cmake_export_include_directories-extras.cmake
[10.213s] -- Up-to-date: /home/khanh247/software_simulation/turtlebot3_ws/install/nav2_collision_monitor/share/nav2_collision_monitor/cmake/ament_cmake_export_libraries-extras.cmake
[10.213s] -- Up-to-date: /home/khanh247/software_simulation/turtlebot3_ws/install/nav2_collision_monitor/share/nav2_collision_monitor/cmake/ament_cmake_export_dependencies-extras.cmake
[10.213s] -- Up-to-date: /home/khanh247/software_simulation/turtlebot3_ws/install/nav2_collision_monitor/share/nav2_collision_monitor/cmake/nav2_collision_monitorConfig.cmake
[10.213s] -- Up-to-date: /home/khanh247/software_simulation/turtlebot3_ws/install/nav2_collision_monitor/share/nav2_collision_monitor/cmake/nav2_collision_monitorConfig-version.cmake
[10.213s] -- Up-to-date: /home/khanh247/software_simulation/turtlebot3_ws/install/nav2_collision_monitor/share/nav2_collision_monitor/package.xml
[10.242s] Invoked command in '/home/khanh247/software_simulation/turtlebot3_ws/build/nav2_collision_monitor' returned '0': AMENT_PREFIX_PATH=/home/khanh247/software_simulation/turtlebot3_ws/install/nav2_costmap_2d:/home/khanh247/software_simulation/turtlebot3_ws/install/nav2_map_server:/home/khanh247/software_simulation/turtlebot3_ws/install/nav2_lifecycle_manager:/home/khanh247/software_simulation/turtlebot3_ws/install/nav2_util:/home/khanh247/software_simulation/turtlebot3_ws/install/nav2_voxel_grid:/home/khanh247/software_simulation/turtlebot3_ws/install/nav2_msgs:/home/khanh247/software_simulation/turtlebot3_ws/install/nav2_common:${AMENT_PREFIX_PATH} CMAKE_PREFIX_PATH=/home/khanh247/software_simulation/turtlebot3_ws/install/nav2_costmap_2d:/home/khanh247/software_simulation/turtlebot3_ws/install/nav2_map_server:/home/khanh247/software_simulation/turtlebot3_ws/install/nav2_lifecycle_manager:/home/khanh247/software_simulation/turtlebot3_ws/install/nav2_util:/home/khanh247/software_simulation/turtlebot3_ws/install/nav2_voxel_grid:/home/khanh247/software_simulation/turtlebot3_ws/install/nav2_msgs:/home/khanh247/software_simulation/turtlebot3_ws/install/nav2_common:/opt/ros/humble LD_LIBRARY_PATH=/home/khanh247/software_simulation/turtlebot3_ws/install/nav2_costmap_2d/lib:/home/khanh247/software_simulation/turtlebot3_ws/install/nav2_map_server/lib:/home/khanh247/software_simulation/turtlebot3_ws/install/nav2_lifecycle_manager/lib:/home/khanh247/software_simulation/turtlebot3_ws/install/nav2_util/lib:/home/khanh247/software_simulation/turtlebot3_ws/install/nav2_voxel_grid/lib:/home/khanh247/software_simulation/turtlebot3_ws/install/nav2_msgs/lib:${LD_LIBRARY_PATH} PYTHONPATH=/home/khanh247/software_simulation/turtlebot3_ws/install/nav2_msgs/local/lib/python3.10/dist-packages:/home/khanh247/software_simulation/turtlebot3_ws/install/nav2_common/local/lib/python3.10/dist-packages:${PYTHONPATH} /usr/bin/cmake --install /home/khanh247/software_simulation/turtlebot3_ws/build/nav2_collision_monitor
