[  4%] [32m[1mLinking CXX shared library libcontroller_server_core.so[0m
[  9%] [32m[1mLinking CXX shared library libsimple_goal_checker.so[0m
[ 13%] [32m[1mLinking CXX shared library libsimple_progress_checker.so[0m
[ 22%] Built target gtest_main
[ 31%] Built target gtest
[ 36%] Built target simple_goal_checker
[ 40%] [32m[1mLinking CXX shared library libstopped_goal_checker.so[0m
[ 45%] Built target simple_progress_checker
[ 50%] [32m[1mLinking CXX shared library libpose_progress_checker.so[0m
[ 54%] Built target stopped_goal_checker
[ 59%] [32m[1mLinking CXX executable gctest[0m
[ 63%] Built target pose_progress_checker
[ 68%] [32m[1mLinking CXX executable pctest[0m
[ 72%] Built target controller_server_core
[ 77%] [32m[1mLinking CXX executable controller_server[0m
[ 81%] [32m[1mLinking CXX executable test_dynamic_parameters[0m
[ 86%] Built target pctest
[ 90%] Built target gctest
[ 95%] Built target controller_server
[100%] Built target test_dynamic_parameters
-- Install configuration: "Release"
-- Installing: /home/khanh247/software_simulation/turtlebot3_ws/install/nav2_controller/lib/libsimple_progress_checker.so
-- Set runtime path of "/home/khanh247/software_simulation/turtlebot3_ws/install/nav2_controller/lib/libsimple_progress_checker.so" to ""
-- Installing: /home/khanh247/software_simulation/turtlebot3_ws/install/nav2_controller/lib/libpose_progress_checker.so
-- Set runtime path of "/home/khanh247/software_simulation/turtlebot3_ws/install/nav2_controller/lib/libpose_progress_checker.so" to ""
-- Installing: /home/khanh247/software_simulation/turtlebot3_ws/install/nav2_controller/lib/libsimple_goal_checker.so
-- Set runtime path of "/home/khanh247/software_simulation/turtlebot3_ws/install/nav2_controller/lib/libsimple_goal_checker.so" to ""
-- Installing: /home/khanh247/software_simulation/turtlebot3_ws/install/nav2_controller/lib/libstopped_goal_checker.so
-- Set runtime path of "/home/khanh247/software_simulation/turtlebot3_ws/install/nav2_controller/lib/libstopped_goal_checker.so" to ""
-- Installing: /home/khanh247/software_simulation/turtlebot3_ws/install/nav2_controller/lib/libcontroller_server_core.so
-- Set runtime path of "/home/khanh247/software_simulation/turtlebot3_ws/install/nav2_controller/lib/libcontroller_server_core.so" to ""
-- Installing: /home/khanh247/software_simulation/turtlebot3_ws/install/nav2_controller/lib/nav2_controller/controller_server
-- Set runtime path of "/home/khanh247/software_simulation/turtlebot3_ws/install/nav2_controller/lib/nav2_controller/controller_server" to ""
-- Up-to-date: /home/khanh247/software_simulation/turtlebot3_ws/install/nav2_controller/include/
-- Up-to-date: /home/khanh247/software_simulation/turtlebot3_ws/install/nav2_controller/include//nav2_controller
-- Up-to-date: /home/khanh247/software_simulation/turtlebot3_ws/install/nav2_controller/include//nav2_controller/controller_server.hpp
-- Up-to-date: /home/khanh247/software_simulation/turtlebot3_ws/install/nav2_controller/include//nav2_controller/plugins
-- Up-to-date: /home/khanh247/software_simulation/turtlebot3_ws/install/nav2_controller/include//nav2_controller/plugins/pose_progress_checker.hpp
-- Up-to-date: /home/khanh247/software_simulation/turtlebot3_ws/install/nav2_controller/include//nav2_controller/plugins/simple_goal_checker.hpp
-- Up-to-date: /home/khanh247/software_simulation/turtlebot3_ws/install/nav2_controller/include//nav2_controller/plugins/simple_progress_checker.hpp
-- Up-to-date: /home/khanh247/software_simulation/turtlebot3_ws/install/nav2_controller/include//nav2_controller/plugins/stopped_goal_checker.hpp
-- Up-to-date: /home/khanh247/software_simulation/turtlebot3_ws/install/nav2_controller/share/nav2_controller/environment/library_path.sh
-- Up-to-date: /home/khanh247/software_simulation/turtlebot3_ws/install/nav2_controller/share/nav2_controller/environment/library_path.dsv
-- Up-to-date: /home/khanh247/software_simulation/turtlebot3_ws/install/nav2_controller/share/nav2_controller/plugins.xml
-- Up-to-date: /home/khanh247/software_simulation/turtlebot3_ws/install/nav2_controller/share/ament_index/resource_index/package_run_dependencies/nav2_controller
-- Up-to-date: /home/khanh247/software_simulation/turtlebot3_ws/install/nav2_controller/share/ament_index/resource_index/parent_prefix_path/nav2_controller
-- Up-to-date: /home/khanh247/software_simulation/turtlebot3_ws/install/nav2_controller/share/nav2_controller/environment/ament_prefix_path.sh
-- Up-to-date: /home/khanh247/software_simulation/turtlebot3_ws/install/nav2_controller/share/nav2_controller/environment/ament_prefix_path.dsv
-- Up-to-date: /home/khanh247/software_simulation/turtlebot3_ws/install/nav2_controller/share/nav2_controller/environment/path.sh
-- Up-to-date: /home/khanh247/software_simulation/turtlebot3_ws/install/nav2_controller/share/nav2_controller/environment/path.dsv
-- Up-to-date: /home/khanh247/software_simulation/turtlebot3_ws/install/nav2_controller/share/nav2_controller/local_setup.bash
-- Up-to-date: /home/khanh247/software_simulation/turtlebot3_ws/install/nav2_controller/share/nav2_controller/local_setup.sh
-- Up-to-date: /home/khanh247/software_simulation/turtlebot3_ws/install/nav2_controller/share/nav2_controller/local_setup.zsh
-- Up-to-date: /home/khanh247/software_simulation/turtlebot3_ws/install/nav2_controller/share/nav2_controller/local_setup.dsv
-- Installing: /home/khanh247/software_simulation/turtlebot3_ws/install/nav2_controller/share/nav2_controller/package.dsv
-- Up-to-date: /home/khanh247/software_simulation/turtlebot3_ws/install/nav2_controller/share/ament_index/resource_index/packages/nav2_controller
-- Up-to-date: /home/khanh247/software_simulation/turtlebot3_ws/install/nav2_controller/share/ament_index/resource_index/nav2_core__pluginlib__plugin/nav2_controller
-- Up-to-date: /home/khanh247/software_simulation/turtlebot3_ws/install/nav2_controller/share/ament_index/resource_index/rclcpp_components/nav2_controller
-- Up-to-date: /home/khanh247/software_simulation/turtlebot3_ws/install/nav2_controller/share/nav2_controller/cmake/ament_cmake_export_include_directories-extras.cmake
-- Up-to-date: /home/khanh247/software_simulation/turtlebot3_ws/install/nav2_controller/share/nav2_controller/cmake/ament_cmake_export_libraries-extras.cmake
-- Up-to-date: /home/khanh247/software_simulation/turtlebot3_ws/install/nav2_controller/share/nav2_controller/cmake/ament_cmake_export_dependencies-extras.cmake
-- Up-to-date: /home/khanh247/software_simulation/turtlebot3_ws/install/nav2_controller/share/nav2_controller/cmake/nav2_controllerConfig.cmake
-- Up-to-date: /home/khanh247/software_simulation/turtlebot3_ws/install/nav2_controller/share/nav2_controller/cmake/nav2_controllerConfig-version.cmake
-- Up-to-date: /home/khanh247/software_simulation/turtlebot3_ws/install/nav2_controller/share/nav2_controller/package.xml
