[0.126s] Invoking command in '/home/khanh247/software_simulation/turtlebot3_ws/build/nav2_controller': AMENT_PREFIX_PATH=/home/khanh247/software_simulation/turtlebot3_ws/install/nav2_core:/home/khanh247/software_simulation/turtlebot3_ws/install/nav2_costmap_2d:/home/khanh247/software_simulation/turtlebot3_ws/install/nav_2d_utils:/home/khanh247/software_simulation/turtlebot3_ws/install/nav2_map_server:/home/khanh247/software_simulation/turtlebot3_ws/install/nav2_lifecycle_manager:/home/khanh247/software_simulation/turtlebot3_ws/install/nav2_util:/home/khanh247/software_simulation/turtlebot3_ws/install/nav2_voxel_grid:/home/khanh247/software_simulation/turtlebot3_ws/install/nav2_msgs:/home/khanh247/software_simulation/turtlebot3_ws/install/nav_2d_msgs:/home/khanh247/software_simulation/turtlebot3_ws/install/nav2_common:${AMENT_PREFIX_PATH} CMAKE_PREFIX_PATH=/home/khanh247/software_simulation/turtlebot3_ws/install/nav2_core:/home/khanh247/software_simulation/turtlebot3_ws/install/nav2_costmap_2d:/home/khanh247/software_simulation/turtlebot3_ws/install/nav_2d_utils:/home/khanh247/software_simulation/turtlebot3_ws/install/nav2_map_server:/home/khanh247/software_simulation/turtlebot3_ws/install/nav2_lifecycle_manager:/home/khanh247/software_simulation/turtlebot3_ws/install/nav2_util:/home/khanh247/software_simulation/turtlebot3_ws/install/nav2_voxel_grid:/home/khanh247/software_simulation/turtlebot3_ws/install/nav2_msgs:/home/khanh247/software_simulation/turtlebot3_ws/install/nav_2d_msgs:/home/khanh247/software_simulation/turtlebot3_ws/install/nav2_common:/opt/ros/humble LD_LIBRARY_PATH=/home/khanh247/software_simulation/turtlebot3_ws/install/nav2_costmap_2d/lib:/home/khanh247/software_simulation/turtlebot3_ws/install/nav_2d_utils/lib:/home/khanh247/software_simulation/turtlebot3_ws/install/nav2_map_server/lib:/home/khanh247/software_simulation/turtlebot3_ws/install/nav2_lifecycle_manager/lib:/home/khanh247/software_simulation/turtlebot3_ws/install/nav2_util/lib:/home/khanh247/software_simulation/turtlebot3_ws/install/nav2_voxel_grid/lib:/home/khanh247/software_simulation/turtlebot3_ws/install/nav2_msgs/lib:/home/khanh247/software_simulation/turtlebot3_ws/install/nav_2d_msgs/lib:${LD_LIBRARY_PATH} PYTHONPATH=/home/khanh247/software_simulation/turtlebot3_ws/install/nav2_msgs/local/lib/python3.10/dist-packages:/home/khanh247/software_simulation/turtlebot3_ws/install/nav_2d_msgs/local/lib/python3.10/dist-packages:/home/khanh247/software_simulation/turtlebot3_ws/install/nav2_common/local/lib/python3.10/dist-packages:${PYTHONPATH} /usr/bin/cmake --build /home/khanh247/software_simulation/turtlebot3_ws/build/nav2_controller -- -j16 -l16
[0.288s] [  4%] [32m[1mLinking CXX shared library libcontroller_server_core.so[0m
[0.299s] [  9%] [32m[1mLinking CXX shared library libsimple_goal_checker.so[0m
[0.316s] [ 13%] [32m[1mLinking CXX shared library libsimple_progress_checker.so[0m
[0.377s] [ 22%] Built target gtest_main
[0.380s] [ 31%] Built target gtest
[1.319s] [ 36%] Built target simple_goal_checker
[1.517s] [ 40%] [32m[1mLinking CXX shared library libstopped_goal_checker.so[0m
[2.101s] [ 45%] Built target simple_progress_checker
[2.346s] [ 50%] [32m[1mLinking CXX shared library libpose_progress_checker.so[0m
[2.581s] [ 54%] Built target stopped_goal_checker
[2.822s] [ 59%] [32m[1mLinking CXX executable gctest[0m
[4.200s] [ 63%] Built target pose_progress_checker
[4.470s] [ 68%] [32m[1mLinking CXX executable pctest[0m
[5.391s] [ 72%] Built target controller_server_core
[5.619s] [ 77%] [32m[1mLinking CXX executable controller_server[0m
[5.639s] [ 81%] [32m[1mLinking CXX executable test_dynamic_parameters[0m
[6.331s] [ 86%] Built target pctest
[6.625s] [ 90%] Built target gctest
[9.046s] [ 95%] Built target controller_server
[9.989s] [100%] Built target test_dynamic_parameters
[10.057s] Invoked command in '/home/khanh247/software_simulation/turtlebot3_ws/build/nav2_controller' returned '0': AMENT_PREFIX_PATH=/home/khanh247/software_simulation/turtlebot3_ws/install/nav2_core:/home/khanh247/software_simulation/turtlebot3_ws/install/nav2_costmap_2d:/home/khanh247/software_simulation/turtlebot3_ws/install/nav_2d_utils:/home/khanh247/software_simulation/turtlebot3_ws/install/nav2_map_server:/home/khanh247/software_simulation/turtlebot3_ws/install/nav2_lifecycle_manager:/home/khanh247/software_simulation/turtlebot3_ws/install/nav2_util:/home/khanh247/software_simulation/turtlebot3_ws/install/nav2_voxel_grid:/home/khanh247/software_simulation/turtlebot3_ws/install/nav2_msgs:/home/khanh247/software_simulation/turtlebot3_ws/install/nav_2d_msgs:/home/khanh247/software_simulation/turtlebot3_ws/install/nav2_common:${AMENT_PREFIX_PATH} CMAKE_PREFIX_PATH=/home/khanh247/software_simulation/turtlebot3_ws/install/nav2_core:/home/khanh247/software_simulation/turtlebot3_ws/install/nav2_costmap_2d:/home/khanh247/software_simulation/turtlebot3_ws/install/nav_2d_utils:/home/khanh247/software_simulation/turtlebot3_ws/install/nav2_map_server:/home/khanh247/software_simulation/turtlebot3_ws/install/nav2_lifecycle_manager:/home/khanh247/software_simulation/turtlebot3_ws/install/nav2_util:/home/khanh247/software_simulation/turtlebot3_ws/install/nav2_voxel_grid:/home/khanh247/software_simulation/turtlebot3_ws/install/nav2_msgs:/home/khanh247/software_simulation/turtlebot3_ws/install/nav_2d_msgs:/home/khanh247/software_simulation/turtlebot3_ws/install/nav2_common:/opt/ros/humble LD_LIBRARY_PATH=/home/khanh247/software_simulation/turtlebot3_ws/install/nav2_costmap_2d/lib:/home/khanh247/software_simulation/turtlebot3_ws/install/nav_2d_utils/lib:/home/khanh247/software_simulation/turtlebot3_ws/install/nav2_map_server/lib:/home/khanh247/software_simulation/turtlebot3_ws/install/nav2_lifecycle_manager/lib:/home/khanh247/software_simulation/turtlebot3_ws/install/nav2_util/lib:/home/khanh247/software_simulation/turtlebot3_ws/install/nav2_voxel_grid/lib:/home/khanh247/software_simulation/turtlebot3_ws/install/nav2_msgs/lib:/home/khanh247/software_simulation/turtlebot3_ws/install/nav_2d_msgs/lib:${LD_LIBRARY_PATH} PYTHONPATH=/home/khanh247/software_simulation/turtlebot3_ws/install/nav2_msgs/local/lib/python3.10/dist-packages:/home/khanh247/software_simulation/turtlebot3_ws/install/nav_2d_msgs/local/lib/python3.10/dist-packages:/home/khanh247/software_simulation/turtlebot3_ws/install/nav2_common/local/lib/python3.10/dist-packages:${PYTHONPATH} /usr/bin/cmake --build /home/khanh247/software_simulation/turtlebot3_ws/build/nav2_controller -- -j16 -l16
[10.445s] Invoking command in '/home/khanh247/software_simulation/turtlebot3_ws/build/nav2_controller': AMENT_PREFIX_PATH=/home/khanh247/software_simulation/turtlebot3_ws/install/nav2_core:/home/khanh247/software_simulation/turtlebot3_ws/install/nav2_costmap_2d:/home/khanh247/software_simulation/turtlebot3_ws/install/nav_2d_utils:/home/khanh247/software_simulation/turtlebot3_ws/install/nav2_map_server:/home/khanh247/software_simulation/turtlebot3_ws/install/nav2_lifecycle_manager:/home/khanh247/software_simulation/turtlebot3_ws/install/nav2_util:/home/khanh247/software_simulation/turtlebot3_ws/install/nav2_voxel_grid:/home/khanh247/software_simulation/turtlebot3_ws/install/nav2_msgs:/home/khanh247/software_simulation/turtlebot3_ws/install/nav_2d_msgs:/home/khanh247/software_simulation/turtlebot3_ws/install/nav2_common:${AMENT_PREFIX_PATH} CMAKE_PREFIX_PATH=/home/khanh247/software_simulation/turtlebot3_ws/install/nav2_core:/home/khanh247/software_simulation/turtlebot3_ws/install/nav2_costmap_2d:/home/khanh247/software_simulation/turtlebot3_ws/install/nav_2d_utils:/home/khanh247/software_simulation/turtlebot3_ws/install/nav2_map_server:/home/khanh247/software_simulation/turtlebot3_ws/install/nav2_lifecycle_manager:/home/khanh247/software_simulation/turtlebot3_ws/install/nav2_util:/home/khanh247/software_simulation/turtlebot3_ws/install/nav2_voxel_grid:/home/khanh247/software_simulation/turtlebot3_ws/install/nav2_msgs:/home/khanh247/software_simulation/turtlebot3_ws/install/nav_2d_msgs:/home/khanh247/software_simulation/turtlebot3_ws/install/nav2_common:/opt/ros/humble LD_LIBRARY_PATH=/home/khanh247/software_simulation/turtlebot3_ws/install/nav2_costmap_2d/lib:/home/khanh247/software_simulation/turtlebot3_ws/install/nav_2d_utils/lib:/home/khanh247/software_simulation/turtlebot3_ws/install/nav2_map_server/lib:/home/khanh247/software_simulation/turtlebot3_ws/install/nav2_lifecycle_manager/lib:/home/khanh247/software_simulation/turtlebot3_ws/install/nav2_util/lib:/home/khanh247/software_simulation/turtlebot3_ws/install/nav2_voxel_grid/lib:/home/khanh247/software_simulation/turtlebot3_ws/install/nav2_msgs/lib:/home/khanh247/software_simulation/turtlebot3_ws/install/nav_2d_msgs/lib:${LD_LIBRARY_PATH} PYTHONPATH=/home/khanh247/software_simulation/turtlebot3_ws/install/nav2_msgs/local/lib/python3.10/dist-packages:/home/khanh247/software_simulation/turtlebot3_ws/install/nav_2d_msgs/local/lib/python3.10/dist-packages:/home/khanh247/software_simulation/turtlebot3_ws/install/nav2_common/local/lib/python3.10/dist-packages:${PYTHONPATH} /usr/bin/cmake --install /home/khanh247/software_simulation/turtlebot3_ws/build/nav2_controller
[10.510s] -- Install configuration: "Release"
[10.510s] -- Installing: /home/khanh247/software_simulation/turtlebot3_ws/install/nav2_controller/lib/libsimple_progress_checker.so
[10.511s] -- Set runtime path of "/home/khanh247/software_simulation/turtlebot3_ws/install/nav2_controller/lib/libsimple_progress_checker.so" to ""
[10.511s] -- Installing: /home/khanh247/software_simulation/turtlebot3_ws/install/nav2_controller/lib/libpose_progress_checker.so
[10.511s] -- Set runtime path of "/home/khanh247/software_simulation/turtlebot3_ws/install/nav2_controller/lib/libpose_progress_checker.so" to ""
[10.512s] -- Installing: /home/khanh247/software_simulation/turtlebot3_ws/install/nav2_controller/lib/libsimple_goal_checker.so
[10.512s] -- Set runtime path of "/home/khanh247/software_simulation/turtlebot3_ws/install/nav2_controller/lib/libsimple_goal_checker.so" to ""
[10.512s] -- Installing: /home/khanh247/software_simulation/turtlebot3_ws/install/nav2_controller/lib/libstopped_goal_checker.so
[10.513s] -- Set runtime path of "/home/khanh247/software_simulation/turtlebot3_ws/install/nav2_controller/lib/libstopped_goal_checker.so" to ""
[10.513s] -- Installing: /home/khanh247/software_simulation/turtlebot3_ws/install/nav2_controller/lib/libcontroller_server_core.so
[10.530s] -- Set runtime path of "/home/khanh247/software_simulation/turtlebot3_ws/install/nav2_controller/lib/libcontroller_server_core.so" to ""
[10.531s] -- Installing: /home/khanh247/software_simulation/turtlebot3_ws/install/nav2_controller/lib/nav2_controller/controller_server
[10.531s] -- Set runtime path of "/home/khanh247/software_simulation/turtlebot3_ws/install/nav2_controller/lib/nav2_controller/controller_server" to ""
[10.531s] -- Up-to-date: /home/khanh247/software_simulation/turtlebot3_ws/install/nav2_controller/include/
[10.531s] -- Up-to-date: /home/khanh247/software_simulation/turtlebot3_ws/install/nav2_controller/include//nav2_controller
[10.532s] -- Up-to-date: /home/khanh247/software_simulation/turtlebot3_ws/install/nav2_controller/include//nav2_controller/controller_server.hpp
[10.532s] -- Up-to-date: /home/khanh247/software_simulation/turtlebot3_ws/install/nav2_controller/include//nav2_controller/plugins
[10.532s] -- Up-to-date: /home/khanh247/software_simulation/turtlebot3_ws/install/nav2_controller/include//nav2_controller/plugins/pose_progress_checker.hpp
[10.532s] -- Up-to-date: /home/khanh247/software_simulation/turtlebot3_ws/install/nav2_controller/include//nav2_controller/plugins/simple_goal_checker.hpp
[10.532s] -- Up-to-date: /home/khanh247/software_simulation/turtlebot3_ws/install/nav2_controller/include//nav2_controller/plugins/simple_progress_checker.hpp
[10.532s] -- Up-to-date: /home/khanh247/software_simulation/turtlebot3_ws/install/nav2_controller/include//nav2_controller/plugins/stopped_goal_checker.hpp
[10.532s] -- Up-to-date: /home/khanh247/software_simulation/turtlebot3_ws/install/nav2_controller/share/nav2_controller/environment/library_path.sh
[10.532s] -- Up-to-date: /home/khanh247/software_simulation/turtlebot3_ws/install/nav2_controller/share/nav2_controller/environment/library_path.dsv
[10.532s] -- Up-to-date: /home/khanh247/software_simulation/turtlebot3_ws/install/nav2_controller/share/nav2_controller/plugins.xml
[10.532s] -- Up-to-date: /home/khanh247/software_simulation/turtlebot3_ws/install/nav2_controller/share/ament_index/resource_index/package_run_dependencies/nav2_controller
[10.533s] -- Up-to-date: /home/khanh247/software_simulation/turtlebot3_ws/install/nav2_controller/share/ament_index/resource_index/parent_prefix_path/nav2_controller
[10.533s] -- Up-to-date: /home/khanh247/software_simulation/turtlebot3_ws/install/nav2_controller/share/nav2_controller/environment/ament_prefix_path.sh
[10.533s] -- Up-to-date: /home/khanh247/software_simulation/turtlebot3_ws/install/nav2_controller/share/nav2_controller/environment/ament_prefix_path.dsv
[10.533s] -- Up-to-date: /home/khanh247/software_simulation/turtlebot3_ws/install/nav2_controller/share/nav2_controller/environment/path.sh
[10.533s] -- Up-to-date: /home/khanh247/software_simulation/turtlebot3_ws/install/nav2_controller/share/nav2_controller/environment/path.dsv
[10.533s] -- Up-to-date: /home/khanh247/software_simulation/turtlebot3_ws/install/nav2_controller/share/nav2_controller/local_setup.bash
[10.533s] -- Up-to-date: /home/khanh247/software_simulation/turtlebot3_ws/install/nav2_controller/share/nav2_controller/local_setup.sh
[10.533s] -- Up-to-date: /home/khanh247/software_simulation/turtlebot3_ws/install/nav2_controller/share/nav2_controller/local_setup.zsh
[10.533s] -- Up-to-date: /home/khanh247/software_simulation/turtlebot3_ws/install/nav2_controller/share/nav2_controller/local_setup.dsv
[10.533s] -- Installing: /home/khanh247/software_simulation/turtlebot3_ws/install/nav2_controller/share/nav2_controller/package.dsv
[10.533s] -- Up-to-date: /home/khanh247/software_simulation/turtlebot3_ws/install/nav2_controller/share/ament_index/resource_index/packages/nav2_controller
[10.533s] -- Up-to-date: /home/khanh247/software_simulation/turtlebot3_ws/install/nav2_controller/share/ament_index/resource_index/nav2_core__pluginlib__plugin/nav2_controller
[10.534s] -- Up-to-date: /home/khanh247/software_simulation/turtlebot3_ws/install/nav2_controller/share/ament_index/resource_index/rclcpp_components/nav2_controller
[10.534s] -- Up-to-date: /home/khanh247/software_simulation/turtlebot3_ws/install/nav2_controller/share/nav2_controller/cmake/ament_cmake_export_include_directories-extras.cmake
[10.534s] -- Up-to-date: /home/khanh247/software_simulation/turtlebot3_ws/install/nav2_controller/share/nav2_controller/cmake/ament_cmake_export_libraries-extras.cmake
[10.534s] -- Up-to-date: /home/khanh247/software_simulation/turtlebot3_ws/install/nav2_controller/share/nav2_controller/cmake/ament_cmake_export_dependencies-extras.cmake
[10.534s] -- Up-to-date: /home/khanh247/software_simulation/turtlebot3_ws/install/nav2_controller/share/nav2_controller/cmake/nav2_controllerConfig.cmake
[10.534s] -- Up-to-date: /home/khanh247/software_simulation/turtlebot3_ws/install/nav2_controller/share/nav2_controller/cmake/nav2_controllerConfig-version.cmake
[10.534s] -- Up-to-date: /home/khanh247/software_simulation/turtlebot3_ws/install/nav2_controller/share/nav2_controller/package.xml
[10.619s] Invoked command in '/home/khanh247/software_simulation/turtlebot3_ws/build/nav2_controller' returned '0': AMENT_PREFIX_PATH=/home/khanh247/software_simulation/turtlebot3_ws/install/nav2_core:/home/khanh247/software_simulation/turtlebot3_ws/install/nav2_costmap_2d:/home/khanh247/software_simulation/turtlebot3_ws/install/nav_2d_utils:/home/khanh247/software_simulation/turtlebot3_ws/install/nav2_map_server:/home/khanh247/software_simulation/turtlebot3_ws/install/nav2_lifecycle_manager:/home/khanh247/software_simulation/turtlebot3_ws/install/nav2_util:/home/khanh247/software_simulation/turtlebot3_ws/install/nav2_voxel_grid:/home/khanh247/software_simulation/turtlebot3_ws/install/nav2_msgs:/home/khanh247/software_simulation/turtlebot3_ws/install/nav_2d_msgs:/home/khanh247/software_simulation/turtlebot3_ws/install/nav2_common:${AMENT_PREFIX_PATH} CMAKE_PREFIX_PATH=/home/khanh247/software_simulation/turtlebot3_ws/install/nav2_core:/home/khanh247/software_simulation/turtlebot3_ws/install/nav2_costmap_2d:/home/khanh247/software_simulation/turtlebot3_ws/install/nav_2d_utils:/home/khanh247/software_simulation/turtlebot3_ws/install/nav2_map_server:/home/khanh247/software_simulation/turtlebot3_ws/install/nav2_lifecycle_manager:/home/khanh247/software_simulation/turtlebot3_ws/install/nav2_util:/home/khanh247/software_simulation/turtlebot3_ws/install/nav2_voxel_grid:/home/khanh247/software_simulation/turtlebot3_ws/install/nav2_msgs:/home/khanh247/software_simulation/turtlebot3_ws/install/nav_2d_msgs:/home/khanh247/software_simulation/turtlebot3_ws/install/nav2_common:/opt/ros/humble LD_LIBRARY_PATH=/home/khanh247/software_simulation/turtlebot3_ws/install/nav2_costmap_2d/lib:/home/khanh247/software_simulation/turtlebot3_ws/install/nav_2d_utils/lib:/home/khanh247/software_simulation/turtlebot3_ws/install/nav2_map_server/lib:/home/khanh247/software_simulation/turtlebot3_ws/install/nav2_lifecycle_manager/lib:/home/khanh247/software_simulation/turtlebot3_ws/install/nav2_util/lib:/home/khanh247/software_simulation/turtlebot3_ws/install/nav2_voxel_grid/lib:/home/khanh247/software_simulation/turtlebot3_ws/install/nav2_msgs/lib:/home/khanh247/software_simulation/turtlebot3_ws/install/nav_2d_msgs/lib:${LD_LIBRARY_PATH} PYTHONPATH=/home/khanh247/software_simulation/turtlebot3_ws/install/nav2_msgs/local/lib/python3.10/dist-packages:/home/khanh247/software_simulation/turtlebot3_ws/install/nav_2d_msgs/local/lib/python3.10/dist-packages:/home/khanh247/software_simulation/turtlebot3_ws/install/nav2_common/local/lib/python3.10/dist-packages:${PYTHONPATH} /usr/bin/cmake --install /home/khanh247/software_simulation/turtlebot3_ws/build/nav2_controller
