[0.028s] Invoking command in '/home/khanh247/software_simulation/turtlebot3_ws/build/nav2_costmap_2d': AMENT_PREFIX_PATH=/home/khanh247/software_simulation/turtlebot3_ws/install/nav2_map_server:/home/khanh247/software_simulation/turtlebot3_ws/install/nav2_lifecycle_manager:/home/khanh247/software_simulation/turtlebot3_ws/install/nav2_util:/home/khanh247/software_simulation/turtlebot3_ws/install/nav2_voxel_grid:/home/khanh247/software_simulation/turtlebot3_ws/install/nav2_msgs:/home/khanh247/software_simulation/turtlebot3_ws/install/nav2_common:${AMENT_PREFIX_PATH} CMAKE_PREFIX_PATH=/home/khanh247/software_simulation/turtlebot3_ws/install/nav2_map_server:/home/khanh247/software_simulation/turtlebot3_ws/install/nav2_lifecycle_manager:/home/khanh247/software_simulation/turtlebot3_ws/install/nav2_util:/home/khanh247/software_simulation/turtlebot3_ws/install/nav2_voxel_grid:/home/khanh247/software_simulation/turtlebot3_ws/install/nav2_msgs:/home/khanh247/software_simulation/turtlebot3_ws/install/nav2_common:/opt/ros/humble LD_LIBRARY_PATH=/home/khanh247/software_simulation/turtlebot3_ws/install/nav2_map_server/lib:/home/khanh247/software_simulation/turtlebot3_ws/install/nav2_lifecycle_manager/lib:/home/khanh247/software_simulation/turtlebot3_ws/install/nav2_util/lib:/home/khanh247/software_simulation/turtlebot3_ws/install/nav2_voxel_grid/lib:/home/khanh247/software_simulation/turtlebot3_ws/install/nav2_msgs/lib:${LD_LIBRARY_PATH} PYTHONPATH=/home/khanh247/software_simulation/turtlebot3_ws/install/nav2_msgs/local/lib/python3.10/dist-packages:/home/khanh247/software_simulation/turtlebot3_ws/install/nav2_common/local/lib/python3.10/dist-packages:${PYTHONPATH} /usr/bin/cmake --build /home/khanh247/software_simulation/turtlebot3_ws/build/nav2_costmap_2d -- -j16 -l16
[0.090s] [  2%] Built target gtest_main
[0.094s] [  4%] Built target gtest
[0.119s] [ 21%] Built target nav2_costmap_2d_core
[0.142s] [35m[1mConsolidate compiler generated dependencies of target layers[0m
[0.169s] [ 26%] Built target filters
[0.196s] [ 29%] Built target nav2_costmap_2d_markers
[0.198s] [ 34%] Built target nav2_costmap_2d_client
[0.201s] [ 36%] Built target collision_footprint_test
[0.201s] [ 39%] Built target array_parser_test
[0.203s] [ 42%] Built target costmap_convesion_test
[0.204s] [ 43%] Built target nav2_costmap_2d_cloud
[0.208s] [ 46%] Built target copy_window_test
[0.209s] [ 48%] Built target declare_parameter_test
[0.209s] [ 51%] Built target costmap_filter_test
[0.211s] [ 60%] Built target layers
[0.236s] [ 63%] Built target dyn_params_tests
[0.237s] [ 65%] Built target costmap_bresenham_2d
[0.239s] [ 68%] Built target costmap_filter_service_test
[0.248s] [ 70%] Built target plugin_api_order
[0.249s] [ 73%] Built target order_layer
[0.249s] [ 75%] Built target speed_filter_test
[0.254s] [ 78%] Built target keepout_filter_test
[0.258s] [ 84%] Built target binary_filter_test
[0.258s] [ 85%] Built target denoise_layer_test
[0.258s] [ 87%] Built target footprint_tests_exec
[0.264s] [ 92%] Built target range_tests_exec
[0.265s] [ 93%] Built target obstacle_tests_exec
[0.265s] [ 95%] Built target inflation_tests_exec
[0.266s] [ 97%] Built target test_collision_checker_exec
[0.281s] [100%] Built target nav2_costmap_2d
[0.290s] Invoked command in '/home/khanh247/software_simulation/turtlebot3_ws/build/nav2_costmap_2d' returned '0': AMENT_PREFIX_PATH=/home/khanh247/software_simulation/turtlebot3_ws/install/nav2_map_server:/home/khanh247/software_simulation/turtlebot3_ws/install/nav2_lifecycle_manager:/home/khanh247/software_simulation/turtlebot3_ws/install/nav2_util:/home/khanh247/software_simulation/turtlebot3_ws/install/nav2_voxel_grid:/home/khanh247/software_simulation/turtlebot3_ws/install/nav2_msgs:/home/khanh247/software_simulation/turtlebot3_ws/install/nav2_common:${AMENT_PREFIX_PATH} CMAKE_PREFIX_PATH=/home/khanh247/software_simulation/turtlebot3_ws/install/nav2_map_server:/home/khanh247/software_simulation/turtlebot3_ws/install/nav2_lifecycle_manager:/home/khanh247/software_simulation/turtlebot3_ws/install/nav2_util:/home/khanh247/software_simulation/turtlebot3_ws/install/nav2_voxel_grid:/home/khanh247/software_simulation/turtlebot3_ws/install/nav2_msgs:/home/khanh247/software_simulation/turtlebot3_ws/install/nav2_common:/opt/ros/humble LD_LIBRARY_PATH=/home/khanh247/software_simulation/turtlebot3_ws/install/nav2_map_server/lib:/home/khanh247/software_simulation/turtlebot3_ws/install/nav2_lifecycle_manager/lib:/home/khanh247/software_simulation/turtlebot3_ws/install/nav2_util/lib:/home/khanh247/software_simulation/turtlebot3_ws/install/nav2_voxel_grid/lib:/home/khanh247/software_simulation/turtlebot3_ws/install/nav2_msgs/lib:${LD_LIBRARY_PATH} PYTHONPATH=/home/khanh247/software_simulation/turtlebot3_ws/install/nav2_msgs/local/lib/python3.10/dist-packages:/home/khanh247/software_simulation/turtlebot3_ws/install/nav2_common/local/lib/python3.10/dist-packages:${PYTHONPATH} /usr/bin/cmake --build /home/khanh247/software_simulation/turtlebot3_ws/build/nav2_costmap_2d -- -j16 -l16
[0.351s] Invoking command in '/home/khanh247/software_simulation/turtlebot3_ws/build/nav2_costmap_2d': AMENT_PREFIX_PATH=/home/khanh247/software_simulation/turtlebot3_ws/install/nav2_map_server:/home/khanh247/software_simulation/turtlebot3_ws/install/nav2_lifecycle_manager:/home/khanh247/software_simulation/turtlebot3_ws/install/nav2_util:/home/khanh247/software_simulation/turtlebot3_ws/install/nav2_voxel_grid:/home/khanh247/software_simulation/turtlebot3_ws/install/nav2_msgs:/home/khanh247/software_simulation/turtlebot3_ws/install/nav2_common:${AMENT_PREFIX_PATH} CMAKE_PREFIX_PATH=/home/khanh247/software_simulation/turtlebot3_ws/install/nav2_map_server:/home/khanh247/software_simulation/turtlebot3_ws/install/nav2_lifecycle_manager:/home/khanh247/software_simulation/turtlebot3_ws/install/nav2_util:/home/khanh247/software_simulation/turtlebot3_ws/install/nav2_voxel_grid:/home/khanh247/software_simulation/turtlebot3_ws/install/nav2_msgs:/home/khanh247/software_simulation/turtlebot3_ws/install/nav2_common:/opt/ros/humble LD_LIBRARY_PATH=/home/khanh247/software_simulation/turtlebot3_ws/install/nav2_map_server/lib:/home/khanh247/software_simulation/turtlebot3_ws/install/nav2_lifecycle_manager/lib:/home/khanh247/software_simulation/turtlebot3_ws/install/nav2_util/lib:/home/khanh247/software_simulation/turtlebot3_ws/install/nav2_voxel_grid/lib:/home/khanh247/software_simulation/turtlebot3_ws/install/nav2_msgs/lib:${LD_LIBRARY_PATH} PYTHONPATH=/home/khanh247/software_simulation/turtlebot3_ws/install/nav2_msgs/local/lib/python3.10/dist-packages:/home/khanh247/software_simulation/turtlebot3_ws/install/nav2_common/local/lib/python3.10/dist-packages:${PYTHONPATH} /usr/bin/cmake --install /home/khanh247/software_simulation/turtlebot3_ws/build/nav2_costmap_2d
[0.357s] -- Install configuration: "Release"
[0.357s] -- Up-to-date: /home/khanh247/software_simulation/turtlebot3_ws/install/nav2_costmap_2d/lib/liblayers.so
[0.357s] -- Up-to-date: /home/khanh247/software_simulation/turtlebot3_ws/install/nav2_costmap_2d/lib/libfilters.so
[0.357s] -- Up-to-date: /home/khanh247/software_simulation/turtlebot3_ws/install/nav2_costmap_2d/lib/libnav2_costmap_2d_core.so
[0.357s] -- Up-to-date: /home/khanh247/software_simulation/turtlebot3_ws/install/nav2_costmap_2d/lib/libnav2_costmap_2d_client.so
[0.357s] -- Up-to-date: /home/khanh247/software_simulation/turtlebot3_ws/install/nav2_costmap_2d/lib/nav2_costmap_2d/nav2_costmap_2d_markers
[0.358s] -- Up-to-date: /home/khanh247/software_simulation/turtlebot3_ws/install/nav2_costmap_2d/lib/nav2_costmap_2d/nav2_costmap_2d_cloud
[0.358s] -- Up-to-date: /home/khanh247/software_simulation/turtlebot3_ws/install/nav2_costmap_2d/lib/nav2_costmap_2d/nav2_costmap_2d
[0.358s] -- Up-to-date: /home/khanh247/software_simulation/turtlebot3_ws/install/nav2_costmap_2d/share/nav2_costmap_2d/costmap_plugins.xml
[0.358s] -- Up-to-date: /home/khanh247/software_simulation/turtlebot3_ws/install/nav2_costmap_2d/include/nav2_costmap_2d
[0.358s] -- Up-to-date: /home/khanh247/software_simulation/turtlebot3_ws/install/nav2_costmap_2d/include/nav2_costmap_2d/nav2_costmap_2d
[0.358s] -- Up-to-date: /home/khanh247/software_simulation/turtlebot3_ws/install/nav2_costmap_2d/include/nav2_costmap_2d/nav2_costmap_2d/cost_values.hpp
[0.359s] -- Up-to-date: /home/khanh247/software_simulation/turtlebot3_ws/install/nav2_costmap_2d/include/nav2_costmap_2d/nav2_costmap_2d/costmap_subscriber.hpp
[0.359s] -- Up-to-date: /home/khanh247/software_simulation/turtlebot3_ws/install/nav2_costmap_2d/include/nav2_costmap_2d/nav2_costmap_2d/array_parser.hpp
[0.359s] -- Up-to-date: /home/khanh247/software_simulation/turtlebot3_ws/install/nav2_costmap_2d/include/nav2_costmap_2d/nav2_costmap_2d/range_sensor_layer.hpp
[0.359s] -- Up-to-date: /home/khanh247/software_simulation/turtlebot3_ws/install/nav2_costmap_2d/include/nav2_costmap_2d/nav2_costmap_2d/footprint_collision_checker.hpp
[0.359s] -- Up-to-date: /home/khanh247/software_simulation/turtlebot3_ws/install/nav2_costmap_2d/include/nav2_costmap_2d/nav2_costmap_2d/costmap_topic_collision_checker.hpp
[0.359s] -- Up-to-date: /home/khanh247/software_simulation/turtlebot3_ws/install/nav2_costmap_2d/include/nav2_costmap_2d/nav2_costmap_2d/static_layer.hpp
[0.359s] -- Up-to-date: /home/khanh247/software_simulation/turtlebot3_ws/install/nav2_costmap_2d/include/nav2_costmap_2d/nav2_costmap_2d/voxel_layer.hpp
[0.360s] -- Up-to-date: /home/khanh247/software_simulation/turtlebot3_ws/install/nav2_costmap_2d/include/nav2_costmap_2d/nav2_costmap_2d/observation_buffer.hpp
[0.360s] -- Up-to-date: /home/khanh247/software_simulation/turtlebot3_ws/install/nav2_costmap_2d/include/nav2_costmap_2d/nav2_costmap_2d/costmap_layer.hpp
[0.360s] -- Up-to-date: /home/khanh247/software_simulation/turtlebot3_ws/install/nav2_costmap_2d/include/nav2_costmap_2d/nav2_costmap_2d/costmap_2d_ros.hpp
[0.360s] -- Up-to-date: /home/khanh247/software_simulation/turtlebot3_ws/install/nav2_costmap_2d/include/nav2_costmap_2d/nav2_costmap_2d/exceptions.hpp
[0.360s] -- Up-to-date: /home/khanh247/software_simulation/turtlebot3_ws/install/nav2_costmap_2d/include/nav2_costmap_2d/nav2_costmap_2d/layer.hpp
[0.360s] -- Up-to-date: /home/khanh247/software_simulation/turtlebot3_ws/install/nav2_costmap_2d/include/nav2_costmap_2d/nav2_costmap_2d/costmap_filters
[0.360s] -- Up-to-date: /home/khanh247/software_simulation/turtlebot3_ws/install/nav2_costmap_2d/include/nav2_costmap_2d/nav2_costmap_2d/costmap_filters/filter_values.hpp
[0.360s] -- Up-to-date: /home/khanh247/software_simulation/turtlebot3_ws/install/nav2_costmap_2d/include/nav2_costmap_2d/nav2_costmap_2d/costmap_filters/keepout_filter.hpp
[0.361s] -- Up-to-date: /home/khanh247/software_simulation/turtlebot3_ws/install/nav2_costmap_2d/include/nav2_costmap_2d/nav2_costmap_2d/costmap_filters/speed_filter.hpp
[0.361s] -- Up-to-date: /home/khanh247/software_simulation/turtlebot3_ws/install/nav2_costmap_2d/include/nav2_costmap_2d/nav2_costmap_2d/costmap_filters/binary_filter.hpp
[0.361s] -- Up-to-date: /home/khanh247/software_simulation/turtlebot3_ws/install/nav2_costmap_2d/include/nav2_costmap_2d/nav2_costmap_2d/costmap_filters/costmap_filter.hpp
[0.361s] -- Up-to-date: /home/khanh247/software_simulation/turtlebot3_ws/install/nav2_costmap_2d/include/nav2_costmap_2d/nav2_costmap_2d/denoise_layer.hpp
[0.361s] -- Up-to-date: /home/khanh247/software_simulation/turtlebot3_ws/install/nav2_costmap_2d/include/nav2_costmap_2d/nav2_costmap_2d/footprint.hpp
[0.361s] -- Up-to-date: /home/khanh247/software_simulation/turtlebot3_ws/install/nav2_costmap_2d/include/nav2_costmap_2d/nav2_costmap_2d/denoise
[0.361s] -- Up-to-date: /home/khanh247/software_simulation/turtlebot3_ws/install/nav2_costmap_2d/include/nav2_costmap_2d/nav2_costmap_2d/denoise/image_processing.hpp
[0.361s] -- Up-to-date: /home/khanh247/software_simulation/turtlebot3_ws/install/nav2_costmap_2d/include/nav2_costmap_2d/nav2_costmap_2d/denoise/image.hpp
[0.361s] -- Up-to-date: /home/khanh247/software_simulation/turtlebot3_ws/install/nav2_costmap_2d/include/nav2_costmap_2d/nav2_costmap_2d/costmap_2d_publisher.hpp
[0.361s] -- Up-to-date: /home/khanh247/software_simulation/turtlebot3_ws/install/nav2_costmap_2d/include/nav2_costmap_2d/nav2_costmap_2d/obstacle_layer.hpp
[0.362s] -- Up-to-date: /home/khanh247/software_simulation/turtlebot3_ws/install/nav2_costmap_2d/include/nav2_costmap_2d/nav2_costmap_2d/footprint_subscriber.hpp
[0.362s] -- Up-to-date: /home/khanh247/software_simulation/turtlebot3_ws/install/nav2_costmap_2d/include/nav2_costmap_2d/nav2_costmap_2d/costmap_2d.hpp
[0.362s] -- Up-to-date: /home/khanh247/software_simulation/turtlebot3_ws/install/nav2_costmap_2d/include/nav2_costmap_2d/nav2_costmap_2d/clear_costmap_service.hpp
[0.362s] -- Up-to-date: /home/khanh247/software_simulation/turtlebot3_ws/install/nav2_costmap_2d/include/nav2_costmap_2d/nav2_costmap_2d/layered_costmap.hpp
[0.362s] -- Up-to-date: /home/khanh247/software_simulation/turtlebot3_ws/install/nav2_costmap_2d/include/nav2_costmap_2d/nav2_costmap_2d/observation.hpp
[0.362s] -- Up-to-date: /home/khanh247/software_simulation/turtlebot3_ws/install/nav2_costmap_2d/include/nav2_costmap_2d/nav2_costmap_2d/costmap_math.hpp
[0.362s] -- Up-to-date: /home/khanh247/software_simulation/turtlebot3_ws/install/nav2_costmap_2d/include/nav2_costmap_2d/nav2_costmap_2d/inflation_layer.hpp
[0.363s] -- Up-to-date: /home/khanh247/software_simulation/turtlebot3_ws/install/nav2_costmap_2d/share/nav2_costmap_2d/test/regression/order_layer.xml
[0.363s] -- Up-to-date: /home/khanh247/software_simulation/turtlebot3_ws/install/nav2_costmap_2d/share/nav2_costmap_2d/environment/library_path.sh
[0.364s] -- Up-to-date: /home/khanh247/software_simulation/turtlebot3_ws/install/nav2_costmap_2d/share/nav2_costmap_2d/environment/library_path.dsv
[0.364s] -- Up-to-date: /home/khanh247/software_simulation/turtlebot3_ws/install/nav2_costmap_2d/share/nav2_costmap_2d/costmap_plugins.xml
[0.364s] -- Up-to-date: /home/khanh247/software_simulation/turtlebot3_ws/install/nav2_costmap_2d/share/ament_index/resource_index/package_run_dependencies/nav2_costmap_2d
[0.364s] -- Up-to-date: /home/khanh247/software_simulation/turtlebot3_ws/install/nav2_costmap_2d/share/ament_index/resource_index/parent_prefix_path/nav2_costmap_2d
[0.364s] -- Up-to-date: /home/khanh247/software_simulation/turtlebot3_ws/install/nav2_costmap_2d/share/nav2_costmap_2d/environment/ament_prefix_path.sh
[0.364s] -- Up-to-date: /home/khanh247/software_simulation/turtlebot3_ws/install/nav2_costmap_2d/share/nav2_costmap_2d/environment/ament_prefix_path.dsv
[0.364s] -- Up-to-date: /home/khanh247/software_simulation/turtlebot3_ws/install/nav2_costmap_2d/share/nav2_costmap_2d/environment/path.sh
[0.365s] -- Up-to-date: /home/khanh247/software_simulation/turtlebot3_ws/install/nav2_costmap_2d/share/nav2_costmap_2d/environment/path.dsv
[0.365s] -- Up-to-date: /home/khanh247/software_simulation/turtlebot3_ws/install/nav2_costmap_2d/share/nav2_costmap_2d/local_setup.bash
[0.366s] -- Up-to-date: /home/khanh247/software_simulation/turtlebot3_ws/install/nav2_costmap_2d/share/nav2_costmap_2d/local_setup.sh
[0.366s] -- Up-to-date: /home/khanh247/software_simulation/turtlebot3_ws/install/nav2_costmap_2d/share/nav2_costmap_2d/local_setup.zsh
[0.366s] -- Up-to-date: /home/khanh247/software_simulation/turtlebot3_ws/install/nav2_costmap_2d/share/nav2_costmap_2d/local_setup.dsv
[0.366s] -- Installing: /home/khanh247/software_simulation/turtlebot3_ws/install/nav2_costmap_2d/share/nav2_costmap_2d/package.dsv
[0.366s] -- Up-to-date: /home/khanh247/software_simulation/turtlebot3_ws/install/nav2_costmap_2d/share/ament_index/resource_index/packages/nav2_costmap_2d
[0.366s] -- Up-to-date: /home/khanh247/software_simulation/turtlebot3_ws/install/nav2_costmap_2d/share/ament_index/resource_index/nav2_costmap_2d__pluginlib__plugin/nav2_costmap_2d
[0.366s] -- Up-to-date: /home/khanh247/software_simulation/turtlebot3_ws/install/nav2_costmap_2d/share/nav2_costmap_2d/cmake/export_nav2_costmap_2dExport.cmake
[0.367s] -- Up-to-date: /home/khanh247/software_simulation/turtlebot3_ws/install/nav2_costmap_2d/share/nav2_costmap_2d/cmake/export_nav2_costmap_2dExport-release.cmake
[0.367s] -- Up-to-date: /home/khanh247/software_simulation/turtlebot3_ws/install/nav2_costmap_2d/share/nav2_costmap_2d/cmake/ament_cmake_export_targets-extras.cmake
[0.367s] -- Up-to-date: /home/khanh247/software_simulation/turtlebot3_ws/install/nav2_costmap_2d/share/nav2_costmap_2d/cmake/ament_cmake_export_dependencies-extras.cmake
[0.368s] -- Up-to-date: /home/khanh247/software_simulation/turtlebot3_ws/install/nav2_costmap_2d/share/nav2_costmap_2d/cmake/nav2_costmap_2dConfig.cmake
[0.368s] -- Up-to-date: /home/khanh247/software_simulation/turtlebot3_ws/install/nav2_costmap_2d/share/nav2_costmap_2d/cmake/nav2_costmap_2dConfig-version.cmake
[0.368s] -- Up-to-date: /home/khanh247/software_simulation/turtlebot3_ws/install/nav2_costmap_2d/share/nav2_costmap_2d/package.xml
[0.368s] -- Up-to-date: /home/khanh247/software_simulation/turtlebot3_ws/install/nav2_costmap_2d/lib/liborder_layer.so
[0.369s] Invoked command in '/home/khanh247/software_simulation/turtlebot3_ws/build/nav2_costmap_2d' returned '0': AMENT_PREFIX_PATH=/home/khanh247/software_simulation/turtlebot3_ws/install/nav2_map_server:/home/khanh247/software_simulation/turtlebot3_ws/install/nav2_lifecycle_manager:/home/khanh247/software_simulation/turtlebot3_ws/install/nav2_util:/home/khanh247/software_simulation/turtlebot3_ws/install/nav2_voxel_grid:/home/khanh247/software_simulation/turtlebot3_ws/install/nav2_msgs:/home/khanh247/software_simulation/turtlebot3_ws/install/nav2_common:${AMENT_PREFIX_PATH} CMAKE_PREFIX_PATH=/home/khanh247/software_simulation/turtlebot3_ws/install/nav2_map_server:/home/khanh247/software_simulation/turtlebot3_ws/install/nav2_lifecycle_manager:/home/khanh247/software_simulation/turtlebot3_ws/install/nav2_util:/home/khanh247/software_simulation/turtlebot3_ws/install/nav2_voxel_grid:/home/khanh247/software_simulation/turtlebot3_ws/install/nav2_msgs:/home/khanh247/software_simulation/turtlebot3_ws/install/nav2_common:/opt/ros/humble LD_LIBRARY_PATH=/home/khanh247/software_simulation/turtlebot3_ws/install/nav2_map_server/lib:/home/khanh247/software_simulation/turtlebot3_ws/install/nav2_lifecycle_manager/lib:/home/khanh247/software_simulation/turtlebot3_ws/install/nav2_util/lib:/home/khanh247/software_simulation/turtlebot3_ws/install/nav2_voxel_grid/lib:/home/khanh247/software_simulation/turtlebot3_ws/install/nav2_msgs/lib:${LD_LIBRARY_PATH} PYTHONPATH=/home/khanh247/software_simulation/turtlebot3_ws/install/nav2_msgs/local/lib/python3.10/dist-packages:/home/khanh247/software_simulation/turtlebot3_ws/install/nav2_common/local/lib/python3.10/dist-packages:${PYTHONPATH} /usr/bin/cmake --install /home/khanh247/software_simulation/turtlebot3_ws/build/nav2_costmap_2d
