[  2%] Built target virtual_wall__cpp
[ 12%] Built target virtual_wall__rosidl_generator_c
[ 12%] Built target ament_cmake_python_copy_virtual_wall
[ 14%] [32m[1mLinking CXX executable virtual_wall_server[0m
[ 24%] Built target virtual_wall__rosidl_typesupport_cpp
[ 34%] Built target virtual_wall__rosidl_typesupport_fastrtps_cpp
[ 44%] Built target virtual_wall__rosidl_typesupport_introspection_cpp
[ 55%] Built target virtual_wall__rosidl_typesupport_fastrtps_c
[ 65%] Built target virtual_wall__rosidl_typesupport_introspection_c
[ 75%] Built target virtual_wall__rosidl_typesupport_c
[ 75%] Built target virtual_wall
[ 77%] Built target virtual_wall__py
[ 85%] Built target virtual_wall__rosidl_generator_py
[ 89%] Built target virtual_wall__rosidl_typesupport_c__pyext
[ 93%] Built target virtual_wall__rosidl_typesupport_fastrtps_c__pyext
[ 97%] Built target virtual_wall__rosidl_typesupport_introspection_c__pyext
running egg_info
writing virtual_wall.egg-info/PKG-INFO
writing dependency_links to virtual_wall.egg-info/dependency_links.txt
writing top-level names to virtual_wall.egg-info/top_level.txt
reading manifest file 'virtual_wall.egg-info/SOURCES.txt'
writing manifest file 'virtual_wall.egg-info/SOURCES.txt'
[ 97%] Built target ament_cmake_python_build_virtual_wall_egg
