[0.022s] Invoking command in '/home/khanh247/software_simulation/turtlebot3_ws/build/nav2_costmap_2d': AMENT_PREFIX_PATH=/home/khanh247/software_simulation/turtlebot3_ws/install/nav2_map_server:/home/khanh247/software_simulation/turtlebot3_ws/install/nav2_lifecycle_manager:/home/khanh247/software_simulation/turtlebot3_ws/install/nav2_util:/home/khanh247/software_simulation/turtlebot3_ws/install/nav2_voxel_grid:/home/khanh247/software_simulation/turtlebot3_ws/install/nav2_msgs:/home/khanh247/software_simulation/turtlebot3_ws/install/nav2_common:${AMENT_PREFIX_PATH} CMAKE_PREFIX_PATH=/home/khanh247/software_simulation/turtlebot3_ws/install/nav2_map_server:/home/khanh247/software_simulation/turtlebot3_ws/install/nav2_lifecycle_manager:/home/khanh247/software_simulation/turtlebot3_ws/install/nav2_util:/home/khanh247/software_simulation/turtlebot3_ws/install/nav2_voxel_grid:/home/khanh247/software_simulation/turtlebot3_ws/install/nav2_msgs:/home/khanh247/software_simulation/turtlebot3_ws/install/nav2_common:/opt/ros/humble LD_LIBRARY_PATH=/home/khanh247/software_simulation/turtlebot3_ws/install/nav2_map_server/lib:/home/khanh247/software_simulation/turtlebot3_ws/install/nav2_lifecycle_manager/lib:/home/khanh247/software_simulation/turtlebot3_ws/install/nav2_util/lib:/home/khanh247/software_simulation/turtlebot3_ws/install/nav2_voxel_grid/lib:/home/khanh247/software_simulation/turtlebot3_ws/install/nav2_msgs/lib:${LD_LIBRARY_PATH} PYTHONPATH=/home/khanh247/software_simulation/turtlebot3_ws/install/nav2_msgs/local/lib/python3.10/dist-packages:/home/khanh247/software_simulation/turtlebot3_ws/install/nav2_common/local/lib/python3.10/dist-packages:${PYTHONPATH} /usr/bin/cmake --build /home/khanh247/software_simulation/turtlebot3_ws/build/nav2_costmap_2d -- -j16 -l16
[0.091s] [  2%] Built target gtest_main
[0.091s] [  4%] Built target gtest
[0.108s] [ 21%] Built target nav2_costmap_2d_core
[0.159s] [ 26%] Built target nav2_costmap_2d_client
[0.159s] [ 28%] [32mBuilding CXX object CMakeFiles/layers.dir/plugins/static_layer.cpp.o[0m
[0.161s] [ 32%] Built target collision_footprint_test
[0.162s] [ 32%] Built target nav2_costmap_2d_cloud
[0.162s] [ 37%] Built target filters
[0.165s] [ 40%] Built target array_parser_test
[0.166s] [ 42%] Built target nav2_costmap_2d_markers
[0.173s] [ 46%] Built target costmap_filter_test
[0.174s] [ 51%] Built target costmap_filter_service_test
[0.174s] [ 51%] Built target dyn_params_tests
[0.175s] [ 52%] Built target declare_parameter_test
[0.181s] [ 54%] Built target copy_window_test
[0.184s] [ 57%] Built target costmap_convesion_test
[0.199s] [ 59%] Built target costmap_bresenham_2d
[0.203s] [ 62%] Built target order_layer
[0.208s] [ 67%] Built target plugin_api_order
[0.208s] [ 67%] Built target keepout_filter_test
[0.211s] [ 69%] Built target speed_filter_test
[0.216s] [ 71%] Built target binary_filter_test
[2.457s] [01m[K/home/khanh247/software_simulation/turtlebot3_ws/src/navigation2/nav2_costmap_2d/plugins/static_layer.cpp:[m[K In member function ‘[01m[Kvirtual void nav2_costmap_2d::StaticLayer::onInitialize()[m[K’:
[2.457s] [01m[K/home/khanh247/software_simulation/turtlebot3_ws/src/navigation2/nav2_costmap_2d/plugins/static_layer.cpp:73:26:[m[K [01;31m[Kerror: [m[Kqualified-id in declaration before ‘[01m[K([m[K’ token
[2.457s]    73 | StaticLayer::onInitialize[01;31m[K([m[K)
[2.457s]       |                          [01;31m[K^[m[K
[2.457s] [01m[K/home/khanh247/software_simulation/turtlebot3_ws/src/navigation2/nav2_costmap_2d/plugins/static_layer.cpp:111:22:[m[K [01;31m[Kerror: [m[Kqualified-id in declaration before ‘[01m[K([m[K’ token
[2.457s]   111 | StaticLayer::activate[01;31m[K([m[K)
[2.457s]       |                      [01;31m[K^[m[K
[2.457s] [01m[K/home/khanh247/software_simulation/turtlebot3_ws/src/navigation2/nav2_costmap_2d/plugins/static_layer.cpp:116:24:[m[K [01;31m[Kerror: [m[Kqualified-id in declaration before ‘[01m[K([m[K’ token
[2.457s]   116 | StaticLayer::deactivate[01;31m[K([m[K)
[2.457s]       |                        [01;31m[K^[m[K
[2.457s] [01m[K/home/khanh247/software_simulation/turtlebot3_ws/src/navigation2/nav2_costmap_2d/plugins/static_layer.cpp:122:19:[m[K [01;31m[Kerror: [m[Kqualified-id in declaration before ‘[01m[K([m[K’ token
[2.457s]   122 | StaticLayer::reset[01;31m[K([m[K)
[2.457s]       |                   [01;31m[K^[m[K
[2.457s] [01m[K/home/khanh247/software_simulation/turtlebot3_ws/src/navigation2/nav2_costmap_2d/plugins/static_layer.cpp:129:27:[m[K [01;31m[Kerror: [m[Kqualified-id in declaration before ‘[01m[K([m[K’ token
[2.457s]   129 | StaticLayer::getParameters[01;31m[K([m[K)
[2.457s]       |                           [01;31m[K^[m[K
[2.457s] [01m[K/home/khanh247/software_simulation/turtlebot3_ws/src/navigation2/nav2_costmap_2d/plugins/static_layer.cpp:182:24:[m[K [01;31m[Kerror: [m[Kqualified-id in declaration before ‘[01m[K([m[K’ token
[2.458s]   182 | StaticLayer::processMap[01;31m[K([m[Kconst nav_msgs::msg::OccupancyGrid & new_map)
[2.458s]       |                        [01;31m[K^[m[K
[2.458s] [01m[K/home/khanh247/software_simulation/turtlebot3_ws/src/navigation2/nav2_costmap_2d/plugins/static_layer.cpp:253:23:[m[K [01;31m[Kerror: [m[Kqualified-id in declaration before ‘[01m[K([m[K’ token
[2.458s]   253 | StaticLayer::matchSize[01;31m[K([m[K)
[2.458s]       |                       [01;31m[K^[m[K
[2.458s] [01m[K/home/khanh247/software_simulation/turtlebot3_ws/src/navigation2/nav2_costmap_2d/plugins/static_layer.cpp:266:28:[m[K [01;31m[Kerror: [m[Kqualified-id in declaration before ‘[01m[K([m[K’ token
[2.458s]   266 | StaticLayer::interpretValue[01;31m[K([m[Kunsigned char value)
[2.458s]       |                            [01;31m[K^[m[K
[2.458s] [01m[K/home/khanh247/software_simulation/turtlebot3_ws/src/navigation2/nav2_costmap_2d/plugins/static_layer.cpp:284:25:[m[K [01;31m[Kerror: [m[Kqualified-id in declaration before ‘[01m[K([m[K’ token
[2.458s]   284 | StaticLayer::incomingMap[01;31m[K([m[Kconst nav_msgs::msg::OccupancyGrid::SharedPtr new_map)
[2.458s]       |                         [01;31m[K^[m[K
[2.458s] [01m[K/home/khanh247/software_simulation/turtlebot3_ws/src/navigation2/nav2_costmap_2d/plugins/static_layer.cpp:300:28:[m[K [01;31m[Kerror: [m[Kqualified-id in declaration before ‘[01m[K([m[K’ token
[2.458s]   300 | StaticLayer::incomingUpdate[01;31m[K([m[Kmap_msgs::msg::OccupancyGridUpdate::ConstSharedPtr update)
[2.458s]       |                            [01;31m[K^[m[K
[2.458s] [01m[K/home/khanh247/software_simulation/turtlebot3_ws/src/navigation2/nav2_costmap_2d/plugins/static_layer.cpp:340:26:[m[K [01;31m[Kerror: [m[Kqualified-id in declaration before ‘[01m[K([m[K’ token
[2.458s]   340 | StaticLayer::updateBounds[01;31m[K([m[K
[2.458s]       |                          [01;31m[K^[m[K
[2.458s] [01m[K/home/khanh247/software_simulation/turtlebot3_ws/src/navigation2/nav2_costmap_2d/plugins/static_layer.cpp:384:29:[m[K [01;31m[Kerror: [m[Kqualified-id in declaration before ‘[01m[K([m[K’ token
[2.458s]   384 | StaticLayer::updateFootprint[01;31m[K([m[K
[2.458s]       |                             [01;31m[K^[m[K
[2.458s] [01m[K/home/khanh247/software_simulation/turtlebot3_ws/src/navigation2/nav2_costmap_2d/plugins/static_layer.cpp:400:25:[m[K [01;31m[Kerror: [m[Kqualified-id in declaration before ‘[01m[K([m[K’ token
[2.458s]   400 | StaticLayer::updateCosts[01;31m[K([m[K
[2.459s]       |                         [01;31m[K^[m[K
[2.459s] [01m[K/home/khanh247/software_simulation/turtlebot3_ws/src/navigation2/nav2_costmap_2d/plugins/static_layer.cpp:473:39:[m[K [01;31m[Kerror: [m[Kqualified-id in declaration before ‘[01m[K([m[K’ token
[2.459s]   473 | StaticLayer::dynamicParametersCallback[01;31m[K([m[K
[2.459s]       |                                       [01;31m[K^[m[K
[2.459s] [01m[K/home/khanh247/software_simulation/turtlebot3_ws/src/navigation2/nav2_costmap_2d/plugins/static_layer.cpp:[m[K At global scope:
[2.459s] [01m[K/home/khanh247/software_simulation/turtlebot3_ws/src/navigation2/nav2_costmap_2d/plugins/static_layer.cpp:514:2:[m[K [01;31m[Kerror: [m[Kexpected ‘[01m[K}[m[K’ at end of input
[2.459s]   514 | }[01;31m[K [m[K // namespace nav2_costmap_2d
[2.459s]       |  [01;31m[K^[m[K
[2.459s] [01m[K/home/khanh247/software_simulation/turtlebot3_ws/src/navigation2/nav2_costmap_2d/plugins/static_layer.cpp:58:1:[m[K [01;36m[Knote: [m[Kto match this ‘[01m[K{[m[K’
[2.459s]    58 | [01;36m[K{[m[K
[2.459s]       | [01;36m[K^[m[K
[2.873s] gmake[2]: *** [CMakeFiles/layers.dir/build.make:90: CMakeFiles/layers.dir/plugins/static_layer.cpp.o] Error 1
[2.874s] gmake[1]: *** [CMakeFiles/Makefile2:295: CMakeFiles/layers.dir/all] Error 2
[2.874s] gmake: *** [Makefile:146: all] Error 2
[2.877s] Invoked command in '/home/khanh247/software_simulation/turtlebot3_ws/build/nav2_costmap_2d' returned '2': AMENT_PREFIX_PATH=/home/khanh247/software_simulation/turtlebot3_ws/install/nav2_map_server:/home/khanh247/software_simulation/turtlebot3_ws/install/nav2_lifecycle_manager:/home/khanh247/software_simulation/turtlebot3_ws/install/nav2_util:/home/khanh247/software_simulation/turtlebot3_ws/install/nav2_voxel_grid:/home/khanh247/software_simulation/turtlebot3_ws/install/nav2_msgs:/home/khanh247/software_simulation/turtlebot3_ws/install/nav2_common:${AMENT_PREFIX_PATH} CMAKE_PREFIX_PATH=/home/khanh247/software_simulation/turtlebot3_ws/install/nav2_map_server:/home/khanh247/software_simulation/turtlebot3_ws/install/nav2_lifecycle_manager:/home/khanh247/software_simulation/turtlebot3_ws/install/nav2_util:/home/khanh247/software_simulation/turtlebot3_ws/install/nav2_voxel_grid:/home/khanh247/software_simulation/turtlebot3_ws/install/nav2_msgs:/home/khanh247/software_simulation/turtlebot3_ws/install/nav2_common:/opt/ros/humble LD_LIBRARY_PATH=/home/khanh247/software_simulation/turtlebot3_ws/install/nav2_map_server/lib:/home/khanh247/software_simulation/turtlebot3_ws/install/nav2_lifecycle_manager/lib:/home/khanh247/software_simulation/turtlebot3_ws/install/nav2_util/lib:/home/khanh247/software_simulation/turtlebot3_ws/install/nav2_voxel_grid/lib:/home/khanh247/software_simulation/turtlebot3_ws/install/nav2_msgs/lib:${LD_LIBRARY_PATH} PYTHONPATH=/home/khanh247/software_simulation/turtlebot3_ws/install/nav2_msgs/local/lib/python3.10/dist-packages:/home/khanh247/software_simulation/turtlebot3_ws/install/nav2_common/local/lib/python3.10/dist-packages:${PYTHONPATH} /usr/bin/cmake --build /home/khanh247/software_simulation/turtlebot3_ws/build/nav2_costmap_2d -- -j16 -l16
