[0.087s] Invoking command in '/home/khanh247/software_simulation/turtlebot3_ws/build/nav2_mppi_controller': AMENT_PREFIX_PATH=/home/khanh247/software_simulation/turtlebot3_ws/install/nav2_core:/home/khanh247/software_simulation/turtlebot3_ws/install/nav2_costmap_2d:/home/khanh247/software_simulation/turtlebot3_ws/install/nav2_map_server:/home/khanh247/software_simulation/turtlebot3_ws/install/nav2_lifecycle_manager:/home/khanh247/software_simulation/turtlebot3_ws/install/nav2_util:/home/khanh247/software_simulation/turtlebot3_ws/install/nav2_voxel_grid:/home/khanh247/software_simulation/turtlebot3_ws/install/nav2_msgs:/home/khanh247/software_simulation/turtlebot3_ws/install/nav2_common:${AMENT_PREFIX_PATH} CMAKE_PREFIX_PATH=/home/khanh247/software_simulation/turtlebot3_ws/install/nav2_core:/home/khanh247/software_simulation/turtlebot3_ws/install/nav2_costmap_2d:/home/khanh247/software_simulation/turtlebot3_ws/install/nav2_map_server:/home/khanh247/software_simulation/turtlebot3_ws/install/nav2_lifecycle_manager:/home/khanh247/software_simulation/turtlebot3_ws/install/nav2_util:/home/khanh247/software_simulation/turtlebot3_ws/install/nav2_voxel_grid:/home/khanh247/software_simulation/turtlebot3_ws/install/nav2_msgs:/home/khanh247/software_simulation/turtlebot3_ws/install/nav2_common:/opt/ros/humble LD_LIBRARY_PATH=/home/khanh247/software_simulation/turtlebot3_ws/install/nav2_costmap_2d/lib:/home/khanh247/software_simulation/turtlebot3_ws/install/nav2_map_server/lib:/home/khanh247/software_simulation/turtlebot3_ws/install/nav2_lifecycle_manager/lib:/home/khanh247/software_simulation/turtlebot3_ws/install/nav2_util/lib:/home/khanh247/software_simulation/turtlebot3_ws/install/nav2_voxel_grid/lib:/home/khanh247/software_simulation/turtlebot3_ws/install/nav2_msgs/lib:/usr/lib/x86_64-linux-gnu/gazebo-11/plugins:/opt/ros/humble/opt/rviz_ogre_vendor/lib:/opt/ros/humble/lib/x86_64-linux-gnu:/opt/ros/humble/lib:/usr/lib/x86_64-linux-gnu/gazebo-11/plugins PYTHONPATH=/home/khanh247/software_simulation/turtlebot3_ws/install/nav2_msgs/local/lib/python3.10/dist-packages:/home/khanh247/software_simulation/turtlebot3_ws/install/nav2_common/local/lib/python3.10/dist-packages:${PYTHONPATH} /usr/bin/cmake --build /home/khanh247/software_simulation/turtlebot3_ws/build/nav2_mppi_controller -- -j16 -l16
[0.182s] [  4%] Built target gtest_main
[0.219s] [ 18%] Built target gtest
[0.219s] [ 24%] Built target mppi_controller
[0.256s] [ 51%] Built target mppi_critics
[0.300s] [ 55%] Built target models_test
[0.310s] [ 59%] Built target optimizer_smoke_test
[0.321s] [ 63%] Built target controller_state_transition_test
[0.330s] [ 67%] Built target parameter_handler_test
[0.330s] [ 71%] Built target noise_generator_test
[0.338s] [ 75%] Built target motion_model_tests
[0.358s] [ 79%] Built target trajectory_visualizer_tests
[0.403s] [ 83%] Built target utils_test
[0.403s] [ 87%] Built target path_handler_test
[0.407s] [ 91%] Built target critic_manager_test
[0.421s] [ 95%] Built target critics_tests
[0.424s] [100%] Built target optimizer_unit_tests
[0.491s] Invoked command in '/home/khanh247/software_simulation/turtlebot3_ws/build/nav2_mppi_controller' returned '0': AMENT_PREFIX_PATH=/home/khanh247/software_simulation/turtlebot3_ws/install/nav2_core:/home/khanh247/software_simulation/turtlebot3_ws/install/nav2_costmap_2d:/home/khanh247/software_simulation/turtlebot3_ws/install/nav2_map_server:/home/khanh247/software_simulation/turtlebot3_ws/install/nav2_lifecycle_manager:/home/khanh247/software_simulation/turtlebot3_ws/install/nav2_util:/home/khanh247/software_simulation/turtlebot3_ws/install/nav2_voxel_grid:/home/khanh247/software_simulation/turtlebot3_ws/install/nav2_msgs:/home/khanh247/software_simulation/turtlebot3_ws/install/nav2_common:${AMENT_PREFIX_PATH} CMAKE_PREFIX_PATH=/home/khanh247/software_simulation/turtlebot3_ws/install/nav2_core:/home/khanh247/software_simulation/turtlebot3_ws/install/nav2_costmap_2d:/home/khanh247/software_simulation/turtlebot3_ws/install/nav2_map_server:/home/khanh247/software_simulation/turtlebot3_ws/install/nav2_lifecycle_manager:/home/khanh247/software_simulation/turtlebot3_ws/install/nav2_util:/home/khanh247/software_simulation/turtlebot3_ws/install/nav2_voxel_grid:/home/khanh247/software_simulation/turtlebot3_ws/install/nav2_msgs:/home/khanh247/software_simulation/turtlebot3_ws/install/nav2_common:/opt/ros/humble LD_LIBRARY_PATH=/home/khanh247/software_simulation/turtlebot3_ws/install/nav2_costmap_2d/lib:/home/khanh247/software_simulation/turtlebot3_ws/install/nav2_map_server/lib:/home/khanh247/software_simulation/turtlebot3_ws/install/nav2_lifecycle_manager/lib:/home/khanh247/software_simulation/turtlebot3_ws/install/nav2_util/lib:/home/khanh247/software_simulation/turtlebot3_ws/install/nav2_voxel_grid/lib:/home/khanh247/software_simulation/turtlebot3_ws/install/nav2_msgs/lib:/usr/lib/x86_64-linux-gnu/gazebo-11/plugins:/opt/ros/humble/opt/rviz_ogre_vendor/lib:/opt/ros/humble/lib/x86_64-linux-gnu:/opt/ros/humble/lib:/usr/lib/x86_64-linux-gnu/gazebo-11/plugins PYTHONPATH=/home/khanh247/software_simulation/turtlebot3_ws/install/nav2_msgs/local/lib/python3.10/dist-packages:/home/khanh247/software_simulation/turtlebot3_ws/install/nav2_common/local/lib/python3.10/dist-packages:${PYTHONPATH} /usr/bin/cmake --build /home/khanh247/software_simulation/turtlebot3_ws/build/nav2_mppi_controller -- -j16 -l16
[0.628s] Invoking command in '/home/khanh247/software_simulation/turtlebot3_ws/build/nav2_mppi_controller': AMENT_PREFIX_PATH=/home/khanh247/software_simulation/turtlebot3_ws/install/nav2_core:/home/khanh247/software_simulation/turtlebot3_ws/install/nav2_costmap_2d:/home/khanh247/software_simulation/turtlebot3_ws/install/nav2_map_server:/home/khanh247/software_simulation/turtlebot3_ws/install/nav2_lifecycle_manager:/home/khanh247/software_simulation/turtlebot3_ws/install/nav2_util:/home/khanh247/software_simulation/turtlebot3_ws/install/nav2_voxel_grid:/home/khanh247/software_simulation/turtlebot3_ws/install/nav2_msgs:/home/khanh247/software_simulation/turtlebot3_ws/install/nav2_common:${AMENT_PREFIX_PATH} CMAKE_PREFIX_PATH=/home/khanh247/software_simulation/turtlebot3_ws/install/nav2_core:/home/khanh247/software_simulation/turtlebot3_ws/install/nav2_costmap_2d:/home/khanh247/software_simulation/turtlebot3_ws/install/nav2_map_server:/home/khanh247/software_simulation/turtlebot3_ws/install/nav2_lifecycle_manager:/home/khanh247/software_simulation/turtlebot3_ws/install/nav2_util:/home/khanh247/software_simulation/turtlebot3_ws/install/nav2_voxel_grid:/home/khanh247/software_simulation/turtlebot3_ws/install/nav2_msgs:/home/khanh247/software_simulation/turtlebot3_ws/install/nav2_common:/opt/ros/humble LD_LIBRARY_PATH=/home/khanh247/software_simulation/turtlebot3_ws/install/nav2_costmap_2d/lib:/home/khanh247/software_simulation/turtlebot3_ws/install/nav2_map_server/lib:/home/khanh247/software_simulation/turtlebot3_ws/install/nav2_lifecycle_manager/lib:/home/khanh247/software_simulation/turtlebot3_ws/install/nav2_util/lib:/home/khanh247/software_simulation/turtlebot3_ws/install/nav2_voxel_grid/lib:/home/khanh247/software_simulation/turtlebot3_ws/install/nav2_msgs/lib:/usr/lib/x86_64-linux-gnu/gazebo-11/plugins:/opt/ros/humble/opt/rviz_ogre_vendor/lib:/opt/ros/humble/lib/x86_64-linux-gnu:/opt/ros/humble/lib:/usr/lib/x86_64-linux-gnu/gazebo-11/plugins PYTHONPATH=/home/khanh247/software_simulation/turtlebot3_ws/install/nav2_msgs/local/lib/python3.10/dist-packages:/home/khanh247/software_simulation/turtlebot3_ws/install/nav2_common/local/lib/python3.10/dist-packages:${PYTHONPATH} /usr/bin/cmake --install /home/khanh247/software_simulation/turtlebot3_ws/build/nav2_mppi_controller
[0.651s] -- Install configuration: "Release"
[0.651s] -- Up-to-date: /home/khanh247/software_simulation/turtlebot3_ws/install/nav2_mppi_controller/lib/libmppi_controller.so
[0.651s] -- Up-to-date: /home/khanh247/software_simulation/turtlebot3_ws/install/nav2_mppi_controller/lib/libmppi_critics.so
[0.651s] -- Up-to-date: /home/khanh247/software_simulation/turtlebot3_ws/install/nav2_mppi_controller/include/
[0.651s] -- Up-to-date: /home/khanh247/software_simulation/turtlebot3_ws/install/nav2_mppi_controller/include//nav2_mppi_controller
[0.651s] -- Up-to-date: /home/khanh247/software_simulation/turtlebot3_ws/install/nav2_mppi_controller/include//nav2_mppi_controller/models
[0.651s] -- Up-to-date: /home/khanh247/software_simulation/turtlebot3_ws/install/nav2_mppi_controller/include//nav2_mppi_controller/models/constraints.hpp
[0.651s] -- Up-to-date: /home/khanh247/software_simulation/turtlebot3_ws/install/nav2_mppi_controller/include//nav2_mppi_controller/models/state.hpp
[0.651s] -- Up-to-date: /home/khanh247/software_simulation/turtlebot3_ws/install/nav2_mppi_controller/include//nav2_mppi_controller/models/control_sequence.hpp
[0.651s] -- Up-to-date: /home/khanh247/software_simulation/turtlebot3_ws/install/nav2_mppi_controller/include//nav2_mppi_controller/models/path.hpp
[0.651s] -- Up-to-date: /home/khanh247/software_simulation/turtlebot3_ws/install/nav2_mppi_controller/include//nav2_mppi_controller/models/optimizer_settings.hpp
[0.651s] -- Up-to-date: /home/khanh247/software_simulation/turtlebot3_ws/install/nav2_mppi_controller/include//nav2_mppi_controller/models/trajectories.hpp
[0.651s] -- Up-to-date: /home/khanh247/software_simulation/turtlebot3_ws/install/nav2_mppi_controller/include//nav2_mppi_controller/tools
[0.652s] -- Up-to-date: /home/khanh247/software_simulation/turtlebot3_ws/install/nav2_mppi_controller/include//nav2_mppi_controller/tools/trajectory_visualizer.hpp
[0.652s] -- Up-to-date: /home/khanh247/software_simulation/turtlebot3_ws/install/nav2_mppi_controller/include//nav2_mppi_controller/tools/parameters_handler.hpp
[0.652s] -- Up-to-date: /home/khanh247/software_simulation/turtlebot3_ws/install/nav2_mppi_controller/include//nav2_mppi_controller/tools/noise_generator.hpp
[0.652s] -- Up-to-date: /home/khanh247/software_simulation/turtlebot3_ws/install/nav2_mppi_controller/include//nav2_mppi_controller/tools/utils.hpp
[0.652s] -- Up-to-date: /home/khanh247/software_simulation/turtlebot3_ws/install/nav2_mppi_controller/include//nav2_mppi_controller/tools/path_handler.hpp
[0.652s] -- Up-to-date: /home/khanh247/software_simulation/turtlebot3_ws/install/nav2_mppi_controller/include//nav2_mppi_controller/critic_manager.hpp
[0.653s] -- Up-to-date: /home/khanh247/software_simulation/turtlebot3_ws/install/nav2_mppi_controller/include//nav2_mppi_controller/critic_function.hpp
[0.653s] -- Up-to-date: /home/khanh247/software_simulation/turtlebot3_ws/install/nav2_mppi_controller/include//nav2_mppi_controller/critic_data.hpp
[0.653s] -- Up-to-date: /home/khanh247/software_simulation/turtlebot3_ws/install/nav2_mppi_controller/include//nav2_mppi_controller/motion_models.hpp
[0.653s] -- Up-to-date: /home/khanh247/software_simulation/turtlebot3_ws/install/nav2_mppi_controller/include//nav2_mppi_controller/optimizer.hpp
[0.653s] -- Up-to-date: /home/khanh247/software_simulation/turtlebot3_ws/install/nav2_mppi_controller/include//nav2_mppi_controller/critics
[0.653s] -- Up-to-date: /home/khanh247/software_simulation/turtlebot3_ws/install/nav2_mppi_controller/include//nav2_mppi_controller/critics/path_align_critic.hpp
[0.653s] -- Up-to-date: /home/khanh247/software_simulation/turtlebot3_ws/install/nav2_mppi_controller/include//nav2_mppi_controller/critics/cost_critic.hpp
[0.653s] -- Up-to-date: /home/khanh247/software_simulation/turtlebot3_ws/install/nav2_mppi_controller/include//nav2_mppi_controller/critics/constraint_critic.hpp
[0.653s] -- Up-to-date: /home/khanh247/software_simulation/turtlebot3_ws/install/nav2_mppi_controller/include//nav2_mppi_controller/critics/path_align_legacy_critic.hpp
[0.653s] -- Up-to-date: /home/khanh247/software_simulation/turtlebot3_ws/install/nav2_mppi_controller/include//nav2_mppi_controller/critics/goal_critic.hpp
[0.653s] -- Up-to-date: /home/khanh247/software_simulation/turtlebot3_ws/install/nav2_mppi_controller/include//nav2_mppi_controller/critics/velocity_deadband_critic.hpp
[0.653s] -- Up-to-date: /home/khanh247/software_simulation/turtlebot3_ws/install/nav2_mppi_controller/include//nav2_mppi_controller/critics/goal_angle_critic.hpp
[0.653s] -- Up-to-date: /home/khanh247/software_simulation/turtlebot3_ws/install/nav2_mppi_controller/include//nav2_mppi_controller/critics/path_follow_critic.hpp
[0.653s] -- Up-to-date: /home/khanh247/software_simulation/turtlebot3_ws/install/nav2_mppi_controller/include//nav2_mppi_controller/critics/obstacles_critic.hpp
[0.653s] -- Up-to-date: /home/khanh247/software_simulation/turtlebot3_ws/install/nav2_mppi_controller/include//nav2_mppi_controller/critics/path_angle_critic.hpp
[0.654s] -- Up-to-date: /home/khanh247/software_simulation/turtlebot3_ws/install/nav2_mppi_controller/include//nav2_mppi_controller/critics/prefer_forward_critic.hpp
[0.654s] -- Up-to-date: /home/khanh247/software_simulation/turtlebot3_ws/install/nav2_mppi_controller/include//nav2_mppi_controller/critics/twirling_critic.hpp
[0.654s] -- Up-to-date: /home/khanh247/software_simulation/turtlebot3_ws/install/nav2_mppi_controller/include//nav2_mppi_controller/controller.hpp
[0.654s] -- Up-to-date: /home/khanh247/software_simulation/turtlebot3_ws/install/nav2_mppi_controller/share/nav2_mppi_controller/environment/library_path.sh
[0.654s] -- Up-to-date: /home/khanh247/software_simulation/turtlebot3_ws/install/nav2_mppi_controller/share/nav2_mppi_controller/environment/library_path.dsv
[0.654s] -- Up-to-date: /home/khanh247/software_simulation/turtlebot3_ws/install/nav2_mppi_controller/share/nav2_mppi_controller/mppic.xml
[0.654s] -- Up-to-date: /home/khanh247/software_simulation/turtlebot3_ws/install/nav2_mppi_controller/share/nav2_mppi_controller/critics.xml
[0.654s] -- Up-to-date: /home/khanh247/software_simulation/turtlebot3_ws/install/nav2_mppi_controller/share/ament_index/resource_index/package_run_dependencies/nav2_mppi_controller
[0.654s] -- Up-to-date: /home/khanh247/software_simulation/turtlebot3_ws/install/nav2_mppi_controller/share/ament_index/resource_index/parent_prefix_path/nav2_mppi_controller
[0.654s] -- Up-to-date: /home/khanh247/software_simulation/turtlebot3_ws/install/nav2_mppi_controller/share/nav2_mppi_controller/environment/ament_prefix_path.sh
[0.654s] -- Up-to-date: /home/khanh247/software_simulation/turtlebot3_ws/install/nav2_mppi_controller/share/nav2_mppi_controller/environment/ament_prefix_path.dsv
[0.654s] -- Up-to-date: /home/khanh247/software_simulation/turtlebot3_ws/install/nav2_mppi_controller/share/nav2_mppi_controller/environment/path.sh
[0.654s] -- Up-to-date: /home/khanh247/software_simulation/turtlebot3_ws/install/nav2_mppi_controller/share/nav2_mppi_controller/environment/path.dsv
[0.654s] -- Up-to-date: /home/khanh247/software_simulation/turtlebot3_ws/install/nav2_mppi_controller/share/nav2_mppi_controller/local_setup.bash
[0.654s] -- Up-to-date: /home/khanh247/software_simulation/turtlebot3_ws/install/nav2_mppi_controller/share/nav2_mppi_controller/local_setup.sh
[0.654s] -- Up-to-date: /home/khanh247/software_simulation/turtlebot3_ws/install/nav2_mppi_controller/share/nav2_mppi_controller/local_setup.zsh
[0.654s] -- Up-to-date: /home/khanh247/software_simulation/turtlebot3_ws/install/nav2_mppi_controller/share/nav2_mppi_controller/local_setup.dsv
[0.654s] -- Installing: /home/khanh247/software_simulation/turtlebot3_ws/install/nav2_mppi_controller/share/nav2_mppi_controller/package.dsv
[0.654s] -- Up-to-date: /home/khanh247/software_simulation/turtlebot3_ws/install/nav2_mppi_controller/share/ament_index/resource_index/packages/nav2_mppi_controller
[0.654s] -- Up-to-date: /home/khanh247/software_simulation/turtlebot3_ws/install/nav2_mppi_controller/share/ament_index/resource_index/nav2_core__pluginlib__plugin/nav2_mppi_controller
[0.655s] -- Up-to-date: /home/khanh247/software_simulation/turtlebot3_ws/install/nav2_mppi_controller/share/ament_index/resource_index/nav2_mppi_controller__pluginlib__plugin/nav2_mppi_controller
[0.655s] -- Up-to-date: /home/khanh247/software_simulation/turtlebot3_ws/install/nav2_mppi_controller/share/nav2_mppi_controller/cmake/ament_cmake_export_libraries-extras.cmake
[0.655s] -- Up-to-date: /home/khanh247/software_simulation/turtlebot3_ws/install/nav2_mppi_controller/share/nav2_mppi_controller/cmake/ament_cmake_export_dependencies-extras.cmake
[0.655s] -- Up-to-date: /home/khanh247/software_simulation/turtlebot3_ws/install/nav2_mppi_controller/share/nav2_mppi_controller/cmake/ament_cmake_export_include_directories-extras.cmake
[0.655s] -- Up-to-date: /home/khanh247/software_simulation/turtlebot3_ws/install/nav2_mppi_controller/share/nav2_mppi_controller/cmake/nav2_mppi_controllerConfig.cmake
[0.655s] -- Up-to-date: /home/khanh247/software_simulation/turtlebot3_ws/install/nav2_mppi_controller/share/nav2_mppi_controller/cmake/nav2_mppi_controllerConfig-version.cmake
[0.655s] -- Up-to-date: /home/khanh247/software_simulation/turtlebot3_ws/install/nav2_mppi_controller/share/nav2_mppi_controller/package.xml
[0.693s] Invoked command in '/home/khanh247/software_simulation/turtlebot3_ws/build/nav2_mppi_controller' returned '0': AMENT_PREFIX_PATH=/home/khanh247/software_simulation/turtlebot3_ws/install/nav2_core:/home/khanh247/software_simulation/turtlebot3_ws/install/nav2_costmap_2d:/home/khanh247/software_simulation/turtlebot3_ws/install/nav2_map_server:/home/khanh247/software_simulation/turtlebot3_ws/install/nav2_lifecycle_manager:/home/khanh247/software_simulation/turtlebot3_ws/install/nav2_util:/home/khanh247/software_simulation/turtlebot3_ws/install/nav2_voxel_grid:/home/khanh247/software_simulation/turtlebot3_ws/install/nav2_msgs:/home/khanh247/software_simulation/turtlebot3_ws/install/nav2_common:${AMENT_PREFIX_PATH} CMAKE_PREFIX_PATH=/home/khanh247/software_simulation/turtlebot3_ws/install/nav2_core:/home/khanh247/software_simulation/turtlebot3_ws/install/nav2_costmap_2d:/home/khanh247/software_simulation/turtlebot3_ws/install/nav2_map_server:/home/khanh247/software_simulation/turtlebot3_ws/install/nav2_lifecycle_manager:/home/khanh247/software_simulation/turtlebot3_ws/install/nav2_util:/home/khanh247/software_simulation/turtlebot3_ws/install/nav2_voxel_grid:/home/khanh247/software_simulation/turtlebot3_ws/install/nav2_msgs:/home/khanh247/software_simulation/turtlebot3_ws/install/nav2_common:/opt/ros/humble LD_LIBRARY_PATH=/home/khanh247/software_simulation/turtlebot3_ws/install/nav2_costmap_2d/lib:/home/khanh247/software_simulation/turtlebot3_ws/install/nav2_map_server/lib:/home/khanh247/software_simulation/turtlebot3_ws/install/nav2_lifecycle_manager/lib:/home/khanh247/software_simulation/turtlebot3_ws/install/nav2_util/lib:/home/khanh247/software_simulation/turtlebot3_ws/install/nav2_voxel_grid/lib:/home/khanh247/software_simulation/turtlebot3_ws/install/nav2_msgs/lib:/usr/lib/x86_64-linux-gnu/gazebo-11/plugins:/opt/ros/humble/opt/rviz_ogre_vendor/lib:/opt/ros/humble/lib/x86_64-linux-gnu:/opt/ros/humble/lib:/usr/lib/x86_64-linux-gnu/gazebo-11/plugins PYTHONPATH=/home/khanh247/software_simulation/turtlebot3_ws/install/nav2_msgs/local/lib/python3.10/dist-packages:/home/khanh247/software_simulation/turtlebot3_ws/install/nav2_common/local/lib/python3.10/dist-packages:${PYTHONPATH} /usr/bin/cmake --install /home/khanh247/software_simulation/turtlebot3_ws/build/nav2_mppi_controller
