[0.019s] Invoking command in '/home/khanh247/software_simulation/turtlebot3_ws/build/nav2_voxel_grid': AMENT_PREFIX_PATH=/home/khanh247/software_simulation/turtlebot3_ws/install/nav2_common:${AMENT_PREFIX_PATH} CMAKE_PREFIX_PATH=/home/khanh247/software_simulation/turtlebot3_ws/install/nav2_common:/opt/ros/humble PYTHONPATH=/home/khanh247/software_simulation/turtlebot3_ws/install/nav2_common/local/lib/python3.10/dist-packages:${PYTHONPATH} /usr/bin/cmake --build /home/khanh247/software_simulation/turtlebot3_ws/build/nav2_voxel_grid -- -j16 -l16
[0.062s] [ 40%] Built target gtest_main
[0.062s] [ 40%] Built target gtest
[0.067s] [ 60%] Built target voxel_grid
[0.091s] [ 80%] Built target voxel_grid_tests
[0.091s] [100%] Built target voxel_grid_bresenham_3d
[0.101s] Invoked command in '/home/khanh247/software_simulation/turtlebot3_ws/build/nav2_voxel_grid' returned '0': AMENT_PREFIX_PATH=/home/khanh247/software_simulation/turtlebot3_ws/install/nav2_common:${AMENT_PREFIX_PATH} CMAKE_PREFIX_PATH=/home/khanh247/software_simulation/turtlebot3_ws/install/nav2_common:/opt/ros/humble PYTHONPATH=/home/khanh247/software_simulation/turtlebot3_ws/install/nav2_common/local/lib/python3.10/dist-packages:${PYTHONPATH} /usr/bin/cmake --build /home/khanh247/software_simulation/turtlebot3_ws/build/nav2_voxel_grid -- -j16 -l16
[0.129s] Invoking command in '/home/khanh247/software_simulation/turtlebot3_ws/build/nav2_voxel_grid': AMENT_PREFIX_PATH=/home/khanh247/software_simulation/turtlebot3_ws/install/nav2_common:${AMENT_PREFIX_PATH} CMAKE_PREFIX_PATH=/home/khanh247/software_simulation/turtlebot3_ws/install/nav2_common:/opt/ros/humble PYTHONPATH=/home/khanh247/software_simulation/turtlebot3_ws/install/nav2_common/local/lib/python3.10/dist-packages:${PYTHONPATH} /usr/bin/cmake --install /home/khanh247/software_simulation/turtlebot3_ws/build/nav2_voxel_grid
[0.137s] -- Install configuration: "Release"
[0.137s] -- Up-to-date: /home/khanh247/software_simulation/turtlebot3_ws/install/nav2_voxel_grid/lib/libvoxel_grid.so
[0.137s] -- Up-to-date: /home/khanh247/software_simulation/turtlebot3_ws/install/nav2_voxel_grid/include
[0.137s] -- Up-to-date: /home/khanh247/software_simulation/turtlebot3_ws/install/nav2_voxel_grid/include/nav2_voxel_grid
[0.137s] -- Up-to-date: /home/khanh247/software_simulation/turtlebot3_ws/install/nav2_voxel_grid/include/nav2_voxel_grid/voxel_grid.hpp
[0.138s] -- Up-to-date: /home/khanh247/software_simulation/turtlebot3_ws/install/nav2_voxel_grid/share/nav2_voxel_grid/environment/library_path.sh
[0.138s] -- Up-to-date: /home/khanh247/software_simulation/turtlebot3_ws/install/nav2_voxel_grid/share/nav2_voxel_grid/environment/library_path.dsv
[0.138s] -- Up-to-date: /home/khanh247/software_simulation/turtlebot3_ws/install/nav2_voxel_grid/share/ament_index/resource_index/package_run_dependencies/nav2_voxel_grid
[0.138s] -- Up-to-date: /home/khanh247/software_simulation/turtlebot3_ws/install/nav2_voxel_grid/share/ament_index/resource_index/parent_prefix_path/nav2_voxel_grid
[0.138s] -- Up-to-date: /home/khanh247/software_simulation/turtlebot3_ws/install/nav2_voxel_grid/share/nav2_voxel_grid/environment/ament_prefix_path.sh
[0.138s] -- Up-to-date: /home/khanh247/software_simulation/turtlebot3_ws/install/nav2_voxel_grid/share/nav2_voxel_grid/environment/ament_prefix_path.dsv
[0.138s] -- Up-to-date: /home/khanh247/software_simulation/turtlebot3_ws/install/nav2_voxel_grid/share/nav2_voxel_grid/environment/path.sh
[0.138s] -- Up-to-date: /home/khanh247/software_simulation/turtlebot3_ws/install/nav2_voxel_grid/share/nav2_voxel_grid/environment/path.dsv
[0.138s] -- Up-to-date: /home/khanh247/software_simulation/turtlebot3_ws/install/nav2_voxel_grid/share/nav2_voxel_grid/local_setup.bash
[0.138s] -- Up-to-date: /home/khanh247/software_simulation/turtlebot3_ws/install/nav2_voxel_grid/share/nav2_voxel_grid/local_setup.sh
[0.139s] -- Up-to-date: /home/khanh247/software_simulation/turtlebot3_ws/install/nav2_voxel_grid/share/nav2_voxel_grid/local_setup.zsh
[0.139s] -- Up-to-date: /home/khanh247/software_simulation/turtlebot3_ws/install/nav2_voxel_grid/share/nav2_voxel_grid/local_setup.dsv
[0.139s] -- Installing: /home/khanh247/software_simulation/turtlebot3_ws/install/nav2_voxel_grid/share/nav2_voxel_grid/package.dsv
[0.139s] -- Up-to-date: /home/khanh247/software_simulation/turtlebot3_ws/install/nav2_voxel_grid/share/ament_index/resource_index/packages/nav2_voxel_grid
[0.139s] -- Up-to-date: /home/khanh247/software_simulation/turtlebot3_ws/install/nav2_voxel_grid/share/nav2_voxel_grid/cmake/ament_cmake_export_dependencies-extras.cmake
[0.139s] -- Up-to-date: /home/khanh247/software_simulation/turtlebot3_ws/install/nav2_voxel_grid/share/nav2_voxel_grid/cmake/ament_cmake_export_include_directories-extras.cmake
[0.139s] -- Up-to-date: /home/khanh247/software_simulation/turtlebot3_ws/install/nav2_voxel_grid/share/nav2_voxel_grid/cmake/ament_cmake_export_libraries-extras.cmake
[0.139s] -- Up-to-date: /home/khanh247/software_simulation/turtlebot3_ws/install/nav2_voxel_grid/share/nav2_voxel_grid/cmake/nav2_voxel_gridConfig.cmake
[0.140s] -- Up-to-date: /home/khanh247/software_simulation/turtlebot3_ws/install/nav2_voxel_grid/share/nav2_voxel_grid/cmake/nav2_voxel_gridConfig-version.cmake
[0.140s] -- Up-to-date: /home/khanh247/software_simulation/turtlebot3_ws/install/nav2_voxel_grid/share/nav2_voxel_grid/package.xml
[0.141s] Invoked command in '/home/khanh247/software_simulation/turtlebot3_ws/build/nav2_voxel_grid' returned '0': AMENT_PREFIX_PATH=/home/khanh247/software_simulation/turtlebot3_ws/install/nav2_common:${AMENT_PREFIX_PATH} CMAKE_PREFIX_PATH=/home/khanh247/software_simulation/turtlebot3_ws/install/nav2_common:/opt/ros/humble PYTHONPATH=/home/khanh247/software_simulation/turtlebot3_ws/install/nav2_common/local/lib/python3.10/dist-packages:${PYTHONPATH} /usr/bin/cmake --install /home/khanh247/software_simulation/turtlebot3_ws/build/nav2_voxel_grid
