[0.029s] Invoking command in '/home/khanh247/software_simulation/turtlebot3_ws/build/nav2_behavior_tree': AMENT_PREFIX_PATH=/home/khanh247/software_simulation/turtlebot3_ws/install/nav2_util:/home/khanh247/software_simulation/turtlebot3_ws/install/nav2_msgs:/home/khanh247/software_simulation/turtlebot3_ws/install/nav2_common:${AMENT_PREFIX_PATH} CMAKE_PREFIX_PATH=/home/khanh247/software_simulation/turtlebot3_ws/install/nav2_util:/home/khanh247/software_simulation/turtlebot3_ws/install/nav2_msgs:/home/khanh247/software_simulation/turtlebot3_ws/install/nav2_common:/opt/ros/humble LD_LIBRARY_PATH=/home/khanh247/software_simulation/turtlebot3_ws/install/nav2_util/lib:/home/khanh247/software_simulation/turtlebot3_ws/install/nav2_msgs/lib:/usr/lib/x86_64-linux-gnu/gazebo-11/plugins:/opt/ros/humble/opt/rviz_ogre_vendor/lib:/opt/ros/humble/lib/x86_64-linux-gnu:/opt/ros/humble/lib:/usr/lib/x86_64-linux-gnu/gazebo-11/plugins PYTHONPATH=/home/khanh247/software_simulation/turtlebot3_ws/install/nav2_msgs/local/lib/python3.10/dist-packages:/home/khanh247/software_simulation/turtlebot3_ws/install/nav2_common/local/lib/python3.10/dist-packages:${PYTHONPATH} /usr/bin/cmake --build /home/khanh247/software_simulation/turtlebot3_ws/build/nav2_behavior_tree -- -j16 -l16
[0.121s] [  1%] Built target nav2_behavior_tree
[0.122s] [  2%] Built target nav2_compute_path_to_pose_action_bt_node
[0.125s] [  3%] Built target nav2_compute_path_through_poses_action_bt_node
[0.125s] [  4%] Built target nav2_controller_cancel_bt_node
[0.131s] [  5%] Built target nav2_spin_cancel_bt_node
[0.131s] [  6%] Built target nav2_wait_cancel_bt_node
[0.134s] [  7%] Built target nav2_back_up_cancel_bt_node
[0.178s] [  9%] Built target nav2_assisted_teleop_cancel_bt_node
[0.178s] [  9%] Built target nav2_drive_on_heading_cancel_bt_node
[0.180s] [ 10%] Built target nav2_drive_on_heading_bt_node
[0.180s] [ 10%] Built target nav2_smooth_path_action_bt_node
[0.184s] [ 11%] Built target nav2_back_up_action_bt_node
[0.188s] [ 12%] Built target nav2_follow_path_action_bt_node
[0.189s] [ 13%] Built target nav2_spin_action_bt_node
[0.190s] [ 14%] Built target nav2_wait_action_bt_node
[0.198s] [ 15%] Built target nav2_assisted_teleop_action_bt_node
[0.217s] [ 16%] Built target nav2_is_stuck_condition_bt_node
[0.220s] [ 17%] Built target nav2_clear_costmap_service_bt_node
[0.220s] [ 18%] Built target nav2_transform_available_condition_bt_node
[0.225s] [ 19%] Built target nav2_goal_reached_condition_bt_node
[0.226s] [ 19%] Built target nav2_goal_updated_condition_bt_node
[0.226s] [ 20%] Built target nav2_globally_updated_goal_condition_bt_node
[0.232s] [ 21%] Built target nav2_is_path_valid_condition_bt_node
[0.239s] [ 22%] Built target nav2_time_expired_condition_bt_node
[0.239s] [ 23%] Built target nav2_path_expiring_timer_condition
[0.250s] [ 24%] Built target nav2_distance_traveled_condition_bt_node
[0.250s] [ 25%] Built target nav2_is_battery_low_condition_bt_node
[0.253s] [ 26%] Built target nav2_initial_pose_received_condition_bt_node
[0.254s] [ 27%] Built target nav2_is_battery_charging_condition_bt_node
[0.258s] [ 28%] Built target nav2_reinitialize_global_localization_service_bt_node
[0.258s] [ 29%] Built target nav2_rate_controller_bt_node
[0.267s] [ 30%] Built target nav2_distance_controller_bt_node
[0.267s] [ 31%] Built target nav2_truncate_path_action_bt_node
[0.273s] [ 32%] Built target nav2_speed_controller_bt_node
[0.277s] [ 33%] Built target nav2_truncate_path_local_action_bt_node
[0.280s] [ 34%] Built target nav2_recovery_node_bt_node
[0.280s] [ 35%] Built target nav2_goal_updater_node_bt_node
[0.288s] [ 36%] Built target nav2_navigate_to_pose_action_bt_node
[0.290s] [ 37%] Built target nav2_path_longer_on_approach_bt_node
[0.293s] [ 38%] Built target nav2_get_pose_from_path_action_bt_node
[0.295s] [ 39%] Built target nav2_navigate_through_poses_action_bt_node
[0.303s] [ 40%] Built target nav2_pipeline_sequence_bt_node
[0.303s] [ 41%] Built target nav2_single_trigger_bt_node
[0.303s] [ 42%] Built target nav2_remove_passed_goals_action_bt_node
[0.303s] [ 43%] Built target nav2_round_robin_node_bt_node
[0.307s] [ 44%] Built target nav2_planner_selector_bt_node
[0.317s] [ 45%] Built target nav2_controller_selector_bt_node
[0.319s] [ 46%] Built target gtest_main
[0.322s] [ 47%] Built target nav2_goal_checker_selector_bt_node
[0.323s] [ 47%] Built target gtest
[0.323s] [ 48%] Built target nav2_goal_updated_controller_bt_node
[0.323s] [ 49%] Built target nav2_progress_checker_selector_bt_node
[0.325s] [ 50%] Built target nav2_smoother_selector_bt_node
[0.370s] [ 52%] Built target test_condition_globally_updated_goal
[0.370s] [ 52%] Built target test_condition_path_expiring_timer
[0.370s] [ 53%] Built target test_condition_time_expired
[0.370s] [ 53%] Built target test_condition_initial_pose_received
[0.370s] [ 54%] Built target test_condition_transform_available
[0.372s] [ 55%] Built target test_bt_conversions
[0.372s] [ 56%] Built target test_condition_goal_updated
[0.374s] [ 57%] Built target test_condition_goal_reached
[0.376s] [ 58%] Built target test_condition_distance_traveled
[0.379s] [ 59%] Built target test_condition_is_stuck
[0.382s] [ 60%] Built target test_condition_is_battery_low
[0.386s] [ 61%] Built target test_condition_is_battery_charging
[0.406s] [ 63%] Built target test_decorator_distance_controller
[0.406s] [ 63%] Built target test_condition_is_path_valid
[0.412s] [ 64%] Built target test_decorator_speed_controller
[0.413s] [ 65%] Built target test_goal_updater_node
[0.413s] [ 66%] Built target test_single_trigger_node
[0.418s] [ 67%] Built target test_decorator_rate_controller
[0.419s] [ 68%] Built target test_goal_updated_controller
[0.430s] [ 69%] Built target test_decorator_path_longer_on_approach
[0.430s] [ 70%] Built target test_control_recovery_node
[0.434s] [ 71%] Built target test_control_pipeline_sequence
[0.435s] [ 72%] Built target test_control_round_robin_node
[0.453s] [ 74%] Built target test_action_wait_action
[0.454s] [ 75%] Built target test_action_assisted_teleop_action
[0.454s] [ 77%] Built target test_action_spin_cancel_action
[0.454s] [ 77%] Built target test_action_controller_cancel_action
[0.454s] [ 77%] Built target test_action_drive_on_heading
[0.456s] [ 78%] Built target test_action_spin_action
[0.457s] [ 79%] Built target test_action_back_up_cancel_action
[0.457s] [ 80%] Built target test_bt_action_node
[0.465s] [ 81%] Built target test_action_assisted_teleop_cancel_action
[0.466s] [ 82%] Built target test_action_drive_on_heading_cancel_action
[0.471s] [ 83%] Built target test_action_wait_cancel_action
[0.471s] [ 84%] Built target test_action_clear_costmap_service
[0.490s] [ 85%] Built target test_action_back_up_action
[0.490s] [ 86%] Built target test_action_compute_path_to_pose_action
[0.490s] [ 87%] Built target test_action_reinitialize_global_localization_service
[0.493s] [ 88%] Built target test_action_compute_path_through_poses_action
[0.499s] [ 89%] Built target test_action_follow_path_action
[0.499s] [ 90%] Built target test_action_navigate_to_pose_action
[0.500s] [ 90%] Built target test_action_smooth_path_action
[0.501s] [ 91%] Built target test_action_navigate_through_poses_action
[0.507s] [ 92%] Built target test_truncate_path_action
[0.510s] [ 93%] Built target test_truncate_path_local_action
[0.519s] [ 94%] Built target test_get_pose_from_path_action
[0.522s] [ 95%] Built target test_controller_selector_node
[0.522s] [ 96%] Built target test_smoother_selector_node
[0.530s] [ 97%] Built target test_goal_checker_selector_node
[0.531s] [ 98%] Built target test_planner_selector_node
[0.531s] [ 99%] Built target test_progress_checker_selector_node
[0.531s] [100%] Built target test_remove_passed_goals_action
[0.540s] Invoked command in '/home/khanh247/software_simulation/turtlebot3_ws/build/nav2_behavior_tree' returned '0': AMENT_PREFIX_PATH=/home/khanh247/software_simulation/turtlebot3_ws/install/nav2_util:/home/khanh247/software_simulation/turtlebot3_ws/install/nav2_msgs:/home/khanh247/software_simulation/turtlebot3_ws/install/nav2_common:${AMENT_PREFIX_PATH} CMAKE_PREFIX_PATH=/home/khanh247/software_simulation/turtlebot3_ws/install/nav2_util:/home/khanh247/software_simulation/turtlebot3_ws/install/nav2_msgs:/home/khanh247/software_simulation/turtlebot3_ws/install/nav2_common:/opt/ros/humble LD_LIBRARY_PATH=/home/khanh247/software_simulation/turtlebot3_ws/install/nav2_util/lib:/home/khanh247/software_simulation/turtlebot3_ws/install/nav2_msgs/lib:/usr/lib/x86_64-linux-gnu/gazebo-11/plugins:/opt/ros/humble/opt/rviz_ogre_vendor/lib:/opt/ros/humble/lib/x86_64-linux-gnu:/opt/ros/humble/lib:/usr/lib/x86_64-linux-gnu/gazebo-11/plugins PYTHONPATH=/home/khanh247/software_simulation/turtlebot3_ws/install/nav2_msgs/local/lib/python3.10/dist-packages:/home/khanh247/software_simulation/turtlebot3_ws/install/nav2_common/local/lib/python3.10/dist-packages:${PYTHONPATH} /usr/bin/cmake --build /home/khanh247/software_simulation/turtlebot3_ws/build/nav2_behavior_tree -- -j16 -l16
[0.704s] Invoking command in '/home/khanh247/software_simulation/turtlebot3_ws/build/nav2_behavior_tree': AMENT_PREFIX_PATH=/home/khanh247/software_simulation/turtlebot3_ws/install/nav2_util:/home/khanh247/software_simulation/turtlebot3_ws/install/nav2_msgs:/home/khanh247/software_simulation/turtlebot3_ws/install/nav2_common:${AMENT_PREFIX_PATH} CMAKE_PREFIX_PATH=/home/khanh247/software_simulation/turtlebot3_ws/install/nav2_util:/home/khanh247/software_simulation/turtlebot3_ws/install/nav2_msgs:/home/khanh247/software_simulation/turtlebot3_ws/install/nav2_common:/opt/ros/humble LD_LIBRARY_PATH=/home/khanh247/software_simulation/turtlebot3_ws/install/nav2_util/lib:/home/khanh247/software_simulation/turtlebot3_ws/install/nav2_msgs/lib:/usr/lib/x86_64-linux-gnu/gazebo-11/plugins:/opt/ros/humble/opt/rviz_ogre_vendor/lib:/opt/ros/humble/lib/x86_64-linux-gnu:/opt/ros/humble/lib:/usr/lib/x86_64-linux-gnu/gazebo-11/plugins PYTHONPATH=/home/khanh247/software_simulation/turtlebot3_ws/install/nav2_msgs/local/lib/python3.10/dist-packages:/home/khanh247/software_simulation/turtlebot3_ws/install/nav2_common/local/lib/python3.10/dist-packages:${PYTHONPATH} /usr/bin/cmake --install /home/khanh247/software_simulation/turtlebot3_ws/build/nav2_behavior_tree
[0.711s] -- Install configuration: "Release"
[0.711s] -- Up-to-date: /home/khanh247/software_simulation/turtlebot3_ws/install/nav2_behavior_tree/lib/libnav2_behavior_tree.so
[0.711s] -- Up-to-date: /home/khanh247/software_simulation/turtlebot3_ws/install/nav2_behavior_tree/lib/libnav2_compute_path_to_pose_action_bt_node.so
[0.712s] -- Up-to-date: /home/khanh247/software_simulation/turtlebot3_ws/install/nav2_behavior_tree/lib/libnav2_compute_path_through_poses_action_bt_node.so
[0.712s] -- Up-to-date: /home/khanh247/software_simulation/turtlebot3_ws/install/nav2_behavior_tree/lib/libnav2_controller_cancel_bt_node.so
[0.712s] -- Up-to-date: /home/khanh247/software_simulation/turtlebot3_ws/install/nav2_behavior_tree/lib/libnav2_wait_cancel_bt_node.so
[0.712s] -- Up-to-date: /home/khanh247/software_simulation/turtlebot3_ws/install/nav2_behavior_tree/lib/libnav2_spin_cancel_bt_node.so
[0.712s] -- Up-to-date: /home/khanh247/software_simulation/turtlebot3_ws/install/nav2_behavior_tree/lib/libnav2_back_up_cancel_bt_node.so
[0.713s] -- Up-to-date: /home/khanh247/software_simulation/turtlebot3_ws/install/nav2_behavior_tree/lib/libnav2_assisted_teleop_cancel_bt_node.so
[0.713s] -- Up-to-date: /home/khanh247/software_simulation/turtlebot3_ws/install/nav2_behavior_tree/lib/libnav2_drive_on_heading_cancel_bt_node.so
[0.713s] -- Up-to-date: /home/khanh247/software_simulation/turtlebot3_ws/install/nav2_behavior_tree/lib/libnav2_smooth_path_action_bt_node.so
[0.713s] -- Up-to-date: /home/khanh247/software_simulation/turtlebot3_ws/install/nav2_behavior_tree/lib/libnav2_follow_path_action_bt_node.so
[0.714s] -- Up-to-date: /home/khanh247/software_simulation/turtlebot3_ws/install/nav2_behavior_tree/lib/libnav2_back_up_action_bt_node.so
[0.714s] -- Up-to-date: /home/khanh247/software_simulation/turtlebot3_ws/install/nav2_behavior_tree/lib/libnav2_drive_on_heading_bt_node.so
[0.714s] -- Up-to-date: /home/khanh247/software_simulation/turtlebot3_ws/install/nav2_behavior_tree/lib/libnav2_spin_action_bt_node.so
[0.714s] -- Up-to-date: /home/khanh247/software_simulation/turtlebot3_ws/install/nav2_behavior_tree/lib/libnav2_wait_action_bt_node.so
[0.715s] -- Up-to-date: /home/khanh247/software_simulation/turtlebot3_ws/install/nav2_behavior_tree/lib/libnav2_assisted_teleop_action_bt_node.so
[0.715s] -- Up-to-date: /home/khanh247/software_simulation/turtlebot3_ws/install/nav2_behavior_tree/lib/libnav2_clear_costmap_service_bt_node.so
[0.715s] -- Up-to-date: /home/khanh247/software_simulation/turtlebot3_ws/install/nav2_behavior_tree/lib/libnav2_is_stuck_condition_bt_node.so
[0.718s] -- Up-to-date: /home/khanh247/software_simulation/turtlebot3_ws/install/nav2_behavior_tree/lib/libnav2_transform_available_condition_bt_node.so
[0.721s] -- Up-to-date: /home/khanh247/software_simulation/turtlebot3_ws/install/nav2_behavior_tree/lib/libnav2_goal_reached_condition_bt_node.so
[0.724s] -- Up-to-date: /home/khanh247/software_simulation/turtlebot3_ws/install/nav2_behavior_tree/lib/libnav2_globally_updated_goal_condition_bt_node.so
[0.726s] -- Up-to-date: /home/khanh247/software_simulation/turtlebot3_ws/install/nav2_behavior_tree/lib/libnav2_goal_updated_condition_bt_node.so
[0.729s] -- Up-to-date: /home/khanh247/software_simulation/turtlebot3_ws/install/nav2_behavior_tree/lib/libnav2_is_path_valid_condition_bt_node.so
[0.729s] -- Up-to-date: /home/khanh247/software_simulation/turtlebot3_ws/install/nav2_behavior_tree/lib/libnav2_time_expired_condition_bt_node.so
[0.729s] -- Up-to-date: /home/khanh247/software_simulation/turtlebot3_ws/install/nav2_behavior_tree/lib/libnav2_path_expiring_timer_condition.so
[0.729s] -- Up-to-date: /home/khanh247/software_simulation/turtlebot3_ws/install/nav2_behavior_tree/lib/libnav2_distance_traveled_condition_bt_node.so
[0.729s] -- Up-to-date: /home/khanh247/software_simulation/turtlebot3_ws/install/nav2_behavior_tree/lib/libnav2_initial_pose_received_condition_bt_node.so
[0.729s] -- Up-to-date: /home/khanh247/software_simulation/turtlebot3_ws/install/nav2_behavior_tree/lib/libnav2_is_battery_charging_condition_bt_node.so
[0.730s] -- Up-to-date: /home/khanh247/software_simulation/turtlebot3_ws/install/nav2_behavior_tree/lib/libnav2_is_battery_low_condition_bt_node.so
[0.730s] -- Up-to-date: /home/khanh247/software_simulation/turtlebot3_ws/install/nav2_behavior_tree/lib/libnav2_reinitialize_global_localization_service_bt_node.so
[0.730s] -- Up-to-date: /home/khanh247/software_simulation/turtlebot3_ws/install/nav2_behavior_tree/lib/libnav2_rate_controller_bt_node.so
[0.730s] -- Up-to-date: /home/khanh247/software_simulation/turtlebot3_ws/install/nav2_behavior_tree/lib/libnav2_distance_controller_bt_node.so
[0.730s] -- Up-to-date: /home/khanh247/software_simulation/turtlebot3_ws/install/nav2_behavior_tree/lib/libnav2_speed_controller_bt_node.so
[0.730s] -- Up-to-date: /home/khanh247/software_simulation/turtlebot3_ws/install/nav2_behavior_tree/lib/libnav2_truncate_path_action_bt_node.so
[0.730s] -- Up-to-date: /home/khanh247/software_simulation/turtlebot3_ws/install/nav2_behavior_tree/lib/libnav2_truncate_path_local_action_bt_node.so
[0.730s] -- Up-to-date: /home/khanh247/software_simulation/turtlebot3_ws/install/nav2_behavior_tree/lib/libnav2_goal_updater_node_bt_node.so
[0.730s] -- Up-to-date: /home/khanh247/software_simulation/turtlebot3_ws/install/nav2_behavior_tree/lib/libnav2_path_longer_on_approach_bt_node.so
[0.730s] -- Up-to-date: /home/khanh247/software_simulation/turtlebot3_ws/install/nav2_behavior_tree/lib/libnav2_recovery_node_bt_node.so
[0.730s] -- Up-to-date: /home/khanh247/software_simulation/turtlebot3_ws/install/nav2_behavior_tree/lib/libnav2_navigate_to_pose_action_bt_node.so
[0.730s] -- Up-to-date: /home/khanh247/software_simulation/turtlebot3_ws/install/nav2_behavior_tree/lib/libnav2_navigate_through_poses_action_bt_node.so
[0.730s] -- Up-to-date: /home/khanh247/software_simulation/turtlebot3_ws/install/nav2_behavior_tree/lib/libnav2_remove_passed_goals_action_bt_node.so
[0.730s] -- Up-to-date: /home/khanh247/software_simulation/turtlebot3_ws/install/nav2_behavior_tree/lib/libnav2_get_pose_from_path_action_bt_node.so
[0.730s] -- Up-to-date: /home/khanh247/software_simulation/turtlebot3_ws/install/nav2_behavior_tree/lib/libnav2_pipeline_sequence_bt_node.so
[0.730s] -- Up-to-date: /home/khanh247/software_simulation/turtlebot3_ws/install/nav2_behavior_tree/lib/libnav2_round_robin_node_bt_node.so
[0.730s] -- Up-to-date: /home/khanh247/software_simulation/turtlebot3_ws/install/nav2_behavior_tree/lib/libnav2_single_trigger_bt_node.so
[0.731s] -- Up-to-date: /home/khanh247/software_simulation/turtlebot3_ws/install/nav2_behavior_tree/lib/libnav2_planner_selector_bt_node.so
[0.731s] -- Up-to-date: /home/khanh247/software_simulation/turtlebot3_ws/install/nav2_behavior_tree/lib/libnav2_controller_selector_bt_node.so
[0.731s] -- Up-to-date: /home/khanh247/software_simulation/turtlebot3_ws/install/nav2_behavior_tree/lib/libnav2_smoother_selector_bt_node.so
[0.731s] -- Up-to-date: /home/khanh247/software_simulation/turtlebot3_ws/install/nav2_behavior_tree/lib/libnav2_goal_checker_selector_bt_node.so
[0.731s] -- Up-to-date: /home/khanh247/software_simulation/turtlebot3_ws/install/nav2_behavior_tree/lib/libnav2_progress_checker_selector_bt_node.so
[0.731s] -- Up-to-date: /home/khanh247/software_simulation/turtlebot3_ws/install/nav2_behavior_tree/lib/libnav2_goal_updated_controller_bt_node.so
[0.731s] -- Up-to-date: /home/khanh247/software_simulation/turtlebot3_ws/install/nav2_behavior_tree/include/
[0.731s] -- Up-to-date: /home/khanh247/software_simulation/turtlebot3_ws/install/nav2_behavior_tree/include//nav2_behavior_tree
[0.731s] -- Up-to-date: /home/khanh247/software_simulation/turtlebot3_ws/install/nav2_behavior_tree/include//nav2_behavior_tree/bt_service_node.hpp
[0.731s] -- Up-to-date: /home/khanh247/software_simulation/turtlebot3_ws/install/nav2_behavior_tree/include//nav2_behavior_tree/bt_action_server.hpp
[0.731s] -- Up-to-date: /home/khanh247/software_simulation/turtlebot3_ws/install/nav2_behavior_tree/include//nav2_behavior_tree/plugins
[0.731s] -- Up-to-date: /home/khanh247/software_simulation/turtlebot3_ws/install/nav2_behavior_tree/include//nav2_behavior_tree/plugins/control
[0.731s] -- Up-to-date: /home/khanh247/software_simulation/turtlebot3_ws/install/nav2_behavior_tree/include//nav2_behavior_tree/plugins/control/pipeline_sequence.hpp
[0.731s] -- Up-to-date: /home/khanh247/software_simulation/turtlebot3_ws/install/nav2_behavior_tree/include//nav2_behavior_tree/plugins/control/recovery_node.hpp
[0.731s] -- Up-to-date: /home/khanh247/software_simulation/turtlebot3_ws/install/nav2_behavior_tree/include//nav2_behavior_tree/plugins/control/round_robin_node.hpp
[0.731s] -- Up-to-date: /home/khanh247/software_simulation/turtlebot3_ws/install/nav2_behavior_tree/include//nav2_behavior_tree/plugins/condition
[0.731s] -- Up-to-date: /home/khanh247/software_simulation/turtlebot3_ws/install/nav2_behavior_tree/include//nav2_behavior_tree/plugins/condition/globally_updated_goal_condition.hpp
[0.732s] -- Up-to-date: /home/khanh247/software_simulation/turtlebot3_ws/install/nav2_behavior_tree/include//nav2_behavior_tree/plugins/condition/time_expired_condition.hpp
[0.732s] -- Up-to-date: /home/khanh247/software_simulation/turtlebot3_ws/install/nav2_behavior_tree/include//nav2_behavior_tree/plugins/condition/transform_available_condition.hpp
[0.732s] -- Up-to-date: /home/khanh247/software_simulation/turtlebot3_ws/install/nav2_behavior_tree/include//nav2_behavior_tree/plugins/condition/initial_pose_received_condition.hpp
[0.732s] -- Up-to-date: /home/khanh247/software_simulation/turtlebot3_ws/install/nav2_behavior_tree/include//nav2_behavior_tree/plugins/condition/goal_reached_condition.hpp
[0.732s] -- Up-to-date: /home/khanh247/software_simulation/turtlebot3_ws/install/nav2_behavior_tree/include//nav2_behavior_tree/plugins/condition/is_path_valid_condition.hpp
[0.732s] -- Up-to-date: /home/khanh247/software_simulation/turtlebot3_ws/install/nav2_behavior_tree/include//nav2_behavior_tree/plugins/condition/distance_traveled_condition.hpp
[0.732s] -- Up-to-date: /home/khanh247/software_simulation/turtlebot3_ws/install/nav2_behavior_tree/include//nav2_behavior_tree/plugins/condition/path_expiring_timer_condition.hpp
[0.732s] -- Up-to-date: /home/khanh247/software_simulation/turtlebot3_ws/install/nav2_behavior_tree/include//nav2_behavior_tree/plugins/condition/is_battery_low_condition.hpp
[0.732s] -- Up-to-date: /home/khanh247/software_simulation/turtlebot3_ws/install/nav2_behavior_tree/include//nav2_behavior_tree/plugins/condition/is_stuck_condition.hpp
[0.732s] -- Up-to-date: /home/khanh247/software_simulation/turtlebot3_ws/install/nav2_behavior_tree/include//nav2_behavior_tree/plugins/condition/goal_updated_condition.hpp
[0.732s] -- Up-to-date: /home/khanh247/software_simulation/turtlebot3_ws/install/nav2_behavior_tree/include//nav2_behavior_tree/plugins/condition/is_battery_charging_condition.hpp
[0.732s] -- Up-to-date: /home/khanh247/software_simulation/turtlebot3_ws/install/nav2_behavior_tree/include//nav2_behavior_tree/plugins/decorator
[0.732s] -- Up-to-date: /home/khanh247/software_simulation/turtlebot3_ws/install/nav2_behavior_tree/include//nav2_behavior_tree/plugins/decorator/distance_controller.hpp
[0.732s] -- Up-to-date: /home/khanh247/software_simulation/turtlebot3_ws/install/nav2_behavior_tree/include//nav2_behavior_tree/plugins/decorator/goal_updater_node.hpp
[0.732s] -- Up-to-date: /home/khanh247/software_simulation/turtlebot3_ws/install/nav2_behavior_tree/include//nav2_behavior_tree/plugins/decorator/single_trigger_node.hpp
[0.733s] -- Up-to-date: /home/khanh247/software_simulation/turtlebot3_ws/install/nav2_behavior_tree/include//nav2_behavior_tree/plugins/decorator/speed_controller.hpp
[0.733s] -- Up-to-date: /home/khanh247/software_simulation/turtlebot3_ws/install/nav2_behavior_tree/include//nav2_behavior_tree/plugins/decorator/path_longer_on_approach.hpp
[0.733s] -- Up-to-date: /home/khanh247/software_simulation/turtlebot3_ws/install/nav2_behavior_tree/include//nav2_behavior_tree/plugins/decorator/goal_updated_controller.hpp
[0.733s] -- Up-to-date: /home/khanh247/software_simulation/turtlebot3_ws/install/nav2_behavior_tree/include//nav2_behavior_tree/plugins/decorator/rate_controller.hpp
[0.733s] -- Up-to-date: /home/khanh247/software_simulation/turtlebot3_ws/install/nav2_behavior_tree/include//nav2_behavior_tree/plugins/action
[0.733s] -- Up-to-date: /home/khanh247/software_simulation/turtlebot3_ws/install/nav2_behavior_tree/include//nav2_behavior_tree/plugins/action/back_up_cancel_node.hpp
[0.733s] -- Up-to-date: /home/khanh247/software_simulation/turtlebot3_ws/install/nav2_behavior_tree/include//nav2_behavior_tree/plugins/action/controller_selector_node.hpp
[0.733s] -- Up-to-date: /home/khanh247/software_simulation/turtlebot3_ws/install/nav2_behavior_tree/include//nav2_behavior_tree/plugins/action/wait_cancel_node.hpp
[0.733s] -- Up-to-date: /home/khanh247/software_simulation/turtlebot3_ws/install/nav2_behavior_tree/include//nav2_behavior_tree/plugins/action/get_pose_from_path_action.hpp
[0.733s] -- Up-to-date: /home/khanh247/software_simulation/turtlebot3_ws/install/nav2_behavior_tree/include//nav2_behavior_tree/plugins/action/smoother_selector_node.hpp
[0.733s] -- Up-to-date: /home/khanh247/software_simulation/turtlebot3_ws/install/nav2_behavior_tree/include//nav2_behavior_tree/plugins/action/back_up_action.hpp
[0.733s] -- Up-to-date: /home/khanh247/software_simulation/turtlebot3_ws/install/nav2_behavior_tree/include//nav2_behavior_tree/plugins/action/compute_path_to_pose_action.hpp
[0.733s] -- Up-to-date: /home/khanh247/software_simulation/turtlebot3_ws/install/nav2_behavior_tree/include//nav2_behavior_tree/plugins/action/goal_checker_selector_node.hpp
[0.733s] -- Up-to-date: /home/khanh247/software_simulation/turtlebot3_ws/install/nav2_behavior_tree/include//nav2_behavior_tree/plugins/action/drive_on_heading_cancel_node.hpp
[0.733s] -- Up-to-date: /home/khanh247/software_simulation/turtlebot3_ws/install/nav2_behavior_tree/include//nav2_behavior_tree/plugins/action/compute_path_through_poses_action.hpp
[0.733s] -- Up-to-date: /home/khanh247/software_simulation/turtlebot3_ws/install/nav2_behavior_tree/include//nav2_behavior_tree/plugins/action/navigate_to_pose_action.hpp
[0.733s] -- Up-to-date: /home/khanh247/software_simulation/turtlebot3_ws/install/nav2_behavior_tree/include//nav2_behavior_tree/plugins/action/truncate_path_action.hpp
[0.733s] -- Up-to-date: /home/khanh247/software_simulation/turtlebot3_ws/install/nav2_behavior_tree/include//nav2_behavior_tree/plugins/action/spin_action.hpp
[0.733s] -- Up-to-date: /home/khanh247/software_simulation/turtlebot3_ws/install/nav2_behavior_tree/include//nav2_behavior_tree/plugins/action/smooth_path_action.hpp
[0.734s] -- Up-to-date: /home/khanh247/software_simulation/turtlebot3_ws/install/nav2_behavior_tree/include//nav2_behavior_tree/plugins/action/spin_cancel_node.hpp
[0.734s] -- Up-to-date: /home/khanh247/software_simulation/turtlebot3_ws/install/nav2_behavior_tree/include//nav2_behavior_tree/plugins/action/remove_passed_goals_action.hpp
[0.734s] -- Up-to-date: /home/khanh247/software_simulation/turtlebot3_ws/install/nav2_behavior_tree/include//nav2_behavior_tree/plugins/action/truncate_path_local_action.hpp
[0.734s] -- Up-to-date: /home/khanh247/software_simulation/turtlebot3_ws/install/nav2_behavior_tree/include//nav2_behavior_tree/plugins/action/follow_path_action.hpp
[0.734s] -- Up-to-date: /home/khanh247/software_simulation/turtlebot3_ws/install/nav2_behavior_tree/include//nav2_behavior_tree/plugins/action/drive_on_heading_action.hpp
[0.734s] -- Up-to-date: /home/khanh247/software_simulation/turtlebot3_ws/install/nav2_behavior_tree/include//nav2_behavior_tree/plugins/action/assisted_teleop_action.hpp
[0.734s] -- Up-to-date: /home/khanh247/software_simulation/turtlebot3_ws/install/nav2_behavior_tree/include//nav2_behavior_tree/plugins/action/reinitialize_global_localization_service.hpp
[0.734s] -- Up-to-date: /home/khanh247/software_simulation/turtlebot3_ws/install/nav2_behavior_tree/include//nav2_behavior_tree/plugins/action/assisted_teleop_cancel_node.hpp
[0.734s] -- Up-to-date: /home/khanh247/software_simulation/turtlebot3_ws/install/nav2_behavior_tree/include//nav2_behavior_tree/plugins/action/progress_checker_selector_node.hpp
[0.734s] -- Up-to-date: /home/khanh247/software_simulation/turtlebot3_ws/install/nav2_behavior_tree/include//nav2_behavior_tree/plugins/action/wait_action.hpp
[0.734s] -- Up-to-date: /home/khanh247/software_simulation/turtlebot3_ws/install/nav2_behavior_tree/include//nav2_behavior_tree/plugins/action/clear_costmap_service.hpp
[0.734s] -- Up-to-date: /home/khanh247/software_simulation/turtlebot3_ws/install/nav2_behavior_tree/include//nav2_behavior_tree/plugins/action/navigate_through_poses_action.hpp
[0.735s] -- Up-to-date: /home/khanh247/software_simulation/turtlebot3_ws/install/nav2_behavior_tree/include//nav2_behavior_tree/plugins/action/planner_selector_node.hpp
[0.735s] -- Up-to-date: /home/khanh247/software_simulation/turtlebot3_ws/install/nav2_behavior_tree/include//nav2_behavior_tree/plugins/action/controller_cancel_node.hpp
[0.735s] -- Up-to-date: /home/khanh247/software_simulation/turtlebot3_ws/install/nav2_behavior_tree/include//nav2_behavior_tree/ros_topic_logger.hpp
[0.735s] -- Up-to-date: /home/khanh247/software_simulation/turtlebot3_ws/install/nav2_behavior_tree/include//nav2_behavior_tree/bt_conversions.hpp
[0.735s] -- Up-to-date: /home/khanh247/software_simulation/turtlebot3_ws/install/nav2_behavior_tree/include//nav2_behavior_tree/bt_action_server_impl.hpp
[0.735s] -- Up-to-date: /home/khanh247/software_simulation/turtlebot3_ws/install/nav2_behavior_tree/include//nav2_behavior_tree/bt_cancel_action_node.hpp
[0.735s] -- Up-to-date: /home/khanh247/software_simulation/turtlebot3_ws/install/nav2_behavior_tree/include//nav2_behavior_tree/bt_action_node.hpp
[0.735s] -- Up-to-date: /home/khanh247/software_simulation/turtlebot3_ws/install/nav2_behavior_tree/include//nav2_behavior_tree/behavior_tree_engine.hpp
[0.735s] -- Up-to-date: /home/khanh247/software_simulation/turtlebot3_ws/install/nav2_behavior_tree/share/nav2_behavior_tree/nav2_tree_nodes.xml
[0.735s] -- Up-to-date: /home/khanh247/software_simulation/turtlebot3_ws/install/nav2_behavior_tree/share/nav2_behavior_tree/environment/library_path.sh
[0.735s] -- Up-to-date: /home/khanh247/software_simulation/turtlebot3_ws/install/nav2_behavior_tree/share/nav2_behavior_tree/environment/library_path.dsv
[0.735s] -- Up-to-date: /home/khanh247/software_simulation/turtlebot3_ws/install/nav2_behavior_tree/share/ament_index/resource_index/package_run_dependencies/nav2_behavior_tree
[0.735s] -- Up-to-date: /home/khanh247/software_simulation/turtlebot3_ws/install/nav2_behavior_tree/share/ament_index/resource_index/parent_prefix_path/nav2_behavior_tree
[0.735s] -- Up-to-date: /home/khanh247/software_simulation/turtlebot3_ws/install/nav2_behavior_tree/share/nav2_behavior_tree/environment/ament_prefix_path.sh
[0.735s] -- Up-to-date: /home/khanh247/software_simulation/turtlebot3_ws/install/nav2_behavior_tree/share/nav2_behavior_tree/environment/ament_prefix_path.dsv
[0.736s] -- Up-to-date: /home/khanh247/software_simulation/turtlebot3_ws/install/nav2_behavior_tree/share/nav2_behavior_tree/environment/path.sh
[0.736s] -- Up-to-date: /home/khanh247/software_simulation/turtlebot3_ws/install/nav2_behavior_tree/share/nav2_behavior_tree/environment/path.dsv
[0.736s] -- Up-to-date: /home/khanh247/software_simulation/turtlebot3_ws/install/nav2_behavior_tree/share/nav2_behavior_tree/local_setup.bash
[0.736s] -- Up-to-date: /home/khanh247/software_simulation/turtlebot3_ws/install/nav2_behavior_tree/share/nav2_behavior_tree/local_setup.sh
[0.736s] -- Up-to-date: /home/khanh247/software_simulation/turtlebot3_ws/install/nav2_behavior_tree/share/nav2_behavior_tree/local_setup.zsh
[0.736s] -- Up-to-date: /home/khanh247/software_simulation/turtlebot3_ws/install/nav2_behavior_tree/share/nav2_behavior_tree/local_setup.dsv
[0.736s] -- Installing: /home/khanh247/software_simulation/turtlebot3_ws/install/nav2_behavior_tree/share/nav2_behavior_tree/package.dsv
[0.736s] -- Up-to-date: /home/khanh247/software_simulation/turtlebot3_ws/install/nav2_behavior_tree/share/ament_index/resource_index/packages/nav2_behavior_tree
[0.736s] -- Up-to-date: /home/khanh247/software_simulation/turtlebot3_ws/install/nav2_behavior_tree/share/nav2_behavior_tree/cmake/ament_cmake_export_include_directories-extras.cmake
[0.736s] -- Up-to-date: /home/khanh247/software_simulation/turtlebot3_ws/install/nav2_behavior_tree/share/nav2_behavior_tree/cmake/ament_cmake_export_libraries-extras.cmake
[0.736s] -- Up-to-date: /home/khanh247/software_simulation/turtlebot3_ws/install/nav2_behavior_tree/share/nav2_behavior_tree/cmake/ament_cmake_export_dependencies-extras.cmake
[0.737s] -- Up-to-date: /home/khanh247/software_simulation/turtlebot3_ws/install/nav2_behavior_tree/share/nav2_behavior_tree/cmake/nav2_behavior_treeConfig.cmake
[0.737s] -- Up-to-date: /home/khanh247/software_simulation/turtlebot3_ws/install/nav2_behavior_tree/share/nav2_behavior_tree/cmake/nav2_behavior_treeConfig-version.cmake
[0.737s] -- Up-to-date: /home/khanh247/software_simulation/turtlebot3_ws/install/nav2_behavior_tree/share/nav2_behavior_tree/package.xml
[0.739s] Invoked command in '/home/khanh247/software_simulation/turtlebot3_ws/build/nav2_behavior_tree' returned '0': AMENT_PREFIX_PATH=/home/khanh247/software_simulation/turtlebot3_ws/install/nav2_util:/home/khanh247/software_simulation/turtlebot3_ws/install/nav2_msgs:/home/khanh247/software_simulation/turtlebot3_ws/install/nav2_common:${AMENT_PREFIX_PATH} CMAKE_PREFIX_PATH=/home/khanh247/software_simulation/turtlebot3_ws/install/nav2_util:/home/khanh247/software_simulation/turtlebot3_ws/install/nav2_msgs:/home/khanh247/software_simulation/turtlebot3_ws/install/nav2_common:/opt/ros/humble LD_LIBRARY_PATH=/home/khanh247/software_simulation/turtlebot3_ws/install/nav2_util/lib:/home/khanh247/software_simulation/turtlebot3_ws/install/nav2_msgs/lib:/usr/lib/x86_64-linux-gnu/gazebo-11/plugins:/opt/ros/humble/opt/rviz_ogre_vendor/lib:/opt/ros/humble/lib/x86_64-linux-gnu:/opt/ros/humble/lib:/usr/lib/x86_64-linux-gnu/gazebo-11/plugins PYTHONPATH=/home/khanh247/software_simulation/turtlebot3_ws/install/nav2_msgs/local/lib/python3.10/dist-packages:/home/khanh247/software_simulation/turtlebot3_ws/install/nav2_common/local/lib/python3.10/dist-packages:${PYTHONPATH} /usr/bin/cmake --install /home/khanh247/software_simulation/turtlebot3_ws/build/nav2_behavior_tree
