[0.048s] Invoking command in '/home/khanh247/virtual_wall_ros2/software_simulation/turtlebot3_ws/src/build/turtlebot3_description': CMAKE_PREFIX_PATH=${CMAKE_PREFIX_PATH}:/home/khanh247/virtual_wall_ros2/software_simulation/turtlebot3_ws/install/turtlebot3_teleop:/home/khanh247/virtual_wall_ros2/software_simulation/turtlebot3_ws/install/turtlebot3_example:/home/khanh247/virtual_wall_ros2/software_simulation/turtlebot3_ws/install/nav2_simple_commander:/opt/ros/humble /usr/bin/cmake /home/khanh247/virtual_wall_ros2/software_simulation/turtlebot3_ws/src/turtlebot3/turtlebot3_description -DCMAKE_INSTALL_PREFIX=/home/khanh247/virtual_wall_ros2/software_simulation/turtlebot3_ws/src/install/turtlebot3_description
[0.317s] -- The C compiler identification is GNU 11.4.0
[0.317s] -- The CXX compiler identification is GNU 11.4.0
[0.317s] -- Detecting C compiler ABI info
[0.317s] -- Detecting C compiler ABI info - done
[0.318s] -- Check for working C compiler: /usr/bin/cc - skipped
[0.318s] -- Detecting C compile features
[0.318s] -- Detecting C compile features - done
[0.318s] -- Detecting CXX compiler ABI info
[0.393s] -- Detecting CXX compiler ABI info - done
[0.405s] -- Check for working CXX compiler: /usr/bin/c++ - skipped
[0.405s] -- Detecting CXX compile features
[0.406s] -- Detecting CXX compile features - done
[0.414s] -- Found ament_cmake: 1.3.9 (/opt/ros/humble/share/ament_cmake/cmake)
[0.905s] -- Found Python3: /usr/bin/python3 (found version "3.10.12") found components: Interpreter 
[1.092s] -- Found urdf: 2.6.0 (/opt/ros/humble/share/urdf/cmake)
[1.299s] -- Configuring done
[1.303s] -- Generating done
[1.304s] -- Build files have been written to: /home/khanh247/virtual_wall_ros2/software_simulation/turtlebot3_ws/src/build/turtlebot3_description
[1.314s] Invoked command in '/home/khanh247/virtual_wall_ros2/software_simulation/turtlebot3_ws/src/build/turtlebot3_description' returned '0': CMAKE_PREFIX_PATH=${CMAKE_PREFIX_PATH}:/home/khanh247/virtual_wall_ros2/software_simulation/turtlebot3_ws/install/turtlebot3_teleop:/home/khanh247/virtual_wall_ros2/software_simulation/turtlebot3_ws/install/turtlebot3_example:/home/khanh247/virtual_wall_ros2/software_simulation/turtlebot3_ws/install/nav2_simple_commander:/opt/ros/humble /usr/bin/cmake /home/khanh247/virtual_wall_ros2/software_simulation/turtlebot3_ws/src/turtlebot3/turtlebot3_description -DCMAKE_INSTALL_PREFIX=/home/khanh247/virtual_wall_ros2/software_simulation/turtlebot3_ws/src/install/turtlebot3_description
[1.315s] Invoking command in '/home/khanh247/virtual_wall_ros2/software_simulation/turtlebot3_ws/src/build/turtlebot3_description': CMAKE_PREFIX_PATH=${CMAKE_PREFIX_PATH}:/home/khanh247/virtual_wall_ros2/software_simulation/turtlebot3_ws/install/turtlebot3_teleop:/home/khanh247/virtual_wall_ros2/software_simulation/turtlebot3_ws/install/turtlebot3_example:/home/khanh247/virtual_wall_ros2/software_simulation/turtlebot3_ws/install/nav2_simple_commander:/opt/ros/humble /usr/bin/cmake --build /home/khanh247/virtual_wall_ros2/software_simulation/turtlebot3_ws/src/build/turtlebot3_description -- -j16 -l16
[1.394s] Invoked command in '/home/khanh247/virtual_wall_ros2/software_simulation/turtlebot3_ws/src/build/turtlebot3_description' returned '0': CMAKE_PREFIX_PATH=${CMAKE_PREFIX_PATH}:/home/khanh247/virtual_wall_ros2/software_simulation/turtlebot3_ws/install/turtlebot3_teleop:/home/khanh247/virtual_wall_ros2/software_simulation/turtlebot3_ws/install/turtlebot3_example:/home/khanh247/virtual_wall_ros2/software_simulation/turtlebot3_ws/install/nav2_simple_commander:/opt/ros/humble /usr/bin/cmake --build /home/khanh247/virtual_wall_ros2/software_simulation/turtlebot3_ws/src/build/turtlebot3_description -- -j16 -l16
[1.471s] Invoking command in '/home/khanh247/virtual_wall_ros2/software_simulation/turtlebot3_ws/src/build/turtlebot3_description': CMAKE_PREFIX_PATH=${CMAKE_PREFIX_PATH}:/home/khanh247/virtual_wall_ros2/software_simulation/turtlebot3_ws/install/turtlebot3_teleop:/home/khanh247/virtual_wall_ros2/software_simulation/turtlebot3_ws/install/turtlebot3_example:/home/khanh247/virtual_wall_ros2/software_simulation/turtlebot3_ws/install/nav2_simple_commander:/opt/ros/humble /usr/bin/cmake --install /home/khanh247/virtual_wall_ros2/software_simulation/turtlebot3_ws/src/build/turtlebot3_description
[1.498s] -- Install configuration: ""
[1.499s] -- Installing: /home/khanh247/virtual_wall_ros2/software_simulation/turtlebot3_ws/src/install/turtlebot3_description/share/turtlebot3_description/meshes
[1.500s] -- Installing: /home/khanh247/virtual_wall_ros2/software_simulation/turtlebot3_ws/src/install/turtlebot3_description/share/turtlebot3_description/meshes/wheels
[1.501s] -- Installing: /home/khanh247/virtual_wall_ros2/software_simulation/turtlebot3_ws/src/install/turtlebot3_description/share/turtlebot3_description/meshes/wheels/right_tire.stl
[1.508s] -- Installing: /home/khanh247/virtual_wall_ros2/software_simulation/turtlebot3_ws/src/install/turtlebot3_description/share/turtlebot3_description/meshes/wheels/left_tire.stl
[1.515s] -- Installing: /home/khanh247/virtual_wall_ros2/software_simulation/turtlebot3_ws/src/install/turtlebot3_description/share/turtlebot3_description/meshes/sensors
[1.516s] -- Installing: /home/khanh247/virtual_wall_ros2/software_simulation/turtlebot3_ws/src/install/turtlebot3_description/share/turtlebot3_description/meshes/sensors/astra.dae
[1.557s] -- Installing: /home/khanh247/virtual_wall_ros2/software_simulation/turtlebot3_ws/src/install/turtlebot3_description/share/turtlebot3_description/meshes/sensors/r200.dae
[1.568s] -- Installing: /home/khanh247/virtual_wall_ros2/software_simulation/turtlebot3_ws/src/install/turtlebot3_description/share/turtlebot3_description/meshes/sensors/astra.jpg
[1.568s] -- Installing: /home/khanh247/virtual_wall_ros2/software_simulation/turtlebot3_ws/src/install/turtlebot3_description/share/turtlebot3_description/meshes/sensors/lds.stl
[1.568s] -- Installing: /home/khanh247/virtual_wall_ros2/software_simulation/turtlebot3_ws/src/install/turtlebot3_description/share/turtlebot3_description/meshes/sensors/r200.jpg
[1.568s] -- Installing: /home/khanh247/virtual_wall_ros2/software_simulation/turtlebot3_ws/src/install/turtlebot3_description/share/turtlebot3_description/meshes/bases
[1.568s] -- Installing: /home/khanh247/virtual_wall_ros2/software_simulation/turtlebot3_ws/src/install/turtlebot3_description/share/turtlebot3_description/meshes/bases/burger_base.stl
[1.593s] -- Installing: /home/khanh247/virtual_wall_ros2/software_simulation/turtlebot3_ws/src/install/turtlebot3_description/share/turtlebot3_description/meshes/bases/waffle_pi_base.stl
[1.627s] -- Installing: /home/khanh247/virtual_wall_ros2/software_simulation/turtlebot3_ws/src/install/turtlebot3_description/share/turtlebot3_description/meshes/bases/waffle_base.stl
[1.704s] -- Installing: /home/khanh247/virtual_wall_ros2/software_simulation/turtlebot3_ws/src/install/turtlebot3_description/share/turtlebot3_description/rviz
[1.705s] -- Installing: /home/khanh247/virtual_wall_ros2/software_simulation/turtlebot3_ws/src/install/turtlebot3_description/share/turtlebot3_description/rviz/model.rviz
[1.705s] -- Installing: /home/khanh247/virtual_wall_ros2/software_simulation/turtlebot3_ws/src/install/turtlebot3_description/share/turtlebot3_description/urdf
[1.705s] -- Installing: /home/khanh247/virtual_wall_ros2/software_simulation/turtlebot3_ws/src/install/turtlebot3_description/share/turtlebot3_description/urdf/turtlebot3_waffle_pi.urdf
[1.705s] -- Installing: /home/khanh247/virtual_wall_ros2/software_simulation/turtlebot3_ws/src/install/turtlebot3_description/share/turtlebot3_description/urdf/common_properties.urdf
[1.706s] -- Installing: /home/khanh247/virtual_wall_ros2/software_simulation/turtlebot3_ws/src/install/turtlebot3_description/share/turtlebot3_description/urdf/turtlebot3_waffle.urdf
[1.706s] -- Installing: /home/khanh247/virtual_wall_ros2/software_simulation/turtlebot3_ws/src/install/turtlebot3_description/share/turtlebot3_description/urdf/turtlebot3_burger.urdf
[1.706s] -- Installing: /home/khanh247/virtual_wall_ros2/software_simulation/turtlebot3_ws/src/install/turtlebot3_description/share/ament_index/resource_index/package_run_dependencies/turtlebot3_description
[1.706s] -- Installing: /home/khanh247/virtual_wall_ros2/software_simulation/turtlebot3_ws/src/install/turtlebot3_description/share/ament_index/resource_index/parent_prefix_path/turtlebot3_description
[1.706s] -- Installing: /home/khanh247/virtual_wall_ros2/software_simulation/turtlebot3_ws/src/install/turtlebot3_description/share/turtlebot3_description/environment/ament_prefix_path.sh
[1.706s] -- Installing: /home/khanh247/virtual_wall_ros2/software_simulation/turtlebot3_ws/src/install/turtlebot3_description/share/turtlebot3_description/environment/ament_prefix_path.dsv
[1.707s] -- Installing: /home/khanh247/virtual_wall_ros2/software_simulation/turtlebot3_ws/src/install/turtlebot3_description/share/turtlebot3_description/environment/path.sh
[1.707s] -- Installing: /home/khanh247/virtual_wall_ros2/software_simulation/turtlebot3_ws/src/install/turtlebot3_description/share/turtlebot3_description/environment/path.dsv
[1.707s] -- Installing: /home/khanh247/virtual_wall_ros2/software_simulation/turtlebot3_ws/src/install/turtlebot3_description/share/turtlebot3_description/local_setup.bash
[1.707s] -- Installing: /home/khanh247/virtual_wall_ros2/software_simulation/turtlebot3_ws/src/install/turtlebot3_description/share/turtlebot3_description/local_setup.sh
[1.707s] -- Installing: /home/khanh247/virtual_wall_ros2/software_simulation/turtlebot3_ws/src/install/turtlebot3_description/share/turtlebot3_description/local_setup.zsh
[1.707s] -- Installing: /home/khanh247/virtual_wall_ros2/software_simulation/turtlebot3_ws/src/install/turtlebot3_description/share/turtlebot3_description/local_setup.dsv
[1.708s] -- Installing: /home/khanh247/virtual_wall_ros2/software_simulation/turtlebot3_ws/src/install/turtlebot3_description/share/turtlebot3_description/package.dsv
[1.708s] -- Installing: /home/khanh247/virtual_wall_ros2/software_simulation/turtlebot3_ws/src/install/turtlebot3_description/share/ament_index/resource_index/packages/turtlebot3_description
[1.708s] -- Installing: /home/khanh247/virtual_wall_ros2/software_simulation/turtlebot3_ws/src/install/turtlebot3_description/share/turtlebot3_description/cmake/turtlebot3_descriptionConfig.cmake
[1.708s] -- Installing: /home/khanh247/virtual_wall_ros2/software_simulation/turtlebot3_ws/src/install/turtlebot3_description/share/turtlebot3_description/cmake/turtlebot3_descriptionConfig-version.cmake
[1.708s] -- Installing: /home/khanh247/virtual_wall_ros2/software_simulation/turtlebot3_ws/src/install/turtlebot3_description/share/turtlebot3_description/package.xml
[1.712s] Invoked command in '/home/khanh247/virtual_wall_ros2/software_simulation/turtlebot3_ws/src/build/turtlebot3_description' returned '0': CMAKE_PREFIX_PATH=${CMAKE_PREFIX_PATH}:/home/khanh247/virtual_wall_ros2/software_simulation/turtlebot3_ws/install/turtlebot3_teleop:/home/khanh247/virtual_wall_ros2/software_simulation/turtlebot3_ws/install/turtlebot3_example:/home/khanh247/virtual_wall_ros2/software_simulation/turtlebot3_ws/install/nav2_simple_commander:/opt/ros/humble /usr/bin/cmake --install /home/khanh247/virtual_wall_ros2/software_simulation/turtlebot3_ws/src/build/turtlebot3_description
