[0.041s] Invoking command in '/home/khanh247/virtual_wall_ros2/software_simulation/turtlebot3_ws/src/build/turtlebot3_cartographer': CMAKE_PREFIX_PATH=${CMAKE_PREFIX_PATH}:/home/khanh247/virtual_wall_ros2/software_simulation/turtlebot3_ws/install/turtlebot3_teleop:/home/khanh247/virtual_wall_ros2/software_simulation/turtlebot3_ws/install/turtlebot3_example:/home/khanh247/virtual_wall_ros2/software_simulation/turtlebot3_ws/install/nav2_simple_commander:/opt/ros/humble /usr/bin/cmake /home/khanh247/virtual_wall_ros2/software_simulation/turtlebot3_ws/src/turtlebot3/turtlebot3_cartographer -DCMAKE_INSTALL_PREFIX=/home/khanh247/virtual_wall_ros2/software_simulation/turtlebot3_ws/src/install/turtlebot3_cartographer
[0.310s] -- The C compiler identification is GNU 11.4.0
[0.310s] -- The CXX compiler identification is GNU 11.4.0
[0.310s] -- Detecting C compiler ABI info
[0.311s] -- Detecting C compiler ABI info - done
[0.311s] -- Check for working C compiler: /usr/bin/cc - skipped
[0.311s] -- Detecting C compile features
[0.311s] -- Detecting C compile features - done
[0.311s] -- Detecting CXX compiler ABI info
[0.377s] -- Detecting CXX compiler ABI info - done
[0.385s] -- Check for working CXX compiler: /usr/bin/c++ - skipped
[0.386s] -- Detecting CXX compile features
[0.386s] -- Detecting CXX compile features - done
[0.396s] -- Found ament_cmake: 1.3.9 (/opt/ros/humble/share/ament_cmake/cmake)
[0.943s] -- Found Python3: /usr/bin/python3 (found version "3.10.12") found components: Interpreter 
[1.210s] -- Configuring done
[1.213s] -- Generating done
[1.214s] -- Build files have been written to: /home/khanh247/virtual_wall_ros2/software_simulation/turtlebot3_ws/src/build/turtlebot3_cartographer
[1.219s] Invoked command in '/home/khanh247/virtual_wall_ros2/software_simulation/turtlebot3_ws/src/build/turtlebot3_cartographer' returned '0': CMAKE_PREFIX_PATH=${CMAKE_PREFIX_PATH}:/home/khanh247/virtual_wall_ros2/software_simulation/turtlebot3_ws/install/turtlebot3_teleop:/home/khanh247/virtual_wall_ros2/software_simulation/turtlebot3_ws/install/turtlebot3_example:/home/khanh247/virtual_wall_ros2/software_simulation/turtlebot3_ws/install/nav2_simple_commander:/opt/ros/humble /usr/bin/cmake /home/khanh247/virtual_wall_ros2/software_simulation/turtlebot3_ws/src/turtlebot3/turtlebot3_cartographer -DCMAKE_INSTALL_PREFIX=/home/khanh247/virtual_wall_ros2/software_simulation/turtlebot3_ws/src/install/turtlebot3_cartographer
[1.221s] Invoking command in '/home/khanh247/virtual_wall_ros2/software_simulation/turtlebot3_ws/src/build/turtlebot3_cartographer': CMAKE_PREFIX_PATH=${CMAKE_PREFIX_PATH}:/home/khanh247/virtual_wall_ros2/software_simulation/turtlebot3_ws/install/turtlebot3_teleop:/home/khanh247/virtual_wall_ros2/software_simulation/turtlebot3_ws/install/turtlebot3_example:/home/khanh247/virtual_wall_ros2/software_simulation/turtlebot3_ws/install/nav2_simple_commander:/opt/ros/humble /usr/bin/cmake --build /home/khanh247/virtual_wall_ros2/software_simulation/turtlebot3_ws/src/build/turtlebot3_cartographer -- -j16 -l16
[1.275s] Invoked command in '/home/khanh247/virtual_wall_ros2/software_simulation/turtlebot3_ws/src/build/turtlebot3_cartographer' returned '0': CMAKE_PREFIX_PATH=${CMAKE_PREFIX_PATH}:/home/khanh247/virtual_wall_ros2/software_simulation/turtlebot3_ws/install/turtlebot3_teleop:/home/khanh247/virtual_wall_ros2/software_simulation/turtlebot3_ws/install/turtlebot3_example:/home/khanh247/virtual_wall_ros2/software_simulation/turtlebot3_ws/install/nav2_simple_commander:/opt/ros/humble /usr/bin/cmake --build /home/khanh247/virtual_wall_ros2/software_simulation/turtlebot3_ws/src/build/turtlebot3_cartographer -- -j16 -l16
[1.323s] Invoking command in '/home/khanh247/virtual_wall_ros2/software_simulation/turtlebot3_ws/src/build/turtlebot3_cartographer': CMAKE_PREFIX_PATH=${CMAKE_PREFIX_PATH}:/home/khanh247/virtual_wall_ros2/software_simulation/turtlebot3_ws/install/turtlebot3_teleop:/home/khanh247/virtual_wall_ros2/software_simulation/turtlebot3_ws/install/turtlebot3_example:/home/khanh247/virtual_wall_ros2/software_simulation/turtlebot3_ws/install/nav2_simple_commander:/opt/ros/humble /usr/bin/cmake --install /home/khanh247/virtual_wall_ros2/software_simulation/turtlebot3_ws/src/build/turtlebot3_cartographer
[1.333s] -- Install configuration: ""
[1.334s] -- Installing: /home/khanh247/virtual_wall_ros2/software_simulation/turtlebot3_ws/src/install/turtlebot3_cartographer/share/turtlebot3_cartographer/config
[1.334s] -- Installing: /home/khanh247/virtual_wall_ros2/software_simulation/turtlebot3_ws/src/install/turtlebot3_cartographer/share/turtlebot3_cartographer/config/turtlebot3_lds_2d.lua
[1.334s] -- Installing: /home/khanh247/virtual_wall_ros2/software_simulation/turtlebot3_ws/src/install/turtlebot3_cartographer/share/turtlebot3_cartographer/launch
[1.334s] -- Installing: /home/khanh247/virtual_wall_ros2/software_simulation/turtlebot3_ws/src/install/turtlebot3_cartographer/share/turtlebot3_cartographer/launch/cartographer.launch.py
[1.335s] -- Installing: /home/khanh247/virtual_wall_ros2/software_simulation/turtlebot3_ws/src/install/turtlebot3_cartographer/share/turtlebot3_cartographer/launch/occupancy_grid.launch.py
[1.335s] -- Installing: /home/khanh247/virtual_wall_ros2/software_simulation/turtlebot3_ws/src/install/turtlebot3_cartographer/share/turtlebot3_cartographer/rviz
[1.335s] -- Installing: /home/khanh247/virtual_wall_ros2/software_simulation/turtlebot3_ws/src/install/turtlebot3_cartographer/share/turtlebot3_cartographer/rviz/tb3_cartographer.rviz
[1.335s] -- Installing: /home/khanh247/virtual_wall_ros2/software_simulation/turtlebot3_ws/src/install/turtlebot3_cartographer/share/ament_index/resource_index/package_run_dependencies/turtlebot3_cartographer
[1.336s] -- Installing: /home/khanh247/virtual_wall_ros2/software_simulation/turtlebot3_ws/src/install/turtlebot3_cartographer/share/ament_index/resource_index/parent_prefix_path/turtlebot3_cartographer
[1.336s] -- Installing: /home/khanh247/virtual_wall_ros2/software_simulation/turtlebot3_ws/src/install/turtlebot3_cartographer/share/turtlebot3_cartographer/environment/ament_prefix_path.sh
[1.336s] -- Installing: /home/khanh247/virtual_wall_ros2/software_simulation/turtlebot3_ws/src/install/turtlebot3_cartographer/share/turtlebot3_cartographer/environment/ament_prefix_path.dsv
[1.336s] -- Installing: /home/khanh247/virtual_wall_ros2/software_simulation/turtlebot3_ws/src/install/turtlebot3_cartographer/share/turtlebot3_cartographer/environment/path.sh
[1.336s] -- Installing: /home/khanh247/virtual_wall_ros2/software_simulation/turtlebot3_ws/src/install/turtlebot3_cartographer/share/turtlebot3_cartographer/environment/path.dsv
[1.336s] -- Installing: /home/khanh247/virtual_wall_ros2/software_simulation/turtlebot3_ws/src/install/turtlebot3_cartographer/share/turtlebot3_cartographer/local_setup.bash
[1.337s] -- Installing: /home/khanh247/virtual_wall_ros2/software_simulation/turtlebot3_ws/src/install/turtlebot3_cartographer/share/turtlebot3_cartographer/local_setup.sh
[1.337s] -- Installing: /home/khanh247/virtual_wall_ros2/software_simulation/turtlebot3_ws/src/install/turtlebot3_cartographer/share/turtlebot3_cartographer/local_setup.zsh
[1.337s] -- Installing: /home/khanh247/virtual_wall_ros2/software_simulation/turtlebot3_ws/src/install/turtlebot3_cartographer/share/turtlebot3_cartographer/local_setup.dsv
[1.338s] -- Installing: /home/khanh247/virtual_wall_ros2/software_simulation/turtlebot3_ws/src/install/turtlebot3_cartographer/share/turtlebot3_cartographer/package.dsv
[1.338s] -- Installing: /home/khanh247/virtual_wall_ros2/software_simulation/turtlebot3_ws/src/install/turtlebot3_cartographer/share/ament_index/resource_index/packages/turtlebot3_cartographer
[1.338s] -- Installing: /home/khanh247/virtual_wall_ros2/software_simulation/turtlebot3_ws/src/install/turtlebot3_cartographer/share/turtlebot3_cartographer/cmake/turtlebot3_cartographerConfig.cmake
[1.338s] -- Installing: /home/khanh247/virtual_wall_ros2/software_simulation/turtlebot3_ws/src/install/turtlebot3_cartographer/share/turtlebot3_cartographer/cmake/turtlebot3_cartographerConfig-version.cmake
[1.339s] -- Installing: /home/khanh247/virtual_wall_ros2/software_simulation/turtlebot3_ws/src/install/turtlebot3_cartographer/share/turtlebot3_cartographer/package.xml
[1.346s] Invoked command in '/home/khanh247/virtual_wall_ros2/software_simulation/turtlebot3_ws/src/build/turtlebot3_cartographer' returned '0': CMAKE_PREFIX_PATH=${CMAKE_PREFIX_PATH}:/home/khanh247/virtual_wall_ros2/software_simulation/turtlebot3_ws/install/turtlebot3_teleop:/home/khanh247/virtual_wall_ros2/software_simulation/turtlebot3_ws/install/turtlebot3_example:/home/khanh247/virtual_wall_ros2/software_simulation/turtlebot3_ws/install/nav2_simple_commander:/opt/ros/humble /usr/bin/cmake --install /home/khanh247/virtual_wall_ros2/software_simulation/turtlebot3_ws/src/build/turtlebot3_cartographer
