[01m[K/home/khanh247/software_simulation/turtlebot3_ws/src/plu_virtual_wall/src/virtual_wall_layer.cpp:[m[K In constructor ‘[01m[Kvirtual_wall_ros2::VirtualWallLayer::VirtualWallLayer()[m[K’:
[01m[K/home/khanh247/software_simulation/turtlebot3_ws/src/plu_virtual_wall/src/virtual_wall_layer.cpp:19:5:[m[K [01;31m[Kerror: [m[K‘[01m[Ktf_buffer_[m[K’ was not declared in this scope
   19 |     [01;31m[Ktf_buffer_[m[K = std::make_shared<tf2_ros::Buffer>(rclcpp::Clock::make_shared());
      |     [01;31m[K^~~~~~~~~~[m[K
[01m[K/home/khanh247/software_simulation/turtlebot3_ws/src/plu_virtual_wall/src/virtual_wall_layer.cpp:20:5:[m[K [01;31m[Kerror: [m[K‘[01m[Ktf_listener_[m[K’ was not declared in this scope
   20 |     [01;31m[Ktf_listener_[m[K = std::make_shared<tf2_ros::TransformListener>(*tf_buffer_);
      |     [01;31m[K^~~~~~~~~~~~[m[K
[01m[K/home/khanh247/software_simulation/turtlebot3_ws/src/plu_virtual_wall/src/virtual_wall_layer.cpp:[m[K At global scope:
[01m[K/home/khanh247/software_simulation/turtlebot3_ws/src/plu_virtual_wall/src/virtual_wall_layer.cpp:163:6:[m[K [01;31m[Kerror: [m[Kno declaration matches ‘[01m[Kvoid virtual_wall_ros2::VirtualWallLayer::updateBounds(double*, double*, double*, double*)[m[K’
  163 | void [01;31m[KVirtualWallLayer[m[K::updateBounds(double *min_x, double *min_y, double *max_x, double *max_y)
      |      [01;31m[K^~~~~~~~~~~~~~~~[m[K
In file included from [01m[K/home/khanh247/software_simulation/turtlebot3_ws/src/plu_virtual_wall/src/virtual_wall_layer.cpp:1[m[K:
[01m[K/home/khanh247/software_simulation/turtlebot3_ws/src/plu_virtual_wall/include/plu_virtual_wall/virtual_wall_layer.hpp:23:18:[m[K [01;36m[Knote: [m[Kcandidate is: ‘[01m[Kvirtual void virtual_wall_ros2::VirtualWallLayer::updateBounds(double, double, double, double*, double*, double*, double*)[m[K’
   23 |     virtual void [01;36m[KupdateBounds[m[K(double robot_x, double robot_y, double robot_yaw, double* min_x, double* min_y, double* max_x, double* max_y) override;
      |                  [01;36m[K^~~~~~~~~~~~[m[K
[01m[K/home/khanh247/software_simulation/turtlebot3_ws/src/plu_virtual_wall/include/plu_virtual_wall/virtual_wall_layer.hpp:16:7:[m[K [01;36m[Knote: [m[K‘[01m[Kclass virtual_wall_ros2::VirtualWallLayer[m[K’ defined here
   16 | class [01;36m[KVirtualWallLayer[m[K : public nav2_costmap_2d::Layer
      |       [01;36m[K^~~~~~~~~~~~~~~~[m[K
gmake[2]: *** [CMakeFiles/plu_virtual_wall.dir/build.make:76: CMakeFiles/plu_virtual_wall.dir/src/virtual_wall_layer.cpp.o] Error 1
gmake[1]: *** [CMakeFiles/Makefile2:139: CMakeFiles/plu_virtual_wall.dir/all] Error 2
gmake: *** [Makefile:146: all] Error 2
