[0.027s] Invoking command in '/home/khanh247/software_simulation/turtlebot3_ws/build/plu_virtual_wall': CMAKE_PREFIX_PATH=/home/khanh247/software_simulation/turtlebot3_ws/install/nav2_costmap_2d:/home/khanh247/software_simulation/turtlebot3_ws/install/nav2_map_server:/home/khanh247/software_simulation/turtlebot3_ws/install/nav2_lifecycle_manager:/home/khanh247/software_simulation/turtlebot3_ws/install/nav2_util:/home/khanh247/software_simulation/turtlebot3_ws/install/nav2_voxel_grid:/home/khanh247/software_simulation/turtlebot3_ws/install/nav2_msgs:/home/khanh247/software_simulation/turtlebot3_ws/install/nav2_common:/home/khanh247/software_simulation/turtlebot3_ws/install/virtual_wall_ros2:/home/khanh247/software_simulation/turtlebot3_ws/install/virtual_wall:/home/khanh247/software_simulation/turtlebot3_ws/install/tutorial_interfaces:/home/khanh247/software_simulation/turtlebot3_ws/install/turtlebot3:/home/khanh247/software_simulation/turtlebot3_ws/install/turtlebot3_simulations:/home/khanh247/software_simulation/turtlebot3_ws/install/turtlebot3_bringup:/home/khanh247/software_simulation/turtlebot3_ws/install/turtlebot3_node:/home/khanh247/software_simulation/turtlebot3_ws/install/turtlebot3_navigation2:/home/khanh247/software_simulation/turtlebot3_ws/install/turtlebot3_fake_node:/home/khanh247/software_simulation/turtlebot3_ws/install/turtlebot3_msgs:/home/khanh247/software_simulation/turtlebot3_ws/install/turtlebot3_gazebo:/home/khanh247/software_simulation/turtlebot3_ws/install/turtlebot3_description:/home/khanh247/software_simulation/turtlebot3_ws/install/turtlebot3_cartographer:/home/khanh247/software_simulation/turtlebot3_ws/install/plu_virtual_wall:/home/khanh247/software_simulation/turtlebot3_ws/install/nav2_system_tests:/home/khanh247/software_simulation/turtlebot3_ws/install/nav2_bringup:/home/khanh247/software_simulation/turtlebot3_ws/install/navigation2:/home/khanh247/software_simulation/turtlebot3_ws/install/nav2_smoother:/home/khanh247/software_simulation/turtlebot3_ws/install/nav2_graceful_controller:/home/khanh247/software_simulation/turtlebot3_ws/install/nav2_dwb_controller:/home/khanh247/software_simulation/turtlebot3_ws/install/nav2_controller:/home/khanh247/software_simulation/turtlebot3_ws/install/dwb_plugins:/home/khanh247/software_simulation/turtlebot3_ws/install/dwb_critics:/home/khanh247/software_simulation/turtlebot3_ws/install/dwb_core:/home/khanh247/software_simulation/turtlebot3_ws/install/nav_2d_utils:/home/khanh247/software_simulation/turtlebot3_ws/install/dwb_msgs:/home/khanh247/software_simulation/turtlebot3_ws/install/nav_2d_msgs:/home/khanh247/software_simulation/turtlebot3_ws/install/nav2_waypoint_follower:/home/khanh247/software_simulation/turtlebot3_ws/install/nav2_theta_star_planner:/home/khanh247/software_simulation/turtlebot3_ws/install/nav2_smac_planner:/home/khanh247/software_simulation/turtlebot3_ws/install/nav2_rotation_shim_controller:/home/khanh247/software_simulation/turtlebot3_ws/install/nav2_regulated_pure_pursuit_controller:/home/khanh247/software_simulation/turtlebot3_ws/install/nav2_planner:/home/khanh247/software_simulation/turtlebot3_ws/install/nav2_navfn_planner:/home/khanh247/software_simulation/turtlebot3_ws/install/nav2_mppi_controller:/home/khanh247/software_simulation/turtlebot3_ws/install/nav2_constrained_smoother:/home/khanh247/software_simulation/turtlebot3_ws/install/nav2_bt_navigator:/home/khanh247/software_simulation/turtlebot3_ws/install/nav2_behaviors:/home/khanh247/software_simulation/turtlebot3_ws/install/nav2_core:/home/khanh247/software_simulation/turtlebot3_ws/install/nav2_collision_monitor:/home/khanh247/software_simulation/turtlebot3_ws/install/costmap_queue:/home/khanh247/software_simulation/turtlebot3_ws/install/nav2_velocity_smoother:/home/khanh247/software_simulation/turtlebot3_ws/install/nav2_rviz_plugins:/home/khanh247/software_simulation/turtlebot3_ws/install/nav2_behavior_tree:/home/khanh247/software_simulation/turtlebot3_ws/install/nav2_amcl:/home/khanh247/software_simulation/turtlebot3_ws/install/dynamixel_sdk_examples:/home/khanh247/software_simulation/turtlebot3_ws/install/dynamixel_sdk_custom_interfaces:/home/khanh247/software_simulation/turtlebot3_ws/install/dynamixel_sdk:/home/khanh247/software_simulation/turtlebot3_ws/install/turtlebot3_teleop:/home/khanh247/software_simulation/turtlebot3_ws/install/turtlebot3_example:/home/khanh247/software_simulation/turtlebot3_ws/install/nav2_simple_commander:/opt/ros/humble LD_LIBRARY_PATH=/home/khanh247/software_simulation/turtlebot3_ws/install/nav2_costmap_2d/lib:/home/khanh247/software_simulation/turtlebot3_ws/install/nav2_map_server/lib:/home/khanh247/software_simulation/turtlebot3_ws/install/nav2_lifecycle_manager/lib:/home/khanh247/software_simulation/turtlebot3_ws/install/nav2_util/lib:/home/khanh247/software_simulation/turtlebot3_ws/install/nav2_voxel_grid/lib:/home/khanh247/software_simulation/turtlebot3_ws/install/nav2_msgs/lib:/home/khanh247/software_simulation/turtlebot3_ws/install/virtual_wall_ros2/lib:/home/khanh247/software_simulation/turtlebot3_ws/install/virtual_wall/lib:/home/khanh247/software_simulation/turtlebot3_ws/install/turtlebot3_msgs/lib:/home/khanh247/software_simulation/turtlebot3_ws/install/plu_virtual_wall/lib:/home/khanh247/software_simulation/turtlebot3_ws/install/nav2_smoother/lib:/home/khanh247/software_simulation/turtlebot3_ws/install/nav2_graceful_controller/lib:/home/khanh247/software_simulation/turtlebot3_ws/install/nav2_controller/lib:/home/khanh247/software_simulation/turtlebot3_ws/install/dwb_plugins/lib:/home/khanh247/software_simulation/turtlebot3_ws/install/dwb_critics/lib:/home/khanh247/software_simulation/turtlebot3_ws/install/dwb_core/lib:/home/khanh247/software_simulation/turtlebot3_ws/install/nav_2d_utils/lib:/home/khanh247/software_simulation/turtlebot3_ws/install/dwb_msgs/lib:/home/khanh247/software_simulation/turtlebot3_ws/install/nav_2d_msgs/lib:/home/khanh247/software_simulation/turtlebot3_ws/install/nav2_waypoint_follower/lib:/home/khanh247/software_simulation/turtlebot3_ws/install/nav2_theta_star_planner/lib:/home/khanh247/software_simulation/turtlebot3_ws/install/nav2_smac_planner/lib:/home/khanh247/software_simulation/turtlebot3_ws/install/nav2_rotation_shim_controller/lib:/home/khanh247/software_simulation/turtlebot3_ws/install/nav2_regulated_pure_pursuit_controller/lib:/home/khanh247/software_simulation/turtlebot3_ws/install/nav2_planner/lib:/home/khanh247/software_simulation/turtlebot3_ws/install/nav2_navfn_planner/lib:/home/khanh247/software_simulation/turtlebot3_ws/install/nav2_mppi_controller/lib:/home/khanh247/software_simulation/turtlebot3_ws/install/nav2_constrained_smoother/lib:/home/khanh247/software_simulation/turtlebot3_ws/install/nav2_bt_navigator/lib:/home/khanh247/software_simulation/turtlebot3_ws/install/nav2_behaviors/lib:/home/khanh247/software_simulation/turtlebot3_ws/install/nav2_collision_monitor/lib:/home/khanh247/software_simulation/turtlebot3_ws/install/costmap_queue/lib:/home/khanh247/software_simulation/turtlebot3_ws/install/nav2_velocity_smoother/lib:/home/khanh247/software_simulation/turtlebot3_ws/install/nav2_rviz_plugins/lib:/home/khanh247/software_simulation/turtlebot3_ws/install/nav2_behavior_tree/lib:/home/khanh247/software_simulation/turtlebot3_ws/install/nav2_amcl/lib:/home/khanh247/software_simulation/turtlebot3_ws/install/dynamixel_sdk_custom_interfaces/lib:/home/khanh247/software_simulation/turtlebot3_ws/install/dynamixel_sdk/lib:/usr/lib/x86_64-linux-gnu/gazebo-11/plugins:/opt/ros/humble/opt/rviz_ogre_vendor/lib:/opt/ros/humble/lib/x86_64-linux-gnu:/opt/ros/humble/lib /usr/bin/cmake --build /home/khanh247/software_simulation/turtlebot3_ws/build/plu_virtual_wall -- -j16 -l16
[0.072s] [35m[1mConsolidate compiler generated dependencies of target plu_virtual_wall[0m
[0.090s] [ 25%] [32mBuilding CXX object CMakeFiles/plu_virtual_wall.dir/src/virtual_wall_layer.cpp.o[0m
[2.385s] [01m[K/home/khanh247/software_simulation/turtlebot3_ws/src/plu_virtual_wall/src/virtual_wall_layer.cpp:[m[K In constructor ‘[01m[Kvirtual_wall_ros2::VirtualWallLayer::VirtualWallLayer()[m[K’:
[2.385s] [01m[K/home/khanh247/software_simulation/turtlebot3_ws/src/plu_virtual_wall/src/virtual_wall_layer.cpp:12:93:[m[K [01;31m[Kerror: [m[Kno matching function for call to ‘[01m[Krclcpp::Duration::Duration(double)[m[K’
[2.385s]    12 | f_buffer_), global_frame_("map"), [01;31m[Ktransform_tolerance_(0.1)[m[K
[2.385s]       |                                   [01;31m[K^~~~~~~~~~~~~~~~~~~~~~~~~[m[K
[2.385s] 
[2.385s] In file included from [01m[K/opt/ros/humble/include/rclcpp/rclcpp/qos.hpp:20[m[K,
[2.385s]                  from [01m[K/opt/ros/humble/include/rclcpp/rclcpp/node_interfaces/node_graph_interface.hpp:32[m[K,
[2.386s]                  from [01m[K/opt/ros/humble/include/rclcpp/rclcpp/client.hpp:42[m[K,
[2.386s]                  from [01m[K/opt/ros/humble/include/rclcpp/rclcpp/callback_group.hpp:24[m[K,
[2.386s]                  from [01m[K/opt/ros/humble/include/rclcpp/rclcpp/any_executable.hpp:20[m[K,
[2.386s]                  from [01m[K/opt/ros/humble/include/rclcpp/rclcpp/memory_strategy.hpp:25[m[K,
[2.386s]                  from [01m[K/opt/ros/humble/include/rclcpp/rclcpp/memory_strategies.hpp:18[m[K,
[2.386s]                  from [01m[K/opt/ros/humble/include/rclcpp/rclcpp/executor_options.hpp:20[m[K,
[2.386s]                  from [01m[K/opt/ros/humble/include/rclcpp/rclcpp/executor.hpp:37[m[K,
[2.386s]                  from [01m[K/opt/ros/humble/include/rclcpp/rclcpp/executors/multi_threaded_executor.hpp:25[m[K,
[2.386s]                  from [01m[K/opt/ros/humble/include/rclcpp/rclcpp/executors.hpp:21[m[K,
[2.386s]                  from [01m[K/opt/ros/humble/include/rclcpp/rclcpp/rclcpp.hpp:155[m[K,
[2.386s]                  from [01m[K/opt/ros/humble/include/tf2_ros/tf2_ros/buffer_interface.h:48[m[K,
[2.386s]                  from [01m[K/opt/ros/humble/include/tf2_ros/tf2_ros/buffer.h:42[m[K,
[2.386s]                  from [01m[K/home/khanh247/software_simulation/turtlebot3_ws/install/nav2_costmap_2d/include/nav2_costmap_2d/nav2_costmap_2d/layer.hpp:44[m[K,
[2.386s]                  from [01m[K/home/khanh247/software_simulation/turtlebot3_ws/src/plu_virtual_wall/include/plu_virtual_wall/virtual_wall_layer.hpp:4[m[K,
[2.386s]                  from [01m[K/home/khanh247/software_simulation/turtlebot3_ws/src/plu_virtual_wall/src/virtual_wall_layer.cpp:1[m[K:
[2.387s] [01m[K/opt/ros/humble/include/rclcpp/rclcpp/duration.hpp:48:3:[m[K [01;36m[Knote: [m[Kcandidate: ‘[01m[Ktemplate<class Rep, class Period> rclcpp::Duration::Duration(const std::chrono::duration<_Rep1, _Period1>&)[m[K’
[2.387s]    48 |   [01;36m[KDuration[m[K(const std::chrono::duration<Rep, Period> & duration)  // NOLINT(runtime/explicit)
[2.387s]       |   [01;36m[K^~~~~~~~[m[K
[2.387s] [01m[K/opt/ros/humble/include/rclcpp/rclcpp/duration.hpp:48:3:[m[K [01;36m[Knote: [m[K  template argument deduction/substitution failed:
[2.387s] [01m[K/home/khanh247/software_simulation/turtlebot3_ws/src/plu_virtual_wall/src/virtual_wall_layer.cpp:12:93:[m[K [01;36m[Knote: [m[K  mismatched types ‘[01m[Kconst std::chrono::duration<_Rep1, _Period1>[m[K’ and ‘[01m[Kdouble[m[K’
[2.387s]    12 | f_buffer_), global_frame_("map"), [01;36m[Ktransform_tolerance_(0.1)[m[K
[2.387s]       |                                   [01;36m[K^~~~~~~~~~~~~~~~~~~~~~~~~[m[K
[2.387s] 
[2.387s] In file included from [01m[K/opt/ros/humble/include/rclcpp/rclcpp/qos.hpp:20[m[K,
[2.387s]                  from [01m[K/opt/ros/humble/include/rclcpp/rclcpp/node_interfaces/node_graph_interface.hpp:32[m[K,
[2.387s]                  from [01m[K/opt/ros/humble/include/rclcpp/rclcpp/client.hpp:42[m[K,
[2.387s]                  from [01m[K/opt/ros/humble/include/rclcpp/rclcpp/callback_group.hpp:24[m[K,
[2.387s]                  from [01m[K/opt/ros/humble/include/rclcpp/rclcpp/any_executable.hpp:20[m[K,
[2.387s]                  from [01m[K/opt/ros/humble/include/rclcpp/rclcpp/memory_strategy.hpp:25[m[K,
[2.387s]                  from [01m[K/opt/ros/humble/include/rclcpp/rclcpp/memory_strategies.hpp:18[m[K,
[2.387s]                  from [01m[K/opt/ros/humble/include/rclcpp/rclcpp/executor_options.hpp:20[m[K,
[2.387s]                  from [01m[K/opt/ros/humble/include/rclcpp/rclcpp/executor.hpp:37[m[K,
[2.387s]                  from [01m[K/opt/ros/humble/include/rclcpp/rclcpp/executors/multi_threaded_executor.hpp:25[m[K,
[2.387s]                  from [01m[K/opt/ros/humble/include/rclcpp/rclcpp/executors.hpp:21[m[K,
[2.387s]                  from [01m[K/opt/ros/humble/include/rclcpp/rclcpp/rclcpp.hpp:155[m[K,
[2.387s]                  from [01m[K/opt/ros/humble/include/tf2_ros/tf2_ros/buffer_interface.h:48[m[K,
[2.387s]                  from [01m[K/opt/ros/humble/include/tf2_ros/tf2_ros/buffer.h:42[m[K,
[2.388s]                  from [01m[K/home/khanh247/software_simulation/turtlebot3_ws/install/nav2_costmap_2d/include/nav2_costmap_2d/nav2_costmap_2d/layer.hpp:44[m[K,
[2.388s]                  from [01m[K/home/khanh247/software_simulation/turtlebot3_ws/src/plu_virtual_wall/include/plu_virtual_wall/virtual_wall_layer.hpp:4[m[K,
[2.388s]                  from [01m[K/home/khanh247/software_simulation/turtlebot3_ws/src/plu_virtual_wall/src/virtual_wall_layer.cpp:1[m[K:
[2.388s] [01m[K/opt/ros/humble/include/rclcpp/rclcpp/duration.hpp:151:3:[m[K [01;36m[Knote: [m[Kcandidate: ‘[01m[Krclcpp::Duration::Duration()[m[K’
[2.388s]   151 |   [01;36m[KDuration[m[K() = default;
[2.388s]       |   [01;36m[K^~~~~~~~[m[K
[2.388s] [01m[K/opt/ros/humble/include/rclcpp/rclcpp/duration.hpp:151:3:[m[K [01;36m[Knote: [m[K  candidate expects 0 arguments, 1 provided
[2.388s] [01m[K/opt/ros/humble/include/rclcpp/rclcpp/duration.hpp:61:3:[m[K [01;36m[Knote: [m[Kcandidate: ‘[01m[Krclcpp::Duration::Duration(const rclcpp::Duration&)[m[K’
[2.388s]    61 |   [01;36m[KDuration[m[K(const Duration & rhs);
[2.388s]       |   [01;36m[K^~~~~~~~[m[K
[2.388s] [01m[K/opt/ros/humble/include/rclcpp/rclcpp/duration.hpp:61:29:[m[K [01;36m[Knote: [m[K  no known conversion for argument 1 from ‘[01m[Kdouble[m[K’ to ‘[01m[Kconst rclcpp::Duration&[m[K’
[2.388s]    61 |   Duration([01;36m[Kconst Duration & rhs[m[K);
[2.388s]       |            [01;36m[K~~~~~~~~~~~~~~~~~^~~[m[K
[2.388s] [01m[K/opt/ros/humble/include/rclcpp/rclcpp/duration.hpp:59:12:[m[K [01;36m[Knote: [m[Kcandidate: ‘[01m[Krclcpp::Duration::Duration(const rcl_duration_t&)[m[K’
[2.388s]    59 |   explicit [01;36m[KDuration[m[K(const rcl_duration_t & duration);
[2.388s]       |            [01;36m[K^~~~~~~~[m[K
[2.388s] [01m[K/opt/ros/humble/include/rclcpp/rclcpp/duration.hpp:59:44:[m[K [01;36m[Knote: [m[K  no known conversion for argument 1 from ‘[01m[Kdouble[m[K’ to ‘[01m[Kconst rcl_duration_t&[m[K’ {aka ‘[01m[Kconst rcl_duration_s&[m[K’}
[2.388s]    59 | it Duration([01;36m[Kconst rcl_duration_t & duration[m[K);
[2.388s]       |             [01;36m[K~~~~~~~~~~~~~~~~~~~~~~~^~~~~~~~[m[K
[2.388s] 
[2.388s] [01m[K/opt/ros/humble/include/rclcpp/rclcpp/duration.hpp:53:3:[m[K [01;36m[Knote: [m[Kcandidate: ‘[01m[Krclcpp::Duration::Duration(const Duration&)[m[K’
[2.388s]    53 |   [01;36m[KDuration[m[K(const builtin_interfaces::msg::Duration & duration_msg);  // NOLINT(runtime/explicit)
[2.389s]       |   [01;36m[K^~~~~~~~[m[K
[2.389s] [01m[K/opt/ros/humble/include/rclcpp/rclcpp/duration.hpp:53:54:[m[K [01;36m[Knote: [m[K  no known conversion for argument 1 from ‘[01m[Kdouble[m[K’ to ‘[01m[Kconst Duration&[m[K’ {aka ‘[01m[Kconst builtin_interfaces::msg::Duration_<std::allocator<void> >&[m[K’}
[2.389s]    53 | [01;36m[Kiltin_interfaces::msg::Duration & duration_msg[m[K);  // NOLINT(runtime/explicit)
[2.389s]       | [01;36m[K~~~~~~~~~~~~~~~~~~~~~~~~~~~~~~~~~~^~~~~~~~~~~~[m[K
[2.389s] 
[2.389s] [01m[K/opt/ros/humble/include/rclcpp/rclcpp/duration.hpp:42:12:[m[K [01;36m[Knote: [m[Kcandidate: ‘[01m[Krclcpp::Duration::Duration(std::chrono::nanoseconds)[m[K’
[2.389s]    42 |   explicit [01;36m[KDuration[m[K(std::chrono::nanoseconds nanoseconds);
[2.389s]       |            [01;36m[K^~~~~~~~[m[K
[2.389s] [01m[K/opt/ros/humble/include/rclcpp/rclcpp/duration.hpp:42:46:[m[K [01;36m[Knote: [m[K  no known conversion for argument 1 from ‘[01m[Kdouble[m[K’ to ‘[01m[Kstd::chrono::nanoseconds[m[K’ {aka ‘[01m[Kstd::chrono::duration<long int, std::ratio<1, 1000000000> >[m[K’}
[2.389s]    42 | Duration([01;36m[Kstd::chrono::nanoseconds nanoseconds[m[K);
[2.389s]       |          [01;36m[K~~~~~~~~~~~~~~~~~~~~~~~~~^~~~~~~~~~~[m[K
[2.389s] 
[2.389s] [01m[K/opt/ros/humble/include/rclcpp/rclcpp/duration.hpp:39:3:[m[K [01;36m[Knote: [m[Kcandidate: ‘[01m[Krclcpp::Duration::Duration(int32_t, uint32_t)[m[K’
[2.389s]    39 |   [01;36m[KDuration[m[K(int32_t seconds, uint32_t nanoseconds);
[2.389s]       |   [01;36m[K^~~~~~~~[m[K
[2.389s] [01m[K/opt/ros/humble/include/rclcpp/rclcpp/duration.hpp:39:3:[m[K [01;36m[Knote: [m[K  candidate expects 2 arguments, 1 provided
[2.905s] gmake[2]: *** [CMakeFiles/plu_virtual_wall.dir/build.make:76: CMakeFiles/plu_virtual_wall.dir/src/virtual_wall_layer.cpp.o] Error 1
[2.905s] gmake[1]: *** [CMakeFiles/Makefile2:139: CMakeFiles/plu_virtual_wall.dir/all] Error 2
[2.905s] gmake: *** [Makefile:146: all] Error 2
[2.907s] Invoked command in '/home/khanh247/software_simulation/turtlebot3_ws/build/plu_virtual_wall' returned '2': CMAKE_PREFIX_PATH=/home/khanh247/software_simulation/turtlebot3_ws/install/nav2_costmap_2d:/home/khanh247/software_simulation/turtlebot3_ws/install/nav2_map_server:/home/khanh247/software_simulation/turtlebot3_ws/install/nav2_lifecycle_manager:/home/khanh247/software_simulation/turtlebot3_ws/install/nav2_util:/home/khanh247/software_simulation/turtlebot3_ws/install/nav2_voxel_grid:/home/khanh247/software_simulation/turtlebot3_ws/install/nav2_msgs:/home/khanh247/software_simulation/turtlebot3_ws/install/nav2_common:/home/khanh247/software_simulation/turtlebot3_ws/install/virtual_wall_ros2:/home/khanh247/software_simulation/turtlebot3_ws/install/virtual_wall:/home/khanh247/software_simulation/turtlebot3_ws/install/tutorial_interfaces:/home/khanh247/software_simulation/turtlebot3_ws/install/turtlebot3:/home/khanh247/software_simulation/turtlebot3_ws/install/turtlebot3_simulations:/home/khanh247/software_simulation/turtlebot3_ws/install/turtlebot3_bringup:/home/khanh247/software_simulation/turtlebot3_ws/install/turtlebot3_node:/home/khanh247/software_simulation/turtlebot3_ws/install/turtlebot3_navigation2:/home/khanh247/software_simulation/turtlebot3_ws/install/turtlebot3_fake_node:/home/khanh247/software_simulation/turtlebot3_ws/install/turtlebot3_msgs:/home/khanh247/software_simulation/turtlebot3_ws/install/turtlebot3_gazebo:/home/khanh247/software_simulation/turtlebot3_ws/install/turtlebot3_description:/home/khanh247/software_simulation/turtlebot3_ws/install/turtlebot3_cartographer:/home/khanh247/software_simulation/turtlebot3_ws/install/plu_virtual_wall:/home/khanh247/software_simulation/turtlebot3_ws/install/nav2_system_tests:/home/khanh247/software_simulation/turtlebot3_ws/install/nav2_bringup:/home/khanh247/software_simulation/turtlebot3_ws/install/navigation2:/home/khanh247/software_simulation/turtlebot3_ws/install/nav2_smoother:/home/khanh247/software_simulation/turtlebot3_ws/install/nav2_graceful_controller:/home/khanh247/software_simulation/turtlebot3_ws/install/nav2_dwb_controller:/home/khanh247/software_simulation/turtlebot3_ws/install/nav2_controller:/home/khanh247/software_simulation/turtlebot3_ws/install/dwb_plugins:/home/khanh247/software_simulation/turtlebot3_ws/install/dwb_critics:/home/khanh247/software_simulation/turtlebot3_ws/install/dwb_core:/home/khanh247/software_simulation/turtlebot3_ws/install/nav_2d_utils:/home/khanh247/software_simulation/turtlebot3_ws/install/dwb_msgs:/home/khanh247/software_simulation/turtlebot3_ws/install/nav_2d_msgs:/home/khanh247/software_simulation/turtlebot3_ws/install/nav2_waypoint_follower:/home/khanh247/software_simulation/turtlebot3_ws/install/nav2_theta_star_planner:/home/khanh247/software_simulation/turtlebot3_ws/install/nav2_smac_planner:/home/khanh247/software_simulation/turtlebot3_ws/install/nav2_rotation_shim_controller:/home/khanh247/software_simulation/turtlebot3_ws/install/nav2_regulated_pure_pursuit_controller:/home/khanh247/software_simulation/turtlebot3_ws/install/nav2_planner:/home/khanh247/software_simulation/turtlebot3_ws/install/nav2_navfn_planner:/home/khanh247/software_simulation/turtlebot3_ws/install/nav2_mppi_controller:/home/khanh247/software_simulation/turtlebot3_ws/install/nav2_constrained_smoother:/home/khanh247/software_simulation/turtlebot3_ws/install/nav2_bt_navigator:/home/khanh247/software_simulation/turtlebot3_ws/install/nav2_behaviors:/home/khanh247/software_simulation/turtlebot3_ws/install/nav2_core:/home/khanh247/software_simulation/turtlebot3_ws/install/nav2_collision_monitor:/home/khanh247/software_simulation/turtlebot3_ws/install/costmap_queue:/home/khanh247/software_simulation/turtlebot3_ws/install/nav2_velocity_smoother:/home/khanh247/software_simulation/turtlebot3_ws/install/nav2_rviz_plugins:/home/khanh247/software_simulation/turtlebot3_ws/install/nav2_behavior_tree:/home/khanh247/software_simulation/turtlebot3_ws/install/nav2_amcl:/home/khanh247/software_simulation/turtlebot3_ws/install/dynamixel_sdk_examples:/home/khanh247/software_simulation/turtlebot3_ws/install/dynamixel_sdk_custom_interfaces:/home/khanh247/software_simulation/turtlebot3_ws/install/dynamixel_sdk:/home/khanh247/software_simulation/turtlebot3_ws/install/turtlebot3_teleop:/home/khanh247/software_simulation/turtlebot3_ws/install/turtlebot3_example:/home/khanh247/software_simulation/turtlebot3_ws/install/nav2_simple_commander:/opt/ros/humble LD_LIBRARY_PATH=/home/khanh247/software_simulation/turtlebot3_ws/install/nav2_costmap_2d/lib:/home/khanh247/software_simulation/turtlebot3_ws/install/nav2_map_server/lib:/home/khanh247/software_simulation/turtlebot3_ws/install/nav2_lifecycle_manager/lib:/home/khanh247/software_simulation/turtlebot3_ws/install/nav2_util/lib:/home/khanh247/software_simulation/turtlebot3_ws/install/nav2_voxel_grid/lib:/home/khanh247/software_simulation/turtlebot3_ws/install/nav2_msgs/lib:/home/khanh247/software_simulation/turtlebot3_ws/install/virtual_wall_ros2/lib:/home/khanh247/software_simulation/turtlebot3_ws/install/virtual_wall/lib:/home/khanh247/software_simulation/turtlebot3_ws/install/turtlebot3_msgs/lib:/home/khanh247/software_simulation/turtlebot3_ws/install/plu_virtual_wall/lib:/home/khanh247/software_simulation/turtlebot3_ws/install/nav2_smoother/lib:/home/khanh247/software_simulation/turtlebot3_ws/install/nav2_graceful_controller/lib:/home/khanh247/software_simulation/turtlebot3_ws/install/nav2_controller/lib:/home/khanh247/software_simulation/turtlebot3_ws/install/dwb_plugins/lib:/home/khanh247/software_simulation/turtlebot3_ws/install/dwb_critics/lib:/home/khanh247/software_simulation/turtlebot3_ws/install/dwb_core/lib:/home/khanh247/software_simulation/turtlebot3_ws/install/nav_2d_utils/lib:/home/khanh247/software_simulation/turtlebot3_ws/install/dwb_msgs/lib:/home/khanh247/software_simulation/turtlebot3_ws/install/nav_2d_msgs/lib:/home/khanh247/software_simulation/turtlebot3_ws/install/nav2_waypoint_follower/lib:/home/khanh247/software_simulation/turtlebot3_ws/install/nav2_theta_star_planner/lib:/home/khanh247/software_simulation/turtlebot3_ws/install/nav2_smac_planner/lib:/home/khanh247/software_simulation/turtlebot3_ws/install/nav2_rotation_shim_controller/lib:/home/khanh247/software_simulation/turtlebot3_ws/install/nav2_regulated_pure_pursuit_controller/lib:/home/khanh247/software_simulation/turtlebot3_ws/install/nav2_planner/lib:/home/khanh247/software_simulation/turtlebot3_ws/install/nav2_navfn_planner/lib:/home/khanh247/software_simulation/turtlebot3_ws/install/nav2_mppi_controller/lib:/home/khanh247/software_simulation/turtlebot3_ws/install/nav2_constrained_smoother/lib:/home/khanh247/software_simulation/turtlebot3_ws/install/nav2_bt_navigator/lib:/home/khanh247/software_simulation/turtlebot3_ws/install/nav2_behaviors/lib:/home/khanh247/software_simulation/turtlebot3_ws/install/nav2_collision_monitor/lib:/home/khanh247/software_simulation/turtlebot3_ws/install/costmap_queue/lib:/home/khanh247/software_simulation/turtlebot3_ws/install/nav2_velocity_smoother/lib:/home/khanh247/software_simulation/turtlebot3_ws/install/nav2_rviz_plugins/lib:/home/khanh247/software_simulation/turtlebot3_ws/install/nav2_behavior_tree/lib:/home/khanh247/software_simulation/turtlebot3_ws/install/nav2_amcl/lib:/home/khanh247/software_simulation/turtlebot3_ws/install/dynamixel_sdk_custom_interfaces/lib:/home/khanh247/software_simulation/turtlebot3_ws/install/dynamixel_sdk/lib:/usr/lib/x86_64-linux-gnu/gazebo-11/plugins:/opt/ros/humble/opt/rviz_ogre_vendor/lib:/opt/ros/humble/lib/x86_64-linux-gnu:/opt/ros/humble/lib /usr/bin/cmake --build /home/khanh247/software_simulation/turtlebot3_ws/build/plu_virtual_wall -- -j16 -l16
