[0.029s] Invoking command in '/home/khanh247/software_simulation/turtlebot3_ws/build/plu_virtual_wall': CMAKE_PREFIX_PATH=/home/khanh247/software_simulation/turtlebot3_ws/install/nav2_costmap_2d:/home/khanh247/software_simulation/turtlebot3_ws/install/nav2_map_server:/home/khanh247/software_simulation/turtlebot3_ws/install/nav2_lifecycle_manager:/home/khanh247/software_simulation/turtlebot3_ws/install/nav2_util:/home/khanh247/software_simulation/turtlebot3_ws/install/nav2_voxel_grid:/home/khanh247/software_simulation/turtlebot3_ws/install/nav2_msgs:/home/khanh247/software_simulation/turtlebot3_ws/install/nav2_common:/home/khanh247/software_simulation/turtlebot3_ws/install/virtual_wall_ros2:/home/khanh247/software_simulation/turtlebot3_ws/install/virtual_wall:/home/khanh247/software_simulation/turtlebot3_ws/install/tutorial_interfaces:/home/khanh247/software_simulation/turtlebot3_ws/install/turtlebot3:/home/khanh247/software_simulation/turtlebot3_ws/install/turtlebot3_simulations:/home/khanh247/software_simulation/turtlebot3_ws/install/turtlebot3_bringup:/home/khanh247/software_simulation/turtlebot3_ws/install/turtlebot3_node:/home/khanh247/software_simulation/turtlebot3_ws/install/turtlebot3_navigation2:/home/khanh247/software_simulation/turtlebot3_ws/install/turtlebot3_fake_node:/home/khanh247/software_simulation/turtlebot3_ws/install/turtlebot3_msgs:/home/khanh247/software_simulation/turtlebot3_ws/install/turtlebot3_gazebo:/home/khanh247/software_simulation/turtlebot3_ws/install/turtlebot3_description:/home/khanh247/software_simulation/turtlebot3_ws/install/turtlebot3_cartographer:/home/khanh247/software_simulation/turtlebot3_ws/install/plu_virtual_wall:/home/khanh247/software_simulation/turtlebot3_ws/install/nav2_system_tests:/home/khanh247/software_simulation/turtlebot3_ws/install/nav2_bringup:/home/khanh247/software_simulation/turtlebot3_ws/install/navigation2:/home/khanh247/software_simulation/turtlebot3_ws/install/nav2_smoother:/home/khanh247/software_simulation/turtlebot3_ws/install/nav2_graceful_controller:/home/khanh247/software_simulation/turtlebot3_ws/install/nav2_dwb_controller:/home/khanh247/software_simulation/turtlebot3_ws/install/nav2_controller:/home/khanh247/software_simulation/turtlebot3_ws/install/dwb_plugins:/home/khanh247/software_simulation/turtlebot3_ws/install/dwb_critics:/home/khanh247/software_simulation/turtlebot3_ws/install/dwb_core:/home/khanh247/software_simulation/turtlebot3_ws/install/nav_2d_utils:/home/khanh247/software_simulation/turtlebot3_ws/install/dwb_msgs:/home/khanh247/software_simulation/turtlebot3_ws/install/nav_2d_msgs:/home/khanh247/software_simulation/turtlebot3_ws/install/nav2_waypoint_follower:/home/khanh247/software_simulation/turtlebot3_ws/install/nav2_theta_star_planner:/home/khanh247/software_simulation/turtlebot3_ws/install/nav2_smac_planner:/home/khanh247/software_simulation/turtlebot3_ws/install/nav2_rotation_shim_controller:/home/khanh247/software_simulation/turtlebot3_ws/install/nav2_regulated_pure_pursuit_controller:/home/khanh247/software_simulation/turtlebot3_ws/install/nav2_planner:/home/khanh247/software_simulation/turtlebot3_ws/install/nav2_navfn_planner:/home/khanh247/software_simulation/turtlebot3_ws/install/nav2_mppi_controller:/home/khanh247/software_simulation/turtlebot3_ws/install/nav2_constrained_smoother:/home/khanh247/software_simulation/turtlebot3_ws/install/nav2_bt_navigator:/home/khanh247/software_simulation/turtlebot3_ws/install/nav2_behaviors:/home/khanh247/software_simulation/turtlebot3_ws/install/nav2_core:/home/khanh247/software_simulation/turtlebot3_ws/install/nav2_collision_monitor:/home/khanh247/software_simulation/turtlebot3_ws/install/costmap_queue:/home/khanh247/software_simulation/turtlebot3_ws/install/nav2_velocity_smoother:/home/khanh247/software_simulation/turtlebot3_ws/install/nav2_rviz_plugins:/home/khanh247/software_simulation/turtlebot3_ws/install/nav2_behavior_tree:/home/khanh247/software_simulation/turtlebot3_ws/install/nav2_amcl:/home/khanh247/software_simulation/turtlebot3_ws/install/dynamixel_sdk_examples:/home/khanh247/software_simulation/turtlebot3_ws/install/dynamixel_sdk_custom_interfaces:/home/khanh247/software_simulation/turtlebot3_ws/install/dynamixel_sdk:/home/khanh247/software_simulation/turtlebot3_ws/install/turtlebot3_teleop:/home/khanh247/software_simulation/turtlebot3_ws/install/turtlebot3_example:/home/khanh247/software_simulation/turtlebot3_ws/install/nav2_simple_commander:/opt/ros/humble LD_LIBRARY_PATH=/home/khanh247/software_simulation/turtlebot3_ws/install/nav2_costmap_2d/lib:/home/khanh247/software_simulation/turtlebot3_ws/install/nav2_map_server/lib:/home/khanh247/software_simulation/turtlebot3_ws/install/nav2_lifecycle_manager/lib:/home/khanh247/software_simulation/turtlebot3_ws/install/nav2_util/lib:/home/khanh247/software_simulation/turtlebot3_ws/install/nav2_voxel_grid/lib:/home/khanh247/software_simulation/turtlebot3_ws/install/nav2_msgs/lib:/home/khanh247/software_simulation/turtlebot3_ws/install/virtual_wall_ros2/lib:/home/khanh247/software_simulation/turtlebot3_ws/install/virtual_wall/lib:/home/khanh247/software_simulation/turtlebot3_ws/install/turtlebot3_msgs/lib:/home/khanh247/software_simulation/turtlebot3_ws/install/plu_virtual_wall/lib:/home/khanh247/software_simulation/turtlebot3_ws/install/nav2_smoother/lib:/home/khanh247/software_simulation/turtlebot3_ws/install/nav2_graceful_controller/lib:/home/khanh247/software_simulation/turtlebot3_ws/install/nav2_controller/lib:/home/khanh247/software_simulation/turtlebot3_ws/install/dwb_plugins/lib:/home/khanh247/software_simulation/turtlebot3_ws/install/dwb_critics/lib:/home/khanh247/software_simulation/turtlebot3_ws/install/dwb_core/lib:/home/khanh247/software_simulation/turtlebot3_ws/install/nav_2d_utils/lib:/home/khanh247/software_simulation/turtlebot3_ws/install/dwb_msgs/lib:/home/khanh247/software_simulation/turtlebot3_ws/install/nav_2d_msgs/lib:/home/khanh247/software_simulation/turtlebot3_ws/install/nav2_waypoint_follower/lib:/home/khanh247/software_simulation/turtlebot3_ws/install/nav2_theta_star_planner/lib:/home/khanh247/software_simulation/turtlebot3_ws/install/nav2_smac_planner/lib:/home/khanh247/software_simulation/turtlebot3_ws/install/nav2_rotation_shim_controller/lib:/home/khanh247/software_simulation/turtlebot3_ws/install/nav2_regulated_pure_pursuit_controller/lib:/home/khanh247/software_simulation/turtlebot3_ws/install/nav2_planner/lib:/home/khanh247/software_simulation/turtlebot3_ws/install/nav2_navfn_planner/lib:/home/khanh247/software_simulation/turtlebot3_ws/install/nav2_mppi_controller/lib:/home/khanh247/software_simulation/turtlebot3_ws/install/nav2_constrained_smoother/lib:/home/khanh247/software_simulation/turtlebot3_ws/install/nav2_bt_navigator/lib:/home/khanh247/software_simulation/turtlebot3_ws/install/nav2_behaviors/lib:/home/khanh247/software_simulation/turtlebot3_ws/install/nav2_collision_monitor/lib:/home/khanh247/software_simulation/turtlebot3_ws/install/costmap_queue/lib:/home/khanh247/software_simulation/turtlebot3_ws/install/nav2_velocity_smoother/lib:/home/khanh247/software_simulation/turtlebot3_ws/install/nav2_rviz_plugins/lib:/home/khanh247/software_simulation/turtlebot3_ws/install/nav2_behavior_tree/lib:/home/khanh247/software_simulation/turtlebot3_ws/install/nav2_amcl/lib:/home/khanh247/software_simulation/turtlebot3_ws/install/dynamixel_sdk_custom_interfaces/lib:/home/khanh247/software_simulation/turtlebot3_ws/install/dynamixel_sdk/lib:/usr/lib/x86_64-linux-gnu/gazebo-11/plugins:/opt/ros/humble/opt/rviz_ogre_vendor/lib:/opt/ros/humble/lib/x86_64-linux-gnu:/opt/ros/humble/lib /usr/bin/cmake --build /home/khanh247/software_simulation/turtlebot3_ws/build/plu_virtual_wall -- -j16 -l16
[0.075s] [35m[1mConsolidate compiler generated dependencies of target plu_virtual_wall[0m
[0.094s] [ 25%] [32mBuilding CXX object CMakeFiles/plu_virtual_wall.dir/src/virtual_wall_layer.cpp.o[0m
[2.377s] In file included from [01m[K/home/khanh247/software_simulation/turtlebot3_ws/src/plu_virtual_wall/src/virtual_wall_layer.cpp:1[m[K:
[2.377s] [01m[K/home/khanh247/software_simulation/turtlebot3_ws/src/plu_virtual_wall/include/plu_virtual_wall/virtual_wall_layer_test.hpp:25:18:[m[K [01;31m[Kerror: [m[K‘[01m[Kvirtual bool virtual_wall_ros2::VirtualWallLayer::isClearable() const[m[K’ marked ‘[01m[Koverride[m[K’, but does not override
[2.377s]    25 |     virtual bool [01;31m[KisClearable[m[K() const override { return false; }
[2.377s]       |                  [01;31m[K^~~~~~~~~~~[m[K
[2.533s] [01m[K/home/khanh247/software_simulation/turtlebot3_ws/src/plu_virtual_wall/src/virtual_wall_layer.cpp:[m[K In member function ‘[01m[Kvirtual void virtual_wall_ros2::VirtualWallLayer::onInitialize()[m[K’:
[2.533s] [01m[K/home/khanh247/software_simulation/turtlebot3_ws/src/plu_virtual_wall/src/virtual_wall_layer.cpp:26:60:[m[K [01;31m[Kerror: [m[Kno matching function for call to ‘[01m[Kdynamic_pointer_cast<rclcpp::Node>(rclcpp_lifecycle::LifecycleNode::WeakPtr&)[m[K’
[2.533s]    26 |         auto node = [01;31m[Kstd::dynamic_pointer_cast<rclcpp::Node>(node_)[m[K;
[2.533s]       |                     [01;31m[K~~~~~~~~~~~~~~~~~~~~~~~~~~~~~~~~~~~~~~~^~~~~~~[m[K
[2.533s] In file included from [01m[K/usr/include/c++/11/bits/shared_ptr.h:53[m[K,
[2.534s]                  from [01m[K/usr/include/c++/11/condition_variable:43[m[K,
[2.534s]                  from [01m[K/usr/include/c++/11/future:39[m[K,
[2.534s]                  from [01m[K/opt/ros/humble/include/tf2_ros/tf2_ros/buffer.h:35[m[K,
[2.534s]                  from [01m[K/home/khanh247/software_simulation/turtlebot3_ws/install/nav2_costmap_2d/include/nav2_costmap_2d/nav2_costmap_2d/layer.hpp:44[m[K,
[2.534s]                  from [01m[K/home/khanh247/software_simulation/turtlebot3_ws/src/plu_virtual_wall/include/plu_virtual_wall/virtual_wall_layer_test.hpp:4[m[K,
[2.534s]                  from [01m[K/home/khanh247/software_simulation/turtlebot3_ws/src/plu_virtual_wall/src/virtual_wall_layer.cpp:1[m[K:
[2.534s] [01m[K/usr/include/c++/11/bits/shared_ptr_base.h:1572:5:[m[K [01;36m[Knote: [m[Kcandidate: ‘[01m[Ktemplate<class _Tp, class _Tp1, __gnu_cxx::_Lock_policy _Lp> std::__shared_ptr<_Tp1, _Lp> std::dynamic_pointer_cast(const std::__shared_ptr<_Tp2, _Lp>&)[m[K’
[2.534s]  1572 |     [01;36m[Kdynamic_pointer_cast[m[K(const __shared_ptr<_Tp1, _Lp>& __r) noexcept
[2.534s]       |     [01;36m[K^~~~~~~~~~~~~~~~~~~~[m[K
[2.534s] [01m[K/usr/include/c++/11/bits/shared_ptr_base.h:1572:5:[m[K [01;36m[Knote: [m[K  template argument deduction/substitution failed:
[2.534s] [01m[K/home/khanh247/software_simulation/turtlebot3_ws/src/plu_virtual_wall/src/virtual_wall_layer.cpp:26:60:[m[K [01;36m[Knote: [m[K  ‘[01m[Krclcpp_lifecycle::LifecycleNode::WeakPtr[m[K’ {aka ‘[01m[Kstd::weak_ptr<rclcpp_lifecycle::LifecycleNode>[m[K’} is not derived from ‘[01m[Kconst std::__shared_ptr<_Tp2, _Lp>[m[K’
[2.534s]    26 |         auto node = [01;36m[Kstd::dynamic_pointer_cast<rclcpp::Node>(node_)[m[K;
[2.534s]       |                     [01;36m[K~~~~~~~~~~~~~~~~~~~~~~~~~~~~~~~~~~~~~~~^~~~~~~[m[K
[2.534s] In file included from [01m[K/usr/include/c++/11/condition_variable:43[m[K,
[2.534s]                  from [01m[K/usr/include/c++/11/future:39[m[K,
[2.534s]                  from [01m[K/opt/ros/humble/include/tf2_ros/tf2_ros/buffer.h:35[m[K,
[2.534s]                  from [01m[K/home/khanh247/software_simulation/turtlebot3_ws/install/nav2_costmap_2d/include/nav2_costmap_2d/nav2_costmap_2d/layer.hpp:44[m[K,
[2.535s]                  from [01m[K/home/khanh247/software_simulation/turtlebot3_ws/src/plu_virtual_wall/include/plu_virtual_wall/virtual_wall_layer_test.hpp:4[m[K,
[2.535s]                  from [01m[K/home/khanh247/software_simulation/turtlebot3_ws/src/plu_virtual_wall/src/virtual_wall_layer.cpp:1[m[K:
[2.535s] [01m[K/usr/include/c++/11/bits/shared_ptr.h:600:5:[m[K [01;36m[Knote: [m[Kcandidate: ‘[01m[Ktemplate<class _Tp, class _Up> std::shared_ptr<_Tp> std::dynamic_pointer_cast(const std::shared_ptr<_Tp>&)[m[K’
[2.535s]   600 |     [01;36m[Kdynamic_pointer_cast[m[K(const shared_ptr<_Up>& __r) noexcept
[2.535s]       |     [01;36m[K^~~~~~~~~~~~~~~~~~~~[m[K
[2.535s] [01m[K/usr/include/c++/11/bits/shared_ptr.h:600:5:[m[K [01;36m[Knote: [m[K  template argument deduction/substitution failed:
[2.535s] [01m[K/home/khanh247/software_simulation/turtlebot3_ws/src/plu_virtual_wall/src/virtual_wall_layer.cpp:26:60:[m[K [01;36m[Knote: [m[K  ‘[01m[Krclcpp_lifecycle::LifecycleNode::WeakPtr[m[K’ {aka ‘[01m[Kstd::weak_ptr<rclcpp_lifecycle::LifecycleNode>[m[K’} is not derived from ‘[01m[Kconst std::shared_ptr<_Tp>[m[K’
[2.535s]    26 |         auto node = [01;36m[Kstd::dynamic_pointer_cast<rclcpp::Node>(node_)[m[K;
[2.535s]       |                     [01;36m[K~~~~~~~~~~~~~~~~~~~~~~~~~~~~~~~~~~~~~~~^~~~~~~[m[K
[2.535s] [01m[K/home/khanh247/software_simulation/turtlebot3_ws/src/plu_virtual_wall/src/virtual_wall_layer.cpp:44:74:[m[K [01;31m[Kerror: [m[Kexpected primary-expression before ‘[01m[K>[m[K’ token
[2.535s]    44 |       map_sub_ = node->create_subscription<nav_msgs::msg::OccupancyGrid[01;31m[K>[m[K(
[2.535s]       |                                                                        [01;31m[K^[m[K
[2.535s] 
[2.535s] [01m[K/home/khanh247/software_simulation/turtlebot3_ws/src/plu_virtual_wall/src/virtual_wall_layer.cpp:45:13:[m[K [01;35m[Kwarning: [m[Kleft operand of comma operator has no effect [[01;35m[K]8;;https://gcc.gnu.org/onlinedocs/gcc/Warning-Options.html#index-Wunused-value-Wunused-value]8;;[m[K]
[2.535s]    45 |             [01;35m[K"map"[m[K, map_qos,
[2.535s]       |             [01;35m[K^~~~~[m[K
[2.541s] [01m[K/home/khanh247/software_simulation/turtlebot3_ws/src/plu_virtual_wall/src/virtual_wall_layer.cpp:46:82:[m[K [01;35m[Kwarning: [m[Kright operand of comma operator has no effect [[01;35m[K]8;;https://gcc.gnu.org/onlinedocs/gcc/Warning-Options.html#index-Wunused-value-Wunused-value]8;;[m[K]
[2.541s]    46 |  std::bind(&VirtualWallLayer::incomingMap, this, std::placeholders::_1[01;35m[K)[m[K);
[2.541s]       |                                                                       [01;35m[K^[m[K
[2.542s] 
[2.542s] [01m[K/home/khanh247/software_simulation/turtlebot3_ws/src/plu_virtual_wall/src/virtual_wall_layer.cpp:[m[K In member function ‘[01m[Kvoid virtual_wall_ros2::VirtualWallLayer::getParameters()[m[K’:
[2.542s] [01m[K/home/khanh247/software_simulation/turtlebot3_ws/src/plu_virtual_wall/src/virtual_wall_layer.cpp:51:60:[m[K [01;31m[Kerror: [m[Kno matching function for call to ‘[01m[Kdynamic_pointer_cast<rclcpp::Node>(rclcpp_lifecycle::LifecycleNode::WeakPtr&)[m[K’
[2.542s]    51 |         auto node = [01;31m[Kstd::dynamic_pointer_cast<rclcpp::Node>(node_)[m[K;
[2.542s]       |                     [01;31m[K~~~~~~~~~~~~~~~~~~~~~~~~~~~~~~~~~~~~~~~^~~~~~~[m[K
[2.542s] In file included from [01m[K/usr/include/c++/11/bits/shared_ptr.h:53[m[K,
[2.542s]                  from [01m[K/usr/include/c++/11/condition_variable:43[m[K,
[2.542s]                  from [01m[K/usr/include/c++/11/future:39[m[K,
[2.542s]                  from [01m[K/opt/ros/humble/include/tf2_ros/tf2_ros/buffer.h:35[m[K,
[2.542s]                  from [01m[K/home/khanh247/software_simulation/turtlebot3_ws/install/nav2_costmap_2d/include/nav2_costmap_2d/nav2_costmap_2d/layer.hpp:44[m[K,
[2.542s]                  from [01m[K/home/khanh247/software_simulation/turtlebot3_ws/src/plu_virtual_wall/include/plu_virtual_wall/virtual_wall_layer_test.hpp:4[m[K,
[2.542s]                  from [01m[K/home/khanh247/software_simulation/turtlebot3_ws/src/plu_virtual_wall/src/virtual_wall_layer.cpp:1[m[K:
[2.542s] [01m[K/usr/include/c++/11/bits/shared_ptr_base.h:1572:5:[m[K [01;36m[Knote: [m[Kcandidate: ‘[01m[Ktemplate<class _Tp, class _Tp1, __gnu_cxx::_Lock_policy _Lp> std::__shared_ptr<_Tp1, _Lp> std::dynamic_pointer_cast(const std::__shared_ptr<_Tp2, _Lp>&)[m[K’
[2.542s]  1572 |     [01;36m[Kdynamic_pointer_cast[m[K(const __shared_ptr<_Tp1, _Lp>& __r) noexcept
[2.542s]       |     [01;36m[K^~~~~~~~~~~~~~~~~~~~[m[K
[2.542s] [01m[K/usr/include/c++/11/bits/shared_ptr_base.h:1572:5:[m[K [01;36m[Knote: [m[K  template argument deduction/substitution failed:
[2.543s] [01m[K/home/khanh247/software_simulation/turtlebot3_ws/src/plu_virtual_wall/src/virtual_wall_layer.cpp:51:60:[m[K [01;36m[Knote: [m[K  ‘[01m[Krclcpp_lifecycle::LifecycleNode::WeakPtr[m[K’ {aka ‘[01m[Kstd::weak_ptr<rclcpp_lifecycle::LifecycleNode>[m[K’} is not derived from ‘[01m[Kconst std::__shared_ptr<_Tp2, _Lp>[m[K’
[2.543s]    51 |         auto node = [01;36m[Kstd::dynamic_pointer_cast<rclcpp::Node>(node_)[m[K;
[2.543s]       |                     [01;36m[K~~~~~~~~~~~~~~~~~~~~~~~~~~~~~~~~~~~~~~~^~~~~~~[m[K
[2.543s] In file included from [01m[K/usr/include/c++/11/condition_variable:43[m[K,
[2.543s]                  from [01m[K/usr/include/c++/11/future:39[m[K,
[2.543s]                  from [01m[K/opt/ros/humble/include/tf2_ros/tf2_ros/buffer.h:35[m[K,
[2.543s]                  from [01m[K/home/khanh247/software_simulation/turtlebot3_ws/install/nav2_costmap_2d/include/nav2_costmap_2d/nav2_costmap_2d/layer.hpp:44[m[K,
[2.543s]                  from [01m[K/home/khanh247/software_simulation/turtlebot3_ws/src/plu_virtual_wall/include/plu_virtual_wall/virtual_wall_layer_test.hpp:4[m[K,
[2.543s]                  from [01m[K/home/khanh247/software_simulation/turtlebot3_ws/src/plu_virtual_wall/src/virtual_wall_layer.cpp:1[m[K:
[2.543s] [01m[K/usr/include/c++/11/bits/shared_ptr.h:600:5:[m[K [01;36m[Knote: [m[Kcandidate: ‘[01m[Ktemplate<class _Tp, class _Up> std::shared_ptr<_Tp> std::dynamic_pointer_cast(const std::shared_ptr<_Tp>&)[m[K’
[2.543s]   600 |     [01;36m[Kdynamic_pointer_cast[m[K(const shared_ptr<_Up>& __r) noexcept
[2.543s]       |     [01;36m[K^~~~~~~~~~~~~~~~~~~~[m[K
[2.543s] [01m[K/usr/include/c++/11/bits/shared_ptr.h:600:5:[m[K [01;36m[Knote: [m[K  template argument deduction/substitution failed:
[2.543s] [01m[K/home/khanh247/software_simulation/turtlebot3_ws/src/plu_virtual_wall/src/virtual_wall_layer.cpp:51:60:[m[K [01;36m[Knote: [m[K  ‘[01m[Krclcpp_lifecycle::LifecycleNode::WeakPtr[m[K’ {aka ‘[01m[Kstd::weak_ptr<rclcpp_lifecycle::LifecycleNode>[m[K’} is not derived from ‘[01m[Kconst std::shared_ptr<_Tp>[m[K’
[2.543s]    51 |         auto node = [01;36m[Kstd::dynamic_pointer_cast<rclcpp::Node>(node_)[m[K;
[2.543s]       |                     [01;36m[K~~~~~~~~~~~~~~~~~~~~~~~~~~~~~~~~~~~~~~~^~~~~~~[m[K
[2.553s] [01m[K/home/khanh247/software_simulation/turtlebot3_ws/src/plu_virtual_wall/src/virtual_wall_layer.cpp:[m[K In member function ‘[01m[Kvoid virtual_wall_ros2::VirtualWallLayer::processMap(const OccupancyGrid&)[m[K’:
[2.553s] [01m[K/home/khanh247/software_simulation/turtlebot3_ws/src/plu_virtual_wall/src/virtual_wall_layer.cpp:141:9:[m[K [01;31m[Kerror: [m[K‘[01m[Khas_updated_data_[m[K’ was not declared in this scope
[2.553s]   141 |         [01;31m[Khas_updated_data_[m[K = true;
[2.553s]       |         [01;31m[K^~~~~~~~~~~~~~~~~[m[K
[2.563s] [01m[K/home/khanh247/software_simulation/turtlebot3_ws/src/plu_virtual_wall/src/virtual_wall_layer.cpp:[m[K In member function ‘[01m[Kvirtual void virtual_wall_ros2::VirtualWallLayer::reset()[m[K’:
[2.563s] [01m[K/home/khanh247/software_simulation/turtlebot3_ws/src/plu_virtual_wall/src/virtual_wall_layer.cpp:209:9:[m[K [01;31m[Kerror: [m[K‘[01m[Khas_updated_data_[m[K’ was not declared in this scope
[2.563s]   209 |         [01;31m[Khas_updated_data_[m[K = true;
[2.563s]       |         [01;31m[K^~~~~~~~~~~~~~~~~[m[K
[2.568s] [01m[K/home/khanh247/software_simulation/turtlebot3_ws/src/plu_virtual_wall/src/virtual_wall_layer.cpp:[m[K In member function ‘[01m[Kvirtual void virtual_wall_ros2::VirtualWallLayer::matchSize()[m[K’:
[2.568s] [01m[K/home/khanh247/software_simulation/turtlebot3_ws/src/plu_virtual_wall/src/virtual_wall_layer.cpp:216:9:[m[K [01;31m[Kerror: [m[K‘[01m[KresizeMap[m[K’ was not declared in this scope
[2.568s]   216 |         [01;31m[KresizeMap[m[K(
[2.568s]       |         [01;31m[K^~~~~~~~~[m[K
[2.995s] In file included from [01m[K/opt/ros/humble/include/class_loader/class_loader/class_loader_core.hpp:57[m[K,
[2.995s]                  from [01m[K/opt/ros/humble/include/class_loader/class_loader/class_loader.hpp:55[m[K,
[2.995s]                  from [01m[K/opt/ros/humble/include/pluginlib/pluginlib/class_list_macros.hpp:40[m[K,
[2.995s]                  from [01m[K/home/khanh247/software_simulation/turtlebot3_ws/src/plu_virtual_wall/include/plu_virtual_wall/virtual_wall_layer_test.hpp:6[m[K,
[2.996s]                  from [01m[K/home/khanh247/software_simulation/turtlebot3_ws/src/plu_virtual_wall/src/virtual_wall_layer.cpp:1[m[K:
[2.996s] /opt/ros/humble/include/class_loader/class_loader/meta_object.hpp: In instantiation of ‘[01m[KB* class_loader::impl::MetaObject<C, B>::create() const [with C = virtual_wall_ros2::VirtualWallLayer; B = nav2_costmap_2d::Layer][m[K’:
[2.996s] [01m[K/opt/ros/humble/include/class_loader/class_loader/meta_object.hpp:216:7:[m[K   required from here
[2.996s] [01m[K/opt/ros/humble/include/class_loader/class_loader/meta_object.hpp:218:12:[m[K [01;31m[Kerror: [m[Kinvalid new-expression of abstract class type ‘[01m[Kvirtual_wall_ros2::VirtualWallLayer[m[K’
[2.996s]   218 |     return [01;31m[Knew C[m[K;
[2.996s]       |            [01;31m[K^~~~~[m[K
[2.996s] In file included from [01m[K/home/khanh247/software_simulation/turtlebot3_ws/src/plu_virtual_wall/src/virtual_wall_layer.cpp:1[m[K:
[2.996s] [01m[K/home/khanh247/software_simulation/turtlebot3_ws/src/plu_virtual_wall/include/plu_virtual_wall/virtual_wall_layer_test.hpp:17:7:[m[K [01;36m[Knote: [m[K  because the following virtual functions are pure within ‘[01m[Kvirtual_wall_ros2::VirtualWallLayer[m[K’:
[2.996s]    17 | class [01;36m[KVirtualWallLayer[m[K : public nav2_costmap_2d::Layer
[2.996s]       |       [01;36m[K^~~~~~~~~~~~~~~~[m[K
[2.996s] In file included from [01m[K/home/khanh247/software_simulation/turtlebot3_ws/src/plu_virtual_wall/include/plu_virtual_wall/virtual_wall_layer_test.hpp:4[m[K,
[2.996s]                  from [01m[K/home/khanh247/software_simulation/turtlebot3_ws/src/plu_virtual_wall/src/virtual_wall_layer.cpp:1[m[K:
[2.996s] [01m[K/home/khanh247/software_simulation/turtlebot3_ws/install/nav2_costmap_2d/include/nav2_costmap_2d/nav2_costmap_2d/layer.hpp:90:16:[m[K [01;36m[Knote: [m[K    ‘[01m[Kvirtual bool nav2_costmap_2d::Layer::isClearable()[m[K’
[2.996s]    90 |   virtual bool [01;36m[KisClearable[m[K() = 0;
[2.996s]       |                [01;36m[K^~~~~~~~~~~[m[K
[3.074s] gmake[2]: *** [CMakeFiles/plu_virtual_wall.dir/build.make:76: CMakeFiles/plu_virtual_wall.dir/src/virtual_wall_layer.cpp.o] Error 1
[3.074s] gmake[1]: *** [CMakeFiles/Makefile2:139: CMakeFiles/plu_virtual_wall.dir/all] Error 2
[3.074s] gmake: *** [Makefile:146: all] Error 2
[3.076s] Invoked command in '/home/khanh247/software_simulation/turtlebot3_ws/build/plu_virtual_wall' returned '2': CMAKE_PREFIX_PATH=/home/khanh247/software_simulation/turtlebot3_ws/install/nav2_costmap_2d:/home/khanh247/software_simulation/turtlebot3_ws/install/nav2_map_server:/home/khanh247/software_simulation/turtlebot3_ws/install/nav2_lifecycle_manager:/home/khanh247/software_simulation/turtlebot3_ws/install/nav2_util:/home/khanh247/software_simulation/turtlebot3_ws/install/nav2_voxel_grid:/home/khanh247/software_simulation/turtlebot3_ws/install/nav2_msgs:/home/khanh247/software_simulation/turtlebot3_ws/install/nav2_common:/home/khanh247/software_simulation/turtlebot3_ws/install/virtual_wall_ros2:/home/khanh247/software_simulation/turtlebot3_ws/install/virtual_wall:/home/khanh247/software_simulation/turtlebot3_ws/install/tutorial_interfaces:/home/khanh247/software_simulation/turtlebot3_ws/install/turtlebot3:/home/khanh247/software_simulation/turtlebot3_ws/install/turtlebot3_simulations:/home/khanh247/software_simulation/turtlebot3_ws/install/turtlebot3_bringup:/home/khanh247/software_simulation/turtlebot3_ws/install/turtlebot3_node:/home/khanh247/software_simulation/turtlebot3_ws/install/turtlebot3_navigation2:/home/khanh247/software_simulation/turtlebot3_ws/install/turtlebot3_fake_node:/home/khanh247/software_simulation/turtlebot3_ws/install/turtlebot3_msgs:/home/khanh247/software_simulation/turtlebot3_ws/install/turtlebot3_gazebo:/home/khanh247/software_simulation/turtlebot3_ws/install/turtlebot3_description:/home/khanh247/software_simulation/turtlebot3_ws/install/turtlebot3_cartographer:/home/khanh247/software_simulation/turtlebot3_ws/install/plu_virtual_wall:/home/khanh247/software_simulation/turtlebot3_ws/install/nav2_system_tests:/home/khanh247/software_simulation/turtlebot3_ws/install/nav2_bringup:/home/khanh247/software_simulation/turtlebot3_ws/install/navigation2:/home/khanh247/software_simulation/turtlebot3_ws/install/nav2_smoother:/home/khanh247/software_simulation/turtlebot3_ws/install/nav2_graceful_controller:/home/khanh247/software_simulation/turtlebot3_ws/install/nav2_dwb_controller:/home/khanh247/software_simulation/turtlebot3_ws/install/nav2_controller:/home/khanh247/software_simulation/turtlebot3_ws/install/dwb_plugins:/home/khanh247/software_simulation/turtlebot3_ws/install/dwb_critics:/home/khanh247/software_simulation/turtlebot3_ws/install/dwb_core:/home/khanh247/software_simulation/turtlebot3_ws/install/nav_2d_utils:/home/khanh247/software_simulation/turtlebot3_ws/install/dwb_msgs:/home/khanh247/software_simulation/turtlebot3_ws/install/nav_2d_msgs:/home/khanh247/software_simulation/turtlebot3_ws/install/nav2_waypoint_follower:/home/khanh247/software_simulation/turtlebot3_ws/install/nav2_theta_star_planner:/home/khanh247/software_simulation/turtlebot3_ws/install/nav2_smac_planner:/home/khanh247/software_simulation/turtlebot3_ws/install/nav2_rotation_shim_controller:/home/khanh247/software_simulation/turtlebot3_ws/install/nav2_regulated_pure_pursuit_controller:/home/khanh247/software_simulation/turtlebot3_ws/install/nav2_planner:/home/khanh247/software_simulation/turtlebot3_ws/install/nav2_navfn_planner:/home/khanh247/software_simulation/turtlebot3_ws/install/nav2_mppi_controller:/home/khanh247/software_simulation/turtlebot3_ws/install/nav2_constrained_smoother:/home/khanh247/software_simulation/turtlebot3_ws/install/nav2_bt_navigator:/home/khanh247/software_simulation/turtlebot3_ws/install/nav2_behaviors:/home/khanh247/software_simulation/turtlebot3_ws/install/nav2_core:/home/khanh247/software_simulation/turtlebot3_ws/install/nav2_collision_monitor:/home/khanh247/software_simulation/turtlebot3_ws/install/costmap_queue:/home/khanh247/software_simulation/turtlebot3_ws/install/nav2_velocity_smoother:/home/khanh247/software_simulation/turtlebot3_ws/install/nav2_rviz_plugins:/home/khanh247/software_simulation/turtlebot3_ws/install/nav2_behavior_tree:/home/khanh247/software_simulation/turtlebot3_ws/install/nav2_amcl:/home/khanh247/software_simulation/turtlebot3_ws/install/dynamixel_sdk_examples:/home/khanh247/software_simulation/turtlebot3_ws/install/dynamixel_sdk_custom_interfaces:/home/khanh247/software_simulation/turtlebot3_ws/install/dynamixel_sdk:/home/khanh247/software_simulation/turtlebot3_ws/install/turtlebot3_teleop:/home/khanh247/software_simulation/turtlebot3_ws/install/turtlebot3_example:/home/khanh247/software_simulation/turtlebot3_ws/install/nav2_simple_commander:/opt/ros/humble LD_LIBRARY_PATH=/home/khanh247/software_simulation/turtlebot3_ws/install/nav2_costmap_2d/lib:/home/khanh247/software_simulation/turtlebot3_ws/install/nav2_map_server/lib:/home/khanh247/software_simulation/turtlebot3_ws/install/nav2_lifecycle_manager/lib:/home/khanh247/software_simulation/turtlebot3_ws/install/nav2_util/lib:/home/khanh247/software_simulation/turtlebot3_ws/install/nav2_voxel_grid/lib:/home/khanh247/software_simulation/turtlebot3_ws/install/nav2_msgs/lib:/home/khanh247/software_simulation/turtlebot3_ws/install/virtual_wall_ros2/lib:/home/khanh247/software_simulation/turtlebot3_ws/install/virtual_wall/lib:/home/khanh247/software_simulation/turtlebot3_ws/install/turtlebot3_msgs/lib:/home/khanh247/software_simulation/turtlebot3_ws/install/plu_virtual_wall/lib:/home/khanh247/software_simulation/turtlebot3_ws/install/nav2_smoother/lib:/home/khanh247/software_simulation/turtlebot3_ws/install/nav2_graceful_controller/lib:/home/khanh247/software_simulation/turtlebot3_ws/install/nav2_controller/lib:/home/khanh247/software_simulation/turtlebot3_ws/install/dwb_plugins/lib:/home/khanh247/software_simulation/turtlebot3_ws/install/dwb_critics/lib:/home/khanh247/software_simulation/turtlebot3_ws/install/dwb_core/lib:/home/khanh247/software_simulation/turtlebot3_ws/install/nav_2d_utils/lib:/home/khanh247/software_simulation/turtlebot3_ws/install/dwb_msgs/lib:/home/khanh247/software_simulation/turtlebot3_ws/install/nav_2d_msgs/lib:/home/khanh247/software_simulation/turtlebot3_ws/install/nav2_waypoint_follower/lib:/home/khanh247/software_simulation/turtlebot3_ws/install/nav2_theta_star_planner/lib:/home/khanh247/software_simulation/turtlebot3_ws/install/nav2_smac_planner/lib:/home/khanh247/software_simulation/turtlebot3_ws/install/nav2_rotation_shim_controller/lib:/home/khanh247/software_simulation/turtlebot3_ws/install/nav2_regulated_pure_pursuit_controller/lib:/home/khanh247/software_simulation/turtlebot3_ws/install/nav2_planner/lib:/home/khanh247/software_simulation/turtlebot3_ws/install/nav2_navfn_planner/lib:/home/khanh247/software_simulation/turtlebot3_ws/install/nav2_mppi_controller/lib:/home/khanh247/software_simulation/turtlebot3_ws/install/nav2_constrained_smoother/lib:/home/khanh247/software_simulation/turtlebot3_ws/install/nav2_bt_navigator/lib:/home/khanh247/software_simulation/turtlebot3_ws/install/nav2_behaviors/lib:/home/khanh247/software_simulation/turtlebot3_ws/install/nav2_collision_monitor/lib:/home/khanh247/software_simulation/turtlebot3_ws/install/costmap_queue/lib:/home/khanh247/software_simulation/turtlebot3_ws/install/nav2_velocity_smoother/lib:/home/khanh247/software_simulation/turtlebot3_ws/install/nav2_rviz_plugins/lib:/home/khanh247/software_simulation/turtlebot3_ws/install/nav2_behavior_tree/lib:/home/khanh247/software_simulation/turtlebot3_ws/install/nav2_amcl/lib:/home/khanh247/software_simulation/turtlebot3_ws/install/dynamixel_sdk_custom_interfaces/lib:/home/khanh247/software_simulation/turtlebot3_ws/install/dynamixel_sdk/lib:/usr/lib/x86_64-linux-gnu/gazebo-11/plugins:/opt/ros/humble/opt/rviz_ogre_vendor/lib:/opt/ros/humble/lib/x86_64-linux-gnu:/opt/ros/humble/lib /usr/bin/cmake --build /home/khanh247/software_simulation/turtlebot3_ws/build/plu_virtual_wall -- -j16 -l16
